=============
iteration 0
conflicts 151
=============
iteration 1
conflicts 146
=============
iteration 2
conflicts 141
=============
iteration 3
conflicts 135
=============
iteration 4
conflicts 128
=============
iteration 5
conflicts 123
=============
iteration 6
conflicts 119
=============
iteration 7
conflicts 115
=============
iteration 8
conflicts 111
=============
iteration 9
conflicts 107
=============
iteration 10
conflicts 100
=============
iteration 11
conflicts 97
=============
iteration 12
conflicts 94
=============
iteration 13
conflicts 92
=============
iteration 14
conflicts 90
=============
iteration 15
conflicts 87
=============
iteration 16
conflicts 85
=============
iteration 17
conflicts 83
=============
iteration 18
conflicts 80
=============
iteration 19
conflicts 78
=============
iteration 20
conflicts 76
=============
iteration 21
conflicts 75
=============
iteration 22
conflicts 73
=============
iteration 23
conflicts 71
=============
iteration 24
conflicts 70
=============
iteration 25
conflicts 69
=============
iteration 26
conflicts 68
=============
iteration 27
conflicts 67
=============
iteration 28
conflicts 65
=============
iteration 29
conflicts 64
=============
iteration 30
conflicts 63
=============
iteration 31
conflicts 62
=============
iteration 32
conflicts 61
=============
iteration 33
conflicts 60
=============
iteration 34
conflicts 59
=============
iteration 35
conflicts 58
=============
iteration 36
conflicts 57
=============
iteration 37
conflicts 56
=============
iteration 38
conflicts 56
kicked at 56 conflicts
=============
iteration 39
conflicts 126
=============
iteration 40
conflicts 113
=============
iteration 41
conflicts 106
=============
iteration 42
conflicts 96
=============
iteration 43
conflicts 89
=============
iteration 44
conflicts 83
=============
iteration 45
conflicts 77
=============
iteration 46
conflicts 72
=============
iteration 47
conflicts 69
=============
iteration 48
conflicts 67
=============
iteration 49
conflicts 64
=============
iteration 50
conflicts 62
=============
iteration 51
conflicts 60
=============
iteration 52
conflicts 59
=============
iteration 53
conflicts 58
=============
iteration 54
conflicts 57
=============
iteration 55
conflicts 56
=============
iteration 56
conflicts 56
kicked at 56 conflicts
=============
iteration 57
conflicts 112
=============
iteration 58
conflicts 100
=============
iteration 59
conflicts 92
=============
iteration 60
conflicts 87
=============
iteration 61
conflicts 82
=============
iteration 62
conflicts 77
=============
iteration 63
conflicts 73
=============
iteration 64
conflicts 69
=============
iteration 65
conflicts 65
=============
iteration 66
conflicts 62
=============
iteration 67
conflicts 59
=============
iteration 68
conflicts 56
=============
iteration 69
conflicts 54
=============
iteration 70
conflicts 53
=============
iteration 71
conflicts 52
=============
iteration 72
conflicts 50
=============
iteration 73
conflicts 50
kicked at 50 conflicts
=============
iteration 74
conflicts 87
=============
iteration 75
conflicts 81
=============
iteration 76
conflicts 73
=============
iteration 77
conflicts 69
=============
iteration 78
conflicts 65
=============
iteration 79
conflicts 61
=============
iteration 80
conflicts 58
=============
iteration 81
conflicts 56
=============
iteration 82
conflicts 54
=============
iteration 83
conflicts 53
=============
iteration 84
conflicts 52
=============
iteration 85
conflicts 51
=============
iteration 86
conflicts 49
=============
iteration 87
conflicts 47
=============
iteration 88
conflicts 46
=============
iteration 89
conflicts 45
=============
iteration 90
conflicts 44
=============
iteration 91
conflicts 44
kicked at 44 conflicts
=============
iteration 92
conflicts 93
=============
iteration 93
conflicts 82
=============
iteration 94
conflicts 75
=============
iteration 95
conflicts 69
=============
iteration 96
conflicts 63
=============
iteration 97
conflicts 58
=============
iteration 98
conflicts 55
=============
iteration 99
conflicts 52
=============
iteration 100
conflicts 50
=============
iteration 101
conflicts 47
=============
iteration 102
conflicts 45
=============
iteration 103
conflicts 45
kicked at 45 conflicts
=============
iteration 104
conflicts 88
=============
iteration 105
conflicts 79
=============
iteration 106
conflicts 72
=============
iteration 107
conflicts 65
=============
iteration 108
conflicts 60
=============
iteration 109
conflicts 56
=============
iteration 110
conflicts 53
=============
iteration 111
conflicts 51
=============
iteration 112
conflicts 48
=============
iteration 113
conflicts 46
=============
iteration 114
conflicts 45
=============
iteration 115
conflicts 44
=============
iteration 116
conflicts 42
=============
iteration 117
conflicts 42
kicked at 42 conflicts
=============
iteration 118
conflicts 88
=============
iteration 119
conflicts 81
=============
iteration 120
conflicts 74
=============
iteration 121
conflicts 69
=============
iteration 122
conflicts 65
=============
iteration 123
conflicts 61
=============
iteration 124
conflicts 57
=============
iteration 125
conflicts 53
=============
iteration 126
conflicts 50
=============
iteration 127
conflicts 47
=============
iteration 128
conflicts 45
=============
iteration 129
conflicts 43
=============
iteration 130
conflicts 42
=============
iteration 131
conflicts 42
kicked at 42 conflicts
=============
iteration 132
conflicts 87
=============
iteration 133
conflicts 78
=============
iteration 134
conflicts 71
=============
iteration 135
conflicts 65
=============
iteration 136
conflicts 59
=============
iteration 137
conflicts 54
=============
iteration 138
conflicts 52
=============
iteration 139
conflicts 47
=============
iteration 140
conflicts 45
=============
iteration 141
conflicts 43
=============
iteration 142
conflicts 42
=============
iteration 143
conflicts 42
kicked at 42 conflicts
=============
iteration 144
conflicts 103
=============
iteration 145
conflicts 93
=============
iteration 146
conflicts 85
=============
iteration 147
conflicts 78
=============
iteration 148
conflicts 71
=============
iteration 149
conflicts 64
=============
iteration 150
conflicts 60
=============
iteration 151
conflicts 55
=============
iteration 152
conflicts 52
=============
iteration 153
conflicts 48
=============
iteration 154
conflicts 44
=============
iteration 155
conflicts 43
=============
iteration 156
conflicts 42
=============
iteration 157
conflicts 42
kicked at 42 conflicts
=============
iteration 158
conflicts 76
=============
iteration 159
conflicts 68
=============
iteration 160
conflicts 61
=============
iteration 161
conflicts 56
=============
iteration 162
conflicts 50
=============
iteration 163
conflicts 47
=============
iteration 164
conflicts 44
=============
iteration 165
conflicts 42
=============
iteration 166
conflicts 42
kicked at 42 conflicts
=============
iteration 167
conflicts 80
=============
iteration 168
conflicts 73
=============
iteration 169
conflicts 62
=============
iteration 170
conflicts 54
=============
iteration 171
conflicts 50
=============
iteration 172
conflicts 48
=============
iteration 173
conflicts 45
=============
iteration 174
conflicts 44
=============
iteration 175
conflicts 44
kicked at 44 conflicts
=============
iteration 176
conflicts 88
=============
iteration 177
conflicts 80
=============
iteration 178
conflicts 73
=============
iteration 179
conflicts 65
=============
iteration 180
conflicts 60
=============
iteration 181
conflicts 57
=============
iteration 182
conflicts 53
=============
iteration 183
conflicts 51
=============
iteration 184
conflicts 48
=============
iteration 185
conflicts 47
=============
iteration 186
conflicts 46
=============
iteration 187
conflicts 45
=============
iteration 188
conflicts 44
=============
iteration 189
conflicts 43
=============
iteration 190
conflicts 43
kicked at 43 conflicts
=============
iteration 191
conflicts 92
=============
iteration 192
conflicts 81
=============
iteration 193
conflicts 71
=============
iteration 194
conflicts 62
=============
iteration 195
conflicts 55
=============
iteration 196
conflicts 52
=============
iteration 197
conflicts 49
=============
iteration 198
conflicts 46
=============
iteration 199
conflicts 44
=============
iteration 200
conflicts 43
=============
iteration 201
conflicts 42
=============
iteration 202
conflicts 42
kicked at 42 conflicts
=============
iteration 203
conflicts 82
=============
iteration 204
conflicts 72
=============
iteration 205
conflicts 63
=============
iteration 206
conflicts 54
=============
iteration 207
conflicts 49
=============
iteration 208
conflicts 43
=============
iteration 209
conflicts 42
=============
iteration 210
conflicts 41
=============
iteration 211
conflicts 41
kicked at 41 conflicts
=============
iteration 212
conflicts 75
=============
iteration 213
conflicts 66
=============
iteration 214
conflicts 59
=============
iteration 215
conflicts 54
=============
iteration 216
conflicts 48
=============
iteration 217
conflicts 44
=============
iteration 218
conflicts 43
=============
iteration 219
conflicts 42
=============
iteration 220
conflicts 42
kicked at 42 conflicts
=============
iteration 221
conflicts 91
=============
iteration 222
conflicts 84
=============
iteration 223
conflicts 74
=============
iteration 224
conflicts 67
=============
iteration 225
conflicts 58
=============
iteration 226
conflicts 55
=============
iteration 227
conflicts 51
=============
iteration 228
conflicts 48
=============
iteration 229
conflicts 47
=============
iteration 230
conflicts 45
=============
iteration 231
conflicts 44
=============
iteration 232
conflicts 43
=============
iteration 233
conflicts 42
=============
iteration 234
conflicts 42
kicked at 42 conflicts
=============
iteration 235
conflicts 87
=============
iteration 236
conflicts 77
=============
iteration 237
conflicts 69
=============
iteration 238
conflicts 59
=============
iteration 239
conflicts 55
=============
iteration 240
conflicts 52
=============
iteration 241
conflicts 50
=============
iteration 242
conflicts 48
=============
iteration 243
conflicts 45
=============
iteration 244
conflicts 44
=============
iteration 245
conflicts 43
=============
iteration 246
conflicts 42
=============
iteration 247
conflicts 42
kicked at 42 conflicts
=============
iteration 248
conflicts 99
=============
iteration 249
conflicts 89
=============
iteration 250
conflicts 79
=============
iteration 251
conflicts 70
=============
iteration 252
conflicts 61
=============
iteration 253
conflicts 56
=============
iteration 254
conflicts 51
=============
iteration 255
conflicts 48
=============
iteration 256
conflicts 46
=============
iteration 257
conflicts 45
=============
iteration 258
conflicts 44
=============
iteration 259
conflicts 43
=============
iteration 260
conflicts 42
=============
iteration 261
conflicts 42
kicked at 42 conflicts
=============
iteration 262
conflicts 90
=============
iteration 263
conflicts 82
=============
iteration 264
conflicts 73
=============
iteration 265
conflicts 68
=============
iteration 266
conflicts 60
=============
iteration 267
conflicts 55
=============
iteration 268
conflicts 53
=============
iteration 269
conflicts 49
=============
iteration 270
conflicts 47
=============
iteration 271
conflicts 45
=============
iteration 272
conflicts 44
=============
iteration 273
conflicts 43
=============
iteration 274
conflicts 42
=============
iteration 275
conflicts 40
=============
iteration 276
conflicts 39
=============
iteration 277
conflicts 38
=============
iteration 278
conflicts 35
=============
iteration 279
conflicts 35
kicked at 35 conflicts
=============
iteration 280
conflicts 101
=============
iteration 281
conflicts 93
=============
iteration 282
conflicts 82
=============
iteration 283
conflicts 68
=============
iteration 284
conflicts 63
=============
iteration 285
conflicts 57
=============
iteration 286
conflicts 52
=============
iteration 287
conflicts 47
=============
iteration 288
conflicts 41
=============
iteration 289
conflicts 38
=============
iteration 290
conflicts 36
=============
iteration 291
conflicts 35
=============
iteration 292
conflicts 34
=============
iteration 293
conflicts 33
=============
iteration 294
conflicts 32
=============
iteration 295
conflicts 31
=============
iteration 296
conflicts 31
kicked at 31 conflicts
=============
iteration 297
conflicts 101
=============
iteration 298
conflicts 94
=============
iteration 299
conflicts 86
=============
iteration 300
conflicts 76
=============
iteration 301
conflicts 70
=============
iteration 302
conflicts 65
=============
iteration 303
conflicts 58
=============
iteration 304
conflicts 54
=============
iteration 305
conflicts 50
=============
iteration 306
conflicts 46
=============
iteration 307
conflicts 41
=============
iteration 308
conflicts 39
=============
iteration 309
conflicts 37
=============
iteration 310
conflicts 35
=============
iteration 311
conflicts 34
=============
iteration 312
conflicts 33
=============
iteration 313
conflicts 32
=============
iteration 314
conflicts 32
kicked at 32 conflicts
=============
iteration 315
conflicts 67
=============
iteration 316
conflicts 60
=============
iteration 317
conflicts 52
=============
iteration 318
conflicts 48
=============
iteration 319
conflicts 43
=============
iteration 320
conflicts 39
=============
iteration 321
conflicts 36
=============
iteration 322
conflicts 34
=============
iteration 323
conflicts 32
=============
iteration 324
conflicts 30
=============
iteration 325
conflicts 29
=============
iteration 326
conflicts 27
=============
iteration 327
conflicts 27
kicked at 27 conflicts
=============
iteration 328
conflicts 82
=============
iteration 329
conflicts 73
=============
iteration 330
conflicts 65
=============
iteration 331
conflicts 55
=============
iteration 332
conflicts 48
=============
iteration 333
conflicts 42
=============
iteration 334
conflicts 38
=============
iteration 335
conflicts 36
=============
iteration 336
conflicts 34
=============
iteration 337
conflicts 32
=============
iteration 338
conflicts 29
=============
iteration 339
conflicts 28
=============
iteration 340
conflicts 27
=============
iteration 341
conflicts 27
kicked at 27 conflicts
=============
iteration 342
conflicts 49
=============
iteration 343
conflicts 44
=============
iteration 344
conflicts 40
=============
iteration 345
conflicts 36
=============
iteration 346
conflicts 32
=============
iteration 347
conflicts 30
=============
iteration 348
conflicts 28
=============
iteration 349
conflicts 27
=============
iteration 350
conflicts 26
=============
iteration 351
conflicts 26
kicked at 26 conflicts
=============
iteration 352
conflicts 81
=============
iteration 353
conflicts 71
=============
iteration 354
conflicts 64
=============
iteration 355
conflicts 55
=============
iteration 356
conflicts 49
=============
iteration 357
conflicts 42
=============
iteration 358
conflicts 37
=============
iteration 359
conflicts 33
=============
iteration 360
conflicts 30
=============
iteration 361
conflicts 29
=============
iteration 362
conflicts 26
=============
iteration 363
conflicts 25
=============
iteration 364
conflicts 24
=============
iteration 365
conflicts 24
kicked at 24 conflicts
=============
iteration 366
conflicts 105
=============
iteration 367
conflicts 96
=============
iteration 368
conflicts 89
=============
iteration 369
conflicts 79
=============
iteration 370
conflicts 70
=============
iteration 371
conflicts 64
=============
iteration 372
conflicts 58
=============
iteration 373
conflicts 53
=============
iteration 374
conflicts 47
=============
iteration 375
conflicts 41
=============
iteration 376
conflicts 38
=============
iteration 377
conflicts 35
=============
iteration 378
conflicts 32
=============
iteration 379
conflicts 29
=============
iteration 380
conflicts 27
=============
iteration 381
conflicts 25
=============
iteration 382
conflicts 24
=============
iteration 383
conflicts 24
kicked at 24 conflicts
=============
iteration 384
conflicts 85
=============
iteration 385
conflicts 77
=============
iteration 386
conflicts 70
=============
iteration 387
conflicts 59
=============
iteration 388
conflicts 52
=============
iteration 389
conflicts 48
=============
iteration 390
conflicts 44
=============
iteration 391
conflicts 40
=============
iteration 392
conflicts 36
=============
iteration 393
conflicts 29
=============
iteration 394
conflicts 26
=============
iteration 395
conflicts 24
=============
iteration 396
conflicts 24
kicked at 24 conflicts
=============
iteration 397
conflicts 59
=============
iteration 398
conflicts 50
=============
iteration 399
conflicts 43
=============
iteration 400
conflicts 35
=============
iteration 401
conflicts 26
=============
iteration 402
conflicts 24
=============
iteration 403
conflicts 24
kicked at 24 conflicts
=============
iteration 404
conflicts 60
=============
iteration 405
conflicts 55
=============
iteration 406
conflicts 50
=============
iteration 407
conflicts 45
=============
iteration 408
conflicts 41
=============
iteration 409
conflicts 36
=============
iteration 410
conflicts 32
=============
iteration 411
conflicts 29
=============
iteration 412
conflicts 27
=============
iteration 413
conflicts 22
=============
iteration 414
conflicts 20
=============
iteration 415
conflicts 16
=============
iteration 416
conflicts 13
=============
iteration 417
conflicts 10
=============
iteration 418
conflicts 8
=============
iteration 419
conflicts 6
=============
iteration 420
conflicts 4
=============
iteration 421
conflicts 4
kicked at 4 conflicts
=============
iteration 422
conflicts 66
=============
iteration 423
conflicts 56
=============
iteration 424
conflicts 47
=============
iteration 425
conflicts 38
=============
iteration 426
conflicts 29
=============
iteration 427
conflicts 22
=============
iteration 428
conflicts 15
=============
iteration 429
conflicts 10
=============
iteration 430
conflicts 7
=============
iteration 431
conflicts 4
=============
iteration 432
conflicts 4
kicked at 4 conflicts
=============
iteration 433
conflicts 92
=============
iteration 434
conflicts 83
=============
iteration 435
conflicts 75
=============
iteration 436
conflicts 66
=============
iteration 437
conflicts 58
=============
iteration 438
conflicts 51
=============
iteration 439
conflicts 44
=============
iteration 440
conflicts 37
=============
iteration 441
conflicts 30
=============
iteration 442
conflicts 24
=============
iteration 443
conflicts 20
=============
iteration 444
conflicts 14
=============
iteration 445
conflicts 11
=============
iteration 446
conflicts 7
=============
iteration 447
conflicts 4
=============
iteration 448
conflicts 4
kicked at 4 conflicts
=============
iteration 449
conflicts 79
=============
iteration 450
conflicts 67
=============
iteration 451
conflicts 54
=============
iteration 452
conflicts 47
=============
iteration 453
conflicts 41
=============
iteration 454
conflicts 35
=============
iteration 455
conflicts 29
=============
iteration 456
conflicts 25
=============
iteration 457
conflicts 21
=============
iteration 458
conflicts 17
=============
iteration 459
conflicts 13
=============
iteration 460
conflicts 8
=============
iteration 461
conflicts 5
=============
iteration 462
conflicts 5
kicked at 5 conflicts
=============
iteration 463
conflicts 64
=============
iteration 464
conflicts 50
=============
iteration 465
conflicts 41
=============
iteration 466
conflicts 32
=============
iteration 467
conflicts 26
=============
iteration 468
conflicts 22
=============
iteration 469
conflicts 16
=============
iteration 470
conflicts 12
=============
iteration 471
conflicts 9
=============
iteration 472
conflicts 6
=============
iteration 473
conflicts 4
=============
iteration 474
conflicts 3
=============
iteration 475
conflicts 1
=============
iteration 476
conflicts 1
kicked at 1 conflicts
=============
iteration 477
conflicts 38
=============
iteration 478
conflicts 29
=============
iteration 479
conflicts 22
=============
iteration 480
conflicts 18
=============
iteration 481
conflicts 13
=============
iteration 482
conflicts 7
=============
iteration 483
conflicts 4
=============
iteration 484
conflicts 1
=============
iteration 485
conflicts 0
attempting to fix cycle
conflicts after fixing cycle is 0
best state below.
(0, matrix([[None, False, False, False, False, False, False, False, False, True,
         False, False, False, False, False, False, False, False, False,
         False],
        [True, None, True, False, True, False, False, False, True, True,
         True, False, True, True, False, False, False, False, False, True],
        [True, False, None, False, True, False, False, False, False, True,
         False, False, True, True, False, False, False, False, False, True],
        [True, True, True, None, True, False, False, False, True, True,
         True, False, True, True, True, None, True, False, False, True],
        [True, False, False, False, None, False, False, False, False, True,
         False, False, False, True, False, False, False, False, False, True],
        [True, True, True, True, True, None, None, True, True, None, True,
         True, True, True, True, None, None, None, None, True],
        [True, True, True, True, True, None, None, True, True, True, True,
         True, True, True, True, True, True, True, True, True],
        [True, True, True, True, True, False, False, None, True, True, True,
         True, True, True, True, True, True, True, True, True],
        [True, False, True, False, True, False, False, False, None, True,
         False, False, True, True, False, False, False, False, False, True],
        [False, False, False, False, False, None, False, False, False, None,
         False, False, False, False, False, False, False, False, False,
         False],
        [True, False, True, False, True, False, False, False, True, True,
         None, False, True, True, False, False, False, False, False, True],
        [True, True, True, True, True, False, False, False, True, True,
         True, None, True, True, True, True, True, False, True, True],
        [True, False, False, False, True, False, False, False, False, True,
         False, False, None, None, False, False, False, False, False, True],
        [True, False, False, False, False, False, False, False, False, True,
         False, False, None, None, False, False, False, False, False, True],
        [True, True, True, False, True, False, False, False, True, True,
         True, False, True, True, None, False, False, False, False, True],
        [True, True, True, None, True, None, False, False, True, True, True,
         False, True, True, True, None, True, False, False, True],
        [True, True, True, False, True, None, False, False, True, True,
         True, False, True, True, True, False, None, False, False, True],
        [True, True, True, True, True, None, False, False, True, True, True,
         True, True, True, True, True, True, None, True, True],
        [True, True, True, True, True, None, False, False, True, True, True,
         False, True, True, True, True, True, False, None, True],
        [True, False, False, False, False, False, False, False, False, True,
         False, False, False, False, False, False, False, False, False, None]], dtype=object))
['Javier', 'Janet', 'Krista', 'Bert', 'Sidney', 'Cristian', 'Alexis', 'Cindy', 'Carlos', 'Jocelyn', 'Johnny', 'Guillermo', 'Cora', 'Kim', 'Caitlyn', 'Kay', 'Kylee', 'Kirsten', 'Brooklyn', 'Vihan']
