=============
iteration 0
conflicts 1
=============
iteration 1
conflicts 1
kicked at 1 conflicts
=============
iteration 2
conflicts 3
=============
iteration 3
conflicts 1
=============
iteration 4
conflicts 1
kicked at 1 conflicts
=============
iteration 5
conflicts 3
=============
iteration 6
conflicts 2
=============
iteration 7
conflicts 2
kicked at 2 conflicts
=============
iteration 8
conflicts 2
kicked at 2 conflicts
=============
iteration 9
conflicts 4
=============
iteration 10
conflicts 4
kicked at 4 conflicts
=============
iteration 11
conflicts 4
kicked at 4 conflicts
=============
iteration 12
conflicts 4
kicked at 4 conflicts
=============
iteration 13
conflicts 6
=============
iteration 14
conflicts 4
=============
iteration 15
conflicts 2
=============
iteration 16
conflicts 2
kicked at 2 conflicts
=============
iteration 17
conflicts 2
kicked at 2 conflicts
=============
iteration 18
conflicts 4
=============
iteration 19
conflicts 4
kicked at 4 conflicts
=============
iteration 20
conflicts 6
=============
iteration 21
conflicts 4
=============
iteration 22
conflicts 2
=============
iteration 23
conflicts 2
kicked at 2 conflicts
=============
iteration 24
conflicts 4
=============
iteration 25
conflicts 4
kicked at 4 conflicts
=============
iteration 26
conflicts 4
kicked at 4 conflicts
=============
iteration 27
conflicts 4
kicked at 4 conflicts
=============
iteration 28
conflicts 4
kicked at 4 conflicts
=============
iteration 29
conflicts 6
=============
iteration 30
conflicts 4
=============
iteration 31
conflicts 2
=============
iteration 32
conflicts 2
kicked at 2 conflicts
=============
iteration 33
conflicts 2
kicked at 2 conflicts
=============
iteration 34
conflicts 2
kicked at 2 conflicts
=============
iteration 35
conflicts 2
kicked at 2 conflicts
=============
iteration 36
conflicts 2
kicked at 2 conflicts
=============
iteration 37
conflicts 4
=============
iteration 38
conflicts 4
kicked at 4 conflicts
=============
iteration 39
conflicts 2
=============
iteration 40
conflicts 2
kicked at 2 conflicts
=============
iteration 41
conflicts 4
=============
iteration 42
conflicts 2
=============
iteration 43
conflicts 2
kicked at 2 conflicts
=============
iteration 44
conflicts 3
=============
iteration 45
conflicts 2
=============
iteration 46
conflicts 0
attempting to fix cycle
conflicts after fixing cycle is 0
best state below.
(0, matrix([[None, True, None, None, None, None, None, None, None, True, None,
         None, None, None, None, False, None, False, None, None],
        [False, None, None, None, None, None, True, None, None, True, None,
         None, None, None, None, None, None, False, None, None],
        [None, None, None, False, True, False, None, None, True, None, None,
         None, None, None, None, None, None, None, None, None],
        [None, None, True, None, None, True, None, None, None, None, False,
         None, None, None, None, None, False, None, None, None],
        [None, None, False, None, None, False, None, None, True, None, None,
         None, None, None, None, None, None, None, True, None],
        [None, None, True, False, True, None, None, None, None, None, False,
         None, None, None, None, None, None, None, None, None],
        [None, False, None, None, None, None, None, None, None, False, None,
         True, None, True, None, None, None, None, None, None],
        [None, None, None, None, None, None, None, None, None, None, None,
         None, None, None, None, True, None, None, None, True],
        [None, None, False, None, False, None, None, None, None, None, None,
         None, None, None, True, None, None, None, True, None],
        [False, False, None, None, None, None, True, None, None, None, None,
         None, None, True, None, None, None, None, None, None],
        [None, None, None, True, None, True, None, None, None, None, None,
         None, False, None, None, None, False, None, None, None],
        [None, None, None, None, None, None, False, None, None, None, None,
         None, True, False, None, None, True, None, None, None],
        [None, None, None, None, None, None, None, None, None, None, True,
         False, None, False, None, None, True, None, None, None],
        [None, None, None, None, None, None, False, None, None, False, None,
         True, True, None, None, None, None, None, None, None],
        [None, None, None, None, None, None, None, None, False, None, None,
         None, None, None, None, None, None, None, False, None],
        [True, None, None, None, None, None, None, False, None, None, None,
         None, None, None, None, None, None, True, None, False],
        [None, None, None, True, None, None, None, None, None, None, True,
         False, False, None, None, None, None, None, None, None],
        [True, True, None, None, None, None, None, None, None, None, None,
         None, None, None, None, False, None, None, None, False],
        [None, None, None, None, False, None, None, None, False, None, None,
         None, None, None, True, None, None, None, None, None],
        [None, None, None, None, None, None, None, False, None, None, None,
         None, None, None, None, True, None, True, None, None]], dtype=object))
['Debra', 'Faith', 'Emma', 'Caroline', 'Tamara', 'Ron', 'Zoey', 'Rylie', 'Aubrey', 'Jonah', 'Amir', 'Kiera', 'Logan', 'Gregg', 'Brayan', 'Marquis', 'Prince', 'Angel', 'Adan', 'Joselyn']
