=============
iteration 0
conflicts 148
=============
iteration 1
conflicts 143
=============
iteration 2
conflicts 138
=============
iteration 3
conflicts 134
=============
iteration 4
conflicts 130
=============
iteration 5
conflicts 126
=============
iteration 6
conflicts 120
=============
iteration 7
conflicts 115
=============
iteration 8
conflicts 111
=============
iteration 9
conflicts 108
=============
iteration 10
conflicts 104
=============
iteration 11
conflicts 101
=============
iteration 12
conflicts 96
=============
iteration 13
conflicts 93
=============
iteration 14
conflicts 88
=============
iteration 15
conflicts 86
=============
iteration 16
conflicts 82
=============
iteration 17
conflicts 80
=============
iteration 18
conflicts 78
=============
iteration 19
conflicts 76
=============
iteration 20
conflicts 75
=============
iteration 21
conflicts 73
=============
iteration 22
conflicts 71
=============
iteration 23
conflicts 68
=============
iteration 24
conflicts 65
=============
iteration 25
conflicts 63
=============
iteration 26
conflicts 61
=============
iteration 27
conflicts 59
=============
iteration 28
conflicts 57
=============
iteration 29
conflicts 55
=============
iteration 30
conflicts 54
=============
iteration 31
conflicts 53
=============
iteration 32
conflicts 52
=============
iteration 33
conflicts 51
=============
iteration 34
conflicts 50
=============
iteration 35
conflicts 49
=============
iteration 36
conflicts 48
=============
iteration 37
conflicts 48
kicked at 48 conflicts
=============
iteration 38
conflicts 71
=============
iteration 39
conflicts 66
=============
iteration 40
conflicts 61
=============
iteration 41
conflicts 56
=============
iteration 42
conflicts 53
=============
iteration 43
conflicts 50
=============
iteration 44
conflicts 49
=============
iteration 45
conflicts 48
=============
iteration 46
conflicts 48
kicked at 48 conflicts
=============
iteration 47
conflicts 87
=============
iteration 48
conflicts 80
=============
iteration 49
conflicts 74
=============
iteration 50
conflicts 68
=============
iteration 51
conflicts 63
=============
iteration 52
conflicts 59
=============
iteration 53
conflicts 56
=============
iteration 54
conflicts 53
=============
iteration 55
conflicts 51
=============
iteration 56
conflicts 49
=============
iteration 57
conflicts 47
=============
iteration 58
conflicts 44
=============
iteration 59
conflicts 42
=============
iteration 60
conflicts 42
kicked at 42 conflicts
=============
iteration 61
conflicts 99
=============
iteration 62
conflicts 92
=============
iteration 63
conflicts 86
=============
iteration 64
conflicts 80
=============
iteration 65
conflicts 72
=============
iteration 66
conflicts 67
=============
iteration 67
conflicts 64
=============
iteration 68
conflicts 61
=============
iteration 69
conflicts 57
=============
iteration 70
conflicts 54
=============
iteration 71
conflicts 51
=============
iteration 72
conflicts 49
=============
iteration 73
conflicts 45
=============
iteration 74
conflicts 44
=============
iteration 75
conflicts 43
=============
iteration 76
conflicts 41
=============
iteration 77
conflicts 41
kicked at 41 conflicts
=============
iteration 78
conflicts 92
=============
iteration 79
conflicts 84
=============
iteration 80
conflicts 78
=============
iteration 81
conflicts 72
=============
iteration 82
conflicts 68
=============
iteration 83
conflicts 65
=============
iteration 84
conflicts 60
=============
iteration 85
conflicts 55
=============
iteration 86
conflicts 51
=============
iteration 87
conflicts 47
=============
iteration 88
conflicts 45
=============
iteration 89
conflicts 43
=============
iteration 90
conflicts 42
=============
iteration 91
conflicts 41
=============
iteration 92
conflicts 41
kicked at 41 conflicts
=============
iteration 93
conflicts 93
=============
iteration 94
conflicts 86
=============
iteration 95
conflicts 73
=============
iteration 96
conflicts 67
=============
iteration 97
conflicts 62
=============
iteration 98
conflicts 57
=============
iteration 99
conflicts 52
=============
iteration 100
conflicts 49
=============
iteration 101
conflicts 46
=============
iteration 102
conflicts 44
=============
iteration 103
conflicts 42
=============
iteration 104
conflicts 41
=============
iteration 105
conflicts 41
kicked at 41 conflicts
=============
iteration 106
conflicts 103
=============
iteration 107
conflicts 91
=============
iteration 108
conflicts 81
=============
iteration 109
conflicts 73
=============
iteration 110
conflicts 66
=============
iteration 111
conflicts 57
=============
iteration 112
conflicts 50
=============
iteration 113
conflicts 47
=============
iteration 114
conflicts 44
=============
iteration 115
conflicts 41
=============
iteration 116
conflicts 41
kicked at 41 conflicts
=============
iteration 117
conflicts 85
=============
iteration 118
conflicts 78
=============
iteration 119
conflicts 72
=============
iteration 120
conflicts 65
=============
iteration 121
conflicts 58
=============
iteration 122
conflicts 53
=============
iteration 123
conflicts 51
=============
iteration 124
conflicts 48
=============
iteration 125
conflicts 46
=============
iteration 126
conflicts 44
=============
iteration 127
conflicts 43
=============
iteration 128
conflicts 42
=============
iteration 129
conflicts 39
=============
iteration 130
conflicts 39
kicked at 39 conflicts
=============
iteration 131
conflicts 109
=============
iteration 132
conflicts 99
=============
iteration 133
conflicts 90
=============
iteration 134
conflicts 84
=============
iteration 135
conflicts 78
=============
iteration 136
conflicts 73
=============
iteration 137
conflicts 66
=============
iteration 138
conflicts 61
=============
iteration 139
conflicts 57
=============
iteration 140
conflicts 51
=============
iteration 141
conflicts 47
=============
iteration 142
conflicts 44
=============
iteration 143
conflicts 41
=============
iteration 144
conflicts 39
=============
iteration 145
conflicts 39
kicked at 39 conflicts
=============
iteration 146
conflicts 93
=============
iteration 147
conflicts 86
=============
iteration 148
conflicts 74
=============
iteration 149
conflicts 67
=============
iteration 150
conflicts 61
=============
iteration 151
conflicts 56
=============
iteration 152
conflicts 51
=============
iteration 153
conflicts 47
=============
iteration 154
conflicts 43
=============
iteration 155
conflicts 42
=============
iteration 156
conflicts 40
=============
iteration 157
conflicts 39
=============
iteration 158
conflicts 38
=============
iteration 159
conflicts 38
kicked at 38 conflicts
=============
iteration 160
conflicts 78
=============
iteration 161
conflicts 71
=============
iteration 162
conflicts 66
=============
iteration 163
conflicts 61
=============
iteration 164
conflicts 57
=============
iteration 165
conflicts 48
=============
iteration 166
conflicts 44
=============
iteration 167
conflicts 41
=============
iteration 168
conflicts 40
=============
iteration 169
conflicts 39
=============
iteration 170
conflicts 39
kicked at 39 conflicts
=============
iteration 171
conflicts 93
=============
iteration 172
conflicts 83
=============
iteration 173
conflicts 75
=============
iteration 174
conflicts 63
=============
iteration 175
conflicts 57
=============
iteration 176
conflicts 52
=============
iteration 177
conflicts 49
=============
iteration 178
conflicts 45
=============
iteration 179
conflicts 42
=============
iteration 180
conflicts 40
=============
iteration 181
conflicts 40
kicked at 40 conflicts
=============
iteration 182
conflicts 76
=============
iteration 183
conflicts 65
=============
iteration 184
conflicts 57
=============
iteration 185
conflicts 52
=============
iteration 186
conflicts 45
=============
iteration 187
conflicts 40
=============
iteration 188
conflicts 39
=============
iteration 189
conflicts 38
=============
iteration 190
conflicts 38
kicked at 38 conflicts
=============
iteration 191
conflicts 118
=============
iteration 192
conflicts 109
=============
iteration 193
conflicts 99
=============
iteration 194
conflicts 91
=============
iteration 195
conflicts 84
=============
iteration 196
conflicts 78
=============
iteration 197
conflicts 73
=============
iteration 198
conflicts 68
=============
iteration 199
conflicts 63
=============
iteration 200
conflicts 60
=============
iteration 201
conflicts 57
=============
iteration 202
conflicts 54
=============
iteration 203
conflicts 50
=============
iteration 204
conflicts 45
=============
iteration 205
conflicts 43
=============
iteration 206
conflicts 41
=============
iteration 207
conflicts 40
=============
iteration 208
conflicts 38
=============
iteration 209
conflicts 38
kicked at 38 conflicts
=============
iteration 210
conflicts 88
=============
iteration 211
conflicts 80
=============
iteration 212
conflicts 74
=============
iteration 213
conflicts 64
=============
iteration 214
conflicts 57
=============
iteration 215
conflicts 53
=============
iteration 216
conflicts 48
=============
iteration 217
conflicts 43
=============
iteration 218
conflicts 40
=============
iteration 219
conflicts 40
kicked at 40 conflicts
=============
iteration 220
conflicts 86
=============
iteration 221
conflicts 77
=============
iteration 222
conflicts 65
=============
iteration 223
conflicts 59
=============
iteration 224
conflicts 53
=============
iteration 225
conflicts 48
=============
iteration 226
conflicts 44
=============
iteration 227
conflicts 41
=============
iteration 228
conflicts 38
=============
iteration 229
conflicts 35
=============
iteration 230
conflicts 33
=============
iteration 231
conflicts 31
=============
iteration 232
conflicts 29
=============
iteration 233
conflicts 29
kicked at 29 conflicts
=============
iteration 234
conflicts 96
=============
iteration 235
conflicts 88
=============
iteration 236
conflicts 81
=============
iteration 237
conflicts 74
=============
iteration 238
conflicts 64
=============
iteration 239
conflicts 59
=============
iteration 240
conflicts 54
=============
iteration 241
conflicts 49
=============
iteration 242
conflicts 42
=============
iteration 243
conflicts 39
=============
iteration 244
conflicts 37
=============
iteration 245
conflicts 33
=============
iteration 246
conflicts 31
=============
iteration 247
conflicts 29
=============
iteration 248
conflicts 29
kicked at 29 conflicts
=============
iteration 249
conflicts 72
=============
iteration 250
conflicts 60
=============
iteration 251
conflicts 50
=============
iteration 252
conflicts 43
=============
iteration 253
conflicts 40
=============
iteration 254
conflicts 37
=============
iteration 255
conflicts 33
=============
iteration 256
conflicts 31
=============
iteration 257
conflicts 29
=============
iteration 258
conflicts 28
=============
iteration 259
conflicts 27
=============
iteration 260
conflicts 26
=============
iteration 261
conflicts 26
kicked at 26 conflicts
=============
iteration 262
conflicts 78
=============
iteration 263
conflicts 68
=============
iteration 264
conflicts 59
=============
iteration 265
conflicts 49
=============
iteration 266
conflicts 41
=============
iteration 267
conflicts 37
=============
iteration 268
conflicts 33
=============
iteration 269
conflicts 30
=============
iteration 270
conflicts 27
=============
iteration 271
conflicts 24
=============
iteration 272
conflicts 22
=============
iteration 273
conflicts 21
=============
iteration 274
conflicts 20
=============
iteration 275
conflicts 18
=============
iteration 276
conflicts 17
=============
iteration 277
conflicts 17
kicked at 17 conflicts
=============
iteration 278
conflicts 80
=============
iteration 279
conflicts 71
=============
iteration 280
conflicts 62
=============
iteration 281
conflicts 55
=============
iteration 282
conflicts 49
=============
iteration 283
conflicts 44
=============
iteration 284
conflicts 39
=============
iteration 285
conflicts 35
=============
iteration 286
conflicts 31
=============
iteration 287
conflicts 28
=============
iteration 288
conflicts 24
=============
iteration 289
conflicts 21
=============
iteration 290
conflicts 18
=============
iteration 291
conflicts 15
=============
iteration 292
conflicts 13
=============
iteration 293
conflicts 11
=============
iteration 294
conflicts 9
=============
iteration 295
conflicts 7
=============
iteration 296
conflicts 6
=============
iteration 297
conflicts 6
kicked at 6 conflicts
=============
iteration 298
conflicts 61
=============
iteration 299
conflicts 55
=============
iteration 300
conflicts 49
=============
iteration 301
conflicts 43
=============
iteration 302
conflicts 37
=============
iteration 303
conflicts 32
=============
iteration 304
conflicts 27
=============
iteration 305
conflicts 20
=============
iteration 306
conflicts 16
=============
iteration 307
conflicts 13
=============
iteration 308
conflicts 10
=============
iteration 309
conflicts 9
=============
iteration 310
conflicts 6
=============
iteration 311
conflicts 5
=============
iteration 312
conflicts 5
kicked at 5 conflicts
=============
iteration 313
conflicts 72
=============
iteration 314
conflicts 60
=============
iteration 315
conflicts 49
=============
iteration 316
conflicts 40
=============
iteration 317
conflicts 32
=============
iteration 318
conflicts 26
=============
iteration 319
conflicts 20
=============
iteration 320
conflicts 14
=============
iteration 321
conflicts 9
=============
iteration 322
conflicts 7
=============
iteration 323
conflicts 5
=============
iteration 324
conflicts 5
kicked at 5 conflicts
=============
iteration 325
conflicts 46
=============
iteration 326
conflicts 37
=============
iteration 327
conflicts 27
=============
iteration 328
conflicts 22
=============
iteration 329
conflicts 18
=============
iteration 330
conflicts 14
=============
iteration 331
conflicts 11
=============
iteration 332
conflicts 8
=============
iteration 333
conflicts 7
=============
iteration 334
conflicts 5
=============
iteration 335
conflicts 5
kicked at 5 conflicts
=============
iteration 336
conflicts 53
=============
iteration 337
conflicts 44
=============
iteration 338
conflicts 37
=============
iteration 339
conflicts 31
=============
iteration 340
conflicts 25
=============
iteration 341
conflicts 21
=============
iteration 342
conflicts 15
=============
iteration 343
conflicts 10
=============
iteration 344
conflicts 8
=============
iteration 345
conflicts 7
=============
iteration 346
conflicts 6
=============
iteration 347
conflicts 6
kicked at 6 conflicts
=============
iteration 348
conflicts 93
=============
iteration 349
conflicts 84
=============
iteration 350
conflicts 77
=============
iteration 351
conflicts 71
=============
iteration 352
conflicts 64
=============
iteration 353
conflicts 59
=============
iteration 354
conflicts 54
=============
iteration 355
conflicts 49
=============
iteration 356
conflicts 43
=============
iteration 357
conflicts 38
=============
iteration 358
conflicts 33
=============
iteration 359
conflicts 29
=============
iteration 360
conflicts 23
=============
iteration 361
conflicts 20
=============
iteration 362
conflicts 17
=============
iteration 363
conflicts 14
=============
iteration 364
conflicts 8
=============
iteration 365
conflicts 7
=============
iteration 366
conflicts 7
kicked at 7 conflicts
=============
iteration 367
conflicts 59
=============
iteration 368
conflicts 50
=============
iteration 369
conflicts 42
=============
iteration 370
conflicts 37
=============
iteration 371
conflicts 30
=============
iteration 372
conflicts 25
=============
iteration 373
conflicts 18
=============
iteration 374
conflicts 15
=============
iteration 375
conflicts 10
=============
iteration 376
conflicts 7
=============
iteration 377
conflicts 7
kicked at 7 conflicts
=============
iteration 378
conflicts 55
=============
iteration 379
conflicts 45
=============
iteration 380
conflicts 37
=============
iteration 381
conflicts 28
=============
iteration 382
conflicts 21
=============
iteration 383
conflicts 15
=============
iteration 384
conflicts 10
=============
iteration 385
conflicts 7
=============
iteration 386
conflicts 5
=============
iteration 387
conflicts 3
=============
iteration 388
conflicts 2
=============
iteration 389
conflicts 2
kicked at 2 conflicts
=============
iteration 390
conflicts 79
=============
iteration 391
conflicts 66
=============
iteration 392
conflicts 57
=============
iteration 393
conflicts 50
=============
iteration 394
conflicts 43
=============
iteration 395
conflicts 37
=============
iteration 396
conflicts 31
=============
iteration 397
conflicts 26
=============
iteration 398
conflicts 21
=============
iteration 399
conflicts 16
=============
iteration 400
conflicts 12
=============
iteration 401
conflicts 8
=============
iteration 402
conflicts 4
=============
iteration 403
conflicts 2
=============
iteration 404
conflicts 2
kicked at 2 conflicts
=============
iteration 405
conflicts 57
=============
iteration 406
conflicts 50
=============
iteration 407
conflicts 43
=============
iteration 408
conflicts 36
=============
iteration 409
conflicts 30
=============
iteration 410
conflicts 24
=============
iteration 411
conflicts 19
=============
iteration 412
conflicts 14
=============
iteration 413
conflicts 10
=============
iteration 414
conflicts 5
=============
iteration 415
conflicts 4
=============
iteration 416
conflicts 1
=============
iteration 417
conflicts 1
kicked at 1 conflicts
=============
iteration 418
conflicts 69
=============
iteration 419
conflicts 55
=============
iteration 420
conflicts 48
=============
iteration 421
conflicts 41
=============
iteration 422
conflicts 33
=============
iteration 423
conflicts 28
=============
iteration 424
conflicts 22
=============
iteration 425
conflicts 15
=============
iteration 426
conflicts 10
=============
iteration 427
conflicts 5
=============
iteration 428
conflicts 1
=============
iteration 429
conflicts 1
kicked at 1 conflicts
=============
iteration 430
conflicts 73
=============
iteration 431
conflicts 54
=============
iteration 432
conflicts 45
=============
iteration 433
conflicts 37
=============
iteration 434
conflicts 30
=============
iteration 435
conflicts 23
=============
iteration 436
conflicts 17
=============
iteration 437
conflicts 11
=============
iteration 438
conflicts 5
=============
iteration 439
conflicts 2
=============
iteration 440
conflicts 1
=============
iteration 441
conflicts 1
kicked at 1 conflicts
=============
iteration 442
conflicts 56
=============
iteration 443
conflicts 47
=============
iteration 444
conflicts 38
=============
iteration 445
conflicts 27
=============
iteration 446
conflicts 19
=============
iteration 447
conflicts 13
=============
iteration 448
conflicts 4
=============
iteration 449
conflicts 1
=============
iteration 450
conflicts 0
attempting to fix cycle
conflicts after fixing cycle is 0
best state below.
(0, matrix([[None, True, False, None, None, False, True, False, False, True,
         False, True, True, False, True, False, False, None, False, False],
        [False, None, False, False, False, False, False, False, False,
         False, False, False, False, False, False, False, False, False,
         False, False],
        [True, True, None, None, True, True, True, False, False, True, True,
         True, True, False, True, True, False, True, True, False],
        [None, True, None, None, True, False, True, False, False, True,
         False, True, True, False, True, False, False, True, None, False],
        [None, True, False, False, None, False, False, False, False, True,
         False, False, False, False, True, False, False, True, False, False],
        [True, True, False, True, True, None, None, False, False, True,
         False, True, True, False, True, False, False, True, True, False],
        [False, True, False, False, True, None, None, False, False, True,
         None, False, False, False, True, False, False, True, False, False],
        [True, True, True, True, True, True, True, None, False, True, True,
         True, True, False, True, True, False, True, True, True],
        [True, True, True, True, True, True, True, True, None, True, True,
         True, True, True, True, True, True, True, True, True],
        [False, True, False, False, False, False, False, False, False, None,
         False, False, False, False, False, False, False, False, False,
         False],
        [True, True, False, True, True, True, None, False, False, True,
         None, True, True, False, True, True, False, True, True, False],
        [False, True, False, False, True, False, True, False, False, True,
         False, None, True, False, True, False, False, True, False, False],
        [False, True, False, False, True, False, True, False, False, True,
         False, False, None, False, True, False, False, True, False, False],
        [True, True, True, True, True, True, True, True, False, True, True,
         True, True, None, True, True, False, True, True, True],
        [False, True, False, False, False, False, False, False, False, True,
         False, False, False, False, None, False, False, False, False, False],
        [True, True, False, True, True, True, True, False, False, True,
         False, True, True, False, True, None, False, True, True, False],
        [True, True, True, True, True, True, True, True, False, True, True,
         True, True, True, True, True, None, True, True, True],
        [None, True, False, False, False, False, False, False, False, True,
         False, False, False, False, True, False, False, None, False, False],
        [True, True, False, None, True, False, True, False, False, True,
         False, True, True, False, True, False, False, True, None, False],
        [True, True, True, True, True, True, True, False, False, True, True,
         True, True, False, True, True, False, True, True, None]], dtype=object))
['Perla', 'Gustavo', 'Cian', 'Pandora', 'Deidre', 'Vihan', 'Caitlyn', 'Rashan', 'Bruce', 'Susanne', 'Dane', 'Marcella', 'Sterling', 'Alvin', 'Shawna', 'Lara', 'Maritza', 'Kathryn', 'Zoey', 'Leslie']
