=============
iteration 0
conflicts 81
=============
iteration 1
conflicts 77
=============
iteration 2
conflicts 74
=============
iteration 3
conflicts 71
=============
iteration 4
conflicts 68
=============
iteration 5
conflicts 65
=============
iteration 6
conflicts 62
=============
iteration 7
conflicts 60
=============
iteration 8
conflicts 58
=============
iteration 9
conflicts 56
=============
iteration 10
conflicts 53
=============
iteration 11
conflicts 51
=============
iteration 12
conflicts 49
=============
iteration 13
conflicts 47
=============
iteration 14
conflicts 45
=============
iteration 15
conflicts 44
=============
iteration 16
conflicts 43
=============
iteration 17
conflicts 42
=============
iteration 18
conflicts 40
=============
iteration 19
conflicts 39
=============
iteration 20
conflicts 38
=============
iteration 21
conflicts 37
=============
iteration 22
conflicts 36
=============
iteration 23
conflicts 35
=============
iteration 24
conflicts 32
=============
iteration 25
conflicts 31
=============
iteration 26
conflicts 30
=============
iteration 27
conflicts 29
=============
iteration 28
conflicts 28
=============
iteration 29
conflicts 27
=============
iteration 30
conflicts 26
=============
iteration 31
conflicts 25
=============
iteration 32
conflicts 24
=============
iteration 33
conflicts 23
=============
iteration 34
conflicts 22
=============
iteration 35
conflicts 21
=============
iteration 36
conflicts 20
=============
iteration 37
conflicts 19
=============
iteration 38
conflicts 18
=============
iteration 39
conflicts 17
=============
iteration 40
conflicts 16
=============
iteration 41
conflicts 15
=============
iteration 42
conflicts 13
=============
iteration 43
conflicts 11
=============
iteration 44
conflicts 10
=============
iteration 45
conflicts 10
kicked at 10 conflicts
=============
iteration 46
conflicts 25
=============
iteration 47
conflicts 20
=============
iteration 48
conflicts 18
=============
iteration 49
conflicts 16
=============
iteration 50
conflicts 15
=============
iteration 51
conflicts 14
=============
iteration 52
conflicts 13
=============
iteration 53
conflicts 11
=============
iteration 54
conflicts 10
=============
iteration 55
conflicts 10
kicked at 10 conflicts
=============
iteration 56
conflicts 25
=============
iteration 57
conflicts 18
=============
iteration 58
conflicts 15
=============
iteration 59
conflicts 11
=============
iteration 60
conflicts 11
kicked at 11 conflicts
=============
iteration 61
conflicts 28
=============
iteration 62
conflicts 20
=============
iteration 63
conflicts 17
=============
iteration 64
conflicts 13
=============
iteration 65
conflicts 12
=============
iteration 66
conflicts 11
=============
iteration 67
conflicts 10
=============
iteration 68
conflicts 9
=============
iteration 69
conflicts 8
=============
iteration 70
conflicts 7
=============
iteration 71
conflicts 6
=============
iteration 72
conflicts 5
=============
iteration 73
conflicts 4
=============
iteration 74
conflicts 3
=============
iteration 75
conflicts 2
=============
iteration 76
conflicts 1
=============
iteration 77
conflicts 1
kicked at 1 conflicts
=============
iteration 78
conflicts 18
=============
iteration 79
conflicts 12
=============
iteration 80
conflicts 9
=============
iteration 81
conflicts 7
=============
iteration 82
conflicts 4
=============
iteration 83
conflicts 3
=============
iteration 84
conflicts 1
=============
iteration 85
conflicts 1
kicked at 1 conflicts
=============
iteration 86
conflicts 20
=============
iteration 87
conflicts 15
=============
iteration 88
conflicts 12
=============
iteration 89
conflicts 6
=============
iteration 90
conflicts 3
=============
iteration 91
conflicts 2
=============
iteration 92
conflicts 1
=============
iteration 93
conflicts 1
kicked at 1 conflicts
=============
iteration 94
conflicts 23
=============
iteration 95
conflicts 16
=============
iteration 96
conflicts 10
=============
iteration 97
conflicts 7
=============
iteration 98
conflicts 3
=============
iteration 99
conflicts 1
=============
iteration 100
conflicts 1
kicked at 1 conflicts
=============
iteration 101
conflicts 12
=============
iteration 102
conflicts 9
=============
iteration 103
conflicts 7
=============
iteration 104
conflicts 6
=============
iteration 105
conflicts 3
=============
iteration 106
conflicts 2
=============
iteration 107
conflicts 2
kicked at 2 conflicts
=============
iteration 108
conflicts 26
=============
iteration 109
conflicts 22
=============
iteration 110
conflicts 19
=============
iteration 111
conflicts 14
=============
iteration 112
conflicts 12
=============
iteration 113
conflicts 9
=============
iteration 114
conflicts 7
=============
iteration 115
conflicts 6
=============
iteration 116
conflicts 4
=============
iteration 117
conflicts 4
kicked at 4 conflicts
=============
iteration 118
conflicts 24
=============
iteration 119
conflicts 19
=============
iteration 120
conflicts 14
=============
iteration 121
conflicts 11
=============
iteration 122
conflicts 8
=============
iteration 123
conflicts 6
=============
iteration 124
conflicts 4
=============
iteration 125
conflicts 3
=============
iteration 126
conflicts 2
=============
iteration 127
conflicts 2
kicked at 2 conflicts
=============
iteration 128
conflicts 22
=============
iteration 129
conflicts 17
=============
iteration 130
conflicts 11
=============
iteration 131
conflicts 8
=============
iteration 132
conflicts 6
=============
iteration 133
conflicts 4
=============
iteration 134
conflicts 3
=============
iteration 135
conflicts 3
kicked at 3 conflicts
=============
iteration 136
conflicts 24
=============
iteration 137
conflicts 19
=============
iteration 138
conflicts 15
=============
iteration 139
conflicts 12
=============
iteration 140
conflicts 9
=============
iteration 141
conflicts 8
=============
iteration 142
conflicts 7
=============
iteration 143
conflicts 3
=============
iteration 144
conflicts 2
=============
iteration 145
conflicts 2
kicked at 2 conflicts
=============
iteration 146
conflicts 15
=============
iteration 147
conflicts 12
=============
iteration 148
conflicts 8
=============
iteration 149
conflicts 6
=============
iteration 150
conflicts 3
=============
iteration 151
conflicts 2
=============
iteration 152
conflicts 2
kicked at 2 conflicts
=============
iteration 153
conflicts 20
=============
iteration 154
conflicts 17
=============
iteration 155
conflicts 13
=============
iteration 156
conflicts 10
=============
iteration 157
conflicts 7
=============
iteration 158
conflicts 4
=============
iteration 159
conflicts 3
=============
iteration 160
conflicts 3
kicked at 3 conflicts
=============
iteration 161
conflicts 22
=============
iteration 162
conflicts 19
=============
iteration 163
conflicts 16
=============
iteration 164
conflicts 11
=============
iteration 165
conflicts 9
=============
iteration 166
conflicts 6
=============
iteration 167
conflicts 4
=============
iteration 168
conflicts 3
=============
iteration 169
conflicts 3
kicked at 3 conflicts
=============
iteration 170
conflicts 22
=============
iteration 171
conflicts 16
=============
iteration 172
conflicts 13
=============
iteration 173
conflicts 10
=============
iteration 174
conflicts 7
=============
iteration 175
conflicts 5
=============
iteration 176
conflicts 4
=============
iteration 177
conflicts 4
kicked at 4 conflicts
=============
iteration 178
conflicts 20
=============
iteration 179
conflicts 12
=============
iteration 180
conflicts 9
=============
iteration 181
conflicts 7
=============
iteration 182
conflicts 6
=============
iteration 183
conflicts 4
=============
iteration 184
conflicts 2
=============
iteration 185
conflicts 2
kicked at 2 conflicts
=============
iteration 186
conflicts 23
=============
iteration 187
conflicts 19
=============
iteration 188
conflicts 15
=============
iteration 189
conflicts 12
=============
iteration 190
conflicts 9
=============
iteration 191
conflicts 6
=============
iteration 192
conflicts 3
=============
iteration 193
conflicts 1
=============
iteration 194
conflicts 1
kicked at 1 conflicts
=============
iteration 195
conflicts 15
=============
iteration 196
conflicts 12
=============
iteration 197
conflicts 9
=============
iteration 198
conflicts 7
=============
iteration 199
conflicts 4
=============
iteration 200
conflicts 3
=============
iteration 201
conflicts 2
=============
iteration 202
conflicts 1
=============
iteration 203
conflicts 0
attempting to fix cycle
conflicts after fixing cycle is 0
best state below.
(0, matrix([[None, False, None, False, False, False, None, None, False, False,
         False, None, False, False, None, None, False, False, False, False],
        [True, None, True, None, True, False, True, True, True, False, True,
         None, True, True, False, True, True, True, True, False],
        [None, False, None, True, False, False, True, None, False, False,
         True, None, True, False, False, True, None, True, False, False],
        [True, None, False, None, False, False, None, True, False, False,
         False, False, False, False, False, True, False, False, None, False],
        [True, False, True, True, None, False, True, True, True, False,
         True, False, True, True, False, True, False, True, True, False],
        [True, True, True, True, True, None, True, True, True, True, True,
         True, True, True, None, True, True, True, True, True],
        [None, False, False, None, False, False, None, False, False, False,
         False, None, False, False, False, False, False, False, False, False],
        [None, False, None, False, False, False, True, None, False, False,
         False, False, False, False, False, True, False, False, False, False],
        [True, False, True, True, False, False, True, True, None, False,
         True, False, True, True, False, True, False, True, True, False],
        [True, True, True, True, True, False, True, True, True, None, True,
         True, True, None, False, True, True, None, True, True],
        [True, False, False, True, False, False, True, True, False, False,
         None, False, True, None, False, True, False, False, False, False],
        [None, None, None, True, True, False, None, True, True, False, True,
         None, True, True, False, True, None, True, True, False],
        [True, False, False, True, False, False, True, True, False, False,
         False, False, None, False, False, True, False, False, False, False],
        [True, False, True, True, False, False, True, True, False, None,
         None, False, True, None, None, True, False, True, True, False],
        [None, True, True, True, True, None, True, True, True, True, True,
         True, True, None, None, None, True, True, None, True],
        [None, False, False, False, False, False, True, False, False, False,
         False, False, False, False, None, None, False, False, False, False],
        [True, False, None, True, True, False, True, True, True, False,
         True, None, True, True, False, True, None, True, True, None],
        [True, False, False, True, False, False, True, True, False, None,
         True, False, True, False, False, True, False, None, False, False],
        [True, False, True, None, False, False, True, True, False, False,
         True, False, True, False, None, True, False, True, None, False],
        [True, True, True, True, True, False, True, True, True, False, True,
         True, True, True, False, True, None, True, True, None]], dtype=object))
['Martin', 'Bobbie', 'Matthew', 'Mindy', 'Trinity', 'Juan', 'Ethel', 'Nevaeh', 'Angus', 'Lillian', 'Alfonso', 'Daphne', 'Elyza', 'Darragh', 'Alfie', 'Marty', 'Emerald', 'Roberto', 'Holden', 'Lonnie']
