=============
iteration 0
conflicts 137
=============
iteration 1
conflicts 129
=============
iteration 2
conflicts 121
=============
iteration 3
conflicts 114
=============
iteration 4
conflicts 107
=============
iteration 5
conflicts 101
=============
iteration 6
conflicts 96
=============
iteration 7
conflicts 91
=============
iteration 8
conflicts 86
=============
iteration 9
conflicts 79
=============
iteration 10
conflicts 73
=============
iteration 11
conflicts 69
=============
iteration 12
conflicts 64
=============
iteration 13
conflicts 60
=============
iteration 14
conflicts 57
=============
iteration 15
conflicts 54
=============
iteration 16
conflicts 51
=============
iteration 17
conflicts 48
=============
iteration 18
conflicts 45
=============
iteration 19
conflicts 43
=============
iteration 20
conflicts 41
=============
iteration 21
conflicts 39
=============
iteration 22
conflicts 36
=============
iteration 23
conflicts 34
=============
iteration 24
conflicts 32
=============
iteration 25
conflicts 30
=============
iteration 26
conflicts 28
=============
iteration 27
conflicts 26
=============
iteration 28
conflicts 25
=============
iteration 29
conflicts 24
=============
iteration 30
conflicts 23
=============
iteration 31
conflicts 22
=============
iteration 32
conflicts 21
=============
iteration 33
conflicts 20
=============
iteration 34
conflicts 19
=============
iteration 35
conflicts 19
kicked at 19 conflicts
=============
iteration 36
conflicts 73
=============
iteration 37
conflicts 55
=============
iteration 38
conflicts 46
=============
iteration 39
conflicts 29
=============
iteration 40
conflicts 23
=============
iteration 41
conflicts 22
=============
iteration 42
conflicts 21
=============
iteration 43
conflicts 19
=============
iteration 44
conflicts 19
kicked at 19 conflicts
=============
iteration 45
conflicts 74
=============
iteration 46
conflicts 61
=============
iteration 47
conflicts 51
=============
iteration 48
conflicts 44
=============
iteration 49
conflicts 38
=============
iteration 50
conflicts 32
=============
iteration 51
conflicts 29
=============
iteration 52
conflicts 28
=============
iteration 53
conflicts 25
=============
iteration 54
conflicts 24
=============
iteration 55
conflicts 22
=============
iteration 56
conflicts 21
=============
iteration 57
conflicts 21
kicked at 21 conflicts
=============
iteration 58
conflicts 81
=============
iteration 59
conflicts 71
=============
iteration 60
conflicts 62
=============
iteration 61
conflicts 52
=============
iteration 62
conflicts 43
=============
iteration 63
conflicts 36
=============
iteration 64
conflicts 29
=============
iteration 65
conflicts 23
=============
iteration 66
conflicts 21
=============
iteration 67
conflicts 20
=============
iteration 68
conflicts 20
kicked at 20 conflicts
=============
iteration 69
conflicts 88
=============
iteration 70
conflicts 77
=============
iteration 71
conflicts 68
=============
iteration 72
conflicts 61
=============
iteration 73
conflicts 55
=============
iteration 74
conflicts 49
=============
iteration 75
conflicts 43
=============
iteration 76
conflicts 38
=============
iteration 77
conflicts 34
=============
iteration 78
conflicts 29
=============
iteration 79
conflicts 25
=============
iteration 80
conflicts 21
=============
iteration 81
conflicts 20
=============
iteration 82
conflicts 19
=============
iteration 83
conflicts 19
kicked at 19 conflicts
=============
iteration 84
conflicts 70
=============
iteration 85
conflicts 57
=============
iteration 86
conflicts 44
=============
iteration 87
conflicts 37
=============
iteration 88
conflicts 33
=============
iteration 89
conflicts 30
=============
iteration 90
conflicts 27
=============
iteration 91
conflicts 24
=============
iteration 92
conflicts 22
=============
iteration 93
conflicts 19
=============
iteration 94
conflicts 19
kicked at 19 conflicts
=============
iteration 95
conflicts 91
=============
iteration 96
conflicts 78
=============
iteration 97
conflicts 70
=============
iteration 98
conflicts 62
=============
iteration 99
conflicts 52
=============
iteration 100
conflicts 44
=============
iteration 101
conflicts 37
=============
iteration 102
conflicts 30
=============
iteration 103
conflicts 25
=============
iteration 104
conflicts 22
=============
iteration 105
conflicts 20
=============
iteration 106
conflicts 20
kicked at 20 conflicts
=============
iteration 107
conflicts 74
=============
iteration 108
conflicts 62
=============
iteration 109
conflicts 51
=============
iteration 110
conflicts 42
=============
iteration 111
conflicts 35
=============
iteration 112
conflicts 29
=============
iteration 113
conflicts 26
=============
iteration 114
conflicts 23
=============
iteration 115
conflicts 20
=============
iteration 116
conflicts 19
=============
iteration 117
conflicts 19
kicked at 19 conflicts
=============
iteration 118
conflicts 87
=============
iteration 119
conflicts 73
=============
iteration 120
conflicts 63
=============
iteration 121
conflicts 56
=============
iteration 122
conflicts 49
=============
iteration 123
conflicts 42
=============
iteration 124
conflicts 36
=============
iteration 125
conflicts 31
=============
iteration 126
conflicts 28
=============
iteration 127
conflicts 23
=============
iteration 128
conflicts 22
=============
iteration 129
conflicts 21
=============
iteration 130
conflicts 21
kicked at 21 conflicts
=============
iteration 131
conflicts 73
=============
iteration 132
conflicts 60
=============
iteration 133
conflicts 52
=============
iteration 134
conflicts 44
=============
iteration 135
conflicts 38
=============
iteration 136
conflicts 33
=============
iteration 137
conflicts 26
=============
iteration 138
conflicts 24
=============
iteration 139
conflicts 22
=============
iteration 140
conflicts 21
=============
iteration 141
conflicts 21
kicked at 21 conflicts
=============
iteration 142
conflicts 67
=============
iteration 143
conflicts 49
=============
iteration 144
conflicts 42
=============
iteration 145
conflicts 36
=============
iteration 146
conflicts 31
=============
iteration 147
conflicts 28
=============
iteration 148
conflicts 25
=============
iteration 149
conflicts 23
=============
iteration 150
conflicts 22
=============
iteration 151
conflicts 21
=============
iteration 152
conflicts 21
kicked at 21 conflicts
=============
iteration 153
conflicts 76
=============
iteration 154
conflicts 66
=============
iteration 155
conflicts 57
=============
iteration 156
conflicts 50
=============
iteration 157
conflicts 44
=============
iteration 158
conflicts 37
=============
iteration 159
conflicts 31
=============
iteration 160
conflicts 25
=============
iteration 161
conflicts 22
=============
iteration 162
conflicts 21
=============
iteration 163
conflicts 19
=============
iteration 164
conflicts 17
=============
iteration 165
conflicts 17
kicked at 17 conflicts
=============
iteration 166
conflicts 93
=============
iteration 167
conflicts 75
=============
iteration 168
conflicts 66
=============
iteration 169
conflicts 56
=============
iteration 170
conflicts 47
=============
iteration 171
conflicts 40
=============
iteration 172
conflicts 33
=============
iteration 173
conflicts 29
=============
iteration 174
conflicts 25
=============
iteration 175
conflicts 22
=============
iteration 176
conflicts 18
=============
iteration 177
conflicts 17
=============
iteration 178
conflicts 15
=============
iteration 179
conflicts 15
kicked at 15 conflicts
=============
iteration 180
conflicts 61
=============
iteration 181
conflicts 55
=============
iteration 182
conflicts 45
=============
iteration 183
conflicts 39
=============
iteration 184
conflicts 33
=============
iteration 185
conflicts 28
=============
iteration 186
conflicts 24
=============
iteration 187
conflicts 21
=============
iteration 188
conflicts 18
=============
iteration 189
conflicts 15
=============
iteration 190
conflicts 15
kicked at 15 conflicts
=============
iteration 191
conflicts 97
=============
iteration 192
conflicts 86
=============
iteration 193
conflicts 77
=============
iteration 194
conflicts 69
=============
iteration 195
conflicts 60
=============
iteration 196
conflicts 53
=============
iteration 197
conflicts 47
=============
iteration 198
conflicts 41
=============
iteration 199
conflicts 35
=============
iteration 200
conflicts 30
=============
iteration 201
conflicts 25
=============
iteration 202
conflicts 21
=============
iteration 203
conflicts 18
=============
iteration 204
conflicts 15
=============
iteration 205
conflicts 15
kicked at 15 conflicts
=============
iteration 206
conflicts 65
=============
iteration 207
conflicts 48
=============
iteration 208
conflicts 39
=============
iteration 209
conflicts 36
=============
iteration 210
conflicts 33
=============
iteration 211
conflicts 30
=============
iteration 212
conflicts 28
=============
iteration 213
conflicts 25
=============
iteration 214
conflicts 23
=============
iteration 215
conflicts 19
=============
iteration 216
conflicts 17
=============
iteration 217
conflicts 15
=============
iteration 218
conflicts 15
kicked at 15 conflicts
=============
iteration 219
conflicts 75
=============
iteration 220
conflicts 60
=============
iteration 221
conflicts 48
=============
iteration 222
conflicts 41
=============
iteration 223
conflicts 35
=============
iteration 224
conflicts 29
=============
iteration 225
conflicts 26
=============
iteration 226
conflicts 24
=============
iteration 227
conflicts 22
=============
iteration 228
conflicts 20
=============
iteration 229
conflicts 18
=============
iteration 230
conflicts 15
=============
iteration 231
conflicts 15
kicked at 15 conflicts
=============
iteration 232
conflicts 76
=============
iteration 233
conflicts 62
=============
iteration 234
conflicts 51
=============
iteration 235
conflicts 44
=============
iteration 236
conflicts 38
=============
iteration 237
conflicts 30
=============
iteration 238
conflicts 27
=============
iteration 239
conflicts 24
=============
iteration 240
conflicts 21
=============
iteration 241
conflicts 19
=============
iteration 242
conflicts 15
=============
iteration 243
conflicts 15
kicked at 15 conflicts
=============
iteration 244
conflicts 67
=============
iteration 245
conflicts 54
=============
iteration 246
conflicts 45
=============
iteration 247
conflicts 36
=============
iteration 248
conflicts 32
=============
iteration 249
conflicts 28
=============
iteration 250
conflicts 25
=============
iteration 251
conflicts 22
=============
iteration 252
conflicts 20
=============
iteration 253
conflicts 18
=============
iteration 254
conflicts 17
=============
iteration 255
conflicts 15
=============
iteration 256
conflicts 15
kicked at 15 conflicts
=============
iteration 257
conflicts 77
=============
iteration 258
conflicts 69
=============
iteration 259
conflicts 61
=============
iteration 260
conflicts 55
=============
iteration 261
conflicts 49
=============
iteration 262
conflicts 45
=============
iteration 263
conflicts 41
=============
iteration 264
conflicts 36
=============
iteration 265
conflicts 32
=============
iteration 266
conflicts 29
=============
iteration 267
conflicts 27
=============
iteration 268
conflicts 23
=============
iteration 269
conflicts 21
=============
iteration 270
conflicts 21
kicked at 21 conflicts
=============
iteration 271
conflicts 79
=============
iteration 272
conflicts 66
=============
iteration 273
conflicts 55
=============
iteration 274
conflicts 47
=============
iteration 275
conflicts 41
=============
iteration 276
conflicts 35
=============
iteration 277
conflicts 29
=============
iteration 278
conflicts 27
=============
iteration 279
conflicts 25
=============
iteration 280
conflicts 25
kicked at 25 conflicts
=============
iteration 281
conflicts 71
=============
iteration 282
conflicts 58
=============
iteration 283
conflicts 49
=============
iteration 284
conflicts 44
=============
iteration 285
conflicts 39
=============
iteration 286
conflicts 35
=============
iteration 287
conflicts 31
=============
iteration 288
conflicts 28
=============
iteration 289
conflicts 25
=============
iteration 290
conflicts 25
kicked at 25 conflicts
=============
iteration 291
conflicts 60
=============
iteration 292
conflicts 49
=============
iteration 293
conflicts 39
=============
iteration 294
conflicts 32
=============
iteration 295
conflicts 26
=============
iteration 296
conflicts 25
=============
iteration 297
conflicts 25
kicked at 25 conflicts
=============
iteration 298
conflicts 58
=============
iteration 299
conflicts 51
=============
iteration 300
conflicts 45
=============
iteration 301
conflicts 40
=============
iteration 302
conflicts 36
=============
iteration 303
conflicts 32
=============
iteration 304
conflicts 29
=============
iteration 305
conflicts 26
=============
iteration 306
conflicts 23
=============
iteration 307
conflicts 22
=============
iteration 308
conflicts 21
=============
iteration 309
conflicts 21
kicked at 21 conflicts
=============
iteration 310
conflicts 62
=============
iteration 311
conflicts 54
=============
iteration 312
conflicts 48
=============
iteration 313
conflicts 43
=============
iteration 314
conflicts 38
=============
iteration 315
conflicts 34
=============
iteration 316
conflicts 30
=============
iteration 317
conflicts 26
=============
iteration 318
conflicts 22
=============
iteration 319
conflicts 19
=============
iteration 320
conflicts 19
kicked at 19 conflicts
=============
iteration 321
conflicts 83
=============
iteration 322
conflicts 69
=============
iteration 323
conflicts 56
=============
iteration 324
conflicts 46
=============
iteration 325
conflicts 38
=============
iteration 326
conflicts 32
=============
iteration 327
conflicts 26
=============
iteration 328
conflicts 23
=============
iteration 329
conflicts 21
=============
iteration 330
conflicts 19
=============
iteration 331
conflicts 18
=============
iteration 332
conflicts 18
kicked at 18 conflicts
=============
iteration 333
conflicts 67
=============
iteration 334
conflicts 56
=============
iteration 335
conflicts 42
=============
iteration 336
conflicts 36
=============
iteration 337
conflicts 31
=============
iteration 338
conflicts 27
=============
iteration 339
conflicts 22
=============
iteration 340
conflicts 20
=============
iteration 341
conflicts 18
=============
iteration 342
conflicts 18
kicked at 18 conflicts
=============
iteration 343
conflicts 74
=============
iteration 344
conflicts 57
=============
iteration 345
conflicts 48
=============
iteration 346
conflicts 34
=============
iteration 347
conflicts 28
=============
iteration 348
conflicts 23
=============
iteration 349
conflicts 19
=============
iteration 350
conflicts 18
=============
iteration 351
conflicts 18
kicked at 18 conflicts
=============
iteration 352
conflicts 64
=============
iteration 353
conflicts 54
=============
iteration 354
conflicts 43
=============
iteration 355
conflicts 35
=============
iteration 356
conflicts 31
=============
iteration 357
conflicts 26
=============
iteration 358
conflicts 24
=============
iteration 359
conflicts 22
=============
iteration 360
conflicts 20
=============
iteration 361
conflicts 19
=============
iteration 362
conflicts 19
kicked at 19 conflicts
=============
iteration 363
conflicts 73
=============
iteration 364
conflicts 62
=============
iteration 365
conflicts 53
=============
iteration 366
conflicts 47
=============
iteration 367
conflicts 41
=============
iteration 368
conflicts 37
=============
iteration 369
conflicts 27
=============
iteration 370
conflicts 23
=============
iteration 371
conflicts 20
=============
iteration 372
conflicts 19
=============
iteration 373
conflicts 18
=============
iteration 374
conflicts 18
kicked at 18 conflicts
=============
iteration 375
conflicts 58
=============
iteration 376
conflicts 49
=============
iteration 377
conflicts 41
=============
iteration 378
conflicts 36
=============
iteration 379
conflicts 33
=============
iteration 380
conflicts 29
=============
iteration 381
conflicts 28
=============
iteration 382
conflicts 27
=============
iteration 383
conflicts 26
=============
iteration 384
conflicts 25
=============
iteration 385
conflicts 23
=============
iteration 386
conflicts 22
=============
iteration 387
conflicts 22
kicked at 22 conflicts
=============
iteration 388
conflicts 98
=============
iteration 389
conflicts 86
=============
iteration 390
conflicts 79
=============
iteration 391
conflicts 65
=============
iteration 392
conflicts 57
=============
iteration 393
conflicts 50
=============
iteration 394
conflicts 43
=============
iteration 395
conflicts 34
=============
iteration 396
conflicts 28
=============
iteration 397
conflicts 25
=============
iteration 398
conflicts 22
=============
iteration 399
conflicts 22
kicked at 22 conflicts
=============
iteration 400
conflicts 89
=============
iteration 401
conflicts 76
=============
iteration 402
conflicts 68
=============
iteration 403
conflicts 53
=============
iteration 404
conflicts 43
=============
iteration 405
conflicts 39
=============
iteration 406
conflicts 35
=============
iteration 407
conflicts 33
=============
iteration 408
conflicts 30
=============
iteration 409
conflicts 28
=============
iteration 410
conflicts 28
kicked at 28 conflicts
=============
iteration 411
conflicts 76
=============
iteration 412
conflicts 64
=============
iteration 413
conflicts 54
=============
iteration 414
conflicts 46
=============
iteration 415
conflicts 40
=============
iteration 416
conflicts 36
=============
iteration 417
conflicts 32
=============
iteration 418
conflicts 29
=============
iteration 419
conflicts 28
=============
iteration 420
conflicts 28
kicked at 28 conflicts
=============
iteration 421
conflicts 100
=============
iteration 422
conflicts 85
=============
iteration 423
conflicts 71
=============
iteration 424
conflicts 64
=============
iteration 425
conflicts 54
=============
iteration 426
conflicts 48
=============
iteration 427
conflicts 42
=============
iteration 428
conflicts 37
=============
iteration 429
conflicts 34
=============
iteration 430
conflicts 30
=============
iteration 431
conflicts 27
=============
iteration 432
conflicts 25
=============
iteration 433
conflicts 23
=============
iteration 434
conflicts 23
kicked at 23 conflicts
=============
iteration 435
conflicts 85
=============
iteration 436
conflicts 75
=============
iteration 437
conflicts 66
=============
iteration 438
conflicts 55
=============
iteration 439
conflicts 46
=============
iteration 440
conflicts 39
=============
iteration 441
conflicts 35
=============
iteration 442
conflicts 31
=============
iteration 443
conflicts 28
=============
iteration 444
conflicts 25
=============
iteration 445
conflicts 23
=============
iteration 446
conflicts 23
kicked at 23 conflicts
=============
iteration 447
conflicts 73
=============
iteration 448
conflicts 63
=============
iteration 449
conflicts 56
=============
iteration 450
conflicts 47
=============
iteration 451
conflicts 41
=============
iteration 452
conflicts 35
=============
iteration 453
conflicts 30
=============
iteration 454
conflicts 25
=============
iteration 455
conflicts 24
=============
iteration 456
conflicts 23
=============
iteration 457
conflicts 23
kicked at 23 conflicts
=============
iteration 458
conflicts 95
=============
iteration 459
conflicts 86
=============
iteration 460
conflicts 78
=============
iteration 461
conflicts 71
=============
iteration 462
conflicts 63
=============
iteration 463
conflicts 56
=============
iteration 464
conflicts 50
=============
iteration 465
conflicts 44
=============
iteration 466
conflicts 38
=============
iteration 467
conflicts 33
=============
iteration 468
conflicts 28
=============
iteration 469
conflicts 26
=============
iteration 470
conflicts 25
=============
iteration 471
conflicts 23
=============
iteration 472
conflicts 23
kicked at 23 conflicts
=============
iteration 473
conflicts 96
=============
iteration 474
conflicts 81
=============
iteration 475
conflicts 67
=============
iteration 476
conflicts 56
=============
iteration 477
conflicts 47
=============
iteration 478
conflicts 40
=============
iteration 479
conflicts 33
=============
iteration 480
conflicts 28
=============
iteration 481
conflicts 25
=============
iteration 482
conflicts 23
=============
iteration 483
conflicts 23
kicked at 23 conflicts
=============
iteration 484
conflicts 79
=============
iteration 485
conflicts 67
=============
iteration 486
conflicts 61
=============
iteration 487
conflicts 55
=============
iteration 488
conflicts 49
=============
iteration 489
conflicts 43
=============
iteration 490
conflicts 39
=============
iteration 491
conflicts 35
=============
iteration 492
conflicts 32
=============
iteration 493
conflicts 29
=============
iteration 494
conflicts 27
=============
iteration 495
conflicts 26
=============
iteration 496
conflicts 23
=============
iteration 497
conflicts 23
kicked at 23 conflicts
=============
iteration 498
conflicts 97
=============
iteration 499
conflicts 87
=============
iteration 500
conflicts 78
=============
iteration 501
conflicts 70
=============
iteration 502
conflicts 63
=============
iteration 503
conflicts 56
=============
iteration 504
conflicts 49
=============
iteration 505
conflicts 43
=============
iteration 506
conflicts 38
=============
iteration 507
conflicts 34
=============
iteration 508
conflicts 30
=============
iteration 509
conflicts 27
=============
iteration 510
conflicts 25
=============
iteration 511
conflicts 25
kicked at 25 conflicts
=============
iteration 512
conflicts 74
=============
iteration 513
conflicts 63
=============
iteration 514
conflicts 55
=============
iteration 515
conflicts 49
=============
iteration 516
conflicts 44
=============
iteration 517
conflicts 41
=============
iteration 518
conflicts 38
=============
iteration 519
conflicts 34
=============
iteration 520
conflicts 32
=============
iteration 521
conflicts 26
=============
iteration 522
conflicts 26
kicked at 26 conflicts
=============
iteration 523
conflicts 113
=============
iteration 524
conflicts 99
=============
iteration 525
conflicts 85
=============
iteration 526
conflicts 77
=============
iteration 527
conflicts 67
=============
iteration 528
conflicts 60
=============
iteration 529
conflicts 53
=============
iteration 530
conflicts 47
=============
iteration 531
conflicts 42
=============
iteration 532
conflicts 37
=============
iteration 533
conflicts 33
=============
iteration 534
conflicts 30
=============
iteration 535
conflicts 27
=============
iteration 536
conflicts 26
=============
iteration 537
conflicts 24
=============
iteration 538
conflicts 23
=============
iteration 539
conflicts 21
=============
iteration 540
conflicts 21
kicked at 21 conflicts
=============
iteration 541
conflicts 79
=============
iteration 542
conflicts 69
=============
iteration 543
conflicts 62
=============
iteration 544
conflicts 55
=============
iteration 545
conflicts 49
=============
iteration 546
conflicts 43
=============
iteration 547
conflicts 38
=============
iteration 548
conflicts 33
=============
iteration 549
conflicts 29
=============
iteration 550
conflicts 25
=============
iteration 551
conflicts 23
=============
iteration 552
conflicts 21
=============
iteration 553
conflicts 21
kicked at 21 conflicts
=============
iteration 554
conflicts 84
=============
iteration 555
conflicts 74
=============
iteration 556
conflicts 66
=============
iteration 557
conflicts 59
=============
iteration 558
conflicts 52
=============
iteration 559
conflicts 45
=============
iteration 560
conflicts 39
=============
iteration 561
conflicts 34
=============
iteration 562
conflicts 30
=============
iteration 563
conflicts 27
=============
iteration 564
conflicts 24
=============
iteration 565
conflicts 21
=============
iteration 566
conflicts 21
kicked at 21 conflicts
=============
iteration 567
conflicts 77
=============
iteration 568
conflicts 62
=============
iteration 569
conflicts 50
=============
iteration 570
conflicts 45
=============
iteration 571
conflicts 41
=============
iteration 572
conflicts 37
=============
iteration 573
conflicts 34
=============
iteration 574
conflicts 31
=============
iteration 575
conflicts 28
=============
iteration 576
conflicts 25
=============
iteration 577
conflicts 23
=============
iteration 578
conflicts 21
=============
iteration 579
conflicts 21
kicked at 21 conflicts
=============
iteration 580
conflicts 78
=============
iteration 581
conflicts 68
=============
iteration 582
conflicts 59
=============
iteration 583
conflicts 53
=============
iteration 584
conflicts 46
=============
iteration 585
conflicts 40
=============
iteration 586
conflicts 34
=============
iteration 587
conflicts 29
=============
iteration 588
conflicts 25
=============
iteration 589
conflicts 22
=============
iteration 590
conflicts 22
kicked at 22 conflicts
=============
iteration 591
conflicts 50
=============
iteration 592
conflicts 41
=============
iteration 593
conflicts 34
=============
iteration 594
conflicts 31
=============
iteration 595
conflicts 28
=============
iteration 596
conflicts 26
=============
iteration 597
conflicts 23
=============
iteration 598
conflicts 22
=============
iteration 599
conflicts 22
kicked at 22 conflicts
=============
iteration 600
conflicts 85
=============
iteration 601
conflicts 73
=============
iteration 602
conflicts 66
=============
iteration 603
conflicts 60
=============
iteration 604
conflicts 55
=============
iteration 605
conflicts 51
=============
iteration 606
conflicts 47
=============
iteration 607
conflicts 43
=============
iteration 608
conflicts 40
=============
iteration 609
conflicts 38
=============
iteration 610
conflicts 37
=============
iteration 611
conflicts 31
=============
iteration 612
conflicts 26
=============
iteration 613
conflicts 23
=============
iteration 614
conflicts 20
=============
iteration 615
conflicts 20
kicked at 20 conflicts
=============
iteration 616
conflicts 76
=============
iteration 617
conflicts 68
=============
iteration 618
conflicts 62
=============
iteration 619
conflicts 56
=============
iteration 620
conflicts 42
=============
iteration 621
conflicts 37
=============
iteration 622
conflicts 33
=============
iteration 623
conflicts 30
=============
iteration 624
conflicts 28
=============
iteration 625
conflicts 24
=============
iteration 626
conflicts 22
=============
iteration 627
conflicts 21
=============
iteration 628
conflicts 20
=============
iteration 629
conflicts 20
kicked at 20 conflicts
=============
iteration 630
conflicts 82
=============
iteration 631
conflicts 70
=============
iteration 632
conflicts 62
=============
iteration 633
conflicts 53
=============
iteration 634
conflicts 47
=============
iteration 635
conflicts 41
=============
iteration 636
conflicts 38
=============
iteration 637
conflicts 33
=============
iteration 638
conflicts 30
=============
iteration 639
conflicts 25
=============
iteration 640
conflicts 22
=============
iteration 641
conflicts 20
=============
iteration 642
conflicts 20
kicked at 20 conflicts
=============
iteration 643
conflicts 92
=============
iteration 644
conflicts 77
=============
iteration 645
conflicts 68
=============
iteration 646
conflicts 62
=============
iteration 647
conflicts 56
=============
iteration 648
conflicts 50
=============
iteration 649
conflicts 42
=============
iteration 650
conflicts 37
=============
iteration 651
conflicts 33
=============
iteration 652
conflicts 29
=============
iteration 653
conflicts 25
=============
iteration 654
conflicts 23
=============
iteration 655
conflicts 22
=============
iteration 656
conflicts 20
=============
iteration 657
conflicts 20
kicked at 20 conflicts
=============
iteration 658
conflicts 57
=============
iteration 659
conflicts 48
=============
iteration 660
conflicts 41
=============
iteration 661
conflicts 35
=============
iteration 662
conflicts 30
=============
iteration 663
conflicts 26
=============
iteration 664
conflicts 24
=============
iteration 665
conflicts 23
=============
iteration 666
conflicts 21
=============
iteration 667
conflicts 20
=============
iteration 668
conflicts 20
kicked at 20 conflicts
=============
iteration 669
conflicts 61
=============
iteration 670
conflicts 56
=============
iteration 671
conflicts 51
=============
iteration 672
conflicts 46
=============
iteration 673
conflicts 42
=============
iteration 674
conflicts 39
=============
iteration 675
conflicts 36
=============
iteration 676
conflicts 33
=============
iteration 677
conflicts 30
=============
iteration 678
conflicts 27
=============
iteration 679
conflicts 25
=============
iteration 680
conflicts 23
=============
iteration 681
conflicts 20
=============
iteration 682
conflicts 18
=============
iteration 683
conflicts 17
=============
iteration 684
conflicts 16
=============
iteration 685
conflicts 14
=============
iteration 686
conflicts 14
kicked at 14 conflicts
=============
iteration 687
conflicts 108
=============
iteration 688
conflicts 88
=============
iteration 689
conflicts 71
=============
iteration 690
conflicts 61
=============
iteration 691
conflicts 51
=============
iteration 692
conflicts 42
=============
iteration 693
conflicts 34
=============
iteration 694
conflicts 29
=============
iteration 695
conflicts 24
=============
iteration 696
conflicts 19
=============
iteration 697
conflicts 13
=============
iteration 698
conflicts 9
=============
iteration 699
conflicts 9
kicked at 9 conflicts
=============
iteration 700
conflicts 67
=============
iteration 701
conflicts 58
=============
iteration 702
conflicts 52
=============
iteration 703
conflicts 45
=============
iteration 704
conflicts 40
=============
iteration 705
conflicts 30
=============
iteration 706
conflicts 25
=============
iteration 707
conflicts 18
=============
iteration 708
conflicts 14
=============
iteration 709
conflicts 13
=============
iteration 710
conflicts 12
=============
iteration 711
conflicts 11
=============
iteration 712
conflicts 10
=============
iteration 713
conflicts 9
=============
iteration 714
conflicts 9
kicked at 9 conflicts
=============
iteration 715
conflicts 87
=============
iteration 716
conflicts 71
=============
iteration 717
conflicts 57
=============
iteration 718
conflicts 47
=============
iteration 719
conflicts 37
=============
iteration 720
conflicts 28
=============
iteration 721
conflicts 20
=============
iteration 722
conflicts 18
=============
iteration 723
conflicts 15
=============
iteration 724
conflicts 14
=============
iteration 725
conflicts 13
=============
iteration 726
conflicts 13
kicked at 13 conflicts
=============
iteration 727
conflicts 53
=============
iteration 728
conflicts 42
=============
iteration 729
conflicts 31
=============
iteration 730
conflicts 25
=============
iteration 731
conflicts 21
=============
iteration 732
conflicts 17
=============
iteration 733
conflicts 14
=============
iteration 734
conflicts 12
=============
iteration 735
conflicts 9
=============
iteration 736
conflicts 9
kicked at 9 conflicts
=============
iteration 737
conflicts 46
=============
iteration 738
conflicts 32
=============
iteration 739
conflicts 21
=============
iteration 740
conflicts 15
=============
iteration 741
conflicts 13
=============
iteration 742
conflicts 11
=============
iteration 743
conflicts 9
=============
iteration 744
conflicts 9
kicked at 9 conflicts
=============
iteration 745
conflicts 75
=============
iteration 746
conflicts 64
=============
iteration 747
conflicts 55
=============
iteration 748
conflicts 45
=============
iteration 749
conflicts 37
=============
iteration 750
conflicts 30
=============
iteration 751
conflicts 26
=============
iteration 752
conflicts 22
=============
iteration 753
conflicts 19
=============
iteration 754
conflicts 16
=============
iteration 755
conflicts 13
=============
iteration 756
conflicts 9
=============
iteration 757
conflicts 9
kicked at 9 conflicts
=============
iteration 758
conflicts 76
=============
iteration 759
conflicts 63
=============
iteration 760
conflicts 53
=============
iteration 761
conflicts 43
=============
iteration 762
conflicts 36
=============
iteration 763
conflicts 30
=============
iteration 764
conflicts 25
=============
iteration 765
conflicts 22
=============
iteration 766
conflicts 19
=============
iteration 767
conflicts 17
=============
iteration 768
conflicts 13
=============
iteration 769
conflicts 12
=============
iteration 770
conflicts 11
=============
iteration 771
conflicts 11
kicked at 11 conflicts
=============
iteration 772
conflicts 77
=============
iteration 773
conflicts 68
=============
iteration 774
conflicts 60
=============
iteration 775
conflicts 52
=============
iteration 776
conflicts 45
=============
iteration 777
conflicts 39
=============
iteration 778
conflicts 35
=============
iteration 779
conflicts 31
=============
iteration 780
conflicts 26
=============
iteration 781
conflicts 23
=============
iteration 782
conflicts 19
=============
iteration 783
conflicts 16
=============
iteration 784
conflicts 14
=============
iteration 785
conflicts 13
=============
iteration 786
conflicts 13
kicked at 13 conflicts
=============
iteration 787
conflicts 69
=============
iteration 788
conflicts 60
=============
iteration 789
conflicts 52
=============
iteration 790
conflicts 44
=============
iteration 791
conflicts 39
=============
iteration 792
conflicts 31
=============
iteration 793
conflicts 27
=============
iteration 794
conflicts 23
=============
iteration 795
conflicts 20
=============
iteration 796
conflicts 17
=============
iteration 797
conflicts 16
=============
iteration 798
conflicts 14
=============
iteration 799
conflicts 13
=============
iteration 800
conflicts 13
kicked at 13 conflicts
=============
iteration 801
conflicts 63
=============
iteration 802
conflicts 53
=============
iteration 803
conflicts 46
=============
iteration 804
conflicts 41
=============
iteration 805
conflicts 36
=============
iteration 806
conflicts 31
=============
iteration 807
conflicts 27
=============
iteration 808
conflicts 23
=============
iteration 809
conflicts 20
=============
iteration 810
conflicts 17
=============
iteration 811
conflicts 15
=============
iteration 812
conflicts 14
=============
iteration 813
conflicts 14
kicked at 14 conflicts
=============
iteration 814
conflicts 60
=============
iteration 815
conflicts 46
=============
iteration 816
conflicts 39
=============
iteration 817
conflicts 32
=============
iteration 818
conflicts 26
=============
iteration 819
conflicts 20
=============
iteration 820
conflicts 16
=============
iteration 821
conflicts 14
=============
iteration 822
conflicts 14
kicked at 14 conflicts
=============
iteration 823
conflicts 94
=============
iteration 824
conflicts 84
=============
iteration 825
conflicts 71
=============
iteration 826
conflicts 61
=============
iteration 827
conflicts 53
=============
iteration 828
conflicts 46
=============
iteration 829
conflicts 37
=============
iteration 830
conflicts 31
=============
iteration 831
conflicts 26
=============
iteration 832
conflicts 21
=============
iteration 833
conflicts 18
=============
iteration 834
conflicts 16
=============
iteration 835
conflicts 14
=============
iteration 836
conflicts 14
kicked at 14 conflicts
=============
iteration 837
conflicts 76
=============
iteration 838
conflicts 67
=============
iteration 839
conflicts 58
=============
iteration 840
conflicts 51
=============
iteration 841
conflicts 44
=============
iteration 842
conflicts 38
=============
iteration 843
conflicts 31
=============
iteration 844
conflicts 28
=============
iteration 845
conflicts 22
=============
iteration 846
conflicts 19
=============
iteration 847
conflicts 16
=============
iteration 848
conflicts 13
=============
iteration 849
conflicts 13
kicked at 13 conflicts
=============
iteration 850
conflicts 73
=============
iteration 851
conflicts 62
=============
iteration 852
conflicts 52
=============
iteration 853
conflicts 43
=============
iteration 854
conflicts 35
=============
iteration 855
conflicts 29
=============
iteration 856
conflicts 25
=============
iteration 857
conflicts 19
=============
iteration 858
conflicts 15
=============
iteration 859
conflicts 14
=============
iteration 860
conflicts 13
=============
iteration 861
conflicts 13
kicked at 13 conflicts
=============
iteration 862
conflicts 83
=============
iteration 863
conflicts 74
=============
iteration 864
conflicts 66
=============
iteration 865
conflicts 57
=============
iteration 866
conflicts 50
=============
iteration 867
conflicts 43
=============
iteration 868
conflicts 37
=============
iteration 869
conflicts 31
=============
iteration 870
conflicts 27
=============
iteration 871
conflicts 17
=============
iteration 872
conflicts 13
=============
iteration 873
conflicts 13
kicked at 13 conflicts
=============
iteration 874
conflicts 64
=============
iteration 875
conflicts 53
=============
iteration 876
conflicts 39
=============
iteration 877
conflicts 28
=============
iteration 878
conflicts 21
=============
iteration 879
conflicts 17
=============
iteration 880
conflicts 16
=============
iteration 881
conflicts 15
=============
iteration 882
conflicts 15
kicked at 15 conflicts
=============
iteration 883
conflicts 78
=============
iteration 884
conflicts 65
=============
iteration 885
conflicts 54
=============
iteration 886
conflicts 50
=============
iteration 887
conflicts 46
=============
iteration 888
conflicts 43
=============
iteration 889
conflicts 40
=============
iteration 890
conflicts 38
=============
iteration 891
conflicts 35
=============
iteration 892
conflicts 33
=============
iteration 893
conflicts 25
=============
iteration 894
conflicts 18
=============
iteration 895
conflicts 14
=============
iteration 896
conflicts 14
kicked at 14 conflicts
=============
iteration 897
conflicts 49
=============
iteration 898
conflicts 40
=============
iteration 899
conflicts 36
=============
iteration 900
conflicts 30
=============
iteration 901
conflicts 27
=============
iteration 902
conflicts 17
=============
iteration 903
conflicts 14
=============
iteration 904
conflicts 14
kicked at 14 conflicts
=============
iteration 905
conflicts 101
=============
iteration 906
conflicts 87
=============
iteration 907
conflicts 75
=============
iteration 908
conflicts 63
=============
iteration 909
conflicts 52
=============
iteration 910
conflicts 46
=============
iteration 911
conflicts 41
=============
iteration 912
conflicts 37
=============
iteration 913
conflicts 34
=============
iteration 914
conflicts 30
=============
iteration 915
conflicts 27
=============
iteration 916
conflicts 25
=============
iteration 917
conflicts 23
=============
iteration 918
conflicts 21
=============
iteration 919
conflicts 21
kicked at 21 conflicts
=============
iteration 920
conflicts 85
=============
iteration 921
conflicts 75
=============
iteration 922
conflicts 66
=============
iteration 923
conflicts 59
=============
iteration 924
conflicts 53
=============
iteration 925
conflicts 47
=============
iteration 926
conflicts 41
=============
iteration 927
conflicts 36
=============
iteration 928
conflicts 33
=============
iteration 929
conflicts 30
=============
iteration 930
conflicts 25
=============
iteration 931
conflicts 23
=============
iteration 932
conflicts 21
=============
iteration 933
conflicts 20
=============
iteration 934
conflicts 20
kicked at 20 conflicts
=============
iteration 935
conflicts 76
=============
iteration 936
conflicts 58
=============
iteration 937
conflicts 47
=============
iteration 938
conflicts 41
=============
iteration 939
conflicts 36
=============
iteration 940
conflicts 31
=============
iteration 941
conflicts 28
=============
iteration 942
conflicts 25
=============
iteration 943
conflicts 22
=============
iteration 944
conflicts 20
=============
iteration 945
conflicts 18
=============
iteration 946
conflicts 18
kicked at 18 conflicts
=============
iteration 947
conflicts 100
=============
iteration 948
conflicts 91
=============
iteration 949
conflicts 82
=============
iteration 950
conflicts 71
=============
iteration 951
conflicts 64
=============
iteration 952
conflicts 57
=============
iteration 953
conflicts 51
=============
iteration 954
conflicts 46
=============
iteration 955
conflicts 40
=============
iteration 956
conflicts 36
=============
iteration 957
conflicts 33
=============
iteration 958
conflicts 29
=============
iteration 959
conflicts 26
=============
iteration 960
conflicts 24
=============
iteration 961
conflicts 23
=============
iteration 962
conflicts 23
kicked at 23 conflicts
=============
iteration 963
conflicts 88
=============
iteration 964
conflicts 70
=============
iteration 965
conflicts 61
=============
iteration 966
conflicts 53
=============
iteration 967
conflicts 48
=============
iteration 968
conflicts 43
=============
iteration 969
conflicts 38
=============
iteration 970
conflicts 35
=============
iteration 971
conflicts 29
=============
iteration 972
conflicts 26
=============
iteration 973
conflicts 23
=============
iteration 974
conflicts 23
kicked at 23 conflicts
=============
iteration 975
conflicts 51
=============
iteration 976
conflicts 46
=============
iteration 977
conflicts 41
=============
iteration 978
conflicts 34
=============
iteration 979
conflicts 29
=============
iteration 980
conflicts 26
=============
iteration 981
conflicts 24
=============
iteration 982
conflicts 22
=============
iteration 983
conflicts 21
=============
iteration 984
conflicts 21
kicked at 21 conflicts
=============
iteration 985
conflicts 71
=============
iteration 986
conflicts 56
=============
iteration 987
conflicts 48
=============
iteration 988
conflicts 43
=============
iteration 989
conflicts 34
=============
iteration 990
conflicts 29
=============
iteration 991
conflicts 25
=============
iteration 992
conflicts 21
=============
iteration 993
conflicts 18
=============
iteration 994
conflicts 16
=============
iteration 995
conflicts 15
=============
iteration 996
conflicts 15
kicked at 15 conflicts
=============
iteration 997
conflicts 70
=============
iteration 998
conflicts 59
=============
iteration 999
conflicts 45
=============
iteration 1000
conflicts 37
=============
iteration 1001
conflicts 30
=============
iteration 1002
conflicts 26
=============
iteration 1003
conflicts 21
=============
iteration 1004
conflicts 19
=============
iteration 1005
conflicts 18
=============
iteration 1006
conflicts 15
=============
iteration 1007
conflicts 15
kicked at 15 conflicts
=============
iteration 1008
conflicts 73
=============
iteration 1009
conflicts 55
=============
iteration 1010
conflicts 48
=============
iteration 1011
conflicts 43
=============
iteration 1012
conflicts 39
=============
iteration 1013
conflicts 33
=============
iteration 1014
conflicts 29
=============
iteration 1015
conflicts 25
=============
iteration 1016
conflicts 22
=============
iteration 1017
conflicts 19
=============
iteration 1018
conflicts 16
=============
iteration 1019
conflicts 15
=============
iteration 1020
conflicts 15
kicked at 15 conflicts
=============
iteration 1021
conflicts 53
=============
iteration 1022
conflicts 47
=============
iteration 1023
conflicts 41
=============
iteration 1024
conflicts 35
=============
iteration 1025
conflicts 29
=============
iteration 1026
conflicts 25
=============
iteration 1027
conflicts 19
=============
iteration 1028
conflicts 16
=============
iteration 1029
conflicts 13
=============
iteration 1030
conflicts 12
=============
iteration 1031
conflicts 12
kicked at 12 conflicts
=============
iteration 1032
conflicts 81
=============
iteration 1033
conflicts 71
=============
iteration 1034
conflicts 62
=============
iteration 1035
conflicts 55
=============
iteration 1036
conflicts 48
=============
iteration 1037
conflicts 42
=============
iteration 1038
conflicts 37
=============
iteration 1039
conflicts 31
=============
iteration 1040
conflicts 26
=============
iteration 1041
conflicts 23
=============
iteration 1042
conflicts 19
=============
iteration 1043
conflicts 12
=============
iteration 1044
conflicts 12
kicked at 12 conflicts
=============
iteration 1045
conflicts 78
=============
iteration 1046
conflicts 65
=============
iteration 1047
conflicts 54
=============
iteration 1048
conflicts 42
=============
iteration 1049
conflicts 36
=============
iteration 1050
conflicts 30
=============
iteration 1051
conflicts 27
=============
iteration 1052
conflicts 23
=============
iteration 1053
conflicts 20
=============
iteration 1054
conflicts 18
=============
iteration 1055
conflicts 12
=============
iteration 1056
conflicts 11
=============
iteration 1057
conflicts 11
kicked at 11 conflicts
=============
iteration 1058
conflicts 70
=============
iteration 1059
conflicts 52
=============
iteration 1060
conflicts 42
=============
iteration 1061
conflicts 33
=============
iteration 1062
conflicts 27
=============
iteration 1063
conflicts 23
=============
iteration 1064
conflicts 19
=============
iteration 1065
conflicts 16
=============
iteration 1066
conflicts 14
=============
iteration 1067
conflicts 11
=============
iteration 1068
conflicts 11
kicked at 11 conflicts
=============
iteration 1069
conflicts 71
=============
iteration 1070
conflicts 54
=============
iteration 1071
conflicts 44
=============
iteration 1072
conflicts 36
=============
iteration 1073
conflicts 31
=============
iteration 1074
conflicts 26
=============
iteration 1075
conflicts 21
=============
iteration 1076
conflicts 16
=============
iteration 1077
conflicts 12
=============
iteration 1078
conflicts 11
=============
iteration 1079
conflicts 11
kicked at 11 conflicts
=============
iteration 1080
conflicts 65
=============
iteration 1081
conflicts 47
=============
iteration 1082
conflicts 33
=============
iteration 1083
conflicts 27
=============
iteration 1084
conflicts 23
=============
iteration 1085
conflicts 21
=============
iteration 1086
conflicts 20
=============
iteration 1087
conflicts 15
=============
iteration 1088
conflicts 11
=============
iteration 1089
conflicts 11
kicked at 11 conflicts
=============
iteration 1090
conflicts 106
=============
iteration 1091
conflicts 93
=============
iteration 1092
conflicts 77
=============
iteration 1093
conflicts 68
=============
iteration 1094
conflicts 59
=============
iteration 1095
conflicts 53
=============
iteration 1096
conflicts 49
=============
iteration 1097
conflicts 42
=============
iteration 1098
conflicts 36
=============
iteration 1099
conflicts 31
=============
iteration 1100
conflicts 27
=============
iteration 1101
conflicts 24
=============
iteration 1102
conflicts 22
=============
iteration 1103
conflicts 20
=============
iteration 1104
conflicts 18
=============
iteration 1105
conflicts 17
=============
iteration 1106
conflicts 17
kicked at 17 conflicts
=============
iteration 1107
conflicts 67
=============
iteration 1108
conflicts 58
=============
iteration 1109
conflicts 52
=============
iteration 1110
conflicts 45
=============
iteration 1111
conflicts 39
=============
iteration 1112
conflicts 33
=============
iteration 1113
conflicts 29
=============
iteration 1114
conflicts 26
=============
iteration 1115
conflicts 23
=============
iteration 1116
conflicts 20
=============
iteration 1117
conflicts 17
=============
iteration 1118
conflicts 17
kicked at 17 conflicts
=============
iteration 1119
conflicts 51
=============
iteration 1120
conflicts 44
=============
iteration 1121
conflicts 38
=============
iteration 1122
conflicts 32
=============
iteration 1123
conflicts 27
=============
iteration 1124
conflicts 23
=============
iteration 1125
conflicts 20
=============
iteration 1126
conflicts 19
=============
iteration 1127
conflicts 17
=============
iteration 1128
conflicts 17
kicked at 17 conflicts
=============
iteration 1129
conflicts 74
=============
iteration 1130
conflicts 65
=============
iteration 1131
conflicts 60
=============
iteration 1132
conflicts 52
=============
iteration 1133
conflicts 48
=============
iteration 1134
conflicts 45
=============
iteration 1135
conflicts 42
=============
iteration 1136
conflicts 39
=============
iteration 1137
conflicts 36
=============
iteration 1138
conflicts 33
=============
iteration 1139
conflicts 30
=============
iteration 1140
conflicts 28
=============
iteration 1141
conflicts 25
=============
iteration 1142
conflicts 24
=============
iteration 1143
conflicts 19
=============
iteration 1144
conflicts 17
=============
iteration 1145
conflicts 17
kicked at 17 conflicts
=============
iteration 1146
conflicts 59
=============
iteration 1147
conflicts 46
=============
iteration 1148
conflicts 39
=============
iteration 1149
conflicts 32
=============
iteration 1150
conflicts 25
=============
iteration 1151
conflicts 20
=============
iteration 1152
conflicts 17
=============
iteration 1153
conflicts 14
=============
iteration 1154
conflicts 12
=============
iteration 1155
conflicts 12
kicked at 12 conflicts
=============
iteration 1156
conflicts 55
=============
iteration 1157
conflicts 44
=============
iteration 1158
conflicts 38
=============
iteration 1159
conflicts 32
=============
iteration 1160
conflicts 22
=============
iteration 1161
conflicts 11
=============
iteration 1162
conflicts 11
kicked at 11 conflicts
=============
iteration 1163
conflicts 82
=============
iteration 1164
conflicts 62
=============
iteration 1165
conflicts 52
=============
iteration 1166
conflicts 43
=============
iteration 1167
conflicts 35
=============
iteration 1168
conflicts 28
=============
iteration 1169
conflicts 23
=============
iteration 1170
conflicts 18
=============
iteration 1171
conflicts 16
=============
iteration 1172
conflicts 14
=============
iteration 1173
conflicts 13
=============
iteration 1174
conflicts 11
=============
iteration 1175
conflicts 11
kicked at 11 conflicts
=============
iteration 1176
conflicts 44
=============
iteration 1177
conflicts 31
=============
iteration 1178
conflicts 23
=============
iteration 1179
conflicts 19
=============
iteration 1180
conflicts 16
=============
iteration 1181
conflicts 13
=============
iteration 1182
conflicts 12
=============
iteration 1183
conflicts 11
=============
iteration 1184
conflicts 8
=============
iteration 1185
conflicts 8
kicked at 8 conflicts
=============
iteration 1186
conflicts 84
=============
iteration 1187
conflicts 64
=============
iteration 1188
conflicts 52
=============
iteration 1189
conflicts 41
=============
iteration 1190
conflicts 29
=============
iteration 1191
conflicts 23
=============
iteration 1192
conflicts 17
=============
iteration 1193
conflicts 14
=============
iteration 1194
conflicts 11
=============
iteration 1195
conflicts 8
=============
iteration 1196
conflicts 8
kicked at 8 conflicts
=============
iteration 1197
conflicts 68
=============
iteration 1198
conflicts 59
=============
iteration 1199
conflicts 49
=============
iteration 1200
conflicts 41
=============
iteration 1201
conflicts 35
=============
iteration 1202
conflicts 30
=============
iteration 1203
conflicts 25
=============
iteration 1204
conflicts 22
=============
iteration 1205
conflicts 19
=============
iteration 1206
conflicts 17
=============
iteration 1207
conflicts 15
=============
iteration 1208
conflicts 8
=============
iteration 1209
conflicts 8
kicked at 8 conflicts
=============
iteration 1210
conflicts 105
=============
iteration 1211
conflicts 93
=============
iteration 1212
conflicts 83
=============
iteration 1213
conflicts 75
=============
iteration 1214
conflicts 68
=============
iteration 1215
conflicts 63
=============
iteration 1216
conflicts 57
=============
iteration 1217
conflicts 53
=============
iteration 1218
conflicts 49
=============
iteration 1219
conflicts 46
=============
iteration 1220
conflicts 44
=============
iteration 1221
conflicts 42
=============
iteration 1222
conflicts 40
=============
iteration 1223
conflicts 36
=============
iteration 1224
conflicts 34
=============
iteration 1225
conflicts 31
=============
iteration 1226
conflicts 30
=============
iteration 1227
conflicts 29
=============
iteration 1228
conflicts 28
=============
iteration 1229
conflicts 28
kicked at 28 conflicts
=============
iteration 1230
conflicts 62
=============
iteration 1231
conflicts 53
=============
iteration 1232
conflicts 48
=============
iteration 1233
conflicts 42
=============
iteration 1234
conflicts 38
=============
iteration 1235
conflicts 35
=============
iteration 1236
conflicts 33
=============
iteration 1237
conflicts 30
=============
iteration 1238
conflicts 28
=============
iteration 1239
conflicts 27
=============
iteration 1240
conflicts 23
=============
iteration 1241
conflicts 21
=============
iteration 1242
conflicts 18
=============
iteration 1243
conflicts 15
=============
iteration 1244
conflicts 14
=============
iteration 1245
conflicts 10
=============
iteration 1246
conflicts 7
=============
iteration 1247
conflicts 7
kicked at 7 conflicts
=============
iteration 1248
conflicts 114
=============
iteration 1249
conflicts 103
=============
iteration 1250
conflicts 91
=============
iteration 1251
conflicts 83
=============
iteration 1252
conflicts 70
=============
iteration 1253
conflicts 59
=============
iteration 1254
conflicts 52
=============
iteration 1255
conflicts 46
=============
iteration 1256
conflicts 41
=============
iteration 1257
conflicts 37
=============
iteration 1258
conflicts 27
=============
iteration 1259
conflicts 20
=============
iteration 1260
conflicts 17
=============
iteration 1261
conflicts 14
=============
iteration 1262
conflicts 10
=============
iteration 1263
conflicts 8
=============
iteration 1264
conflicts 7
=============
iteration 1265
conflicts 7
kicked at 7 conflicts
=============
iteration 1266
conflicts 63
=============
iteration 1267
conflicts 51
=============
iteration 1268
conflicts 41
=============
iteration 1269
conflicts 30
=============
iteration 1270
conflicts 23
=============
iteration 1271
conflicts 17
=============
iteration 1272
conflicts 13
=============
iteration 1273
conflicts 10
=============
iteration 1274
conflicts 7
=============
iteration 1275
conflicts 7
kicked at 7 conflicts
=============
iteration 1276
conflicts 79
=============
iteration 1277
conflicts 69
=============
iteration 1278
conflicts 59
=============
iteration 1279
conflicts 54
=============
iteration 1280
conflicts 46
=============
iteration 1281
conflicts 39
=============
iteration 1282
conflicts 34
=============
iteration 1283
conflicts 30
=============
iteration 1284
conflicts 26
=============
iteration 1285
conflicts 22
=============
iteration 1286
conflicts 18
=============
iteration 1287
conflicts 14
=============
iteration 1288
conflicts 11
=============
iteration 1289
conflicts 9
=============
iteration 1290
conflicts 7
=============
iteration 1291
conflicts 7
kicked at 7 conflicts
=============
iteration 1292
conflicts 93
=============
iteration 1293
conflicts 75
=============
iteration 1294
conflicts 63
=============
iteration 1295
conflicts 52
=============
iteration 1296
conflicts 46
=============
iteration 1297
conflicts 40
=============
iteration 1298
conflicts 34
=============
iteration 1299
conflicts 28
=============
iteration 1300
conflicts 22
=============
iteration 1301
conflicts 18
=============
iteration 1302
conflicts 15
=============
iteration 1303
conflicts 13
=============
iteration 1304
conflicts 9
=============
iteration 1305
conflicts 8
=============
iteration 1306
conflicts 8
kicked at 8 conflicts
=============
iteration 1307
conflicts 79
=============
iteration 1308
conflicts 66
=============
iteration 1309
conflicts 54
=============
iteration 1310
conflicts 44
=============
iteration 1311
conflicts 35
=============
iteration 1312
conflicts 28
=============
iteration 1313
conflicts 22
=============
iteration 1314
conflicts 18
=============
iteration 1315
conflicts 13
=============
iteration 1316
conflicts 10
=============
iteration 1317
conflicts 8
=============
iteration 1318
conflicts 8
kicked at 8 conflicts
=============
iteration 1319
conflicts 65
=============
iteration 1320
conflicts 55
=============
iteration 1321
conflicts 46
=============
iteration 1322
conflicts 38
=============
iteration 1323
conflicts 27
=============
iteration 1324
conflicts 23
=============
iteration 1325
conflicts 16
=============
iteration 1326
conflicts 13
=============
iteration 1327
conflicts 10
=============
iteration 1328
conflicts 8
=============
iteration 1329
conflicts 7
=============
iteration 1330
conflicts 7
kicked at 7 conflicts
=============
iteration 1331
conflicts 57
=============
iteration 1332
conflicts 46
=============
iteration 1333
conflicts 36
=============
iteration 1334
conflicts 29
=============
iteration 1335
conflicts 25
=============
iteration 1336
conflicts 22
=============
iteration 1337
conflicts 16
=============
iteration 1338
conflicts 13
=============
iteration 1339
conflicts 10
=============
iteration 1340
conflicts 7
=============
iteration 1341
conflicts 7
kicked at 7 conflicts
=============
iteration 1342
conflicts 65
=============
iteration 1343
conflicts 54
=============
iteration 1344
conflicts 46
=============
iteration 1345
conflicts 40
=============
iteration 1346
conflicts 33
=============
iteration 1347
conflicts 28
=============
iteration 1348
conflicts 23
=============
iteration 1349
conflicts 19
=============
iteration 1350
conflicts 16
=============
iteration 1351
conflicts 15
=============
iteration 1352
conflicts 12
=============
iteration 1353
conflicts 11
=============
iteration 1354
conflicts 10
=============
iteration 1355
conflicts 9
=============
iteration 1356
conflicts 8
=============
iteration 1357
conflicts 8
kicked at 8 conflicts
=============
iteration 1358
conflicts 54
=============
iteration 1359
conflicts 47
=============
iteration 1360
conflicts 40
=============
iteration 1361
conflicts 34
=============
iteration 1362
conflicts 28
=============
iteration 1363
conflicts 24
=============
iteration 1364
conflicts 18
=============
iteration 1365
conflicts 15
=============
iteration 1366
conflicts 9
=============
iteration 1367
conflicts 9
kicked at 9 conflicts
=============
iteration 1368
conflicts 47
=============
iteration 1369
conflicts 37
=============
iteration 1370
conflicts 27
=============
iteration 1371
conflicts 21
=============
iteration 1372
conflicts 15
=============
iteration 1373
conflicts 12
=============
iteration 1374
conflicts 9
=============
iteration 1375
conflicts 9
kicked at 9 conflicts
=============
iteration 1376
conflicts 82
=============
iteration 1377
conflicts 70
=============
iteration 1378
conflicts 60
=============
iteration 1379
conflicts 52
=============
iteration 1380
conflicts 43
=============
iteration 1381
conflicts 36
=============
iteration 1382
conflicts 30
=============
iteration 1383
conflicts 21
=============
iteration 1384
conflicts 15
=============
iteration 1385
conflicts 10
=============
iteration 1386
conflicts 8
=============
iteration 1387
conflicts 8
kicked at 8 conflicts
=============
iteration 1388
conflicts 60
=============
iteration 1389
conflicts 52
=============
iteration 1390
conflicts 43
=============
iteration 1391
conflicts 37
=============
iteration 1392
conflicts 31
=============
iteration 1393
conflicts 25
=============
iteration 1394
conflicts 21
=============
iteration 1395
conflicts 14
=============
iteration 1396
conflicts 11
=============
iteration 1397
conflicts 9
=============
iteration 1398
conflicts 8
=============
iteration 1399
conflicts 8
kicked at 8 conflicts
=============
iteration 1400
conflicts 75
=============
iteration 1401
conflicts 64
=============
iteration 1402
conflicts 56
=============
iteration 1403
conflicts 49
=============
iteration 1404
conflicts 39
=============
iteration 1405
conflicts 33
=============
iteration 1406
conflicts 28
=============
iteration 1407
conflicts 24
=============
iteration 1408
conflicts 20
=============
iteration 1409
conflicts 15
=============
iteration 1410
conflicts 11
=============
iteration 1411
conflicts 8
=============
iteration 1412
conflicts 8
kicked at 8 conflicts
=============
iteration 1413
conflicts 68
=============
iteration 1414
conflicts 59
=============
iteration 1415
conflicts 50
=============
iteration 1416
conflicts 42
=============
iteration 1417
conflicts 36
=============
iteration 1418
conflicts 31
=============
iteration 1419
conflicts 26
=============
iteration 1420
conflicts 22
=============
iteration 1421
conflicts 19
=============
iteration 1422
conflicts 16
=============
iteration 1423
conflicts 11
=============
iteration 1424
conflicts 8
=============
iteration 1425
conflicts 8
kicked at 8 conflicts
=============
iteration 1426
conflicts 87
=============
iteration 1427
conflicts 77
=============
iteration 1428
conflicts 67
=============
iteration 1429
conflicts 58
=============
iteration 1430
conflicts 50
=============
iteration 1431
conflicts 44
=============
iteration 1432
conflicts 38
=============
iteration 1433
conflicts 33
=============
iteration 1434
conflicts 29
=============
iteration 1435
conflicts 25
=============
iteration 1436
conflicts 21
=============
iteration 1437
conflicts 17
=============
iteration 1438
conflicts 13
=============
iteration 1439
conflicts 11
=============
iteration 1440
conflicts 9
=============
iteration 1441
conflicts 9
kicked at 9 conflicts
=============
iteration 1442
conflicts 81
=============
iteration 1443
conflicts 63
=============
iteration 1444
conflicts 52
=============
iteration 1445
conflicts 45
=============
iteration 1446
conflicts 39
=============
iteration 1447
conflicts 33
=============
iteration 1448
conflicts 28
=============
iteration 1449
conflicts 22
=============
iteration 1450
conflicts 18
=============
iteration 1451
conflicts 15
=============
iteration 1452
conflicts 13
=============
iteration 1453
conflicts 9
=============
iteration 1454
conflicts 8
=============
iteration 1455
conflicts 8
kicked at 8 conflicts
=============
iteration 1456
conflicts 52
=============
iteration 1457
conflicts 43
=============
iteration 1458
conflicts 33
=============
iteration 1459
conflicts 27
=============
iteration 1460
conflicts 22
=============
iteration 1461
conflicts 17
=============
iteration 1462
conflicts 13
=============
iteration 1463
conflicts 11
=============
iteration 1464
conflicts 9
=============
iteration 1465
conflicts 9
kicked at 9 conflicts
=============
iteration 1466
conflicts 56
=============
iteration 1467
conflicts 44
=============
iteration 1468
conflicts 37
=============
iteration 1469
conflicts 34
=============
iteration 1470
conflicts 28
=============
iteration 1471
conflicts 25
=============
iteration 1472
conflicts 23
=============
iteration 1473
conflicts 22
=============
iteration 1474
conflicts 18
=============
iteration 1475
conflicts 15
=============
iteration 1476
conflicts 15
kicked at 15 conflicts
=============
iteration 1477
conflicts 58
=============
iteration 1478
conflicts 44
=============
iteration 1479
conflicts 32
=============
iteration 1480
conflicts 27
=============
iteration 1481
conflicts 23
=============
iteration 1482
conflicts 19
=============
iteration 1483
conflicts 17
=============
iteration 1484
conflicts 16
=============
iteration 1485
conflicts 16
kicked at 16 conflicts
=============
iteration 1486
conflicts 77
=============
iteration 1487
conflicts 65
=============
iteration 1488
conflicts 55
=============
iteration 1489
conflicts 45
=============
iteration 1490
conflicts 38
=============
iteration 1491
conflicts 32
=============
iteration 1492
conflicts 27
=============
iteration 1493
conflicts 24
=============
iteration 1494
conflicts 21
=============
iteration 1495
conflicts 19
=============
iteration 1496
conflicts 17
=============
iteration 1497
conflicts 16
=============
iteration 1498
conflicts 15
=============
iteration 1499
conflicts 15
kicked at 15 conflicts
=============
iteration 1500
conflicts 92
=============
iteration 1501
conflicts 72
=============
iteration 1502
conflicts 59
=============
iteration 1503
conflicts 51
=============
iteration 1504
conflicts 45
=============
iteration 1505
conflicts 38
=============
iteration 1506
conflicts 32
=============
iteration 1507
conflicts 28
=============
iteration 1508
conflicts 25
=============
iteration 1509
conflicts 22
=============
iteration 1510
conflicts 17
=============
iteration 1511
conflicts 15
=============
iteration 1512
conflicts 14
=============
iteration 1513
conflicts 14
kicked at 14 conflicts
=============
iteration 1514
conflicts 95
=============
iteration 1515
conflicts 75
=============
iteration 1516
conflicts 66
=============
iteration 1517
conflicts 60
=============
iteration 1518
conflicts 55
=============
iteration 1519
conflicts 49
=============
iteration 1520
conflicts 45
=============
iteration 1521
conflicts 41
=============
iteration 1522
conflicts 37
=============
iteration 1523
conflicts 27
=============
iteration 1524
conflicts 23
=============
iteration 1525
conflicts 19
=============
iteration 1526
conflicts 18
=============
iteration 1527
conflicts 15
=============
iteration 1528
conflicts 14
=============
iteration 1529
conflicts 14
kicked at 14 conflicts
=============
iteration 1530
conflicts 84
=============
iteration 1531
conflicts 73
=============
iteration 1532
conflicts 63
=============
iteration 1533
conflicts 52
=============
iteration 1534
conflicts 42
=============
iteration 1535
conflicts 35
=============
iteration 1536
conflicts 29
=============
iteration 1537
conflicts 23
=============
iteration 1538
conflicts 19
=============
iteration 1539
conflicts 18
=============
iteration 1540
conflicts 15
=============
iteration 1541
conflicts 14
=============
iteration 1542
conflicts 14
kicked at 14 conflicts
=============
iteration 1543
conflicts 90
=============
iteration 1544
conflicts 72
=============
iteration 1545
conflicts 61
=============
iteration 1546
conflicts 52
=============
iteration 1547
conflicts 45
=============
iteration 1548
conflicts 39
=============
iteration 1549
conflicts 34
=============
iteration 1550
conflicts 29
=============
iteration 1551
conflicts 25
=============
iteration 1552
conflicts 21
=============
iteration 1553
conflicts 17
=============
iteration 1554
conflicts 16
=============
iteration 1555
conflicts 15
=============
iteration 1556
conflicts 15
kicked at 15 conflicts
=============
iteration 1557
conflicts 58
=============
iteration 1558
conflicts 50
=============
iteration 1559
conflicts 42
=============
iteration 1560
conflicts 35
=============
iteration 1561
conflicts 30
=============
iteration 1562
conflicts 25
=============
iteration 1563
conflicts 21
=============
iteration 1564
conflicts 18
=============
iteration 1565
conflicts 16
=============
iteration 1566
conflicts 15
=============
iteration 1567
conflicts 14
=============
iteration 1568
conflicts 14
kicked at 14 conflicts
=============
iteration 1569
conflicts 60
=============
iteration 1570
conflicts 43
=============
iteration 1571
conflicts 38
=============
iteration 1572
conflicts 34
=============
iteration 1573
conflicts 28
=============
iteration 1574
conflicts 25
=============
iteration 1575
conflicts 22
=============
iteration 1576
conflicts 20
=============
iteration 1577
conflicts 19
=============
iteration 1578
conflicts 16
=============
iteration 1579
conflicts 15
=============
iteration 1580
conflicts 15
kicked at 15 conflicts
=============
iteration 1581
conflicts 30
=============
iteration 1582
conflicts 22
=============
iteration 1583
conflicts 19
=============
iteration 1584
conflicts 16
=============
iteration 1585
conflicts 15
=============
iteration 1586
conflicts 15
kicked at 15 conflicts
=============
iteration 1587
conflicts 56
=============
iteration 1588
conflicts 44
=============
iteration 1589
conflicts 39
=============
iteration 1590
conflicts 33
=============
iteration 1591
conflicts 27
=============
iteration 1592
conflicts 24
=============
iteration 1593
conflicts 21
=============
iteration 1594
conflicts 18
=============
iteration 1595
conflicts 15
=============
iteration 1596
conflicts 13
=============
iteration 1597
conflicts 12
=============
iteration 1598
conflicts 10
=============
iteration 1599
conflicts 10
kicked at 10 conflicts
=============
iteration 1600
conflicts 60
=============
iteration 1601
conflicts 42
=============
iteration 1602
conflicts 25
=============
iteration 1603
conflicts 22
=============
iteration 1604
conflicts 19
=============
iteration 1605
conflicts 17
=============
iteration 1606
conflicts 15
=============
iteration 1607
conflicts 14
=============
iteration 1608
conflicts 13
=============
iteration 1609
conflicts 13
kicked at 13 conflicts
=============
iteration 1610
conflicts 66
=============
iteration 1611
conflicts 48
=============
iteration 1612
conflicts 39
=============
iteration 1613
conflicts 34
=============
iteration 1614
conflicts 20
=============
iteration 1615
conflicts 17
=============
iteration 1616
conflicts 15
=============
iteration 1617
conflicts 13
=============
iteration 1618
conflicts 13
kicked at 13 conflicts
=============
iteration 1619
conflicts 61
=============
iteration 1620
conflicts 47
=============
iteration 1621
conflicts 38
=============
iteration 1622
conflicts 29
=============
iteration 1623
conflicts 23
=============
iteration 1624
conflicts 17
=============
iteration 1625
conflicts 14
=============
iteration 1626
conflicts 12
=============
iteration 1627
conflicts 11
=============
iteration 1628
conflicts 11
kicked at 11 conflicts
=============
iteration 1629
conflicts 72
=============
iteration 1630
conflicts 61
=============
iteration 1631
conflicts 52
=============
iteration 1632
conflicts 44
=============
iteration 1633
conflicts 37
=============
iteration 1634
conflicts 32
=============
iteration 1635
conflicts 25
=============
iteration 1636
conflicts 16
=============
iteration 1637
conflicts 13
=============
iteration 1638
conflicts 13
kicked at 13 conflicts
=============
iteration 1639
conflicts 60
=============
iteration 1640
conflicts 49
=============
iteration 1641
conflicts 42
=============
iteration 1642
conflicts 34
=============
iteration 1643
conflicts 28
=============
iteration 1644
conflicts 22
=============
iteration 1645
conflicts 16
=============
iteration 1646
conflicts 11
=============
iteration 1647
conflicts 9
=============
iteration 1648
conflicts 6
=============
iteration 1649
conflicts 5
=============
iteration 1650
conflicts 5
kicked at 5 conflicts
=============
iteration 1651
conflicts 67
=============
iteration 1652
conflicts 51
=============
iteration 1653
conflicts 38
=============
iteration 1654
conflicts 29
=============
iteration 1655
conflicts 22
=============
iteration 1656
conflicts 15
=============
iteration 1657
conflicts 9
=============
iteration 1658
conflicts 6
=============
iteration 1659
conflicts 6
kicked at 6 conflicts
=============
iteration 1660
conflicts 56
=============
iteration 1661
conflicts 44
=============
iteration 1662
conflicts 33
=============
iteration 1663
conflicts 27
=============
iteration 1664
conflicts 22
=============
iteration 1665
conflicts 18
=============
iteration 1666
conflicts 14
=============
iteration 1667
conflicts 11
=============
iteration 1668
conflicts 8
=============
iteration 1669
conflicts 6
=============
iteration 1670
conflicts 5
=============
iteration 1671
conflicts 5
kicked at 5 conflicts
=============
iteration 1672
conflicts 67
=============
iteration 1673
conflicts 50
=============
iteration 1674
conflicts 38
=============
iteration 1675
conflicts 29
=============
iteration 1676
conflicts 17
=============
iteration 1677
conflicts 9
=============
iteration 1678
conflicts 8
=============
iteration 1679
conflicts 5
=============
iteration 1680
conflicts 5
kicked at 5 conflicts
=============
iteration 1681
conflicts 53
=============
iteration 1682
conflicts 40
=============
iteration 1683
conflicts 30
=============
iteration 1684
conflicts 23
=============
iteration 1685
conflicts 19
=============
iteration 1686
conflicts 13
=============
iteration 1687
conflicts 10
=============
iteration 1688
conflicts 6
=============
iteration 1689
conflicts 5
=============
iteration 1690
conflicts 5
kicked at 5 conflicts
=============
iteration 1691
conflicts 54
=============
iteration 1692
conflicts 46
=============
iteration 1693
conflicts 37
=============
iteration 1694
conflicts 29
=============
iteration 1695
conflicts 23
=============
iteration 1696
conflicts 19
=============
iteration 1697
conflicts 13
=============
iteration 1698
conflicts 9
=============
iteration 1699
conflicts 5
=============
iteration 1700
conflicts 5
kicked at 5 conflicts
=============
iteration 1701
conflicts 40
=============
iteration 1702
conflicts 31
=============
iteration 1703
conflicts 25
=============
iteration 1704
conflicts 20
=============
iteration 1705
conflicts 16
=============
iteration 1706
conflicts 12
=============
iteration 1707
conflicts 8
=============
iteration 1708
conflicts 5
=============
iteration 1709
conflicts 5
kicked at 5 conflicts
=============
iteration 1710
conflicts 69
=============
iteration 1711
conflicts 56
=============
iteration 1712
conflicts 46
=============
iteration 1713
conflicts 39
=============
iteration 1714
conflicts 33
=============
iteration 1715
conflicts 27
=============
iteration 1716
conflicts 19
=============
iteration 1717
conflicts 15
=============
iteration 1718
conflicts 13
=============
iteration 1719
conflicts 7
=============
iteration 1720
conflicts 5
=============
iteration 1721
conflicts 5
kicked at 5 conflicts
=============
iteration 1722
conflicts 51
=============
iteration 1723
conflicts 42
=============
iteration 1724
conflicts 36
=============
iteration 1725
conflicts 30
=============
iteration 1726
conflicts 26
=============
iteration 1727
conflicts 22
=============
iteration 1728
conflicts 19
=============
iteration 1729
conflicts 16
=============
iteration 1730
conflicts 7
=============
iteration 1731
conflicts 7
kicked at 7 conflicts
=============
iteration 1732
conflicts 68
=============
iteration 1733
conflicts 51
=============
iteration 1734
conflicts 38
=============
iteration 1735
conflicts 29
=============
iteration 1736
conflicts 21
=============
iteration 1737
conflicts 18
=============
iteration 1738
conflicts 15
=============
iteration 1739
conflicts 13
=============
iteration 1740
conflicts 9
=============
iteration 1741
conflicts 7
=============
iteration 1742
conflicts 7
kicked at 7 conflicts
=============
iteration 1743
conflicts 70
=============
iteration 1744
conflicts 60
=============
iteration 1745
conflicts 52
=============
iteration 1746
conflicts 44
=============
iteration 1747
conflicts 36
=============
iteration 1748
conflicts 31
=============
iteration 1749
conflicts 23
=============
iteration 1750
conflicts 21
=============
iteration 1751
conflicts 19
=============
iteration 1752
conflicts 17
=============
iteration 1753
conflicts 13
=============
iteration 1754
conflicts 11
=============
iteration 1755
conflicts 9
=============
iteration 1756
conflicts 7
=============
iteration 1757
conflicts 7
kicked at 7 conflicts
=============
iteration 1758
conflicts 65
=============
iteration 1759
conflicts 58
=============
iteration 1760
conflicts 48
=============
iteration 1761
conflicts 42
=============
iteration 1762
conflicts 37
=============
iteration 1763
conflicts 32
=============
iteration 1764
conflicts 28
=============
iteration 1765
conflicts 22
=============
iteration 1766
conflicts 19
=============
iteration 1767
conflicts 16
=============
iteration 1768
conflicts 13
=============
iteration 1769
conflicts 10
=============
iteration 1770
conflicts 7
=============
iteration 1771
conflicts 7
kicked at 7 conflicts
=============
iteration 1772
conflicts 87
=============
iteration 1773
conflicts 73
=============
iteration 1774
conflicts 58
=============
iteration 1775
conflicts 49
=============
iteration 1776
conflicts 40
=============
iteration 1777
conflicts 34
=============
iteration 1778
conflicts 29
=============
iteration 1779
conflicts 25
=============
iteration 1780
conflicts 19
=============
iteration 1781
conflicts 15
=============
iteration 1782
conflicts 12
=============
iteration 1783
conflicts 9
=============
iteration 1784
conflicts 7
=============
iteration 1785
conflicts 7
kicked at 7 conflicts
=============
iteration 1786
conflicts 76
=============
iteration 1787
conflicts 59
=============
iteration 1788
conflicts 50
=============
iteration 1789
conflicts 39
=============
iteration 1790
conflicts 32
=============
iteration 1791
conflicts 27
=============
iteration 1792
conflicts 23
=============
iteration 1793
conflicts 19
=============
iteration 1794
conflicts 15
=============
iteration 1795
conflicts 12
=============
iteration 1796
conflicts 9
=============
iteration 1797
conflicts 9
kicked at 9 conflicts
=============
iteration 1798
conflicts 79
=============
iteration 1799
conflicts 63
=============
iteration 1800
conflicts 52
=============
iteration 1801
conflicts 43
=============
iteration 1802
conflicts 35
=============
iteration 1803
conflicts 25
=============
iteration 1804
conflicts 18
=============
iteration 1805
conflicts 15
=============
iteration 1806
conflicts 11
=============
iteration 1807
conflicts 9
=============
iteration 1808
conflicts 8
=============
iteration 1809
conflicts 8
kicked at 8 conflicts
=============
iteration 1810
conflicts 89
=============
iteration 1811
conflicts 79
=============
iteration 1812
conflicts 70
=============
iteration 1813
conflicts 59
=============
iteration 1814
conflicts 50
=============
iteration 1815
conflicts 42
=============
iteration 1816
conflicts 35
=============
iteration 1817
conflicts 28
=============
iteration 1818
conflicts 21
=============
iteration 1819
conflicts 15
=============
iteration 1820
conflicts 11
=============
iteration 1821
conflicts 9
=============
iteration 1822
conflicts 8
=============
iteration 1823
conflicts 8
kicked at 8 conflicts
=============
iteration 1824
conflicts 30
=============
iteration 1825
conflicts 12
=============
iteration 1826
conflicts 11
=============
iteration 1827
conflicts 11
kicked at 11 conflicts
=============
iteration 1828
conflicts 96
=============
iteration 1829
conflicts 84
=============
iteration 1830
conflicts 76
=============
iteration 1831
conflicts 64
=============
iteration 1832
conflicts 56
=============
iteration 1833
conflicts 49
=============
iteration 1834
conflicts 42
=============
iteration 1835
conflicts 36
=============
iteration 1836
conflicts 30
=============
iteration 1837
conflicts 24
=============
iteration 1838
conflicts 19
=============
iteration 1839
conflicts 12
=============
iteration 1840
conflicts 9
=============
iteration 1841
conflicts 8
=============
iteration 1842
conflicts 7
=============
iteration 1843
conflicts 7
kicked at 7 conflicts
=============
iteration 1844
conflicts 69
=============
iteration 1845
conflicts 62
=============
iteration 1846
conflicts 55
=============
iteration 1847
conflicts 49
=============
iteration 1848
conflicts 43
=============
iteration 1849
conflicts 37
=============
iteration 1850
conflicts 31
=============
iteration 1851
conflicts 27
=============
iteration 1852
conflicts 23
=============
iteration 1853
conflicts 19
=============
iteration 1854
conflicts 16
=============
iteration 1855
conflicts 12
=============
iteration 1856
conflicts 9
=============
iteration 1857
conflicts 7
=============
iteration 1858
conflicts 7
kicked at 7 conflicts
=============
iteration 1859
conflicts 54
=============
iteration 1860
conflicts 46
=============
iteration 1861
conflicts 33
=============
iteration 1862
conflicts 27
=============
iteration 1863
conflicts 22
=============
iteration 1864
conflicts 17
=============
iteration 1865
conflicts 13
=============
iteration 1866
conflicts 10
=============
iteration 1867
conflicts 8
=============
iteration 1868
conflicts 5
=============
iteration 1869
conflicts 5
kicked at 5 conflicts
=============
iteration 1870
conflicts 70
=============
iteration 1871
conflicts 57
=============
iteration 1872
conflicts 47
=============
iteration 1873
conflicts 41
=============
iteration 1874
conflicts 35
=============
iteration 1875
conflicts 30
=============
iteration 1876
conflicts 25
=============
iteration 1877
conflicts 18
=============
iteration 1878
conflicts 13
=============
iteration 1879
conflicts 10
=============
iteration 1880
conflicts 6
=============
iteration 1881
conflicts 6
kicked at 6 conflicts
=============
iteration 1882
conflicts 66
=============
iteration 1883
conflicts 59
=============
iteration 1884
conflicts 50
=============
iteration 1885
conflicts 39
=============
iteration 1886
conflicts 32
=============
iteration 1887
conflicts 26
=============
iteration 1888
conflicts 23
=============
iteration 1889
conflicts 20
=============
iteration 1890
conflicts 17
=============
iteration 1891
conflicts 14
=============
iteration 1892
conflicts 9
=============
iteration 1893
conflicts 7
=============
iteration 1894
conflicts 5
=============
iteration 1895
conflicts 3
=============
iteration 1896
conflicts 2
=============
iteration 1897
conflicts 2
kicked at 2 conflicts
=============
iteration 1898
conflicts 29
=============
iteration 1899
conflicts 22
=============
iteration 1900
conflicts 16
=============
iteration 1901
conflicts 13
=============
iteration 1902
conflicts 7
=============
iteration 1903
conflicts 5
=============
iteration 1904
conflicts 4
=============
iteration 1905
conflicts 2
=============
iteration 1906
conflicts 2
kicked at 2 conflicts
=============
iteration 1907
conflicts 37
=============
iteration 1908
conflicts 25
=============
iteration 1909
conflicts 21
=============
iteration 1910
conflicts 18
=============
iteration 1911
conflicts 15
=============
iteration 1912
conflicts 9
=============
iteration 1913
conflicts 7
=============
iteration 1914
conflicts 4
=============
iteration 1915
conflicts 2
=============
iteration 1916
conflicts 2
kicked at 2 conflicts
=============
iteration 1917
conflicts 55
=============
iteration 1918
conflicts 48
=============
iteration 1919
conflicts 41
=============
iteration 1920
conflicts 36
=============
iteration 1921
conflicts 28
=============
iteration 1922
conflicts 23
=============
iteration 1923
conflicts 19
=============
iteration 1924
conflicts 15
=============
iteration 1925
conflicts 10
=============
iteration 1926
conflicts 7
=============
iteration 1927
conflicts 4
=============
iteration 1928
conflicts 2
=============
iteration 1929
conflicts 2
kicked at 2 conflicts
=============
iteration 1930
conflicts 103
=============
iteration 1931
conflicts 85
=============
iteration 1932
conflicts 72
=============
iteration 1933
conflicts 61
=============
iteration 1934
conflicts 53
=============
iteration 1935
conflicts 47
=============
iteration 1936
conflicts 41
=============
iteration 1937
conflicts 35
=============
iteration 1938
conflicts 29
=============
iteration 1939
conflicts 24
=============
iteration 1940
conflicts 19
=============
iteration 1941
conflicts 15
=============
iteration 1942
conflicts 12
=============
iteration 1943
conflicts 9
=============
iteration 1944
conflicts 7
=============
iteration 1945
conflicts 5
=============
iteration 1946
conflicts 2
=============
iteration 1947
conflicts 2
kicked at 2 conflicts
=============
iteration 1948
conflicts 82
=============
iteration 1949
conflicts 68
=============
iteration 1950
conflicts 57
=============
iteration 1951
conflicts 48
=============
iteration 1952
conflicts 40
=============
iteration 1953
conflicts 33
=============
iteration 1954
conflicts 28
=============
iteration 1955
conflicts 23
=============
iteration 1956
conflicts 19
=============
iteration 1957
conflicts 16
=============
iteration 1958
conflicts 13
=============
iteration 1959
conflicts 11
=============
iteration 1960
conflicts 8
=============
iteration 1961
conflicts 6
=============
iteration 1962
conflicts 5
=============
iteration 1963
conflicts 3
=============
iteration 1964
conflicts 3
kicked at 3 conflicts
=============
iteration 1965
conflicts 65
=============
iteration 1966
conflicts 55
=============
iteration 1967
conflicts 46
=============
iteration 1968
conflicts 38
=============
iteration 1969
conflicts 31
=============
iteration 1970
conflicts 25
=============
iteration 1971
conflicts 21
=============
iteration 1972
conflicts 17
=============
iteration 1973
conflicts 15
=============
iteration 1974
conflicts 7
=============
iteration 1975
conflicts 3
=============
iteration 1976
conflicts 3
kicked at 3 conflicts
=============
iteration 1977
conflicts 59
=============
iteration 1978
conflicts 48
=============
iteration 1979
conflicts 39
=============
iteration 1980
conflicts 30
=============
iteration 1981
conflicts 21
=============
iteration 1982
conflicts 15
=============
iteration 1983
conflicts 10
=============
iteration 1984
conflicts 7
=============
iteration 1985
conflicts 4
=============
iteration 1986
conflicts 2
=============
iteration 1987
conflicts 2
kicked at 2 conflicts
=============
iteration 1988
conflicts 67
=============
iteration 1989
conflicts 55
=============
iteration 1990
conflicts 45
=============
iteration 1991
conflicts 37
=============
iteration 1992
conflicts 30
=============
iteration 1993
conflicts 23
=============
iteration 1994
conflicts 18
=============
iteration 1995
conflicts 13
=============
iteration 1996
conflicts 8
=============
iteration 1997
conflicts 3
=============
iteration 1998
conflicts 2
=============
iteration 1999
conflicts 2
kicked at 2 conflicts
=============
iteration 2000
conflicts 53
=============
iteration 2001
conflicts 39
=============
iteration 2002
conflicts 32
=============
iteration 2003
conflicts 21
=============
iteration 2004
conflicts 15
=============
iteration 2005
conflicts 10
=============
iteration 2006
conflicts 6
=============
iteration 2007
conflicts 2
=============
iteration 2008
conflicts 2
kicked at 2 conflicts
=============
iteration 2009
conflicts 81
=============
iteration 2010
conflicts 68
=============
iteration 2011
conflicts 59
=============
iteration 2012
conflicts 51
=============
iteration 2013
conflicts 44
=============
iteration 2014
conflicts 34
=============
iteration 2015
conflicts 28
=============
iteration 2016
conflicts 17
=============
iteration 2017
conflicts 12
=============
iteration 2018
conflicts 8
=============
iteration 2019
conflicts 6
=============
iteration 2020
conflicts 2
=============
iteration 2021
conflicts 2
kicked at 2 conflicts
=============
iteration 2022
conflicts 75
=============
iteration 2023
conflicts 60
=============
iteration 2024
conflicts 53
=============
iteration 2025
conflicts 43
=============
iteration 2026
conflicts 36
=============
iteration 2027
conflicts 30
=============
iteration 2028
conflicts 23
=============
iteration 2029
conflicts 17
=============
iteration 2030
conflicts 11
=============
iteration 2031
conflicts 6
=============
iteration 2032
conflicts 2
=============
iteration 2033
conflicts 2
kicked at 2 conflicts
=============
iteration 2034
conflicts 75
=============
iteration 2035
conflicts 62
=============
iteration 2036
conflicts 53
=============
iteration 2037
conflicts 45
=============
iteration 2038
conflicts 38
=============
iteration 2039
conflicts 34
=============
iteration 2040
conflicts 29
=============
iteration 2041
conflicts 25
=============
iteration 2042
conflicts 23
=============
iteration 2043
conflicts 22
=============
iteration 2044
conflicts 20
=============
iteration 2045
conflicts 13
=============
iteration 2046
conflicts 8
=============
iteration 2047
conflicts 4
=============
iteration 2048
conflicts 4
kicked at 4 conflicts
=============
iteration 2049
conflicts 65
=============
iteration 2050
conflicts 55
=============
iteration 2051
conflicts 46
=============
iteration 2052
conflicts 38
=============
iteration 2053
conflicts 27
=============
iteration 2054
conflicts 21
=============
iteration 2055
conflicts 15
=============
iteration 2056
conflicts 11
=============
iteration 2057
conflicts 7
=============
iteration 2058
conflicts 5
=============
iteration 2059
conflicts 3
=============
iteration 2060
conflicts 2
=============
iteration 2061
conflicts 2
kicked at 2 conflicts
=============
iteration 2062
conflicts 51
=============
iteration 2063
conflicts 40
=============
iteration 2064
conflicts 32
=============
iteration 2065
conflicts 25
=============
iteration 2066
conflicts 20
=============
iteration 2067
conflicts 15
=============
iteration 2068
conflicts 11
=============
iteration 2069
conflicts 9
=============
iteration 2070
conflicts 7
=============
iteration 2071
conflicts 5
=============
iteration 2072
conflicts 3
=============
iteration 2073
conflicts 1
=============
iteration 2074
conflicts 1
kicked at 1 conflicts
=============
iteration 2075
conflicts 52
=============
iteration 2076
conflicts 45
=============
iteration 2077
conflicts 39
=============
iteration 2078
conflicts 30
=============
iteration 2079
conflicts 26
=============
iteration 2080
conflicts 20
=============
iteration 2081
conflicts 16
=============
iteration 2082
conflicts 13
=============
iteration 2083
conflicts 12
=============
iteration 2084
conflicts 5
=============
iteration 2085
conflicts 1
=============
iteration 2086
conflicts 1
kicked at 1 conflicts
=============
iteration 2087
conflicts 51
=============
iteration 2088
conflicts 40
=============
iteration 2089
conflicts 31
=============
iteration 2090
conflicts 21
=============
iteration 2091
conflicts 13
=============
iteration 2092
conflicts 4
=============
iteration 2093
conflicts 1
=============
iteration 2094
conflicts 1
kicked at 1 conflicts
=============
iteration 2095
conflicts 60
=============
iteration 2096
conflicts 49
=============
iteration 2097
conflicts 43
=============
iteration 2098
conflicts 36
=============
iteration 2099
conflicts 30
=============
iteration 2100
conflicts 20
=============
iteration 2101
conflicts 17
=============
iteration 2102
conflicts 14
=============
iteration 2103
conflicts 12
=============
iteration 2104
conflicts 11
=============
iteration 2105
conflicts 9
=============
iteration 2106
conflicts 8
=============
iteration 2107
conflicts 8
kicked at 8 conflicts
=============
iteration 2108
conflicts 59
=============
iteration 2109
conflicts 50
=============
iteration 2110
conflicts 43
=============
iteration 2111
conflicts 35
=============
iteration 2112
conflicts 29
=============
iteration 2113
conflicts 25
=============
iteration 2114
conflicts 18
=============
iteration 2115
conflicts 15
=============
iteration 2116
conflicts 14
=============
iteration 2117
conflicts 10
=============
iteration 2118
conflicts 8
=============
iteration 2119
conflicts 8
kicked at 8 conflicts
=============
iteration 2120
conflicts 70
=============
iteration 2121
conflicts 58
=============
iteration 2122
conflicts 49
=============
iteration 2123
conflicts 38
=============
iteration 2124
conflicts 32
=============
iteration 2125
conflicts 27
=============
iteration 2126
conflicts 20
=============
iteration 2127
conflicts 16
=============
iteration 2128
conflicts 13
=============
iteration 2129
conflicts 11
=============
iteration 2130
conflicts 11
kicked at 11 conflicts
=============
iteration 2131
conflicts 104
=============
iteration 2132
conflicts 87
=============
iteration 2133
conflicts 76
=============
iteration 2134
conflicts 67
=============
iteration 2135
conflicts 59
=============
iteration 2136
conflicts 51
=============
iteration 2137
conflicts 36
=============
iteration 2138
conflicts 27
=============
iteration 2139
conflicts 22
=============
iteration 2140
conflicts 18
=============
iteration 2141
conflicts 15
=============
iteration 2142
conflicts 12
=============
iteration 2143
conflicts 9
=============
iteration 2144
conflicts 9
kicked at 9 conflicts
=============
iteration 2145
conflicts 87
=============
iteration 2146
conflicts 79
=============
iteration 2147
conflicts 72
=============
iteration 2148
conflicts 65
=============
iteration 2149
conflicts 57
=============
iteration 2150
conflicts 51
=============
iteration 2151
conflicts 41
=============
iteration 2152
conflicts 36
=============
iteration 2153
conflicts 31
=============
iteration 2154
conflicts 27
=============
iteration 2155
conflicts 23
=============
iteration 2156
conflicts 20
=============
iteration 2157
conflicts 15
=============
iteration 2158
conflicts 13
=============
iteration 2159
conflicts 11
=============
iteration 2160
conflicts 8
=============
iteration 2161
conflicts 8
kicked at 8 conflicts
=============
iteration 2162
conflicts 60
=============
iteration 2163
conflicts 50
=============
iteration 2164
conflicts 42
=============
iteration 2165
conflicts 32
=============
iteration 2166
conflicts 22
=============
iteration 2167
conflicts 17
=============
iteration 2168
conflicts 14
=============
iteration 2169
conflicts 11
=============
iteration 2170
conflicts 8
=============
iteration 2171
conflicts 5
=============
iteration 2172
conflicts 3
=============
iteration 2173
conflicts 3
kicked at 3 conflicts
=============
iteration 2174
conflicts 99
=============
iteration 2175
conflicts 85
=============
iteration 2176
conflicts 76
=============
iteration 2177
conflicts 67
=============
iteration 2178
conflicts 60
=============
iteration 2179
conflicts 53
=============
iteration 2180
conflicts 46
=============
iteration 2181
conflicts 40
=============
iteration 2182
conflicts 34
=============
iteration 2183
conflicts 28
=============
iteration 2184
conflicts 23
=============
iteration 2185
conflicts 18
=============
iteration 2186
conflicts 14
=============
iteration 2187
conflicts 8
=============
iteration 2188
conflicts 4
=============
iteration 2189
conflicts 0
attempting to fix cycle
conflicts after fixing cycle is 15
=============
iteration 2190
conflicts 15
kicked at 15 conflicts
=============
iteration 2191
conflicts 76
=============
iteration 2192
conflicts 67
=============
iteration 2193
conflicts 59
=============
iteration 2194
conflicts 51
=============
iteration 2195
conflicts 43
=============
iteration 2196
conflicts 36
=============
iteration 2197
conflicts 28
=============
iteration 2198
conflicts 21
=============
iteration 2199
conflicts 17
=============
iteration 2200
conflicts 13
=============
iteration 2201
conflicts 10
=============
iteration 2202
conflicts 7
=============
iteration 2203
conflicts 4
=============
iteration 2204
conflicts 1
=============
iteration 2205
conflicts 1
kicked at 1 conflicts
=============
iteration 2206
conflicts 83
=============
iteration 2207
conflicts 70
=============
iteration 2208
conflicts 60
=============
iteration 2209
conflicts 53
=============
iteration 2210
conflicts 45
=============
iteration 2211
conflicts 37
=============
iteration 2212
conflicts 31
=============
iteration 2213
conflicts 25
=============
iteration 2214
conflicts 20
=============
iteration 2215
conflicts 16
=============
iteration 2216
conflicts 10
=============
iteration 2217
conflicts 7
=============
iteration 2218
conflicts 5
=============
iteration 2219
conflicts 4
=============
iteration 2220
conflicts 4
kicked at 4 conflicts
=============
iteration 2221
conflicts 47
=============
iteration 2222
conflicts 32
=============
iteration 2223
conflicts 26
=============
iteration 2224
conflicts 20
=============
iteration 2225
conflicts 15
=============
iteration 2226
conflicts 8
=============
iteration 2227
conflicts 5
=============
iteration 2228
conflicts 3
=============
iteration 2229
conflicts 2
=============
iteration 2230
conflicts 0
attempting to fix cycle
conflicts after fixing cycle is 0
best state below.
(0, matrix([[None, True, True, None, False, False, True, True, True, True, True,
         False, True, False, False, True, False, True, False, False],
        [False, None, True, True, False, False, True, True, True, True,
         True, False, True, False, False, None, False, True, False, None],
        [False, False, None, True, False, False, False, False, True, False,
         False, False, False, False, False, True, None, True, None, False],
        [None, False, False, None, False, False, False, False, False, False,
         False, False, False, None, False, True, False, None, False, None],
        [True, True, True, True, None, True, True, None, True, True, None,
         True, True, True, True, None, True, None, True, False],
        [True, True, True, True, False, None, True, True, None, True, True,
         True, None, True, True, True, True, True, False, False],
        [False, False, True, True, False, False, None, True, True, True,
         False, False, True, False, False, True, False, True, None, False],
        [False, False, True, True, None, False, False, None, True, False,
         False, False, False, False, None, True, False, True, False, False],
        [False, False, False, True, False, None, False, False, None, False,
         False, None, False, False, False, True, False, True, False, False],
        [False, False, True, True, False, False, False, True, True, None,
         False, False, False, None, False, True, False, True, False, None],
        [False, False, True, True, None, False, True, True, True, True,
         None, False, True, False, False, True, False, None, False, False],
        [True, True, True, True, False, False, True, True, None, True, True,
         None, True, False, False, True, False, True, False, False],
        [False, False, True, True, False, None, False, True, True, True,
         False, False, None, False, False, True, False, True, False, None],
        [True, True, True, None, False, False, True, True, True, None, True,
         True, True, None, True, True, True, True, False, False],
        [True, True, True, True, False, False, True, None, True, True, True,
         True, True, False, None, None, True, True, False, False],
        [False, None, False, False, None, False, False, False, False, False,
         False, False, False, False, None, None, False, True, False, None],
        [True, True, None, True, False, False, True, True, True, True, True,
         True, True, False, False, True, None, None, False, False],
        [False, False, False, None, None, False, False, False, False, False,
         None, False, False, False, False, False, None, None, None, None],
        [True, True, None, True, False, True, None, True, True, True, True,
         True, True, True, True, True, True, None, None, False],
        [True, None, True, None, True, True, True, True, True, None, True,
         True, None, True, True, None, True, None, True, None]], dtype=object))
['Adrianna', 'Maximus', 'Angelo', 'Juanita', 'Deirdre', 'Daren', 'Peyton', 'Beatrice', 'Raven', 'Amy', 'Kierra', 'Maggie', 'Lisa', 'Carrie', 'Brad', 'Brenda', 'Xaviera', 'Jordyn', 'Dennis', 'Kristi']
