=============
iteration 0
conflicts 121
=============
iteration 1
conflicts 110
=============
iteration 2
conflicts 100
=============
iteration 3
conflicts 88
=============
iteration 4
conflicts 82
=============
iteration 5
conflicts 78
=============
iteration 6
conflicts 73
=============
iteration 7
conflicts 69
=============
iteration 8
conflicts 66
=============
iteration 9
conflicts 64
=============
iteration 10
conflicts 64
=============
iteration 11
conflicts 62
=============
iteration 12
conflicts 62
=============
iteration 13
conflicts 61
=============
iteration 14
conflicts 60
kicked at conflicts 60
=============
iteration 15
conflicts 107
=============
iteration 16
conflicts 94
=============
iteration 17
conflicts 86
=============
iteration 18
conflicts 83
=============
iteration 19
conflicts 79
=============
iteration 20
conflicts 75
=============
iteration 21
conflicts 70
=============
iteration 22
conflicts 66
=============
iteration 23
conflicts 63
=============
iteration 24
conflicts 61
=============
iteration 25
conflicts 59
=============
iteration 26
conflicts 58
=============
iteration 27
conflicts 56
=============
iteration 28
conflicts 56
=============
iteration 29
conflicts 56
=============
iteration 30
conflicts 55
kicked at conflicts 55
=============
iteration 31
conflicts 69
=============
iteration 32
conflicts 66
=============
iteration 33
conflicts 65
=============
iteration 34
conflicts 64
=============
iteration 35
conflicts 60
=============
iteration 36
conflicts 58
=============
iteration 37
conflicts 57
=============
iteration 38
conflicts 56
=============
iteration 39
conflicts 55
=============
iteration 40
conflicts 54
=============
iteration 41
conflicts 53
=============
iteration 42
conflicts 53
=============
iteration 43
conflicts 52
=============
iteration 44
conflicts 51
=============
iteration 45
conflicts 50
=============
iteration 46
conflicts 50
=============
iteration 47
conflicts 50
=============
iteration 48
conflicts 50
=============
iteration 49
conflicts 50
=============
iteration 50
conflicts 50
=============
iteration 51
conflicts 49
=============
iteration 52
conflicts 49
=============
iteration 53
conflicts 49
=============
iteration 54
conflicts 49
=============
iteration 55
conflicts 48
kicked at conflicts 48
=============
iteration 56
conflicts 101
=============
iteration 57
conflicts 86
=============
iteration 58
conflicts 80
=============
iteration 59
conflicts 72
=============
iteration 60
conflicts 71
=============
iteration 61
conflicts 70
=============
iteration 62
conflicts 65
=============
iteration 63
conflicts 63
=============
iteration 64
conflicts 61
=============
iteration 65
conflicts 58
=============
iteration 66
conflicts 57
=============
iteration 67
conflicts 56
=============
iteration 68
conflicts 55
=============
iteration 69
conflicts 54
=============
iteration 70
conflicts 53
=============
iteration 71
conflicts 52
=============
iteration 72
conflicts 52
=============
iteration 73
conflicts 51
=============
iteration 74
conflicts 50
=============
iteration 75
conflicts 50
=============
iteration 76
conflicts 50
=============
iteration 77
conflicts 49
=============
iteration 78
conflicts 49
=============
iteration 79
conflicts 48
=============
iteration 80
conflicts 47
kicked at conflicts 47
=============
iteration 81
conflicts 63
=============
iteration 82
conflicts 61
=============
iteration 83
conflicts 59
=============
iteration 84
conflicts 58
=============
iteration 85
conflicts 56
=============
iteration 86
conflicts 56
=============
iteration 87
conflicts 55
=============
iteration 88
conflicts 53
=============
iteration 89
conflicts 53
=============
iteration 90
conflicts 52
=============
iteration 91
conflicts 49
=============
iteration 92
conflicts 49
=============
iteration 93
conflicts 49
=============
iteration 94
conflicts 49
=============
iteration 95
conflicts 49
=============
iteration 96
conflicts 49
=============
iteration 97
conflicts 49
=============
iteration 98
conflicts 49
=============
iteration 99
conflicts 49
=============
iteration 100
conflicts 49
=============
iteration 101
conflicts 47
kicked at conflicts 47
=============
iteration 102
conflicts 103
=============
iteration 103
conflicts 85
=============
iteration 104
conflicts 78
=============
iteration 105
conflicts 73
=============
iteration 106
conflicts 67
=============
iteration 107
conflicts 61
=============
iteration 108
conflicts 55
=============
iteration 109
conflicts 52
=============
iteration 110
conflicts 51
=============
iteration 111
conflicts 50
=============
iteration 112
conflicts 50
=============
iteration 113
conflicts 49
=============
iteration 114
conflicts 49
=============
iteration 115
conflicts 49
=============
iteration 116
conflicts 49
=============
iteration 117
conflicts 48
=============
iteration 118
conflicts 48
=============
iteration 119
conflicts 48
=============
iteration 120
conflicts 48
=============
iteration 121
conflicts 48
=============
iteration 122
conflicts 48
=============
iteration 123
conflicts 48
=============
iteration 124
conflicts 48
=============
iteration 125
conflicts 48
=============
iteration 126
conflicts 48
=============
iteration 127
conflicts 48
=============
iteration 128
conflicts 48
=============
iteration 129
conflicts 48
=============
iteration 130
conflicts 48
=============
iteration 131
conflicts 48
=============
iteration 132
conflicts 47
=============
iteration 133
conflicts 47
=============
iteration 134
conflicts 47
=============
iteration 135
conflicts 46
=============
iteration 136
conflicts 46
=============
iteration 137
conflicts 46
=============
iteration 138
conflicts 46
=============
iteration 139
conflicts 45
kicked at conflicts 45
=============
iteration 140
conflicts 67
=============
iteration 141
conflicts 57
=============
iteration 142
conflicts 54
=============
iteration 143
conflicts 53
=============
iteration 144
conflicts 51
=============
iteration 145
conflicts 49
=============
iteration 146
conflicts 48
=============
iteration 147
conflicts 46
=============
iteration 148
conflicts 46
=============
iteration 149
conflicts 46
=============
iteration 150
conflicts 46
=============
iteration 151
conflicts 46
=============
iteration 152
conflicts 45
kicked at conflicts 45
=============
iteration 153
conflicts 79
=============
iteration 154
conflicts 68
=============
iteration 155
conflicts 66
=============
iteration 156
conflicts 59
=============
iteration 157
conflicts 57
=============
iteration 158
conflicts 56
=============
iteration 159
conflicts 56
=============
iteration 160
conflicts 55
=============
iteration 161
conflicts 53
=============
iteration 162
conflicts 51
=============
iteration 163
conflicts 50
=============
iteration 164
conflicts 50
=============
iteration 165
conflicts 50
=============
iteration 166
conflicts 50
=============
iteration 167
conflicts 49
=============
iteration 168
conflicts 48
=============
iteration 169
conflicts 48
=============
iteration 170
conflicts 47
=============
iteration 171
conflicts 47
=============
iteration 172
conflicts 46
=============
iteration 173
conflicts 46
=============
iteration 174
conflicts 46
=============
iteration 175
conflicts 45
kicked at conflicts 45
=============
iteration 176
conflicts 71
=============
iteration 177
conflicts 65
=============
iteration 178
conflicts 62
=============
iteration 179
conflicts 56
=============
iteration 180
conflicts 56
=============
iteration 181
conflicts 56
=============
iteration 182
conflicts 55
=============
iteration 183
conflicts 54
=============
iteration 184
conflicts 54
=============
iteration 185
conflicts 54
=============
iteration 186
conflicts 54
=============
iteration 187
conflicts 54
=============
iteration 188
conflicts 54
=============
iteration 189
conflicts 54
=============
iteration 190
conflicts 52
=============
iteration 191
conflicts 52
=============
iteration 192
conflicts 52
=============
iteration 193
conflicts 52
=============
iteration 194
conflicts 52
=============
iteration 195
conflicts 52
=============
iteration 196
conflicts 52
=============
iteration 197
conflicts 52
=============
iteration 198
conflicts 52
=============
iteration 199
conflicts 51
=============
iteration 200
conflicts 51
=============
iteration 201
conflicts 50
=============
iteration 202
conflicts 50
=============
iteration 203
conflicts 50
=============
iteration 204
conflicts 48
=============
iteration 205
conflicts 48
=============
iteration 206
conflicts 48
=============
iteration 207
conflicts 48
=============
iteration 208
conflicts 45
=============
iteration 209
conflicts 44
=============
iteration 210
conflicts 44
=============
iteration 211
conflicts 44
=============
iteration 212
conflicts 44
=============
iteration 213
conflicts 43
kicked at conflicts 43
=============
iteration 214
conflicts 84
=============
iteration 215
conflicts 67
=============
iteration 216
conflicts 61
=============
iteration 217
conflicts 59
=============
iteration 218
conflicts 58
=============
iteration 219
conflicts 57
=============
iteration 220
conflicts 56
=============
iteration 221
conflicts 55
=============
iteration 222
conflicts 54
=============
iteration 223
conflicts 53
=============
iteration 224
conflicts 51
=============
iteration 225
conflicts 50
=============
iteration 226
conflicts 48
=============
iteration 227
conflicts 48
=============
iteration 228
conflicts 48
=============
iteration 229
conflicts 48
=============
iteration 230
conflicts 48
=============
iteration 231
conflicts 47
=============
iteration 232
conflicts 47
=============
iteration 233
conflicts 46
kicked at conflicts 46
=============
iteration 234
conflicts 107
=============
iteration 235
conflicts 91
=============
iteration 236
conflicts 80
=============
iteration 237
conflicts 74
=============
iteration 238
conflicts 70
=============
iteration 239
conflicts 67
=============
iteration 240
conflicts 65
=============
iteration 241
conflicts 60
=============
iteration 242
conflicts 59
=============
iteration 243
conflicts 57
=============
iteration 244
conflicts 57
=============
iteration 245
conflicts 54
kicked at conflicts 54
=============
iteration 246
conflicts 88
=============
iteration 247
conflicts 78
=============
iteration 248
conflicts 72
=============
iteration 249
conflicts 67
=============
iteration 250
conflicts 63
=============
iteration 251
conflicts 62
=============
iteration 252
conflicts 59
=============
iteration 253
conflicts 58
=============
iteration 254
conflicts 57
=============
iteration 255
conflicts 56
=============
iteration 256
conflicts 51
=============
iteration 257
conflicts 51
=============
iteration 258
conflicts 51
=============
iteration 259
conflicts 50
kicked at conflicts 50
=============
iteration 260
conflicts 85
=============
iteration 261
conflicts 76
=============
iteration 262
conflicts 71
=============
iteration 263
conflicts 66
=============
iteration 264
conflicts 62
=============
iteration 265
conflicts 60
=============
iteration 266
conflicts 59
=============
iteration 267
conflicts 57
=============
iteration 268
conflicts 57
=============
iteration 269
conflicts 57
=============
iteration 270
conflicts 57
=============
iteration 271
conflicts 56
=============
iteration 272
conflicts 55
=============
iteration 273
conflicts 52
=============
iteration 274
conflicts 52
=============
iteration 275
conflicts 52
=============
iteration 276
conflicts 52
=============
iteration 277
conflicts 51
=============
iteration 278
conflicts 49
=============
iteration 279
conflicts 49
=============
iteration 280
conflicts 48
=============
iteration 281
conflicts 47
=============
iteration 282
conflicts 46
=============
iteration 283
conflicts 46
=============
iteration 284
conflicts 45
=============
iteration 285
conflicts 42
=============
iteration 286
conflicts 41
=============
iteration 287
conflicts 41
=============
iteration 288
conflicts 40
=============
iteration 289
conflicts 37
kicked at conflicts 37
=============
iteration 290
conflicts 56
=============
iteration 291
conflicts 50
=============
iteration 292
conflicts 46
=============
iteration 293
conflicts 40
=============
iteration 294
conflicts 37
=============
iteration 295
conflicts 36
=============
iteration 296
conflicts 35
=============
iteration 297
conflicts 34
=============
iteration 298
conflicts 33
=============
iteration 299
conflicts 33
=============
iteration 300
conflicts 33
=============
iteration 301
conflicts 33
=============
iteration 302
conflicts 33
=============
iteration 303
conflicts 32
=============
iteration 304
conflicts 32
=============
iteration 305
conflicts 31
=============
iteration 306
conflicts 31
=============
iteration 307
conflicts 31
=============
iteration 308
conflicts 31
=============
iteration 309
conflicts 31
=============
iteration 310
conflicts 30
=============
iteration 311
conflicts 29
=============
iteration 312
conflicts 28
=============
iteration 313
conflicts 27
=============
iteration 314
conflicts 27
=============
iteration 315
conflicts 26
=============
iteration 316
conflicts 26
=============
iteration 317
conflicts 26
=============
iteration 318
conflicts 26
=============
iteration 319
conflicts 25
=============
iteration 320
conflicts 25
=============
iteration 321
conflicts 25
=============
iteration 322
conflicts 25
=============
iteration 323
conflicts 25
=============
iteration 324
conflicts 25
=============
iteration 325
conflicts 24
=============
iteration 326
conflicts 23
=============
iteration 327
conflicts 23
=============
iteration 328
conflicts 23
=============
iteration 329
conflicts 23
kicked at conflicts 23
=============
iteration 330
conflicts 68
=============
iteration 331
conflicts 49
=============
iteration 332
conflicts 45
=============
iteration 333
conflicts 38
=============
iteration 334
conflicts 32
=============
iteration 335
conflicts 28
=============
iteration 336
conflicts 26
=============
iteration 337
conflicts 26
=============
iteration 338
conflicts 25
=============
iteration 339
conflicts 24
=============
iteration 340
conflicts 24
=============
iteration 341
conflicts 24
=============
iteration 342
conflicts 23
=============
iteration 343
conflicts 23
kicked at conflicts 23
=============
iteration 344
conflicts 77
=============
iteration 345
conflicts 57
=============
iteration 346
conflicts 50
=============
iteration 347
conflicts 43
=============
iteration 348
conflicts 39
=============
iteration 349
conflicts 37
=============
iteration 350
conflicts 34
=============
iteration 351
conflicts 31
=============
iteration 352
conflicts 30
=============
iteration 353
conflicts 29
=============
iteration 354
conflicts 28
=============
iteration 355
conflicts 27
=============
iteration 356
conflicts 27
=============
iteration 357
conflicts 26
=============
iteration 358
conflicts 26
=============
iteration 359
conflicts 24
=============
iteration 360
conflicts 24
=============
iteration 361
conflicts 24
=============
iteration 362
conflicts 23
kicked at conflicts 23
=============
iteration 363
conflicts 69
=============
iteration 364
conflicts 60
=============
iteration 365
conflicts 54
=============
iteration 366
conflicts 42
=============
iteration 367
conflicts 39
=============
iteration 368
conflicts 35
=============
iteration 369
conflicts 34
=============
iteration 370
conflicts 29
=============
iteration 371
conflicts 29
=============
iteration 372
conflicts 29
=============
iteration 373
conflicts 27
=============
iteration 374
conflicts 26
=============
iteration 375
conflicts 26
=============
iteration 376
conflicts 26
=============
iteration 377
conflicts 26
=============
iteration 378
conflicts 25
kicked at conflicts 25
=============
iteration 379
conflicts 55
=============
iteration 380
conflicts 49
=============
iteration 381
conflicts 42
=============
iteration 382
conflicts 37
=============
iteration 383
conflicts 34
=============
iteration 384
conflicts 31
=============
iteration 385
conflicts 30
=============
iteration 386
conflicts 30
=============
iteration 387
conflicts 30
=============
iteration 388
conflicts 29
=============
iteration 389
conflicts 29
=============
iteration 390
conflicts 28
=============
iteration 391
conflicts 28
=============
iteration 392
conflicts 28
=============
iteration 393
conflicts 25
=============
iteration 394
conflicts 24
kicked at conflicts 24
=============
iteration 395
conflicts 71
=============
iteration 396
conflicts 60
=============
iteration 397
conflicts 52
=============
iteration 398
conflicts 48
=============
iteration 399
conflicts 45
=============
iteration 400
conflicts 42
=============
iteration 401
conflicts 41
=============
iteration 402
conflicts 40
=============
iteration 403
conflicts 38
=============
iteration 404
conflicts 37
=============
iteration 405
conflicts 35
=============
iteration 406
conflicts 32
=============
iteration 407
conflicts 31
=============
iteration 408
conflicts 30
=============
iteration 409
conflicts 30
=============
iteration 410
conflicts 30
=============
iteration 411
conflicts 30
=============
iteration 412
conflicts 30
=============
iteration 413
conflicts 29
=============
iteration 414
conflicts 29
=============
iteration 415
conflicts 28
=============
iteration 416
conflicts 28
=============
iteration 417
conflicts 27
=============
iteration 418
conflicts 27
kicked at conflicts 27
=============
iteration 419
conflicts 88
=============
iteration 420
conflicts 69
=============
iteration 421
conflicts 57
=============
iteration 422
conflicts 52
=============
iteration 423
conflicts 48
=============
iteration 424
conflicts 46
=============
iteration 425
conflicts 44
=============
iteration 426
conflicts 42
=============
iteration 427
conflicts 40
=============
iteration 428
conflicts 39
=============
iteration 429
conflicts 37
=============
iteration 430
conflicts 34
=============
iteration 431
conflicts 32
=============
iteration 432
conflicts 31
=============
iteration 433
conflicts 31
kicked at conflicts 31
=============
iteration 434
conflicts 89
=============
iteration 435
conflicts 74
=============
iteration 436
conflicts 69
=============
iteration 437
conflicts 64
=============
iteration 438
conflicts 60
=============
iteration 439
conflicts 54
=============
iteration 440
conflicts 47
=============
iteration 441
conflicts 43
=============
iteration 442
conflicts 42
=============
iteration 443
conflicts 41
=============
iteration 444
conflicts 40
=============
iteration 445
conflicts 39
=============
iteration 446
conflicts 38
=============
iteration 447
conflicts 37
=============
iteration 448
conflicts 35
=============
iteration 449
conflicts 35
=============
iteration 450
conflicts 35
=============
iteration 451
conflicts 34
=============
iteration 452
conflicts 34
=============
iteration 453
conflicts 34
=============
iteration 454
conflicts 33
kicked at conflicts 33
=============
iteration 455
conflicts 77
=============
iteration 456
conflicts 68
=============
iteration 457
conflicts 60
=============
iteration 458
conflicts 53
=============
iteration 459
conflicts 52
=============
iteration 460
conflicts 51
=============
iteration 461
conflicts 49
=============
iteration 462
conflicts 48
=============
iteration 463
conflicts 46
=============
iteration 464
conflicts 43
=============
iteration 465
conflicts 42
=============
iteration 466
conflicts 42
=============
iteration 467
conflicts 41
=============
iteration 468
conflicts 41
=============
iteration 469
conflicts 41
=============
iteration 470
conflicts 41
=============
iteration 471
conflicts 41
=============
iteration 472
conflicts 41
=============
iteration 473
conflicts 39
=============
iteration 474
conflicts 39
=============
iteration 475
conflicts 38
kicked at conflicts 38
=============
iteration 476
conflicts 64
=============
iteration 477
conflicts 56
=============
iteration 478
conflicts 51
=============
iteration 479
conflicts 47
=============
iteration 480
conflicts 46
=============
iteration 481
conflicts 44
=============
iteration 482
conflicts 43
=============
iteration 483
conflicts 40
=============
iteration 484
conflicts 40
=============
iteration 485
conflicts 39
=============
iteration 486
conflicts 37
=============
iteration 487
conflicts 35
=============
iteration 488
conflicts 33
=============
iteration 489
conflicts 32
=============
iteration 490
conflicts 31
=============
iteration 491
conflicts 30
=============
iteration 492
conflicts 29
kicked at conflicts 29
=============
iteration 493
conflicts 69
=============
iteration 494
conflicts 61
=============
iteration 495
conflicts 50
=============
iteration 496
conflicts 48
=============
iteration 497
conflicts 44
=============
iteration 498
conflicts 41
=============
iteration 499
conflicts 34
=============
iteration 500
conflicts 31
=============
iteration 501
conflicts 30
=============
iteration 502
conflicts 29
=============
iteration 503
conflicts 28
=============
iteration 504
conflicts 27
=============
iteration 505
conflicts 25
=============
iteration 506
conflicts 23
=============
iteration 507
conflicts 22
=============
iteration 508
conflicts 19
=============
iteration 509
conflicts 19
=============
iteration 510
conflicts 19
=============
iteration 511
conflicts 18
=============
iteration 512
conflicts 17
=============
iteration 513
conflicts 15
=============
iteration 514
conflicts 15
=============
iteration 515
conflicts 14
=============
iteration 516
conflicts 14
kicked at conflicts 14
=============
iteration 517
conflicts 70
=============
iteration 518
conflicts 57
=============
iteration 519
conflicts 51
=============
iteration 520
conflicts 44
=============
iteration 521
conflicts 41
=============
iteration 522
conflicts 37
=============
iteration 523
conflicts 34
=============
iteration 524
conflicts 31
=============
iteration 525
conflicts 30
=============
iteration 526
conflicts 29
=============
iteration 527
conflicts 27
=============
iteration 528
conflicts 25
=============
iteration 529
conflicts 23
=============
iteration 530
conflicts 22
=============
iteration 531
conflicts 22
=============
iteration 532
conflicts 21
=============
iteration 533
conflicts 21
=============
iteration 534
conflicts 21
=============
iteration 535
conflicts 19
=============
iteration 536
conflicts 17
=============
iteration 537
conflicts 17
=============
iteration 538
conflicts 17
=============
iteration 539
conflicts 16
=============
iteration 540
conflicts 15
kicked at conflicts 15
=============
iteration 541
conflicts 56
=============
iteration 542
conflicts 49
=============
iteration 543
conflicts 41
=============
iteration 544
conflicts 36
=============
iteration 545
conflicts 33
=============
iteration 546
conflicts 31
=============
iteration 547
conflicts 27
=============
iteration 548
conflicts 26
=============
iteration 549
conflicts 25
=============
iteration 550
conflicts 25
=============
iteration 551
conflicts 22
=============
iteration 552
conflicts 22
=============
iteration 553
conflicts 21
=============
iteration 554
conflicts 21
=============
iteration 555
conflicts 21
=============
iteration 556
conflicts 21
=============
iteration 557
conflicts 18
=============
iteration 558
conflicts 17
=============
iteration 559
conflicts 16
=============
iteration 560
conflicts 15
=============
iteration 561
conflicts 14
=============
iteration 562
conflicts 13
=============
iteration 563
conflicts 12
=============
iteration 564
conflicts 12
=============
iteration 565
conflicts 12
=============
iteration 566
conflicts 11
=============
iteration 567
conflicts 11
=============
iteration 568
conflicts 10
=============
iteration 569
conflicts 10
=============
iteration 570
conflicts 10
=============
iteration 571
conflicts 10
=============
iteration 572
conflicts 10
=============
iteration 573
conflicts 10
=============
iteration 574
conflicts 11
=============
iteration 575
conflicts 11
=============
iteration 576
conflicts 11
=============
iteration 577
conflicts 11
=============
iteration 578
conflicts 11
kicked at conflicts 11
=============
iteration 579
conflicts 53
=============
iteration 580
conflicts 49
=============
iteration 581
conflicts 45
=============
iteration 582
conflicts 39
=============
iteration 583
conflicts 33
=============
iteration 584
conflicts 31
=============
iteration 585
conflicts 21
=============
iteration 586
conflicts 21
=============
iteration 587
conflicts 21
=============
iteration 588
conflicts 21
=============
iteration 589
conflicts 21
=============
iteration 590
conflicts 19
=============
iteration 591
conflicts 19
=============
iteration 592
conflicts 18
=============
iteration 593
conflicts 17
=============
iteration 594
conflicts 17
=============
iteration 595
conflicts 17
=============
iteration 596
conflicts 17
=============
iteration 597
conflicts 17
=============
iteration 598
conflicts 17
=============
iteration 599
conflicts 16
=============
iteration 600
conflicts 15
=============
iteration 601
conflicts 12
=============
iteration 602
conflicts 12
=============
iteration 603
conflicts 11
kicked at conflicts 11
=============
iteration 604
conflicts 94
=============
iteration 605
conflicts 78
=============
iteration 606
conflicts 65
=============
iteration 607
conflicts 56
=============
iteration 608
conflicts 52
=============
iteration 609
conflicts 48
=============
iteration 610
conflicts 44
=============
iteration 611
conflicts 38
=============
iteration 612
conflicts 36
=============
iteration 613
conflicts 35
=============
iteration 614
conflicts 34
=============
iteration 615
conflicts 32
=============
iteration 616
conflicts 31
=============
iteration 617
conflicts 31
=============
iteration 618
conflicts 24
=============
iteration 619
conflicts 23
=============
iteration 620
conflicts 23
=============
iteration 621
conflicts 21
=============
iteration 622
conflicts 20
=============
iteration 623
conflicts 20
=============
iteration 624
conflicts 19
=============
iteration 625
conflicts 19
=============
iteration 626
conflicts 19
=============
iteration 627
conflicts 14
=============
iteration 628
conflicts 13
=============
iteration 629
conflicts 13
=============
iteration 630
conflicts 11
=============
iteration 631
conflicts 9
=============
iteration 632
conflicts 8
=============
iteration 633
conflicts 7
=============
iteration 634
conflicts 7
=============
iteration 635
conflicts 7
=============
iteration 636
conflicts 5
=============
iteration 637
conflicts 5
=============
iteration 638
conflicts 4
=============
iteration 639
conflicts 4
=============
iteration 640
conflicts 4
=============
iteration 641
conflicts 4
=============
iteration 642
conflicts 3
best state below.
(3, ['Maximilian', 'Gena', 'Clay', 'Penny', 'Caleb', 'Travis', 'Jensen', 'Mikaela', 'Braydon', 'Alexus', 'Dorian', 'Rosalind', 'Dane', 'Dakota', 'Everett', 'Cedric', 'Martha', 'Lara', 'Alina', 'Allan', 'Brenna', 'Quiana', 'Jonah', 'Brooke', 'Sheryl', 'Chance', 'Ashleigh', 'Alexia', 'Lewis', 'Mallory', 'Mollie', 'Kelley', 'Ashlyn', 'Kaitlyn', 'Janine'])
solution: ['Maximilian', 'Gena', 'Clay', 'Penny', 'Caleb', 'Travis', 'Jensen', 'Braydon', 'Mikaela', 'Alexus', 'Dorian', 'Rosalind', 'Dane', 'Dakota', 'Everett', 'Cedric', 'Martha', 'Lara', 'Alina', 'Allan', 'Brenna', 'Quiana', 'Jonah', 'Brooke', 'Sheryl', 'Chance', 'Ashleigh', 'Alexia', 'Lewis', 'Mallory', 'Mollie', 'Kelley', 'Ashlyn', 'Kaitlyn', 'Janine']
