=============
iteration 0
conflicts 173
=============
iteration 1
conflicts 159
=============
iteration 2
conflicts 151
=============
iteration 3
conflicts 144
=============
iteration 4
conflicts 139
=============
iteration 5
conflicts 134
=============
iteration 6
conflicts 129
=============
iteration 7
conflicts 126
=============
iteration 8
conflicts 123
=============
iteration 9
conflicts 119
=============
iteration 10
conflicts 115
=============
iteration 11
conflicts 111
=============
iteration 12
conflicts 108
=============
iteration 13
conflicts 105
=============
iteration 14
conflicts 104
=============
iteration 15
conflicts 103
=============
iteration 16
conflicts 102
=============
iteration 17
conflicts 101
=============
iteration 18
conflicts 100
=============
iteration 19
conflicts 99
=============
iteration 20
conflicts 98
=============
iteration 21
conflicts 93
=============
iteration 22
conflicts 92
=============
iteration 23
conflicts 92
=============
iteration 24
conflicts 92
=============
iteration 25
conflicts 91
=============
iteration 26
conflicts 91
=============
iteration 27
conflicts 91
=============
iteration 28
conflicts 91
=============
iteration 29
conflicts 90
=============
iteration 30
conflicts 89
kicked at conflicts 89
=============
iteration 31
conflicts 107
=============
iteration 32
conflicts 104
=============
iteration 33
conflicts 101
=============
iteration 34
conflicts 99
=============
iteration 35
conflicts 98
=============
iteration 36
conflicts 97
=============
iteration 37
conflicts 96
=============
iteration 38
conflicts 95
=============
iteration 39
conflicts 95
=============
iteration 40
conflicts 95
=============
iteration 41
conflicts 95
=============
iteration 42
conflicts 95
=============
iteration 43
conflicts 94
=============
iteration 44
conflicts 94
=============
iteration 45
conflicts 93
=============
iteration 46
conflicts 92
=============
iteration 47
conflicts 91
=============
iteration 48
conflicts 91
=============
iteration 49
conflicts 91
=============
iteration 50
conflicts 91
=============
iteration 51
conflicts 91
=============
iteration 52
conflicts 90
=============
iteration 53
conflicts 88
kicked at conflicts 88
=============
iteration 54
conflicts 106
=============
iteration 55
conflicts 102
=============
iteration 56
conflicts 99
=============
iteration 57
conflicts 97
=============
iteration 58
conflicts 95
=============
iteration 59
conflicts 93
=============
iteration 60
conflicts 90
=============
iteration 61
conflicts 90
=============
iteration 62
conflicts 89
=============
iteration 63
conflicts 89
=============
iteration 64
conflicts 89
=============
iteration 65
conflicts 89
=============
iteration 66
conflicts 88
=============
iteration 67
conflicts 87
=============
iteration 68
conflicts 83
=============
iteration 69
conflicts 83
=============
iteration 70
conflicts 83
=============
iteration 71
conflicts 83
=============
iteration 72
conflicts 82
=============
iteration 73
conflicts 81
=============
iteration 74
conflicts 80
=============
iteration 75
conflicts 79
=============
iteration 76
conflicts 79
=============
iteration 77
conflicts 80
=============
iteration 78
conflicts 80
=============
iteration 79
conflicts 80
=============
iteration 80
conflicts 80
=============
iteration 81
conflicts 80
=============
iteration 82
conflicts 80
=============
iteration 83
conflicts 79
kicked at conflicts 79
=============
iteration 84
conflicts 126
=============
iteration 85
conflicts 115
=============
iteration 86
conflicts 106
=============
iteration 87
conflicts 92
=============
iteration 88
conflicts 90
=============
iteration 89
conflicts 83
=============
iteration 90
conflicts 82
=============
iteration 91
conflicts 78
=============
iteration 92
conflicts 77
=============
iteration 93
conflicts 77
=============
iteration 94
conflicts 77
=============
iteration 95
conflicts 77
=============
iteration 96
conflicts 77
=============
iteration 97
conflicts 77
=============
iteration 98
conflicts 76
=============
iteration 99
conflicts 76
=============
iteration 100
conflicts 76
=============
iteration 101
conflicts 75
kicked at conflicts 75
=============
iteration 102
conflicts 124
=============
iteration 103
conflicts 116
=============
iteration 104
conflicts 101
=============
iteration 105
conflicts 97
=============
iteration 106
conflicts 90
=============
iteration 107
conflicts 83
=============
iteration 108
conflicts 82
=============
iteration 109
conflicts 82
=============
iteration 110
conflicts 82
=============
iteration 111
conflicts 82
=============
iteration 112
conflicts 82
=============
iteration 113
conflicts 81
=============
iteration 114
conflicts 81
=============
iteration 115
conflicts 78
=============
iteration 116
conflicts 75
kicked at conflicts 75
=============
iteration 117
conflicts 115
=============
iteration 118
conflicts 107
=============
iteration 119
conflicts 99
=============
iteration 120
conflicts 95
=============
iteration 121
conflicts 93
=============
iteration 122
conflicts 90
=============
iteration 123
conflicts 88
=============
iteration 124
conflicts 87
=============
iteration 125
conflicts 86
=============
iteration 126
conflicts 84
=============
iteration 127
conflicts 83
=============
iteration 128
conflicts 82
=============
iteration 129
conflicts 82
=============
iteration 130
conflicts 82
=============
iteration 131
conflicts 79
=============
iteration 132
conflicts 79
=============
iteration 133
conflicts 78
=============
iteration 134
conflicts 77
=============
iteration 135
conflicts 76
=============
iteration 136
conflicts 75
=============
iteration 137
conflicts 74
=============
iteration 138
conflicts 74
=============
iteration 139
conflicts 74
=============
iteration 140
conflicts 74
=============
iteration 141
conflicts 74
=============
iteration 142
conflicts 74
=============
iteration 143
conflicts 74
=============
iteration 144
conflicts 72
kicked at conflicts 72
=============
iteration 145
conflicts 121
=============
iteration 146
conflicts 113
=============
iteration 147
conflicts 104
=============
iteration 148
conflicts 89
=============
iteration 149
conflicts 85
=============
iteration 150
conflicts 83
=============
iteration 151
conflicts 80
=============
iteration 152
conflicts 79
=============
iteration 153
conflicts 79
=============
iteration 154
conflicts 79
=============
iteration 155
conflicts 78
=============
iteration 156
conflicts 77
=============
iteration 157
conflicts 77
=============
iteration 158
conflicts 77
=============
iteration 159
conflicts 77
=============
iteration 160
conflicts 77
=============
iteration 161
conflicts 77
=============
iteration 162
conflicts 77
=============
iteration 163
conflicts 77
=============
iteration 164
conflicts 77
=============
iteration 165
conflicts 76
kicked at conflicts 76
=============
iteration 166
conflicts 121
=============
iteration 167
conflicts 101
=============
iteration 168
conflicts 94
=============
iteration 169
conflicts 92
=============
iteration 170
conflicts 87
=============
iteration 171
conflicts 86
=============
iteration 172
conflicts 81
=============
iteration 173
conflicts 80
=============
iteration 174
conflicts 79
=============
iteration 175
conflicts 79
=============
iteration 176
conflicts 79
=============
iteration 177
conflicts 79
=============
iteration 178
conflicts 77
=============
iteration 179
conflicts 76
=============
iteration 180
conflicts 74
=============
iteration 181
conflicts 74
=============
iteration 182
conflicts 74
=============
iteration 183
conflicts 74
=============
iteration 184
conflicts 74
=============
iteration 185
conflicts 74
=============
iteration 186
conflicts 74
=============
iteration 187
conflicts 73
=============
iteration 188
conflicts 72
=============
iteration 189
conflicts 72
=============
iteration 190
conflicts 72
=============
iteration 191
conflicts 72
=============
iteration 192
conflicts 72
=============
iteration 193
conflicts 72
=============
iteration 194
conflicts 72
=============
iteration 195
conflicts 72
=============
iteration 196
conflicts 72
=============
iteration 197
conflicts 72
=============
iteration 198
conflicts 72
=============
iteration 199
conflicts 72
=============
iteration 200
conflicts 72
=============
iteration 201
conflicts 72
=============
iteration 202
conflicts 71
kicked at conflicts 71
=============
iteration 203
conflicts 96
=============
iteration 204
conflicts 85
=============
iteration 205
conflicts 83
=============
iteration 206
conflicts 77
=============
iteration 207
conflicts 76
=============
iteration 208
conflicts 76
=============
iteration 209
conflicts 75
=============
iteration 210
conflicts 75
=============
iteration 211
conflicts 75
=============
iteration 212
conflicts 75
=============
iteration 213
conflicts 73
=============
iteration 214
conflicts 73
=============
iteration 215
conflicts 73
=============
iteration 216
conflicts 73
=============
iteration 217
conflicts 72
=============
iteration 218
conflicts 72
=============
iteration 219
conflicts 71
=============
iteration 220
conflicts 71
=============
iteration 221
conflicts 70
=============
iteration 222
conflicts 70
=============
iteration 223
conflicts 70
=============
iteration 224
conflicts 70
=============
iteration 225
conflicts 70
=============
iteration 226
conflicts 70
=============
iteration 227
conflicts 70
=============
iteration 228
conflicts 70
=============
iteration 229
conflicts 70
=============
iteration 230
conflicts 70
=============
iteration 231
conflicts 70
=============
iteration 232
conflicts 70
=============
iteration 233
conflicts 69
kicked at conflicts 69
=============
iteration 234
conflicts 92
=============
iteration 235
conflicts 81
=============
iteration 236
conflicts 79
=============
iteration 237
conflicts 78
=============
iteration 238
conflicts 77
=============
iteration 239
conflicts 75
=============
iteration 240
conflicts 74
=============
iteration 241
conflicts 73
=============
iteration 242
conflicts 73
=============
iteration 243
conflicts 73
=============
iteration 244
conflicts 73
=============
iteration 245
conflicts 73
=============
iteration 246
conflicts 73
=============
iteration 247
conflicts 73
=============
iteration 248
conflicts 72
=============
iteration 249
conflicts 70
kicked at conflicts 70
=============
iteration 250
conflicts 113
=============
iteration 251
conflicts 106
=============
iteration 252
conflicts 101
=============
iteration 253
conflicts 98
=============
iteration 254
conflicts 96
=============
iteration 255
conflicts 94
=============
iteration 256
conflicts 89
=============
iteration 257
conflicts 88
=============
iteration 258
conflicts 87
=============
iteration 259
conflicts 86
=============
iteration 260
conflicts 86
=============
iteration 261
conflicts 86
=============
iteration 262
conflicts 85
=============
iteration 263
conflicts 85
=============
iteration 264
conflicts 85
=============
iteration 265
conflicts 83
=============
iteration 266
conflicts 81
=============
iteration 267
conflicts 81
=============
iteration 268
conflicts 80
=============
iteration 269
conflicts 79
=============
iteration 270
conflicts 79
=============
iteration 271
conflicts 79
=============
iteration 272
conflicts 79
=============
iteration 273
conflicts 79
=============
iteration 274
conflicts 79
=============
iteration 275
conflicts 78
=============
iteration 276
conflicts 76
kicked at conflicts 76
=============
iteration 277
conflicts 118
=============
iteration 278
conflicts 107
=============
iteration 279
conflicts 97
=============
iteration 280
conflicts 95
=============
iteration 281
conflicts 93
=============
iteration 282
conflicts 92
=============
iteration 283
conflicts 91
=============
iteration 284
conflicts 89
=============
iteration 285
conflicts 81
=============
iteration 286
conflicts 80
=============
iteration 287
conflicts 79
=============
iteration 288
conflicts 79
=============
iteration 289
conflicts 79
=============
iteration 290
conflicts 79
=============
iteration 291
conflicts 79
=============
iteration 292
conflicts 79
=============
iteration 293
conflicts 79
=============
iteration 294
conflicts 79
=============
iteration 295
conflicts 79
=============
iteration 296
conflicts 79
=============
iteration 297
conflicts 79
=============
iteration 298
conflicts 78
=============
iteration 299
conflicts 78
=============
iteration 300
conflicts 78
=============
iteration 301
conflicts 78
=============
iteration 302
conflicts 78
=============
iteration 303
conflicts 77
=============
iteration 304
conflicts 77
=============
iteration 305
conflicts 76
kicked at conflicts 76
=============
iteration 306
conflicts 106
=============
iteration 307
conflicts 100
=============
iteration 308
conflicts 97
=============
iteration 309
conflicts 95
=============
iteration 310
conflicts 93
=============
iteration 311
conflicts 88
=============
iteration 312
conflicts 86
=============
iteration 313
conflicts 84
=============
iteration 314
conflicts 83
=============
iteration 315
conflicts 82
=============
iteration 316
conflicts 81
=============
iteration 317
conflicts 81
=============
iteration 318
conflicts 81
=============
iteration 319
conflicts 80
=============
iteration 320
conflicts 80
=============
iteration 321
conflicts 80
=============
iteration 322
conflicts 79
kicked at conflicts 79
=============
iteration 323
conflicts 128
=============
iteration 324
conflicts 115
=============
iteration 325
conflicts 99
=============
iteration 326
conflicts 94
=============
iteration 327
conflicts 91
=============
iteration 328
conflicts 89
=============
iteration 329
conflicts 86
=============
iteration 330
conflicts 84
=============
iteration 331
conflicts 84
=============
iteration 332
conflicts 84
=============
iteration 333
conflicts 84
=============
iteration 334
conflicts 84
=============
iteration 335
conflicts 83
=============
iteration 336
conflicts 82
=============
iteration 337
conflicts 81
=============
iteration 338
conflicts 81
=============
iteration 339
conflicts 80
=============
iteration 340
conflicts 80
=============
iteration 341
conflicts 77
=============
iteration 342
conflicts 77
=============
iteration 343
conflicts 77
=============
iteration 344
conflicts 77
=============
iteration 345
conflicts 77
=============
iteration 346
conflicts 77
=============
iteration 347
conflicts 77
=============
iteration 348
conflicts 77
=============
iteration 349
conflicts 77
=============
iteration 350
conflicts 76
=============
iteration 351
conflicts 76
=============
iteration 352
conflicts 76
=============
iteration 353
conflicts 76
=============
iteration 354
conflicts 75
kicked at conflicts 75
=============
iteration 355
conflicts 115
=============
iteration 356
conflicts 103
=============
iteration 357
conflicts 90
=============
iteration 358
conflicts 88
=============
iteration 359
conflicts 86
=============
iteration 360
conflicts 85
=============
iteration 361
conflicts 85
=============
iteration 362
conflicts 85
=============
iteration 363
conflicts 85
=============
iteration 364
conflicts 84
=============
iteration 365
conflicts 84
=============
iteration 366
conflicts 84
=============
iteration 367
conflicts 84
=============
iteration 368
conflicts 84
=============
iteration 369
conflicts 84
=============
iteration 370
conflicts 84
=============
iteration 371
conflicts 84
=============
iteration 372
conflicts 82
=============
iteration 373
conflicts 82
=============
iteration 374
conflicts 82
=============
iteration 375
conflicts 82
=============
iteration 376
conflicts 82
=============
iteration 377
conflicts 81
=============
iteration 378
conflicts 79
=============
iteration 379
conflicts 77
=============
iteration 380
conflicts 77
=============
iteration 381
conflicts 77
=============
iteration 382
conflicts 77
=============
iteration 383
conflicts 77
=============
iteration 384
conflicts 77
=============
iteration 385
conflicts 77
=============
iteration 386
conflicts 77
=============
iteration 387
conflicts 77
=============
iteration 388
conflicts 76
kicked at conflicts 76
=============
iteration 389
conflicts 110
=============
iteration 390
conflicts 97
=============
iteration 391
conflicts 93
=============
iteration 392
conflicts 92
=============
iteration 393
conflicts 90
=============
iteration 394
conflicts 89
=============
iteration 395
conflicts 89
=============
iteration 396
conflicts 89
=============
iteration 397
conflicts 88
=============
iteration 398
conflicts 88
=============
iteration 399
conflicts 88
=============
iteration 400
conflicts 87
=============
iteration 401
conflicts 87
=============
iteration 402
conflicts 86
=============
iteration 403
conflicts 85
=============
iteration 404
conflicts 85
=============
iteration 405
conflicts 83
=============
iteration 406
conflicts 83
=============
iteration 407
conflicts 82
kicked at conflicts 82
=============
iteration 408
conflicts 119
=============
iteration 409
conflicts 104
=============
iteration 410
conflicts 99
=============
iteration 411
conflicts 97
=============
iteration 412
conflicts 95
=============
iteration 413
conflicts 93
=============
iteration 414
conflicts 84
=============
iteration 415
conflicts 83
=============
iteration 416
conflicts 82
=============
iteration 417
conflicts 80
=============
iteration 418
conflicts 79
=============
iteration 419
conflicts 78
=============
iteration 420
conflicts 77
=============
iteration 421
conflicts 77
=============
iteration 422
conflicts 77
=============
iteration 423
conflicts 76
kicked at conflicts 76
=============
iteration 424
conflicts 127
=============
iteration 425
conflicts 114
=============
iteration 426
conflicts 107
=============
iteration 427
conflicts 102
=============
iteration 428
conflicts 99
=============
iteration 429
conflicts 96
=============
iteration 430
conflicts 95
=============
iteration 431
conflicts 94
=============
iteration 432
conflicts 93
=============
iteration 433
conflicts 88
=============
iteration 434
conflicts 84
=============
iteration 435
conflicts 82
=============
iteration 436
conflicts 82
=============
iteration 437
conflicts 80
=============
iteration 438
conflicts 80
=============
iteration 439
conflicts 79
kicked at conflicts 79
=============
iteration 440
conflicts 115
=============
iteration 441
conflicts 105
=============
iteration 442
conflicts 99
=============
iteration 443
conflicts 96
=============
iteration 444
conflicts 92
=============
iteration 445
conflicts 90
=============
iteration 446
conflicts 88
=============
iteration 447
conflicts 86
=============
iteration 448
conflicts 83
=============
iteration 449
conflicts 83
=============
iteration 450
conflicts 82
=============
iteration 451
conflicts 82
=============
iteration 452
conflicts 82
=============
iteration 453
conflicts 80
=============
iteration 454
conflicts 79
=============
iteration 455
conflicts 79
kicked at conflicts 79
=============
iteration 456
conflicts 94
=============
iteration 457
conflicts 91
=============
iteration 458
conflicts 89
=============
iteration 459
conflicts 85
=============
iteration 460
conflicts 82
=============
iteration 461
conflicts 82
=============
iteration 462
conflicts 81
=============
iteration 463
conflicts 81
=============
iteration 464
conflicts 81
=============
iteration 465
conflicts 81
=============
iteration 466
conflicts 80
=============
iteration 467
conflicts 80
=============
iteration 468
conflicts 80
=============
iteration 469
conflicts 80
=============
iteration 470
conflicts 80
=============
iteration 471
conflicts 80
=============
iteration 472
conflicts 80
=============
iteration 473
conflicts 80
=============
iteration 474
conflicts 80
=============
iteration 475
conflicts 79
=============
iteration 476
conflicts 79
=============
iteration 477
conflicts 79
=============
iteration 478
conflicts 79
=============
iteration 479
conflicts 79
=============
iteration 480
conflicts 79
=============
iteration 481
conflicts 79
=============
iteration 482
conflicts 79
=============
iteration 483
conflicts 79
=============
iteration 484
conflicts 79
=============
iteration 485
conflicts 79
=============
iteration 486
conflicts 78
kicked at conflicts 78
=============
iteration 487
conflicts 111
=============
iteration 488
conflicts 105
=============
iteration 489
conflicts 100
=============
iteration 490
conflicts 97
=============
iteration 491
conflicts 88
=============
iteration 492
conflicts 86
=============
iteration 493
conflicts 85
=============
iteration 494
conflicts 84
=============
iteration 495
conflicts 82
=============
iteration 496
conflicts 81
=============
iteration 497
conflicts 79
=============
iteration 498
conflicts 78
=============
iteration 499
conflicts 77
=============
iteration 500
conflicts 77
=============
iteration 501
conflicts 76
=============
iteration 502
conflicts 76
=============
iteration 503
conflicts 75
kicked at conflicts 75
=============
iteration 504
conflicts 120
=============
iteration 505
conflicts 110
=============
iteration 506
conflicts 102
=============
iteration 507
conflicts 99
=============
iteration 508
conflicts 97
=============
iteration 509
conflicts 95
=============
iteration 510
conflicts 92
=============
iteration 511
conflicts 90
=============
iteration 512
conflicts 89
=============
iteration 513
conflicts 87
=============
iteration 514
conflicts 87
=============
iteration 515
conflicts 85
=============
iteration 516
conflicts 85
=============
iteration 517
conflicts 85
=============
iteration 518
conflicts 85
=============
iteration 519
conflicts 84
=============
iteration 520
conflicts 84
=============
iteration 521
conflicts 84
=============
iteration 522
conflicts 84
=============
iteration 523
conflicts 84
=============
iteration 524
conflicts 84
=============
iteration 525
conflicts 84
=============
iteration 526
conflicts 84
=============
iteration 527
conflicts 84
=============
iteration 528
conflicts 84
=============
iteration 529
conflicts 84
=============
iteration 530
conflicts 84
=============
iteration 531
conflicts 83
=============
iteration 532
conflicts 82
=============
iteration 533
conflicts 82
=============
iteration 534
conflicts 82
=============
iteration 535
conflicts 81
kicked at conflicts 81
=============
iteration 536
conflicts 95
=============
iteration 537
conflicts 92
=============
iteration 538
conflicts 89
=============
iteration 539
conflicts 86
=============
iteration 540
conflicts 85
=============
iteration 541
conflicts 84
=============
iteration 542
conflicts 83
=============
iteration 543
conflicts 83
=============
iteration 544
conflicts 82
=============
iteration 545
conflicts 82
=============
iteration 546
conflicts 82
=============
iteration 547
conflicts 81
kicked at conflicts 81
=============
iteration 548
conflicts 99
=============
iteration 549
conflicts 96
=============
iteration 550
conflicts 93
=============
iteration 551
conflicts 91
=============
iteration 552
conflicts 90
=============
iteration 553
conflicts 89
=============
iteration 554
conflicts 88
=============
iteration 555
conflicts 87
=============
iteration 556
conflicts 87
=============
iteration 557
conflicts 87
=============
iteration 558
conflicts 86
=============
iteration 559
conflicts 84
=============
iteration 560
conflicts 84
=============
iteration 561
conflicts 84
=============
iteration 562
conflicts 84
=============
iteration 563
conflicts 84
=============
iteration 564
conflicts 82
=============
iteration 565
conflicts 82
=============
iteration 566
conflicts 81
=============
iteration 567
conflicts 79
=============
iteration 568
conflicts 79
=============
iteration 569
conflicts 79
=============
iteration 570
conflicts 79
=============
iteration 571
conflicts 79
=============
iteration 572
conflicts 79
=============
iteration 573
conflicts 78
=============
iteration 574
conflicts 77
kicked at conflicts 77
=============
iteration 575
conflicts 116
=============
iteration 576
conflicts 110
=============
iteration 577
conflicts 97
=============
iteration 578
conflicts 89
=============
iteration 579
conflicts 87
=============
iteration 580
conflicts 85
=============
iteration 581
conflicts 84
=============
iteration 582
conflicts 82
=============
iteration 583
conflicts 78
=============
iteration 584
conflicts 77
=============
iteration 585
conflicts 76
=============
iteration 586
conflicts 75
=============
iteration 587
conflicts 74
=============
iteration 588
conflicts 72
=============
iteration 589
conflicts 71
=============
iteration 590
conflicts 71
=============
iteration 591
conflicts 71
=============
iteration 592
conflicts 70
=============
iteration 593
conflicts 69
=============
iteration 594
conflicts 68
=============
iteration 595
conflicts 68
=============
iteration 596
conflicts 67
=============
iteration 597
conflicts 66
kicked at conflicts 66
=============
iteration 598
conflicts 95
=============
iteration 599
conflicts 91
=============
iteration 600
conflicts 84
=============
iteration 601
conflicts 82
=============
iteration 602
conflicts 79
=============
iteration 603
conflicts 78
=============
iteration 604
conflicts 73
=============
iteration 605
conflicts 73
=============
iteration 606
conflicts 73
=============
iteration 607
conflicts 71
=============
iteration 608
conflicts 69
=============
iteration 609
conflicts 69
=============
iteration 610
conflicts 69
=============
iteration 611
conflicts 69
=============
iteration 612
conflicts 68
=============
iteration 613
conflicts 68
=============
iteration 614
conflicts 68
=============
iteration 615
conflicts 68
=============
iteration 616
conflicts 68
=============
iteration 617
conflicts 67
kicked at conflicts 67
=============
iteration 618
conflicts 117
=============
iteration 619
conflicts 107
=============
iteration 620
conflicts 96
=============
iteration 621
conflicts 92
=============
iteration 622
conflicts 86
=============
iteration 623
conflicts 81
=============
iteration 624
conflicts 78
=============
iteration 625
conflicts 75
=============
iteration 626
conflicts 73
=============
iteration 627
conflicts 71
=============
iteration 628
conflicts 71
=============
iteration 629
conflicts 71
=============
iteration 630
conflicts 71
=============
iteration 631
conflicts 70
=============
iteration 632
conflicts 69
=============
iteration 633
conflicts 69
=============
iteration 634
conflicts 68
=============
iteration 635
conflicts 67
=============
iteration 636
conflicts 67
=============
iteration 637
conflicts 67
=============
iteration 638
conflicts 67
=============
iteration 639
conflicts 67
=============
iteration 640
conflicts 67
=============
iteration 641
conflicts 67
=============
iteration 642
conflicts 67
=============
iteration 643
conflicts 67
=============
iteration 644
conflicts 66
kicked at conflicts 66
=============
iteration 645
conflicts 121
=============
iteration 646
conflicts 105
=============
iteration 647
conflicts 94
=============
iteration 648
conflicts 87
=============
iteration 649
conflicts 85
=============
iteration 650
conflicts 83
=============
iteration 651
conflicts 81
=============
iteration 652
conflicts 76
=============
iteration 653
conflicts 75
=============
iteration 654
conflicts 74
=============
iteration 655
conflicts 73
=============
iteration 656
conflicts 72
=============
iteration 657
conflicts 72
=============
iteration 658
conflicts 71
=============
iteration 659
conflicts 67
=============
iteration 660
conflicts 62
=============
iteration 661
conflicts 60
=============
iteration 662
conflicts 59
=============
iteration 663
conflicts 54
=============
iteration 664
conflicts 54
=============
iteration 665
conflicts 51
=============
iteration 666
conflicts 50
=============
iteration 667
conflicts 50
=============
iteration 668
conflicts 49
=============
iteration 669
conflicts 47
=============
iteration 670
conflicts 47
=============
iteration 671
conflicts 47
=============
iteration 672
conflicts 45
=============
iteration 673
conflicts 46
=============
iteration 674
conflicts 44
=============
iteration 675
conflicts 44
=============
iteration 676
conflicts 44
=============
iteration 677
conflicts 44
=============
iteration 678
conflicts 44
=============
iteration 679
conflicts 45
=============
iteration 680
conflicts 44
=============
iteration 681
conflicts 44
=============
iteration 682
conflicts 44
=============
iteration 683
conflicts 44
=============
iteration 684
conflicts 44
=============
iteration 685
conflicts 45
=============
iteration 686
conflicts 45
=============
iteration 687
conflicts 45
=============
iteration 688
conflicts 45
=============
iteration 689
conflicts 44
=============
iteration 690
conflicts 44
kicked at conflicts 44
=============
iteration 691
conflicts 126
=============
iteration 692
conflicts 111
=============
iteration 693
conflicts 101
=============
iteration 694
conflicts 95
=============
iteration 695
conflicts 83
=============
iteration 696
conflicts 79
=============
iteration 697
conflicts 73
=============
iteration 698
conflicts 70
=============
iteration 699
conflicts 65
=============
iteration 700
conflicts 61
=============
iteration 701
conflicts 60
=============
iteration 702
conflicts 57
=============
iteration 703
conflicts 53
=============
iteration 704
conflicts 52
=============
iteration 705
conflicts 49
=============
iteration 706
conflicts 47
=============
iteration 707
conflicts 45
=============
iteration 708
conflicts 44
=============
iteration 709
conflicts 42
=============
iteration 710
conflicts 36
=============
iteration 711
conflicts 35
=============
iteration 712
conflicts 35
=============
iteration 713
conflicts 34
=============
iteration 714
conflicts 32
=============
iteration 715
conflicts 29
=============
iteration 716
conflicts 27
=============
iteration 717
conflicts 27
=============
iteration 718
conflicts 27
=============
iteration 719
conflicts 27
=============
iteration 720
conflicts 27
=============
iteration 721
conflicts 27
=============
iteration 722
conflicts 25
=============
iteration 723
conflicts 25
=============
iteration 724
conflicts 25
=============
iteration 725
conflicts 24
=============
iteration 726
conflicts 24
=============
iteration 727
conflicts 23
=============
iteration 728
conflicts 24
=============
iteration 729
conflicts 24
=============
iteration 730
conflicts 25
=============
iteration 731
conflicts 25
=============
iteration 732
conflicts 23
=============
iteration 733
conflicts 24
=============
iteration 734
conflicts 24
=============
iteration 735
conflicts 24
=============
iteration 736
conflicts 24
=============
iteration 737
conflicts 23
=============
iteration 738
conflicts 23
=============
iteration 739
conflicts 23
=============
iteration 740
conflicts 23
=============
iteration 741
conflicts 23
=============
iteration 742
conflicts 23
kicked at conflicts 23
=============
iteration 743
conflicts 78
=============
iteration 744
conflicts 70
=============
iteration 745
conflicts 50
=============
iteration 746
conflicts 44
=============
iteration 747
conflicts 41
=============
iteration 748
conflicts 39
=============
iteration 749
conflicts 37
=============
iteration 750
conflicts 35
=============
iteration 751
conflicts 33
=============
iteration 752
conflicts 31
=============
iteration 753
conflicts 29
=============
iteration 754
conflicts 28
=============
iteration 755
conflicts 25
=============
iteration 756
conflicts 24
=============
iteration 757
conflicts 22
=============
iteration 758
conflicts 21
=============
iteration 759
conflicts 19
=============
iteration 760
conflicts 17
=============
iteration 761
conflicts 17
=============
iteration 762
conflicts 17
=============
iteration 763
conflicts 16
=============
iteration 764
conflicts 16
=============
iteration 765
conflicts 13
=============
iteration 766
conflicts 13
=============
iteration 767
conflicts 13
=============
iteration 768
conflicts 13
=============
iteration 769
conflicts 13
=============
iteration 770
conflicts 12
=============
iteration 771
conflicts 12
=============
iteration 772
conflicts 12
=============
iteration 773
conflicts 12
=============
iteration 774
conflicts 11
=============
iteration 775
conflicts 10
=============
iteration 776
conflicts 10
=============
iteration 777
conflicts 11
=============
iteration 778
conflicts 11
=============
iteration 779
conflicts 11
=============
iteration 780
conflicts 11
=============
iteration 781
conflicts 11
=============
iteration 782
conflicts 11
=============
iteration 783
conflicts 10
=============
iteration 784
conflicts 7
=============
iteration 785
conflicts 8
=============
iteration 786
conflicts 9
=============
iteration 787
conflicts 7
=============
iteration 788
conflicts 7
=============
iteration 789
conflicts 7
=============
iteration 790
conflicts 7
=============
iteration 791
conflicts 8
=============
iteration 792
conflicts 7
=============
iteration 793
conflicts 7
=============
iteration 794
conflicts 5
=============
iteration 795
conflicts 5
=============
iteration 796
conflicts 6
=============
iteration 797
conflicts 7
=============
iteration 798
conflicts 6
=============
iteration 799
conflicts 6
=============
iteration 800
conflicts 5
=============
iteration 801
conflicts 4
=============
iteration 802
conflicts 4
=============
iteration 803
conflicts 4
=============
iteration 804
conflicts 4
=============
iteration 805
conflicts 4
=============
iteration 806
conflicts 4
=============
iteration 807
conflicts 5
=============
iteration 808
conflicts 4
=============
iteration 809
conflicts 5
=============
iteration 810
conflicts 4
=============
iteration 811
conflicts 4
=============
iteration 812
conflicts 4
=============
iteration 813
conflicts 2
=============
iteration 814
conflicts 2
=============
iteration 815
conflicts 2
=============
iteration 816
conflicts 1
best state below.
(1, ['Olivia', 'Nayeli', 'Ayden', 'Jeff', 'Joselyn', 'Javon', 'Bart', 'Shawnette', 'Eva', 'Alayna', 'Marybeth', 'Gwendolyn', 'Vonda', 'June', 'Cesar', 'Dino', 'Deena', 'Kari', 'Seth', 'Monty', 'Kailey', 'Ira', 'Chris', 'Emily', 'Cora', 'Freya', 'Clayton', 'Makenna', 'Harley', 'Kiera', 'Ewan', 'Zeb', 'Irene', 'Duke', 'Kelly'])
solution: ['Olivia', 'Nayeli', 'Ayden', 'Jeff', 'Joselyn', 'Javon', 'Bart', 'Shawnette', 'Eva', 'Alayna', 'Marybeth', 'Gwendolyn', 'Vonda', 'June', 'Cesar', 'Dino', 'Kari', 'Deena', 'Seth', 'Monty', 'Kailey', 'Ira', 'Chris', 'Emily', 'Cora', 'Freya', 'Clayton', 'Makenna', 'Harley', 'Kiera', 'Ewan', 'Zeb', 'Irene', 'Duke', 'Kelly']
