=============
iteration 0
conflicts 158
=============
iteration 1
conflicts 147
=============
iteration 2
conflicts 139
=============
iteration 3
conflicts 126
=============
iteration 4
conflicts 119
=============
iteration 5
conflicts 117
=============
iteration 6
conflicts 114
=============
iteration 7
conflicts 112
=============
iteration 8
conflicts 108
=============
iteration 9
conflicts 107
=============
iteration 10
conflicts 106
=============
iteration 11
conflicts 105
=============
iteration 12
conflicts 105
=============
iteration 13
conflicts 105
=============
iteration 14
conflicts 103
=============
iteration 15
conflicts 102
=============
iteration 16
conflicts 100
=============
iteration 17
conflicts 99
=============
iteration 18
conflicts 99
=============
iteration 19
conflicts 99
=============
iteration 20
conflicts 99
=============
iteration 21
conflicts 99
=============
iteration 22
conflicts 99
=============
iteration 23
conflicts 99
=============
iteration 24
conflicts 98
=============
iteration 25
conflicts 98
=============
iteration 26
conflicts 97
=============
iteration 27
conflicts 95
=============
iteration 28
conflicts 95
=============
iteration 29
conflicts 95
=============
iteration 30
conflicts 95
=============
iteration 31
conflicts 95
=============
iteration 32
conflicts 92
kicked at conflicts 92
=============
iteration 33
conflicts 117
=============
iteration 34
conflicts 111
=============
iteration 35
conflicts 106
=============
iteration 36
conflicts 100
=============
iteration 37
conflicts 97
=============
iteration 38
conflicts 95
=============
iteration 39
conflicts 94
=============
iteration 40
conflicts 93
=============
iteration 41
conflicts 92
=============
iteration 42
conflicts 91
=============
iteration 43
conflicts 91
=============
iteration 44
conflicts 91
=============
iteration 45
conflicts 91
=============
iteration 46
conflicts 91
=============
iteration 47
conflicts 91
=============
iteration 48
conflicts 91
=============
iteration 49
conflicts 91
=============
iteration 50
conflicts 91
=============
iteration 51
conflicts 91
=============
iteration 52
conflicts 91
=============
iteration 53
conflicts 90
=============
iteration 54
conflicts 90
=============
iteration 55
conflicts 90
=============
iteration 56
conflicts 90
=============
iteration 57
conflicts 90
=============
iteration 58
conflicts 90
=============
iteration 59
conflicts 90
=============
iteration 60
conflicts 90
=============
iteration 61
conflicts 90
=============
iteration 62
conflicts 89
kicked at conflicts 89
=============
iteration 63
conflicts 133
=============
iteration 64
conflicts 125
=============
iteration 65
conflicts 107
=============
iteration 66
conflicts 101
=============
iteration 67
conflicts 99
=============
iteration 68
conflicts 97
=============
iteration 69
conflicts 95
kicked at conflicts 95
=============
iteration 70
conflicts 122
=============
iteration 71
conflicts 117
=============
iteration 72
conflicts 108
=============
iteration 73
conflicts 105
=============
iteration 74
conflicts 103
=============
iteration 75
conflicts 101
=============
iteration 76
conflicts 97
=============
iteration 77
conflicts 95
=============
iteration 78
conflicts 94
=============
iteration 79
conflicts 93
kicked at conflicts 93
=============
iteration 80
conflicts 146
=============
iteration 81
conflicts 134
=============
iteration 82
conflicts 126
=============
iteration 83
conflicts 119
=============
iteration 84
conflicts 109
=============
iteration 85
conflicts 105
=============
iteration 86
conflicts 103
=============
iteration 87
conflicts 98
=============
iteration 88
conflicts 97
=============
iteration 89
conflicts 96
=============
iteration 90
conflicts 96
=============
iteration 91
conflicts 95
=============
iteration 92
conflicts 94
=============
iteration 93
conflicts 94
=============
iteration 94
conflicts 93
=============
iteration 95
conflicts 92
=============
iteration 96
conflicts 92
=============
iteration 97
conflicts 92
=============
iteration 98
conflicts 90
=============
iteration 99
conflicts 90
=============
iteration 100
conflicts 90
=============
iteration 101
conflicts 90
=============
iteration 102
conflicts 90
=============
iteration 103
conflicts 90
=============
iteration 104
conflicts 89
kicked at conflicts 89
=============
iteration 105
conflicts 137
=============
iteration 106
conflicts 128
=============
iteration 107
conflicts 115
=============
iteration 108
conflicts 102
=============
iteration 109
conflicts 98
=============
iteration 110
conflicts 97
=============
iteration 111
conflicts 95
=============
iteration 112
conflicts 93
=============
iteration 113
conflicts 93
=============
iteration 114
conflicts 92
=============
iteration 115
conflicts 91
=============
iteration 116
conflicts 91
=============
iteration 117
conflicts 91
=============
iteration 118
conflicts 91
=============
iteration 119
conflicts 91
=============
iteration 120
conflicts 91
=============
iteration 121
conflicts 91
=============
iteration 122
conflicts 91
=============
iteration 123
conflicts 91
=============
iteration 124
conflicts 91
=============
iteration 125
conflicts 91
=============
iteration 126
conflicts 91
=============
iteration 127
conflicts 91
=============
iteration 128
conflicts 90
=============
iteration 129
conflicts 90
=============
iteration 130
conflicts 90
=============
iteration 131
conflicts 90
=============
iteration 132
conflicts 90
=============
iteration 133
conflicts 90
=============
iteration 134
conflicts 90
=============
iteration 135
conflicts 89
=============
iteration 136
conflicts 89
=============
iteration 137
conflicts 89
=============
iteration 138
conflicts 89
=============
iteration 139
conflicts 89
=============
iteration 140
conflicts 89
=============
iteration 141
conflicts 88
=============
iteration 142
conflicts 88
=============
iteration 143
conflicts 87
=============
iteration 144
conflicts 87
=============
iteration 145
conflicts 86
kicked at conflicts 86
=============
iteration 146
conflicts 110
=============
iteration 147
conflicts 105
=============
iteration 148
conflicts 101
=============
iteration 149
conflicts 99
=============
iteration 150
conflicts 98
=============
iteration 151
conflicts 97
=============
iteration 152
conflicts 95
=============
iteration 153
conflicts 94
=============
iteration 154
conflicts 94
=============
iteration 155
conflicts 93
=============
iteration 156
conflicts 92
=============
iteration 157
conflicts 92
=============
iteration 158
conflicts 90
=============
iteration 159
conflicts 89
=============
iteration 160
conflicts 87
=============
iteration 161
conflicts 87
=============
iteration 162
conflicts 85
=============
iteration 163
conflicts 84
=============
iteration 164
conflicts 83
=============
iteration 165
conflicts 80
=============
iteration 166
conflicts 77
=============
iteration 167
conflicts 72
=============
iteration 168
conflicts 67
=============
iteration 169
conflicts 65
=============
iteration 170
conflicts 64
=============
iteration 171
conflicts 63
=============
iteration 172
conflicts 61
=============
iteration 173
conflicts 61
=============
iteration 174
conflicts 60
=============
iteration 175
conflicts 59
=============
iteration 176
conflicts 58
=============
iteration 177
conflicts 57
=============
iteration 178
conflicts 57
=============
iteration 179
conflicts 56
=============
iteration 180
conflicts 53
=============
iteration 181
conflicts 53
=============
iteration 182
conflicts 53
=============
iteration 183
conflicts 53
=============
iteration 184
conflicts 51
=============
iteration 185
conflicts 51
=============
iteration 186
conflicts 51
=============
iteration 187
conflicts 51
=============
iteration 188
conflicts 51
=============
iteration 189
conflicts 51
=============
iteration 190
conflicts 49
=============
iteration 191
conflicts 49
=============
iteration 192
conflicts 49
=============
iteration 193
conflicts 48
=============
iteration 194
conflicts 47
=============
iteration 195
conflicts 46
=============
iteration 196
conflicts 44
=============
iteration 197
conflicts 42
=============
iteration 198
conflicts 41
=============
iteration 199
conflicts 41
=============
iteration 200
conflicts 41
=============
iteration 201
conflicts 41
=============
iteration 202
conflicts 40
=============
iteration 203
conflicts 39
=============
iteration 204
conflicts 38
=============
iteration 205
conflicts 37
=============
iteration 206
conflicts 35
=============
iteration 207
conflicts 31
=============
iteration 208
conflicts 31
=============
iteration 209
conflicts 31
=============
iteration 210
conflicts 31
=============
iteration 211
conflicts 31
=============
iteration 212
conflicts 31
=============
iteration 213
conflicts 31
=============
iteration 214
conflicts 31
=============
iteration 215
conflicts 31
=============
iteration 216
conflicts 31
=============
iteration 217
conflicts 31
=============
iteration 218
conflicts 31
=============
iteration 219
conflicts 31
=============
iteration 220
conflicts 31
=============
iteration 221
conflicts 31
=============
iteration 222
conflicts 31
=============
iteration 223
conflicts 31
=============
iteration 224
conflicts 30
kicked at conflicts 30
=============
iteration 225
conflicts 90
=============
iteration 226
conflicts 75
=============
iteration 227
conflicts 69
=============
iteration 228
conflicts 66
=============
iteration 229
conflicts 64
=============
iteration 230
conflicts 61
=============
iteration 231
conflicts 55
=============
iteration 232
conflicts 49
=============
iteration 233
conflicts 46
=============
iteration 234
conflicts 46
=============
iteration 235
conflicts 46
=============
iteration 236
conflicts 45
=============
iteration 237
conflicts 43
=============
iteration 238
conflicts 43
=============
iteration 239
conflicts 39
=============
iteration 240
conflicts 38
=============
iteration 241
conflicts 37
=============
iteration 242
conflicts 36
=============
iteration 243
conflicts 36
=============
iteration 244
conflicts 33
=============
iteration 245
conflicts 33
=============
iteration 246
conflicts 33
=============
iteration 247
conflicts 33
=============
iteration 248
conflicts 33
=============
iteration 249
conflicts 33
kicked at conflicts 33
=============
iteration 250
conflicts 95
=============
iteration 251
conflicts 76
=============
iteration 252
conflicts 65
=============
iteration 253
conflicts 63
=============
iteration 254
conflicts 48
=============
iteration 255
conflicts 45
=============
iteration 256
conflicts 43
=============
iteration 257
conflicts 40
=============
iteration 258
conflicts 38
=============
iteration 259
conflicts 35
=============
iteration 260
conflicts 34
=============
iteration 261
conflicts 34
=============
iteration 262
conflicts 34
=============
iteration 263
conflicts 32
kicked at conflicts 32
=============
iteration 264
conflicts 73
=============
iteration 265
conflicts 60
=============
iteration 266
conflicts 59
=============
iteration 267
conflicts 56
=============
iteration 268
conflicts 53
=============
iteration 269
conflicts 48
=============
iteration 270
conflicts 45
=============
iteration 271
conflicts 45
=============
iteration 272
conflicts 45
=============
iteration 273
conflicts 45
=============
iteration 274
conflicts 43
kicked at conflicts 43
=============
iteration 275
conflicts 95
=============
iteration 276
conflicts 88
=============
iteration 277
conflicts 79
=============
iteration 278
conflicts 73
=============
iteration 279
conflicts 64
=============
iteration 280
conflicts 60
=============
iteration 281
conflicts 53
=============
iteration 282
conflicts 49
=============
iteration 283
conflicts 47
=============
iteration 284
conflicts 44
=============
iteration 285
conflicts 41
=============
iteration 286
conflicts 39
=============
iteration 287
conflicts 38
=============
iteration 288
conflicts 36
=============
iteration 289
conflicts 35
=============
iteration 290
conflicts 35
=============
iteration 291
conflicts 33
=============
iteration 292
conflicts 32
=============
iteration 293
conflicts 31
=============
iteration 294
conflicts 28
=============
iteration 295
conflicts 28
=============
iteration 296
conflicts 28
=============
iteration 297
conflicts 26
=============
iteration 298
conflicts 26
=============
iteration 299
conflicts 25
=============
iteration 300
conflicts 25
=============
iteration 301
conflicts 25
=============
iteration 302
conflicts 24
=============
iteration 303
conflicts 21
=============
iteration 304
conflicts 19
kicked at conflicts 19
=============
iteration 305
conflicts 73
=============
iteration 306
conflicts 45
=============
iteration 307
conflicts 40
=============
iteration 308
conflicts 38
=============
iteration 309
conflicts 36
=============
iteration 310
conflicts 32
=============
iteration 311
conflicts 30
=============
iteration 312
conflicts 24
=============
iteration 313
conflicts 24
=============
iteration 314
conflicts 23
=============
iteration 315
conflicts 18
=============
iteration 316
conflicts 18
=============
iteration 317
conflicts 16
=============
iteration 318
conflicts 15
=============
iteration 319
conflicts 12
=============
iteration 320
conflicts 12
=============
iteration 321
conflicts 9
=============
iteration 322
conflicts 9
=============
iteration 323
conflicts 9
=============
iteration 324
conflicts 9
=============
iteration 325
conflicts 9
=============
iteration 326
conflicts 7
=============
iteration 327
conflicts 7
=============
iteration 328
conflicts 5
=============
iteration 329
conflicts 5
=============
iteration 330
conflicts 5
=============
iteration 331
conflicts 5
=============
iteration 332
conflicts 4
kicked at conflicts 4
=============
iteration 333
conflicts 106
=============
iteration 334
conflicts 72
=============
iteration 335
conflicts 65
=============
iteration 336
conflicts 57
=============
iteration 337
conflicts 54
=============
iteration 338
conflicts 51
=============
iteration 339
conflicts 50
=============
iteration 340
conflicts 48
=============
iteration 341
conflicts 44
=============
iteration 342
conflicts 43
=============
iteration 343
conflicts 42
=============
iteration 344
conflicts 40
=============
iteration 345
conflicts 37
=============
iteration 346
conflicts 36
=============
iteration 347
conflicts 32
=============
iteration 348
conflicts 31
=============
iteration 349
conflicts 30
=============
iteration 350
conflicts 30
=============
iteration 351
conflicts 29
=============
iteration 352
conflicts 25
=============
iteration 353
conflicts 21
=============
iteration 354
conflicts 20
=============
iteration 355
conflicts 19
=============
iteration 356
conflicts 18
=============
iteration 357
conflicts 14
=============
iteration 358
conflicts 14
=============
iteration 359
conflicts 14
=============
iteration 360
conflicts 12
=============
iteration 361
conflicts 11
=============
iteration 362
conflicts 10
=============
iteration 363
conflicts 10
=============
iteration 364
conflicts 10
=============
iteration 365
conflicts 10
=============
iteration 366
conflicts 10
=============
iteration 367
conflicts 10
=============
iteration 368
conflicts 10
=============
iteration 369
conflicts 8
=============
iteration 370
conflicts 8
kicked at conflicts 8
=============
iteration 371
conflicts 97
=============
iteration 372
conflicts 63
=============
iteration 373
conflicts 54
=============
iteration 374
conflicts 49
=============
iteration 375
conflicts 46
=============
iteration 376
conflicts 44
=============
iteration 377
conflicts 42
=============
iteration 378
conflicts 40
=============
iteration 379
conflicts 39
=============
iteration 380
conflicts 37
=============
iteration 381
conflicts 34
=============
iteration 382
conflicts 30
=============
iteration 383
conflicts 27
=============
iteration 384
conflicts 25
=============
iteration 385
conflicts 25
=============
iteration 386
conflicts 24
=============
iteration 387
conflicts 23
=============
iteration 388
conflicts 21
=============
iteration 389
conflicts 21
=============
iteration 390
conflicts 20
=============
iteration 391
conflicts 18
=============
iteration 392
conflicts 14
=============
iteration 393
conflicts 14
=============
iteration 394
conflicts 12
=============
iteration 395
conflicts 12
=============
iteration 396
conflicts 12
=============
iteration 397
conflicts 12
=============
iteration 398
conflicts 12
=============
iteration 399
conflicts 12
=============
iteration 400
conflicts 12
=============
iteration 401
conflicts 12
=============
iteration 402
conflicts 12
=============
iteration 403
conflicts 10
=============
iteration 404
conflicts 10
=============
iteration 405
conflicts 10
=============
iteration 406
conflicts 10
=============
iteration 407
conflicts 9
=============
iteration 408
conflicts 9
=============
iteration 409
conflicts 9
=============
iteration 410
conflicts 8
=============
iteration 411
conflicts 8
=============
iteration 412
conflicts 8
=============
iteration 413
conflicts 8
=============
iteration 414
conflicts 8
=============
iteration 415
conflicts 8
=============
iteration 416
conflicts 9
=============
iteration 417
conflicts 10
=============
iteration 418
conflicts 10
=============
iteration 419
conflicts 10
=============
iteration 420
conflicts 10
=============
iteration 421
conflicts 11
=============
iteration 422
conflicts 10
=============
iteration 423
conflicts 10
=============
iteration 424
conflicts 10
=============
iteration 425
conflicts 10
=============
iteration 426
conflicts 9
=============
iteration 427
conflicts 8
=============
iteration 428
conflicts 8
=============
iteration 429
conflicts 9
=============
iteration 430
conflicts 10
=============
iteration 431
conflicts 10
=============
iteration 432
conflicts 9
=============
iteration 433
conflicts 9
=============
iteration 434
conflicts 9
=============
iteration 435
conflicts 9
=============
iteration 436
conflicts 10
=============
iteration 437
conflicts 11
=============
iteration 438
conflicts 11
=============
iteration 439
conflicts 10
=============
iteration 440
conflicts 10
=============
iteration 441
conflicts 11
=============
iteration 442
conflicts 12
=============
iteration 443
conflicts 10
=============
iteration 444
conflicts 11
=============
iteration 445
conflicts 11
=============
iteration 446
conflicts 11
=============
iteration 447
conflicts 11
=============
iteration 448
conflicts 12
=============
iteration 449
conflicts 11
=============
iteration 450
conflicts 12
=============
iteration 451
conflicts 10
=============
iteration 452
conflicts 11
=============
iteration 453
conflicts 10
=============
iteration 454
conflicts 11
=============
iteration 455
conflicts 12
=============
iteration 456
conflicts 12
=============
iteration 457
conflicts 12
=============
iteration 458
conflicts 11
=============
iteration 459
conflicts 10
=============
iteration 460
conflicts 11
=============
iteration 461
conflicts 12
=============
iteration 462
conflicts 12
=============
iteration 463
conflicts 11
=============
iteration 464
conflicts 10
=============
iteration 465
conflicts 11
=============
iteration 466
conflicts 10
=============
iteration 467
conflicts 9
=============
iteration 468
conflicts 10
=============
iteration 469
conflicts 11
=============
iteration 470
conflicts 10
=============
iteration 471
conflicts 10
=============
iteration 472
conflicts 10
=============
iteration 473
conflicts 11
=============
iteration 474
conflicts 10
=============
iteration 475
conflicts 10
=============
iteration 476
conflicts 9
=============
iteration 477
conflicts 9
=============
iteration 478
conflicts 9
=============
iteration 479
conflicts 10
=============
iteration 480
conflicts 10
=============
iteration 481
conflicts 11
=============
iteration 482
conflicts 11
kicked at conflicts 11
=============
iteration 483
conflicts 63
=============
iteration 484
conflicts 56
=============
iteration 485
conflicts 32
=============
iteration 486
conflicts 28
=============
iteration 487
conflicts 27
=============
iteration 488
conflicts 25
=============
iteration 489
conflicts 23
=============
iteration 490
conflicts 21
=============
iteration 491
conflicts 20
=============
iteration 492
conflicts 18
=============
iteration 493
conflicts 18
=============
iteration 494
conflicts 16
=============
iteration 495
conflicts 14
=============
iteration 496
conflicts 14
=============
iteration 497
conflicts 13
=============
iteration 498
conflicts 13
=============
iteration 499
conflicts 13
=============
iteration 500
conflicts 13
=============
iteration 501
conflicts 11
kicked at conflicts 11
=============
iteration 502
conflicts 72
=============
iteration 503
conflicts 57
=============
iteration 504
conflicts 47
=============
iteration 505
conflicts 44
=============
iteration 506
conflicts 41
=============
iteration 507
conflicts 40
=============
iteration 508
conflicts 35
=============
iteration 509
conflicts 29
=============
iteration 510
conflicts 23
=============
iteration 511
conflicts 21
=============
iteration 512
conflicts 19
=============
iteration 513
conflicts 15
=============
iteration 514
conflicts 15
=============
iteration 515
conflicts 13
=============
iteration 516
conflicts 13
=============
iteration 517
conflicts 13
=============
iteration 518
conflicts 12
=============
iteration 519
conflicts 12
=============
iteration 520
conflicts 11
=============
iteration 521
conflicts 11
=============
iteration 522
conflicts 9
=============
iteration 523
conflicts 7
=============
iteration 524
conflicts 7
=============
iteration 525
conflicts 6
=============
iteration 526
conflicts 6
kicked at conflicts 6
=============
iteration 527
conflicts 89
=============
iteration 528
conflicts 80
=============
iteration 529
conflicts 71
=============
iteration 530
conflicts 56
=============
iteration 531
conflicts 50
=============
iteration 532
conflicts 43
=============
iteration 533
conflicts 37
=============
iteration 534
conflicts 34
=============
iteration 535
conflicts 31
=============
iteration 536
conflicts 27
=============
iteration 537
conflicts 24
=============
iteration 538
conflicts 23
=============
iteration 539
conflicts 22
=============
iteration 540
conflicts 20
=============
iteration 541
conflicts 19
=============
iteration 542
conflicts 19
=============
iteration 543
conflicts 19
=============
iteration 544
conflicts 17
=============
iteration 545
conflicts 15
=============
iteration 546
conflicts 15
=============
iteration 547
conflicts 14
=============
iteration 548
conflicts 12
=============
iteration 549
conflicts 11
=============
iteration 550
conflicts 11
=============
iteration 551
conflicts 10
=============
iteration 552
conflicts 8
=============
iteration 553
conflicts 8
=============
iteration 554
conflicts 6
=============
iteration 555
conflicts 5
=============
iteration 556
conflicts 5
=============
iteration 557
conflicts 5
=============
iteration 558
conflicts 5
kicked at conflicts 5
=============
iteration 559
conflicts 88
=============
iteration 560
conflicts 81
=============
iteration 561
conflicts 75
=============
iteration 562
conflicts 52
=============
iteration 563
conflicts 46
=============
iteration 564
conflicts 41
=============
iteration 565
conflicts 39
=============
iteration 566
conflicts 37
=============
iteration 567
conflicts 35
=============
iteration 568
conflicts 34
=============
iteration 569
conflicts 32
=============
iteration 570
conflicts 30
=============
iteration 571
conflicts 30
=============
iteration 572
conflicts 29
=============
iteration 573
conflicts 27
=============
iteration 574
conflicts 14
=============
iteration 575
conflicts 13
=============
iteration 576
conflicts 12
=============
iteration 577
conflicts 11
=============
iteration 578
conflicts 9
=============
iteration 579
conflicts 7
=============
iteration 580
conflicts 7
=============
iteration 581
conflicts 7
=============
iteration 582
conflicts 7
=============
iteration 583
conflicts 5
kicked at conflicts 5
=============
iteration 584
conflicts 94
=============
iteration 585
conflicts 60
=============
iteration 586
conflicts 53
=============
iteration 587
conflicts 47
=============
iteration 588
conflicts 45
=============
iteration 589
conflicts 39
=============
iteration 590
conflicts 7
=============
iteration 591
conflicts 6
=============
iteration 592
conflicts 6
=============
iteration 593
conflicts 6
=============
iteration 594
conflicts 6
=============
iteration 595
conflicts 6
=============
iteration 596
conflicts 6
=============
iteration 597
conflicts 5
=============
iteration 598
conflicts 5
=============
iteration 599
conflicts 3
=============
iteration 600
conflicts 4
=============
iteration 601
conflicts 4
=============
iteration 602
conflicts 4
=============
iteration 603
conflicts 3
=============
iteration 604
conflicts 3
=============
iteration 605
conflicts 2
=============
iteration 606
conflicts 2
=============
iteration 607
conflicts 2
=============
iteration 608
conflicts 2
best state below.
(2, ['Bonita', 'Alice', 'Greg', 'Adriana', 'Corbin', 'Bart', 'Julio', 'Tara', 'Ira', 'Levi', 'Stacey', 'Darragh', 'Eloise', 'Cierra', 'Belinda', 'Molly', 'Maximilian', 'Albert', 'Glenn', 'Phyllis', 'Marilyn', 'Sheila', 'Shane', 'Daniel', 'Kendra', 'Weston', 'Yasmine', 'Larissa', 'Izabella', 'Debora', 'Ezra', 'Mekhi', 'Gladys', 'Kobe', 'Clint'])
solution: ['Bonita', 'Alice', 'Greg', 'Adriana', 'Corbin', 'Julio', 'Tara', 'Bart', 'Ira', 'Levi', 'Stacey', 'Darragh', 'Eloise', 'Cierra', 'Belinda', 'Molly', 'Maximilian', 'Albert', 'Glenn', 'Marilyn', 'Phyllis', 'Sheila', 'Shane', 'Daniel', 'Kendra', 'Weston', 'Yasmine', 'Izabella', 'Larissa', 'Debora', 'Ezra', 'Mekhi', 'Gladys', 'Kobe', 'Clint']
