=============
iteration 0
conflicts 138
=============
iteration 1
conflicts 123
=============
iteration 2
conflicts 116
=============
iteration 3
conflicts 111
=============
iteration 4
conflicts 102
=============
iteration 5
conflicts 97
=============
iteration 6
conflicts 92
=============
iteration 7
conflicts 89
=============
iteration 8
conflicts 85
=============
iteration 9
conflicts 83
=============
iteration 10
conflicts 80
=============
iteration 11
conflicts 75
=============
iteration 12
conflicts 73
=============
iteration 13
conflicts 71
=============
iteration 14
conflicts 70
=============
iteration 15
conflicts 68
=============
iteration 16
conflicts 67
=============
iteration 17
conflicts 66
=============
iteration 18
conflicts 63
=============
iteration 19
conflicts 63
=============
iteration 20
conflicts 62
=============
iteration 21
conflicts 60
=============
iteration 22
conflicts 59
=============
iteration 23
conflicts 57
=============
iteration 24
conflicts 54
=============
iteration 25
conflicts 52
=============
iteration 26
conflicts 51
=============
iteration 27
conflicts 50
=============
iteration 28
conflicts 49
=============
iteration 29
conflicts 46
=============
iteration 30
conflicts 46
=============
iteration 31
conflicts 46
=============
iteration 32
conflicts 45
=============
iteration 33
conflicts 45
=============
iteration 34
conflicts 45
=============
iteration 35
conflicts 44
=============
iteration 36
conflicts 43
=============
iteration 37
conflicts 43
=============
iteration 38
conflicts 43
=============
iteration 39
conflicts 43
=============
iteration 40
conflicts 42
kicked at conflicts 42
=============
iteration 41
conflicts 109
=============
iteration 42
conflicts 90
=============
iteration 43
conflicts 67
=============
iteration 44
conflicts 61
=============
iteration 45
conflicts 56
=============
iteration 46
conflicts 52
=============
iteration 47
conflicts 49
=============
iteration 48
conflicts 48
=============
iteration 49
conflicts 46
=============
iteration 50
conflicts 38
=============
iteration 51
conflicts 37
=============
iteration 52
conflicts 33
=============
iteration 53
conflicts 30
=============
iteration 54
conflicts 29
=============
iteration 55
conflicts 28
=============
iteration 56
conflicts 28
=============
iteration 57
conflicts 26
=============
iteration 58
conflicts 25
=============
iteration 59
conflicts 25
=============
iteration 60
conflicts 24
=============
iteration 61
conflicts 23
=============
iteration 62
conflicts 22
=============
iteration 63
conflicts 22
=============
iteration 64
conflicts 22
=============
iteration 65
conflicts 22
=============
iteration 66
conflicts 22
kicked at conflicts 22
=============
iteration 67
conflicts 76
=============
iteration 68
conflicts 65
=============
iteration 69
conflicts 58
=============
iteration 70
conflicts 54
=============
iteration 71
conflicts 52
=============
iteration 72
conflicts 50
=============
iteration 73
conflicts 49
=============
iteration 74
conflicts 41
=============
iteration 75
conflicts 36
=============
iteration 76
conflicts 34
=============
iteration 77
conflicts 32
=============
iteration 78
conflicts 31
=============
iteration 79
conflicts 25
=============
iteration 80
conflicts 23
=============
iteration 81
conflicts 23
=============
iteration 82
conflicts 22
=============
iteration 83
conflicts 21
=============
iteration 84
conflicts 21
=============
iteration 85
conflicts 15
kicked at conflicts 15
=============
iteration 86
conflicts 59
=============
iteration 87
conflicts 44
=============
iteration 88
conflicts 39
=============
iteration 89
conflicts 35
=============
iteration 90
conflicts 33
=============
iteration 91
conflicts 31
=============
iteration 92
conflicts 29
=============
iteration 93
conflicts 25
=============
iteration 94
conflicts 24
=============
iteration 95
conflicts 23
=============
iteration 96
conflicts 22
=============
iteration 97
conflicts 21
=============
iteration 98
conflicts 21
=============
iteration 99
conflicts 21
=============
iteration 100
conflicts 20
=============
iteration 101
conflicts 19
=============
iteration 102
conflicts 19
=============
iteration 103
conflicts 19
=============
iteration 104
conflicts 18
=============
iteration 105
conflicts 17
=============
iteration 106
conflicts 17
=============
iteration 107
conflicts 16
kicked at conflicts 16
=============
iteration 108
conflicts 83
=============
iteration 109
conflicts 75
=============
iteration 110
conflicts 55
=============
iteration 111
conflicts 26
=============
iteration 112
conflicts 24
=============
iteration 113
conflicts 22
=============
iteration 114
conflicts 22
=============
iteration 115
conflicts 22
=============
iteration 116
conflicts 21
=============
iteration 117
conflicts 21
=============
iteration 118
conflicts 21
=============
iteration 119
conflicts 19
kicked at conflicts 19
=============
iteration 120
conflicts 101
=============
iteration 121
conflicts 80
=============
iteration 122
conflicts 61
=============
iteration 123
conflicts 56
=============
iteration 124
conflicts 51
=============
iteration 125
conflicts 45
=============
iteration 126
conflicts 35
=============
iteration 127
conflicts 32
=============
iteration 128
conflicts 30
=============
iteration 129
conflicts 28
=============
iteration 130
conflicts 27
=============
iteration 131
conflicts 23
=============
iteration 132
conflicts 23
=============
iteration 133
conflicts 15
=============
iteration 134
conflicts 14
=============
iteration 135
conflicts 14
=============
iteration 136
conflicts 12
=============
iteration 137
conflicts 12
=============
iteration 138
conflicts 11
=============
iteration 139
conflicts 10
=============
iteration 140
conflicts 8
=============
iteration 141
conflicts 8
=============
iteration 142
conflicts 8
=============
iteration 143
conflicts 8
=============
iteration 144
conflicts 8
=============
iteration 145
conflicts 7
=============
iteration 146
conflicts 7
=============
iteration 147
conflicts 7
=============
iteration 148
conflicts 7
=============
iteration 149
conflicts 7
=============
iteration 150
conflicts 7
=============
iteration 151
conflicts 7
=============
iteration 152
conflicts 7
=============
iteration 153
conflicts 6
kicked at conflicts 6
=============
iteration 154
conflicts 45
=============
iteration 155
conflicts 25
=============
iteration 156
conflicts 21
=============
iteration 157
conflicts 19
=============
iteration 158
conflicts 17
=============
iteration 159
conflicts 16
=============
iteration 160
conflicts 12
=============
iteration 161
conflicts 10
=============
iteration 162
conflicts 10
=============
iteration 163
conflicts 10
=============
iteration 164
conflicts 10
=============
iteration 165
conflicts 10
=============
iteration 166
conflicts 10
=============
iteration 167
conflicts 10
=============
iteration 168
conflicts 10
=============
iteration 169
conflicts 10
=============
iteration 170
conflicts 10
=============
iteration 171
conflicts 10
=============
iteration 172
conflicts 10
=============
iteration 173
conflicts 10
=============
iteration 174
conflicts 10
=============
iteration 175
conflicts 10
=============
iteration 176
conflicts 10
=============
iteration 177
conflicts 10
=============
iteration 178
conflicts 9
=============
iteration 179
conflicts 9
=============
iteration 180
conflicts 9
=============
iteration 181
conflicts 9
=============
iteration 182
conflicts 8
kicked at conflicts 8
=============
iteration 183
conflicts 73
=============
iteration 184
conflicts 58
=============
iteration 185
conflicts 36
=============
iteration 186
conflicts 34
=============
iteration 187
conflicts 29
=============
iteration 188
conflicts 27
=============
iteration 189
conflicts 23
=============
iteration 190
conflicts 17
=============
iteration 191
conflicts 14
=============
iteration 192
conflicts 14
=============
iteration 193
conflicts 13
=============
iteration 194
conflicts 13
=============
iteration 195
conflicts 13
=============
iteration 196
conflicts 13
=============
iteration 197
conflicts 13
=============
iteration 198
conflicts 13
=============
iteration 199
conflicts 8
kicked at conflicts 8
=============
iteration 200
conflicts 57
=============
iteration 201
conflicts 50
=============
iteration 202
conflicts 46
=============
iteration 203
conflicts 41
=============
iteration 204
conflicts 37
=============
iteration 205
conflicts 30
=============
iteration 206
conflicts 28
=============
iteration 207
conflicts 26
=============
iteration 208
conflicts 25
=============
iteration 209
conflicts 17
=============
iteration 210
conflicts 16
=============
iteration 211
conflicts 15
=============
iteration 212
conflicts 8
=============
iteration 213
conflicts 6
=============
iteration 214
conflicts 4
=============
iteration 215
conflicts 1
best state below.
(1, ['Isaiah', 'Lucas', 'Stella', 'Jamie', 'Jett', 'Kristi', 'Zelida', 'Jacob', 'Bailey', 'Patti', 'Zoey', 'Annika', 'Angelina', 'Hope', 'Alanna', 'Rose', 'Lee', 'Desiree', 'Isaac', 'Rochelle', 'Erika', 'Leslie', 'Gwen', 'Kellie', 'Callie', 'Parker', 'Anthony', 'Phyllis', 'Tod', 'Ellen', 'Makenna', 'Kim', 'Marlene', 'Layla', 'Dana'])
solution: ['Isaiah', 'Lucas', 'Stella', 'Jamie', 'Jett', 'Kristi', 'Zelida', 'Jacob', 'Bailey', 'Patti', 'Zoey', 'Annika', 'Angelina', 'Alanna', 'Hope', 'Rose', 'Lee', 'Desiree', 'Isaac', 'Rochelle', 'Erika', 'Leslie', 'Gwen', 'Kellie', 'Callie', 'Parker', 'Anthony', 'Phyllis', 'Tod', 'Ellen', 'Makenna', 'Kim', 'Marlene', 'Layla', 'Dana']
