=============
iteration 0
conflicts 154
=============
iteration 1
conflicts 145
=============
iteration 2
conflicts 135
=============
iteration 3
conflicts 128
=============
iteration 4
conflicts 122
=============
iteration 5
conflicts 116
=============
iteration 6
conflicts 112
=============
iteration 7
conflicts 108
=============
iteration 8
conflicts 104
=============
iteration 9
conflicts 101
=============
iteration 10
conflicts 98
=============
iteration 11
conflicts 95
=============
iteration 12
conflicts 92
=============
iteration 13
conflicts 90
=============
iteration 14
conflicts 86
=============
iteration 15
conflicts 85
=============
iteration 16
conflicts 84
=============
iteration 17
conflicts 81
=============
iteration 18
conflicts 80
=============
iteration 19
conflicts 79
=============
iteration 20
conflicts 78
=============
iteration 21
conflicts 76
=============
iteration 22
conflicts 74
=============
iteration 23
conflicts 73
=============
iteration 24
conflicts 73
=============
iteration 25
conflicts 73
=============
iteration 26
conflicts 73
=============
iteration 27
conflicts 72
=============
iteration 28
conflicts 72
=============
iteration 29
conflicts 72
=============
iteration 30
conflicts 71
=============
iteration 31
conflicts 71
=============
iteration 32
conflicts 70
=============
iteration 33
conflicts 70
=============
iteration 34
conflicts 67
=============
iteration 35
conflicts 67
=============
iteration 36
conflicts 67
=============
iteration 37
conflicts 67
=============
iteration 38
conflicts 66
kicked at conflicts 66
=============
iteration 39
conflicts 89
=============
iteration 40
conflicts 84
=============
iteration 41
conflicts 77
=============
iteration 42
conflicts 74
=============
iteration 43
conflicts 71
=============
iteration 44
conflicts 69
=============
iteration 45
conflicts 68
kicked at conflicts 68
=============
iteration 46
conflicts 96
=============
iteration 47
conflicts 84
=============
iteration 48
conflicts 78
=============
iteration 49
conflicts 75
=============
iteration 50
conflicts 71
=============
iteration 51
conflicts 68
=============
iteration 52
conflicts 67
=============
iteration 53
conflicts 67
=============
iteration 54
conflicts 66
=============
iteration 55
conflicts 64
kicked at conflicts 64
=============
iteration 56
conflicts 100
=============
iteration 57
conflicts 93
=============
iteration 58
conflicts 85
=============
iteration 59
conflicts 81
=============
iteration 60
conflicts 78
=============
iteration 61
conflicts 76
=============
iteration 62
conflicts 74
=============
iteration 63
conflicts 72
=============
iteration 64
conflicts 67
=============
iteration 65
conflicts 66
=============
iteration 66
conflicts 65
=============
iteration 67
conflicts 64
=============
iteration 68
conflicts 62
=============
iteration 69
conflicts 62
=============
iteration 70
conflicts 62
=============
iteration 71
conflicts 62
=============
iteration 72
conflicts 61
=============
iteration 73
conflicts 61
=============
iteration 74
conflicts 61
=============
iteration 75
conflicts 61
=============
iteration 76
conflicts 61
=============
iteration 77
conflicts 61
=============
iteration 78
conflicts 61
=============
iteration 79
conflicts 60
=============
iteration 80
conflicts 60
=============
iteration 81
conflicts 59
=============
iteration 82
conflicts 59
=============
iteration 83
conflicts 59
kicked at conflicts 59
=============
iteration 84
conflicts 100
=============
iteration 85
conflicts 82
=============
iteration 86
conflicts 77
=============
iteration 87
conflicts 74
=============
iteration 88
conflicts 69
=============
iteration 89
conflicts 66
=============
iteration 90
conflicts 65
=============
iteration 91
conflicts 64
=============
iteration 92
conflicts 63
=============
iteration 93
conflicts 62
=============
iteration 94
conflicts 61
=============
iteration 95
conflicts 61
=============
iteration 96
conflicts 61
=============
iteration 97
conflicts 60
=============
iteration 98
conflicts 59
kicked at conflicts 59
=============
iteration 99
conflicts 90
=============
iteration 100
conflicts 81
=============
iteration 101
conflicts 76
=============
iteration 102
conflicts 73
=============
iteration 103
conflicts 70
=============
iteration 104
conflicts 68
=============
iteration 105
conflicts 65
=============
iteration 106
conflicts 63
=============
iteration 107
conflicts 62
=============
iteration 108
conflicts 61
=============
iteration 109
conflicts 61
=============
iteration 110
conflicts 60
=============
iteration 111
conflicts 59
=============
iteration 112
conflicts 59
=============
iteration 113
conflicts 59
=============
iteration 114
conflicts 59
=============
iteration 115
conflicts 59
=============
iteration 116
conflicts 59
=============
iteration 117
conflicts 59
=============
iteration 118
conflicts 59
=============
iteration 119
conflicts 59
=============
iteration 120
conflicts 59
=============
iteration 121
conflicts 58
kicked at conflicts 58
=============
iteration 122
conflicts 66
=============
iteration 123
conflicts 64
=============
iteration 124
conflicts 62
=============
iteration 125
conflicts 62
=============
iteration 126
conflicts 59
=============
iteration 127
conflicts 59
kicked at conflicts 59
=============
iteration 128
conflicts 118
=============
iteration 129
conflicts 106
=============
iteration 130
conflicts 98
=============
iteration 131
conflicts 90
=============
iteration 132
conflicts 83
=============
iteration 133
conflicts 80
=============
iteration 134
conflicts 77
=============
iteration 135
conflicts 73
=============
iteration 136
conflicts 71
=============
iteration 137
conflicts 67
=============
iteration 138
conflicts 65
=============
iteration 139
conflicts 63
=============
iteration 140
conflicts 62
=============
iteration 141
conflicts 62
=============
iteration 142
conflicts 61
=============
iteration 143
conflicts 60
=============
iteration 144
conflicts 60
=============
iteration 145
conflicts 59
=============
iteration 146
conflicts 58
kicked at conflicts 58
=============
iteration 147
conflicts 93
=============
iteration 148
conflicts 77
=============
iteration 149
conflicts 73
=============
iteration 150
conflicts 70
=============
iteration 151
conflicts 67
=============
iteration 152
conflicts 66
=============
iteration 153
conflicts 65
=============
iteration 154
conflicts 64
=============
iteration 155
conflicts 63
=============
iteration 156
conflicts 61
=============
iteration 157
conflicts 60
=============
iteration 158
conflicts 60
=============
iteration 159
conflicts 59
=============
iteration 160
conflicts 59
=============
iteration 161
conflicts 59
kicked at conflicts 59
=============
iteration 162
conflicts 100
=============
iteration 163
conflicts 89
=============
iteration 164
conflicts 83
=============
iteration 165
conflicts 79
=============
iteration 166
conflicts 75
=============
iteration 167
conflicts 71
=============
iteration 168
conflicts 68
=============
iteration 169
conflicts 66
=============
iteration 170
conflicts 64
=============
iteration 171
conflicts 63
=============
iteration 172
conflicts 62
=============
iteration 173
conflicts 61
=============
iteration 174
conflicts 61
=============
iteration 175
conflicts 61
=============
iteration 176
conflicts 60
=============
iteration 177
conflicts 59
=============
iteration 178
conflicts 58
=============
iteration 179
conflicts 56
=============
iteration 180
conflicts 55
=============
iteration 181
conflicts 54
=============
iteration 182
conflicts 54
=============
iteration 183
conflicts 54
=============
iteration 184
conflicts 54
=============
iteration 185
conflicts 54
=============
iteration 186
conflicts 54
=============
iteration 187
conflicts 54
=============
iteration 188
conflicts 54
=============
iteration 189
conflicts 53
kicked at conflicts 53
=============
iteration 190
conflicts 93
=============
iteration 191
conflicts 81
=============
iteration 192
conflicts 75
=============
iteration 193
conflicts 70
=============
iteration 194
conflicts 66
=============
iteration 195
conflicts 61
=============
iteration 196
conflicts 59
=============
iteration 197
conflicts 58
=============
iteration 198
conflicts 57
=============
iteration 199
conflicts 55
kicked at conflicts 55
=============
iteration 200
conflicts 87
=============
iteration 201
conflicts 75
=============
iteration 202
conflicts 67
=============
iteration 203
conflicts 64
=============
iteration 204
conflicts 63
=============
iteration 205
conflicts 62
=============
iteration 206
conflicts 61
=============
iteration 207
conflicts 59
=============
iteration 208
conflicts 59
=============
iteration 209
conflicts 58
=============
iteration 210
conflicts 57
=============
iteration 211
conflicts 56
=============
iteration 212
conflicts 55
=============
iteration 213
conflicts 55
=============
iteration 214
conflicts 55
=============
iteration 215
conflicts 54
=============
iteration 216
conflicts 54
=============
iteration 217
conflicts 54
=============
iteration 218
conflicts 54
=============
iteration 219
conflicts 53
kicked at conflicts 53
=============
iteration 220
conflicts 73
=============
iteration 221
conflicts 69
=============
iteration 222
conflicts 67
=============
iteration 223
conflicts 65
=============
iteration 224
conflicts 63
=============
iteration 225
conflicts 62
=============
iteration 226
conflicts 61
=============
iteration 227
conflicts 59
=============
iteration 228
conflicts 58
=============
iteration 229
conflicts 57
=============
iteration 230
conflicts 56
=============
iteration 231
conflicts 55
=============
iteration 232
conflicts 54
=============
iteration 233
conflicts 54
=============
iteration 234
conflicts 53
=============
iteration 235
conflicts 53
=============
iteration 236
conflicts 53
=============
iteration 237
conflicts 52
=============
iteration 238
conflicts 51
kicked at conflicts 51
=============
iteration 239
conflicts 75
=============
iteration 240
conflicts 68
=============
iteration 241
conflicts 62
=============
iteration 242
conflicts 56
=============
iteration 243
conflicts 54
=============
iteration 244
conflicts 53
=============
iteration 245
conflicts 53
=============
iteration 246
conflicts 52
kicked at conflicts 52
=============
iteration 247
conflicts 67
=============
iteration 248
conflicts 56
=============
iteration 249
conflicts 56
=============
iteration 250
conflicts 55
=============
iteration 251
conflicts 54
=============
iteration 252
conflicts 53
=============
iteration 253
conflicts 53
=============
iteration 254
conflicts 52
kicked at conflicts 52
=============
iteration 255
conflicts 77
=============
iteration 256
conflicts 70
=============
iteration 257
conflicts 66
=============
iteration 258
conflicts 64
=============
iteration 259
conflicts 62
=============
iteration 260
conflicts 60
=============
iteration 261
conflicts 59
=============
iteration 262
conflicts 58
=============
iteration 263
conflicts 57
=============
iteration 264
conflicts 56
=============
iteration 265
conflicts 56
=============
iteration 266
conflicts 56
=============
iteration 267
conflicts 56
=============
iteration 268
conflicts 56
=============
iteration 269
conflicts 56
=============
iteration 270
conflicts 56
=============
iteration 271
conflicts 56
=============
iteration 272
conflicts 55
kicked at conflicts 55
=============
iteration 273
conflicts 78
=============
iteration 274
conflicts 72
=============
iteration 275
conflicts 68
=============
iteration 276
conflicts 66
=============
iteration 277
conflicts 64
=============
iteration 278
conflicts 63
=============
iteration 279
conflicts 62
=============
iteration 280
conflicts 60
=============
iteration 281
conflicts 59
=============
iteration 282
conflicts 59
=============
iteration 283
conflicts 58
=============
iteration 284
conflicts 58
=============
iteration 285
conflicts 58
=============
iteration 286
conflicts 57
=============
iteration 287
conflicts 57
=============
iteration 288
conflicts 56
=============
iteration 289
conflicts 56
=============
iteration 290
conflicts 55
kicked at conflicts 55
=============
iteration 291
conflicts 102
=============
iteration 292
conflicts 84
=============
iteration 293
conflicts 71
=============
iteration 294
conflicts 61
=============
iteration 295
conflicts 59
=============
iteration 296
conflicts 58
=============
iteration 297
conflicts 56
=============
iteration 298
conflicts 56
=============
iteration 299
conflicts 56
=============
iteration 300
conflicts 56
=============
iteration 301
conflicts 56
=============
iteration 302
conflicts 56
=============
iteration 303
conflicts 56
=============
iteration 304
conflicts 56
=============
iteration 305
conflicts 56
=============
iteration 306
conflicts 56
=============
iteration 307
conflicts 56
=============
iteration 308
conflicts 55
=============
iteration 309
conflicts 55
=============
iteration 310
conflicts 55
kicked at conflicts 55
=============
iteration 311
conflicts 70
=============
iteration 312
conflicts 68
=============
iteration 313
conflicts 67
=============
iteration 314
conflicts 66
=============
iteration 315
conflicts 64
=============
iteration 316
conflicts 63
=============
iteration 317
conflicts 63
=============
iteration 318
conflicts 63
=============
iteration 319
conflicts 63
=============
iteration 320
conflicts 63
=============
iteration 321
conflicts 63
=============
iteration 322
conflicts 63
=============
iteration 323
conflicts 62
=============
iteration 324
conflicts 62
=============
iteration 325
conflicts 62
=============
iteration 326
conflicts 62
=============
iteration 327
conflicts 62
=============
iteration 328
conflicts 62
=============
iteration 329
conflicts 62
=============
iteration 330
conflicts 62
=============
iteration 331
conflicts 62
=============
iteration 332
conflicts 62
=============
iteration 333
conflicts 62
=============
iteration 334
conflicts 62
=============
iteration 335
conflicts 62
=============
iteration 336
conflicts 62
=============
iteration 337
conflicts 62
=============
iteration 338
conflicts 62
=============
iteration 339
conflicts 62
=============
iteration 340
conflicts 62
=============
iteration 341
conflicts 62
=============
iteration 342
conflicts 62
=============
iteration 343
conflicts 62
=============
iteration 344
conflicts 62
=============
iteration 345
conflicts 62
=============
iteration 346
conflicts 62
=============
iteration 347
conflicts 62
=============
iteration 348
conflicts 62
=============
iteration 349
conflicts 62
=============
iteration 350
conflicts 62
=============
iteration 351
conflicts 62
=============
iteration 352
conflicts 62
=============
iteration 353
conflicts 62
=============
iteration 354
conflicts 62
=============
iteration 355
conflicts 62
=============
iteration 356
conflicts 62
=============
iteration 357
conflicts 62
=============
iteration 358
conflicts 62
=============
iteration 359
conflicts 62
=============
iteration 360
conflicts 60
kicked at conflicts 60
=============
iteration 361
conflicts 96
=============
iteration 362
conflicts 86
=============
iteration 363
conflicts 81
=============
iteration 364
conflicts 76
=============
iteration 365
conflicts 74
=============
iteration 366
conflicts 72
=============
iteration 367
conflicts 71
=============
iteration 368
conflicts 69
=============
iteration 369
conflicts 68
=============
iteration 370
conflicts 67
=============
iteration 371
conflicts 65
=============
iteration 372
conflicts 64
=============
iteration 373
conflicts 63
=============
iteration 374
conflicts 62
=============
iteration 375
conflicts 61
=============
iteration 376
conflicts 60
=============
iteration 377
conflicts 59
=============
iteration 378
conflicts 58
=============
iteration 379
conflicts 58
=============
iteration 380
conflicts 57
=============
iteration 381
conflicts 57
=============
iteration 382
conflicts 57
=============
iteration 383
conflicts 57
=============
iteration 384
conflicts 57
=============
iteration 385
conflicts 57
=============
iteration 386
conflicts 56
=============
iteration 387
conflicts 55
=============
iteration 388
conflicts 54
kicked at conflicts 54
=============
iteration 389
conflicts 73
=============
iteration 390
conflicts 66
=============
iteration 391
conflicts 62
=============
iteration 392
conflicts 60
=============
iteration 393
conflicts 59
=============
iteration 394
conflicts 58
=============
iteration 395
conflicts 58
=============
iteration 396
conflicts 57
=============
iteration 397
conflicts 57
=============
iteration 398
conflicts 56
=============
iteration 399
conflicts 56
=============
iteration 400
conflicts 55
=============
iteration 401
conflicts 55
=============
iteration 402
conflicts 55
=============
iteration 403
conflicts 55
=============
iteration 404
conflicts 55
=============
iteration 405
conflicts 55
=============
iteration 406
conflicts 55
=============
iteration 407
conflicts 55
=============
iteration 408
conflicts 55
=============
iteration 409
conflicts 55
=============
iteration 410
conflicts 54
kicked at conflicts 54
=============
iteration 411
conflicts 93
=============
iteration 412
conflicts 81
=============
iteration 413
conflicts 74
=============
iteration 414
conflicts 70
=============
iteration 415
conflicts 66
=============
iteration 416
conflicts 64
=============
iteration 417
conflicts 62
=============
iteration 418
conflicts 61
=============
iteration 419
conflicts 59
=============
iteration 420
conflicts 58
=============
iteration 421
conflicts 58
=============
iteration 422
conflicts 58
=============
iteration 423
conflicts 58
=============
iteration 424
conflicts 58
=============
iteration 425
conflicts 58
=============
iteration 426
conflicts 58
=============
iteration 427
conflicts 57
=============
iteration 428
conflicts 57
=============
iteration 429
conflicts 57
=============
iteration 430
conflicts 57
=============
iteration 431
conflicts 57
=============
iteration 432
conflicts 56
=============
iteration 433
conflicts 56
=============
iteration 434
conflicts 56
=============
iteration 435
conflicts 56
=============
iteration 436
conflicts 56
=============
iteration 437
conflicts 55
kicked at conflicts 55
=============
iteration 438
conflicts 97
=============
iteration 439
conflicts 86
=============
iteration 440
conflicts 78
=============
iteration 441
conflicts 71
=============
iteration 442
conflicts 68
=============
iteration 443
conflicts 63
=============
iteration 444
conflicts 61
=============
iteration 445
conflicts 59
=============
iteration 446
conflicts 57
=============
iteration 447
conflicts 57
=============
iteration 448
conflicts 57
=============
iteration 449
conflicts 57
=============
iteration 450
conflicts 56
=============
iteration 451
conflicts 56
=============
iteration 452
conflicts 55
=============
iteration 453
conflicts 55
=============
iteration 454
conflicts 53
=============
iteration 455
conflicts 53
=============
iteration 456
conflicts 53
=============
iteration 457
conflicts 52
=============
iteration 458
conflicts 52
=============
iteration 459
conflicts 52
=============
iteration 460
conflicts 52
=============
iteration 461
conflicts 52
=============
iteration 462
conflicts 52
=============
iteration 463
conflicts 52
=============
iteration 464
conflicts 51
=============
iteration 465
conflicts 51
=============
iteration 466
conflicts 51
=============
iteration 467
conflicts 51
=============
iteration 468
conflicts 50
=============
iteration 469
conflicts 49
=============
iteration 470
conflicts 49
=============
iteration 471
conflicts 49
=============
iteration 472
conflicts 49
=============
iteration 473
conflicts 49
=============
iteration 474
conflicts 48
kicked at conflicts 48
=============
iteration 475
conflicts 79
=============
iteration 476
conflicts 70
=============
iteration 477
conflicts 60
=============
iteration 478
conflicts 58
=============
iteration 479
conflicts 56
=============
iteration 480
conflicts 55
=============
iteration 481
conflicts 54
=============
iteration 482
conflicts 53
=============
iteration 483
conflicts 52
=============
iteration 484
conflicts 52
=============
iteration 485
conflicts 52
=============
iteration 486
conflicts 52
=============
iteration 487
conflicts 52
=============
iteration 488
conflicts 51
=============
iteration 489
conflicts 51
=============
iteration 490
conflicts 51
=============
iteration 491
conflicts 51
kicked at conflicts 51
=============
iteration 492
conflicts 112
=============
iteration 493
conflicts 91
=============
iteration 494
conflicts 78
=============
iteration 495
conflicts 69
=============
iteration 496
conflicts 66
=============
iteration 497
conflicts 63
=============
iteration 498
conflicts 62
=============
iteration 499
conflicts 60
=============
iteration 500
conflicts 58
=============
iteration 501
conflicts 57
=============
iteration 502
conflicts 57
=============
iteration 503
conflicts 56
=============
iteration 504
conflicts 56
=============
iteration 505
conflicts 56
=============
iteration 506
conflicts 56
=============
iteration 507
conflicts 56
=============
iteration 508
conflicts 56
=============
iteration 509
conflicts 55
=============
iteration 510
conflicts 55
=============
iteration 511
conflicts 55
=============
iteration 512
conflicts 54
=============
iteration 513
conflicts 54
=============
iteration 514
conflicts 54
=============
iteration 515
conflicts 54
=============
iteration 516
conflicts 54
=============
iteration 517
conflicts 54
=============
iteration 518
conflicts 54
=============
iteration 519
conflicts 54
=============
iteration 520
conflicts 53
kicked at conflicts 53
=============
iteration 521
conflicts 75
=============
iteration 522
conflicts 68
=============
iteration 523
conflicts 63
=============
iteration 524
conflicts 61
=============
iteration 525
conflicts 60
=============
iteration 526
conflicts 59
=============
iteration 527
conflicts 57
=============
iteration 528
conflicts 54
=============
iteration 529
conflicts 54
=============
iteration 530
conflicts 54
=============
iteration 531
conflicts 54
=============
iteration 532
conflicts 54
=============
iteration 533
conflicts 54
=============
iteration 534
conflicts 53
kicked at conflicts 53
=============
iteration 535
conflicts 77
=============
iteration 536
conflicts 72
=============
iteration 537
conflicts 66
=============
iteration 538
conflicts 63
=============
iteration 539
conflicts 61
=============
iteration 540
conflicts 56
=============
iteration 541
conflicts 55
=============
iteration 542
conflicts 54
=============
iteration 543
conflicts 53
=============
iteration 544
conflicts 52
=============
iteration 545
conflicts 50
kicked at conflicts 50
=============
iteration 546
conflicts 72
=============
iteration 547
conflicts 66
=============
iteration 548
conflicts 63
=============
iteration 549
conflicts 62
=============
iteration 550
conflicts 61
=============
iteration 551
conflicts 59
=============
iteration 552
conflicts 58
=============
iteration 553
conflicts 56
=============
iteration 554
conflicts 55
=============
iteration 555
conflicts 55
=============
iteration 556
conflicts 55
=============
iteration 557
conflicts 55
=============
iteration 558
conflicts 55
=============
iteration 559
conflicts 54
=============
iteration 560
conflicts 54
=============
iteration 561
conflicts 54
=============
iteration 562
conflicts 54
=============
iteration 563
conflicts 54
=============
iteration 564
conflicts 54
=============
iteration 565
conflicts 52
=============
iteration 566
conflicts 52
=============
iteration 567
conflicts 52
=============
iteration 568
conflicts 52
=============
iteration 569
conflicts 51
=============
iteration 570
conflicts 51
=============
iteration 571
conflicts 51
=============
iteration 572
conflicts 51
=============
iteration 573
conflicts 51
=============
iteration 574
conflicts 50
kicked at conflicts 50
=============
iteration 575
conflicts 68
=============
iteration 576
conflicts 63
=============
iteration 577
conflicts 61
=============
iteration 578
conflicts 60
=============
iteration 579
conflicts 59
=============
iteration 580
conflicts 58
=============
iteration 581
conflicts 57
=============
iteration 582
conflicts 56
=============
iteration 583
conflicts 56
=============
iteration 584
conflicts 56
=============
iteration 585
conflicts 56
=============
iteration 586
conflicts 54
=============
iteration 587
conflicts 54
=============
iteration 588
conflicts 54
=============
iteration 589
conflicts 54
=============
iteration 590
conflicts 54
=============
iteration 591
conflicts 53
kicked at conflicts 53
=============
iteration 592
conflicts 89
=============
iteration 593
conflicts 78
=============
iteration 594
conflicts 72
=============
iteration 595
conflicts 62
=============
iteration 596
conflicts 60
=============
iteration 597
conflicts 59
=============
iteration 598
conflicts 59
=============
iteration 599
conflicts 59
=============
iteration 600
conflicts 59
=============
iteration 601
conflicts 59
=============
iteration 602
conflicts 59
=============
iteration 603
conflicts 59
=============
iteration 604
conflicts 58
=============
iteration 605
conflicts 55
=============
iteration 606
conflicts 54
=============
iteration 607
conflicts 54
=============
iteration 608
conflicts 54
=============
iteration 609
conflicts 54
=============
iteration 610
conflicts 53
kicked at conflicts 53
=============
iteration 611
conflicts 71
=============
iteration 612
conflicts 65
=============
iteration 613
conflicts 62
=============
iteration 614
conflicts 60
=============
iteration 615
conflicts 57
=============
iteration 616
conflicts 56
=============
iteration 617
conflicts 55
=============
iteration 618
conflicts 54
=============
iteration 619
conflicts 53
=============
iteration 620
conflicts 52
=============
iteration 621
conflicts 52
=============
iteration 622
conflicts 51
=============
iteration 623
conflicts 50
kicked at conflicts 50
=============
iteration 624
conflicts 82
=============
iteration 625
conflicts 73
=============
iteration 626
conflicts 67
=============
iteration 627
conflicts 62
=============
iteration 628
conflicts 59
=============
iteration 629
conflicts 58
=============
iteration 630
conflicts 57
=============
iteration 631
conflicts 56
=============
iteration 632
conflicts 55
=============
iteration 633
conflicts 53
=============
iteration 634
conflicts 53
=============
iteration 635
conflicts 53
=============
iteration 636
conflicts 52
=============
iteration 637
conflicts 51
=============
iteration 638
conflicts 51
=============
iteration 639
conflicts 50
=============
iteration 640
conflicts 50
kicked at conflicts 50
=============
iteration 641
conflicts 70
=============
iteration 642
conflicts 63
=============
iteration 643
conflicts 62
=============
iteration 644
conflicts 62
=============
iteration 645
conflicts 61
=============
iteration 646
conflicts 61
=============
iteration 647
conflicts 51
kicked at conflicts 51
=============
iteration 648
conflicts 71
=============
iteration 649
conflicts 65
=============
iteration 650
conflicts 63
=============
iteration 651
conflicts 60
=============
iteration 652
conflicts 56
=============
iteration 653
conflicts 54
=============
iteration 654
conflicts 54
=============
iteration 655
conflicts 53
=============
iteration 656
conflicts 53
=============
iteration 657
conflicts 53
=============
iteration 658
conflicts 53
=============
iteration 659
conflicts 52
kicked at conflicts 52
=============
iteration 660
conflicts 82
=============
iteration 661
conflicts 73
=============
iteration 662
conflicts 67
=============
iteration 663
conflicts 60
=============
iteration 664
conflicts 58
=============
iteration 665
conflicts 56
=============
iteration 666
conflicts 55
=============
iteration 667
conflicts 54
kicked at conflicts 54
=============
iteration 668
conflicts 67
=============
iteration 669
conflicts 63
=============
iteration 670
conflicts 60
=============
iteration 671
conflicts 57
=============
iteration 672
conflicts 55
=============
iteration 673
conflicts 55
=============
iteration 674
conflicts 54
=============
iteration 675
conflicts 53
=============
iteration 676
conflicts 53
=============
iteration 677
conflicts 53
=============
iteration 678
conflicts 53
=============
iteration 679
conflicts 53
=============
iteration 680
conflicts 53
=============
iteration 681
conflicts 53
=============
iteration 682
conflicts 52
kicked at conflicts 52
=============
iteration 683
conflicts 91
=============
iteration 684
conflicts 79
=============
iteration 685
conflicts 71
=============
iteration 686
conflicts 65
=============
iteration 687
conflicts 59
=============
iteration 688
conflicts 57
=============
iteration 689
conflicts 56
=============
iteration 690
conflicts 55
=============
iteration 691
conflicts 54
kicked at conflicts 54
=============
iteration 692
conflicts 103
=============
iteration 693
conflicts 94
=============
iteration 694
conflicts 83
=============
iteration 695
conflicts 73
=============
iteration 696
conflicts 71
=============
iteration 697
conflicts 68
=============
iteration 698
conflicts 66
=============
iteration 699
conflicts 56
=============
iteration 700
conflicts 55
=============
iteration 701
conflicts 55
=============
iteration 702
conflicts 55
=============
iteration 703
conflicts 55
=============
iteration 704
conflicts 55
=============
iteration 705
conflicts 55
=============
iteration 706
conflicts 55
=============
iteration 707
conflicts 55
=============
iteration 708
conflicts 55
=============
iteration 709
conflicts 55
=============
iteration 710
conflicts 53
kicked at conflicts 53
=============
iteration 711
conflicts 91
=============
iteration 712
conflicts 73
=============
iteration 713
conflicts 68
=============
iteration 714
conflicts 65
=============
iteration 715
conflicts 62
=============
iteration 716
conflicts 57
=============
iteration 717
conflicts 56
=============
iteration 718
conflicts 55
=============
iteration 719
conflicts 54
=============
iteration 720
conflicts 53
=============
iteration 721
conflicts 53
=============
iteration 722
conflicts 52
=============
iteration 723
conflicts 51
=============
iteration 724
conflicts 51
=============
iteration 725
conflicts 50
=============
iteration 726
conflicts 50
=============
iteration 727
conflicts 50
=============
iteration 728
conflicts 50
=============
iteration 729
conflicts 50
=============
iteration 730
conflicts 50
=============
iteration 731
conflicts 50
=============
iteration 732
conflicts 49
=============
iteration 733
conflicts 49
=============
iteration 734
conflicts 49
=============
iteration 735
conflicts 48
=============
iteration 736
conflicts 48
=============
iteration 737
conflicts 48
=============
iteration 738
conflicts 48
=============
iteration 739
conflicts 48
=============
iteration 740
conflicts 48
=============
iteration 741
conflicts 48
=============
iteration 742
conflicts 47
kicked at conflicts 47
=============
iteration 743
conflicts 69
=============
iteration 744
conflicts 65
=============
iteration 745
conflicts 62
=============
iteration 746
conflicts 59
=============
iteration 747
conflicts 54
=============
iteration 748
conflicts 53
=============
iteration 749
conflicts 53
=============
iteration 750
conflicts 53
=============
iteration 751
conflicts 53
=============
iteration 752
conflicts 53
=============
iteration 753
conflicts 53
=============
iteration 754
conflicts 53
=============
iteration 755
conflicts 53
=============
iteration 756
conflicts 53
=============
iteration 757
conflicts 52
=============
iteration 758
conflicts 52
=============
iteration 759
conflicts 51
=============
iteration 760
conflicts 51
=============
iteration 761
conflicts 51
=============
iteration 762
conflicts 51
=============
iteration 763
conflicts 50
kicked at conflicts 50
=============
iteration 764
conflicts 87
=============
iteration 765
conflicts 74
=============
iteration 766
conflicts 69
=============
iteration 767
conflicts 66
=============
iteration 768
conflicts 62
=============
iteration 769
conflicts 60
=============
iteration 770
conflicts 58
=============
iteration 771
conflicts 56
=============
iteration 772
conflicts 55
=============
iteration 773
conflicts 54
=============
iteration 774
conflicts 53
=============
iteration 775
conflicts 52
kicked at conflicts 52
=============
iteration 776
conflicts 115
=============
iteration 777
conflicts 97
=============
iteration 778
conflicts 87
=============
iteration 779
conflicts 78
=============
iteration 780
conflicts 73
=============
iteration 781
conflicts 68
=============
iteration 782
conflicts 59
=============
iteration 783
conflicts 58
=============
iteration 784
conflicts 57
=============
iteration 785
conflicts 56
=============
iteration 786
conflicts 55
=============
iteration 787
conflicts 55
=============
iteration 788
conflicts 55
=============
iteration 789
conflicts 54
=============
iteration 790
conflicts 54
=============
iteration 791
conflicts 54
=============
iteration 792
conflicts 54
=============
iteration 793
conflicts 54
=============
iteration 794
conflicts 54
=============
iteration 795
conflicts 54
=============
iteration 796
conflicts 54
=============
iteration 797
conflicts 54
=============
iteration 798
conflicts 54
=============
iteration 799
conflicts 54
=============
iteration 800
conflicts 54
=============
iteration 801
conflicts 54
=============
iteration 802
conflicts 54
=============
iteration 803
conflicts 54
=============
iteration 804
conflicts 54
=============
iteration 805
conflicts 54
=============
iteration 806
conflicts 54
=============
iteration 807
conflicts 54
=============
iteration 808
conflicts 54
=============
iteration 809
conflicts 54
=============
iteration 810
conflicts 53
=============
iteration 811
conflicts 53
=============
iteration 812
conflicts 53
=============
iteration 813
conflicts 53
=============
iteration 814
conflicts 53
=============
iteration 815
conflicts 53
=============
iteration 816
conflicts 53
=============
iteration 817
conflicts 52
=============
iteration 818
conflicts 52
=============
iteration 819
conflicts 52
=============
iteration 820
conflicts 52
=============
iteration 821
conflicts 52
=============
iteration 822
conflicts 51
kicked at conflicts 51
=============
iteration 823
conflicts 97
=============
iteration 824
conflicts 85
=============
iteration 825
conflicts 78
=============
iteration 826
conflicts 73
=============
iteration 827
conflicts 65
=============
iteration 828
conflicts 62
=============
iteration 829
conflicts 59
=============
iteration 830
conflicts 59
=============
iteration 831
conflicts 57
=============
iteration 832
conflicts 55
=============
iteration 833
conflicts 54
=============
iteration 834
conflicts 54
=============
iteration 835
conflicts 54
=============
iteration 836
conflicts 54
=============
iteration 837
conflicts 54
=============
iteration 838
conflicts 54
=============
iteration 839
conflicts 54
=============
iteration 840
conflicts 54
=============
iteration 841
conflicts 54
=============
iteration 842
conflicts 53
kicked at conflicts 53
=============
iteration 843
conflicts 78
=============
iteration 844
conflicts 68
=============
iteration 845
conflicts 64
=============
iteration 846
conflicts 62
=============
iteration 847
conflicts 61
=============
iteration 848
conflicts 60
=============
iteration 849
conflicts 60
=============
iteration 850
conflicts 59
=============
iteration 851
conflicts 58
=============
iteration 852
conflicts 57
=============
iteration 853
conflicts 57
=============
iteration 854
conflicts 57
=============
iteration 855
conflicts 57
=============
iteration 856
conflicts 57
=============
iteration 857
conflicts 57
=============
iteration 858
conflicts 57
=============
iteration 859
conflicts 57
=============
iteration 860
conflicts 57
=============
iteration 861
conflicts 57
=============
iteration 862
conflicts 57
=============
iteration 863
conflicts 57
=============
iteration 864
conflicts 56
=============
iteration 865
conflicts 56
=============
iteration 866
conflicts 56
=============
iteration 867
conflicts 55
kicked at conflicts 55
=============
iteration 868
conflicts 85
=============
iteration 869
conflicts 72
=============
iteration 870
conflicts 68
=============
iteration 871
conflicts 65
=============
iteration 872
conflicts 62
=============
iteration 873
conflicts 61
=============
iteration 874
conflicts 60
=============
iteration 875
conflicts 59
=============
iteration 876
conflicts 57
=============
iteration 877
conflicts 56
=============
iteration 878
conflicts 56
=============
iteration 879
conflicts 56
=============
iteration 880
conflicts 56
=============
iteration 881
conflicts 55
kicked at conflicts 55
=============
iteration 882
conflicts 93
=============
iteration 883
conflicts 79
=============
iteration 884
conflicts 72
=============
iteration 885
conflicts 69
=============
iteration 886
conflicts 67
=============
iteration 887
conflicts 63
=============
iteration 888
conflicts 61
=============
iteration 889
conflicts 59
=============
iteration 890
conflicts 57
=============
iteration 891
conflicts 56
=============
iteration 892
conflicts 55
kicked at conflicts 55
=============
iteration 893
conflicts 79
=============
iteration 894
conflicts 70
=============
iteration 895
conflicts 67
=============
iteration 896
conflicts 66
=============
iteration 897
conflicts 63
=============
iteration 898
conflicts 62
=============
iteration 899
conflicts 61
=============
iteration 900
conflicts 61
=============
iteration 901
conflicts 60
=============
iteration 902
conflicts 59
=============
iteration 903
conflicts 58
=============
iteration 904
conflicts 57
=============
iteration 905
conflicts 54
=============
iteration 906
conflicts 54
=============
iteration 907
conflicts 54
=============
iteration 908
conflicts 54
=============
iteration 909
conflicts 54
=============
iteration 910
conflicts 54
=============
iteration 911
conflicts 54
=============
iteration 912
conflicts 54
=============
iteration 913
conflicts 54
=============
iteration 914
conflicts 54
=============
iteration 915
conflicts 54
=============
iteration 916
conflicts 54
=============
iteration 917
conflicts 54
=============
iteration 918
conflicts 54
=============
iteration 919
conflicts 54
=============
iteration 920
conflicts 54
=============
iteration 921
conflicts 53
kicked at conflicts 53
=============
iteration 922
conflicts 97
=============
iteration 923
conflicts 85
=============
iteration 924
conflicts 79
=============
iteration 925
conflicts 75
=============
iteration 926
conflicts 71
=============
iteration 927
conflicts 68
=============
iteration 928
conflicts 64
=============
iteration 929
conflicts 56
=============
iteration 930
conflicts 55
=============
iteration 931
conflicts 55
=============
iteration 932
conflicts 55
=============
iteration 933
conflicts 54
=============
iteration 934
conflicts 54
=============
iteration 935
conflicts 54
=============
iteration 936
conflicts 54
=============
iteration 937
conflicts 54
=============
iteration 938
conflicts 54
=============
iteration 939
conflicts 54
=============
iteration 940
conflicts 53
kicked at conflicts 53
=============
iteration 941
conflicts 80
=============
iteration 942
conflicts 73
=============
iteration 943
conflicts 68
=============
iteration 944
conflicts 65
=============
iteration 945
conflicts 62
=============
iteration 946
conflicts 61
=============
iteration 947
conflicts 60
=============
iteration 948
conflicts 59
=============
iteration 949
conflicts 58
=============
iteration 950
conflicts 58
=============
iteration 951
conflicts 57
=============
iteration 952
conflicts 57
=============
iteration 953
conflicts 57
=============
iteration 954
conflicts 57
=============
iteration 955
conflicts 57
=============
iteration 956
conflicts 57
=============
iteration 957
conflicts 57
=============
iteration 958
conflicts 57
=============
iteration 959
conflicts 57
=============
iteration 960
conflicts 56
=============
iteration 961
conflicts 56
=============
iteration 962
conflicts 55
=============
iteration 963
conflicts 55
=============
iteration 964
conflicts 54
=============
iteration 965
conflicts 54
=============
iteration 966
conflicts 54
=============
iteration 967
conflicts 54
=============
iteration 968
conflicts 53
kicked at conflicts 53
=============
iteration 969
conflicts 92
=============
iteration 970
conflicts 85
=============
iteration 971
conflicts 80
=============
iteration 972
conflicts 76
=============
iteration 973
conflicts 72
=============
iteration 974
conflicts 67
=============
iteration 975
conflicts 65
=============
iteration 976
conflicts 63
=============
iteration 977
conflicts 62
=============
iteration 978
conflicts 61
=============
iteration 979
conflicts 59
=============
iteration 980
conflicts 59
=============
iteration 981
conflicts 58
=============
iteration 982
conflicts 56
=============
iteration 983
conflicts 55
=============
iteration 984
conflicts 55
=============
iteration 985
conflicts 54
=============
iteration 986
conflicts 52
=============
iteration 987
conflicts 51
=============
iteration 988
conflicts 51
=============
iteration 989
conflicts 50
=============
iteration 990
conflicts 49
=============
iteration 991
conflicts 49
=============
iteration 992
conflicts 49
=============
iteration 993
conflicts 49
=============
iteration 994
conflicts 49
=============
iteration 995
conflicts 48
kicked at conflicts 48
=============
iteration 996
conflicts 84
=============
iteration 997
conflicts 71
=============
iteration 998
conflicts 64
=============
iteration 999
conflicts 63
=============
iteration 1000
conflicts 60
=============
iteration 1001
conflicts 53
=============
iteration 1002
conflicts 52
=============
iteration 1003
conflicts 52
=============
iteration 1004
conflicts 52
=============
iteration 1005
conflicts 52
=============
iteration 1006
conflicts 52
=============
iteration 1007
conflicts 52
=============
iteration 1008
conflicts 52
=============
iteration 1009
conflicts 52
=============
iteration 1010
conflicts 52
=============
iteration 1011
conflicts 52
=============
iteration 1012
conflicts 52
=============
iteration 1013
conflicts 52
=============
iteration 1014
conflicts 50
=============
iteration 1015
conflicts 48
kicked at conflicts 48
=============
iteration 1016
conflicts 96
=============
iteration 1017
conflicts 83
=============
iteration 1018
conflicts 76
=============
iteration 1019
conflicts 64
=============
iteration 1020
conflicts 61
=============
iteration 1021
conflicts 57
=============
iteration 1022
conflicts 54
=============
iteration 1023
conflicts 50
=============
iteration 1024
conflicts 50
=============
iteration 1025
conflicts 48
=============
iteration 1026
conflicts 47
=============
iteration 1027
conflicts 47
=============
iteration 1028
conflicts 46
=============
iteration 1029
conflicts 46
=============
iteration 1030
conflicts 45
kicked at conflicts 45
=============
iteration 1031
conflicts 90
=============
iteration 1032
conflicts 70
=============
iteration 1033
conflicts 51
=============
iteration 1034
conflicts 50
=============
iteration 1035
conflicts 45
kicked at conflicts 45
=============
iteration 1036
conflicts 94
=============
iteration 1037
conflicts 76
=============
iteration 1038
conflicts 70
=============
iteration 1039
conflicts 67
=============
iteration 1040
conflicts 60
=============
iteration 1041
conflicts 56
=============
iteration 1042
conflicts 55
=============
iteration 1043
conflicts 54
=============
iteration 1044
conflicts 53
=============
iteration 1045
conflicts 53
=============
iteration 1046
conflicts 53
=============
iteration 1047
conflicts 53
=============
iteration 1048
conflicts 52
=============
iteration 1049
conflicts 51
=============
iteration 1050
conflicts 50
=============
iteration 1051
conflicts 50
=============
iteration 1052
conflicts 49
=============
iteration 1053
conflicts 49
=============
iteration 1054
conflicts 48
=============
iteration 1055
conflicts 48
=============
iteration 1056
conflicts 48
=============
iteration 1057
conflicts 48
=============
iteration 1058
conflicts 47
kicked at conflicts 47
=============
iteration 1059
conflicts 96
=============
iteration 1060
conflicts 87
=============
iteration 1061
conflicts 81
=============
iteration 1062
conflicts 74
=============
iteration 1063
conflicts 69
=============
iteration 1064
conflicts 67
=============
iteration 1065
conflicts 62
=============
iteration 1066
conflicts 60
=============
iteration 1067
conflicts 57
=============
iteration 1068
conflicts 56
=============
iteration 1069
conflicts 55
=============
iteration 1070
conflicts 54
=============
iteration 1071
conflicts 54
=============
iteration 1072
conflicts 54
=============
iteration 1073
conflicts 53
=============
iteration 1074
conflicts 52
kicked at conflicts 52
=============
iteration 1075
conflicts 90
=============
iteration 1076
conflicts 83
=============
iteration 1077
conflicts 73
=============
iteration 1078
conflicts 68
=============
iteration 1079
conflicts 63
=============
iteration 1080
conflicts 57
=============
iteration 1081
conflicts 56
=============
iteration 1082
conflicts 55
=============
iteration 1083
conflicts 53
=============
iteration 1084
conflicts 51
=============
iteration 1085
conflicts 49
=============
iteration 1086
conflicts 48
=============
iteration 1087
conflicts 47
=============
iteration 1088
conflicts 46
=============
iteration 1089
conflicts 46
=============
iteration 1090
conflicts 45
=============
iteration 1091
conflicts 43
kicked at conflicts 43
=============
iteration 1092
conflicts 96
=============
iteration 1093
conflicts 83
=============
iteration 1094
conflicts 70
=============
iteration 1095
conflicts 65
=============
iteration 1096
conflicts 61
=============
iteration 1097
conflicts 57
=============
iteration 1098
conflicts 55
=============
iteration 1099
conflicts 49
=============
iteration 1100
conflicts 48
=============
iteration 1101
conflicts 46
=============
iteration 1102
conflicts 46
=============
iteration 1103
conflicts 45
=============
iteration 1104
conflicts 44
=============
iteration 1105
conflicts 44
=============
iteration 1106
conflicts 44
=============
iteration 1107
conflicts 43
kicked at conflicts 43
=============
iteration 1108
conflicts 104
=============
iteration 1109
conflicts 91
=============
iteration 1110
conflicts 76
=============
iteration 1111
conflicts 71
=============
iteration 1112
conflicts 61
=============
iteration 1113
conflicts 58
=============
iteration 1114
conflicts 55
=============
iteration 1115
conflicts 54
=============
iteration 1116
conflicts 53
=============
iteration 1117
conflicts 52
=============
iteration 1118
conflicts 52
=============
iteration 1119
conflicts 51
=============
iteration 1120
conflicts 51
=============
iteration 1121
conflicts 51
=============
iteration 1122
conflicts 51
=============
iteration 1123
conflicts 51
=============
iteration 1124
conflicts 51
=============
iteration 1125
conflicts 51
=============
iteration 1126
conflicts 51
=============
iteration 1127
conflicts 51
=============
iteration 1128
conflicts 51
=============
iteration 1129
conflicts 51
=============
iteration 1130
conflicts 51
=============
iteration 1131
conflicts 51
=============
iteration 1132
conflicts 45
kicked at conflicts 45
=============
iteration 1133
conflicts 90
=============
iteration 1134
conflicts 80
=============
iteration 1135
conflicts 63
=============
iteration 1136
conflicts 60
=============
iteration 1137
conflicts 57
=============
iteration 1138
conflicts 53
=============
iteration 1139
conflicts 51
=============
iteration 1140
conflicts 51
=============
iteration 1141
conflicts 50
=============
iteration 1142
conflicts 49
=============
iteration 1143
conflicts 49
=============
iteration 1144
conflicts 49
=============
iteration 1145
conflicts 49
=============
iteration 1146
conflicts 49
=============
iteration 1147
conflicts 49
kicked at conflicts 49
=============
iteration 1148
conflicts 64
=============
iteration 1149
conflicts 61
=============
iteration 1150
conflicts 57
=============
iteration 1151
conflicts 55
=============
iteration 1152
conflicts 54
=============
iteration 1153
conflicts 52
=============
iteration 1154
conflicts 51
=============
iteration 1155
conflicts 51
=============
iteration 1156
conflicts 51
=============
iteration 1157
conflicts 51
=============
iteration 1158
conflicts 50
=============
iteration 1159
conflicts 50
=============
iteration 1160
conflicts 50
=============
iteration 1161
conflicts 49
=============
iteration 1162
conflicts 49
=============
iteration 1163
conflicts 49
=============
iteration 1164
conflicts 47
kicked at conflicts 47
=============
iteration 1165
conflicts 91
=============
iteration 1166
conflicts 78
=============
iteration 1167
conflicts 72
=============
iteration 1168
conflicts 68
=============
iteration 1169
conflicts 61
=============
iteration 1170
conflicts 57
=============
iteration 1171
conflicts 56
=============
iteration 1172
conflicts 50
=============
iteration 1173
conflicts 50
=============
iteration 1174
conflicts 49
=============
iteration 1175
conflicts 49
=============
iteration 1176
conflicts 49
=============
iteration 1177
conflicts 49
=============
iteration 1178
conflicts 49
=============
iteration 1179
conflicts 49
=============
iteration 1180
conflicts 49
=============
iteration 1181
conflicts 49
=============
iteration 1182
conflicts 46
kicked at conflicts 46
=============
iteration 1183
conflicts 89
=============
iteration 1184
conflicts 81
=============
iteration 1185
conflicts 74
=============
iteration 1186
conflicts 70
=============
iteration 1187
conflicts 66
=============
iteration 1188
conflicts 62
=============
iteration 1189
conflicts 59
=============
iteration 1190
conflicts 56
=============
iteration 1191
conflicts 50
=============
iteration 1192
conflicts 48
=============
iteration 1193
conflicts 47
=============
iteration 1194
conflicts 46
=============
iteration 1195
conflicts 46
=============
iteration 1196
conflicts 45
kicked at conflicts 45
=============
iteration 1197
conflicts 105
=============
iteration 1198
conflicts 93
=============
iteration 1199
conflicts 75
=============
iteration 1200
conflicts 68
=============
iteration 1201
conflicts 53
=============
iteration 1202
conflicts 50
=============
iteration 1203
conflicts 49
=============
iteration 1204
conflicts 49
=============
iteration 1205
conflicts 49
=============
iteration 1206
conflicts 48
=============
iteration 1207
conflicts 47
=============
iteration 1208
conflicts 47
=============
iteration 1209
conflicts 46
=============
iteration 1210
conflicts 46
=============
iteration 1211
conflicts 46
=============
iteration 1212
conflicts 46
=============
iteration 1213
conflicts 46
=============
iteration 1214
conflicts 46
=============
iteration 1215
conflicts 46
=============
iteration 1216
conflicts 46
=============
iteration 1217
conflicts 46
kicked at conflicts 46
=============
iteration 1218
conflicts 87
=============
iteration 1219
conflicts 77
=============
iteration 1220
conflicts 67
=============
iteration 1221
conflicts 63
=============
iteration 1222
conflicts 57
=============
iteration 1223
conflicts 55
=============
iteration 1224
conflicts 54
=============
iteration 1225
conflicts 53
=============
iteration 1226
conflicts 52
=============
iteration 1227
conflicts 49
=============
iteration 1228
conflicts 48
=============
iteration 1229
conflicts 48
=============
iteration 1230
conflicts 47
=============
iteration 1231
conflicts 46
=============
iteration 1232
conflicts 45
=============
iteration 1233
conflicts 44
=============
iteration 1234
conflicts 44
=============
iteration 1235
conflicts 44
=============
iteration 1236
conflicts 44
=============
iteration 1237
conflicts 44
=============
iteration 1238
conflicts 43
kicked at conflicts 43
=============
iteration 1239
conflicts 84
=============
iteration 1240
conflicts 72
=============
iteration 1241
conflicts 64
=============
iteration 1242
conflicts 60
=============
iteration 1243
conflicts 57
=============
iteration 1244
conflicts 54
=============
iteration 1245
conflicts 49
=============
iteration 1246
conflicts 48
=============
iteration 1247
conflicts 48
=============
iteration 1248
conflicts 47
=============
iteration 1249
conflicts 45
kicked at conflicts 45
=============
iteration 1250
conflicts 63
=============
iteration 1251
conflicts 57
=============
iteration 1252
conflicts 50
=============
iteration 1253
conflicts 46
=============
iteration 1254
conflicts 46
=============
iteration 1255
conflicts 45
kicked at conflicts 45
=============
iteration 1256
conflicts 90
=============
iteration 1257
conflicts 81
=============
iteration 1258
conflicts 71
=============
iteration 1259
conflicts 69
=============
iteration 1260
conflicts 64
=============
iteration 1261
conflicts 61
=============
iteration 1262
conflicts 60
=============
iteration 1263
conflicts 58
=============
iteration 1264
conflicts 57
=============
iteration 1265
conflicts 56
=============
iteration 1266
conflicts 54
=============
iteration 1267
conflicts 52
=============
iteration 1268
conflicts 52
=============
iteration 1269
conflicts 52
=============
iteration 1270
conflicts 52
=============
iteration 1271
conflicts 52
=============
iteration 1272
conflicts 51
=============
iteration 1273
conflicts 51
=============
iteration 1274
conflicts 50
=============
iteration 1275
conflicts 50
=============
iteration 1276
conflicts 49
=============
iteration 1277
conflicts 47
=============
iteration 1278
conflicts 47
=============
iteration 1279
conflicts 46
kicked at conflicts 46
=============
iteration 1280
conflicts 98
=============
iteration 1281
conflicts 87
=============
iteration 1282
conflicts 74
=============
iteration 1283
conflicts 70
=============
iteration 1284
conflicts 65
=============
iteration 1285
conflicts 62
=============
iteration 1286
conflicts 59
=============
iteration 1287
conflicts 58
=============
iteration 1288
conflicts 58
=============
iteration 1289
conflicts 56
=============
iteration 1290
conflicts 55
=============
iteration 1291
conflicts 53
=============
iteration 1292
conflicts 52
=============
iteration 1293
conflicts 51
=============
iteration 1294
conflicts 49
=============
iteration 1295
conflicts 49
=============
iteration 1296
conflicts 48
=============
iteration 1297
conflicts 48
=============
iteration 1298
conflicts 48
=============
iteration 1299
conflicts 46
=============
iteration 1300
conflicts 46
=============
iteration 1301
conflicts 46
=============
iteration 1302
conflicts 45
kicked at conflicts 45
=============
iteration 1303
conflicts 72
=============
iteration 1304
conflicts 58
=============
iteration 1305
conflicts 55
=============
iteration 1306
conflicts 52
=============
iteration 1307
conflicts 51
=============
iteration 1308
conflicts 49
=============
iteration 1309
conflicts 48
=============
iteration 1310
conflicts 48
=============
iteration 1311
conflicts 47
=============
iteration 1312
conflicts 46
kicked at conflicts 46
=============
iteration 1313
conflicts 77
=============
iteration 1314
conflicts 65
=============
iteration 1315
conflicts 62
=============
iteration 1316
conflicts 55
=============
iteration 1317
conflicts 54
=============
iteration 1318
conflicts 53
=============
iteration 1319
conflicts 52
=============
iteration 1320
conflicts 51
=============
iteration 1321
conflicts 51
=============
iteration 1322
conflicts 50
=============
iteration 1323
conflicts 50
=============
iteration 1324
conflicts 49
=============
iteration 1325
conflicts 49
=============
iteration 1326
conflicts 49
=============
iteration 1327
conflicts 49
=============
iteration 1328
conflicts 48
=============
iteration 1329
conflicts 48
=============
iteration 1330
conflicts 48
=============
iteration 1331
conflicts 48
=============
iteration 1332
conflicts 48
=============
iteration 1333
conflicts 48
=============
iteration 1334
conflicts 47
=============
iteration 1335
conflicts 47
=============
iteration 1336
conflicts 47
=============
iteration 1337
conflicts 47
=============
iteration 1338
conflicts 47
=============
iteration 1339
conflicts 47
=============
iteration 1340
conflicts 47
=============
iteration 1341
conflicts 47
=============
iteration 1342
conflicts 47
=============
iteration 1343
conflicts 47
=============
iteration 1344
conflicts 47
=============
iteration 1345
conflicts 47
=============
iteration 1346
conflicts 47
=============
iteration 1347
conflicts 47
=============
iteration 1348
conflicts 46
=============
iteration 1349
conflicts 46
=============
iteration 1350
conflicts 46
=============
iteration 1351
conflicts 46
=============
iteration 1352
conflicts 46
=============
iteration 1353
conflicts 46
=============