=============
iteration 0
conflicts 160
=============
iteration 1
conflicts 150
=============
iteration 2
conflicts 142
=============
iteration 3
conflicts 135
=============
iteration 4
conflicts 128
=============
iteration 5
conflicts 124
=============
iteration 6
conflicts 119
=============
iteration 7
conflicts 115
=============
iteration 8
conflicts 112
=============
iteration 9
conflicts 109
=============
iteration 10
conflicts 108
=============
iteration 11
conflicts 107
=============
iteration 12
conflicts 104
=============
iteration 13
conflicts 103
=============
iteration 14
conflicts 102
=============
iteration 15
conflicts 101
=============
iteration 16
conflicts 100
=============
iteration 17
conflicts 100
=============
iteration 18
conflicts 100
=============
iteration 19
conflicts 99
=============
iteration 20
conflicts 97
=============
iteration 21
conflicts 96
=============
iteration 22
conflicts 95
=============
iteration 23
conflicts 95
=============
iteration 24
conflicts 95
=============
iteration 25
conflicts 95
=============
iteration 26
conflicts 95
=============
iteration 27
conflicts 95
=============
iteration 28
conflicts 95
=============
iteration 29
conflicts 95
=============
iteration 30
conflicts 95
=============
iteration 31
conflicts 94
=============
iteration 32
conflicts 93
=============
iteration 33
conflicts 92
=============
iteration 34
conflicts 91
=============
iteration 35
conflicts 91
=============
iteration 36
conflicts 90
=============
iteration 37
conflicts 90
=============
iteration 38
conflicts 90
=============
iteration 39
conflicts 90
=============
iteration 40
conflicts 90
=============
iteration 41
conflicts 90
=============
iteration 42
conflicts 89
=============
iteration 43
conflicts 89
=============
iteration 44
conflicts 88
=============
iteration 45
conflicts 87
kicked at conflicts 87
=============
iteration 46
conflicts 115
=============
iteration 47
conflicts 109
=============
iteration 48
conflicts 107
=============
iteration 49
conflicts 104
=============
iteration 50
conflicts 101
=============
iteration 51
conflicts 101
=============
iteration 52
conflicts 101
=============
iteration 53
conflicts 101
=============
iteration 54
conflicts 100
=============
iteration 55
conflicts 100
=============
iteration 56
conflicts 100
=============
iteration 57
conflicts 100
=============
iteration 58
conflicts 100
=============
iteration 59
conflicts 100
=============
iteration 60
conflicts 100
=============
iteration 61
conflicts 100
=============
iteration 62
conflicts 100
=============
iteration 63
conflicts 100
=============
iteration 64
conflicts 99
kicked at conflicts 99
=============
iteration 65
conflicts 120
=============
iteration 66
conflicts 113
=============
iteration 67
conflicts 108
=============
iteration 68
conflicts 105
=============
iteration 69
conflicts 102
=============
iteration 70
conflicts 100
=============
iteration 71
conflicts 98
=============
iteration 72
conflicts 97
=============
iteration 73
conflicts 96
=============
iteration 74
conflicts 95
=============
iteration 75
conflicts 95
=============
iteration 76
conflicts 93
=============
iteration 77
conflicts 93
=============
iteration 78
conflicts 92
kicked at conflicts 92
=============
iteration 79
conflicts 136
=============
iteration 80
conflicts 122
=============
iteration 81
conflicts 116
=============
iteration 82
conflicts 111
=============
iteration 83
conflicts 103
=============
iteration 84
conflicts 94
=============
iteration 85
conflicts 94
=============
iteration 86
conflicts 93
=============
iteration 87
conflicts 93
=============
iteration 88
conflicts 93
=============
iteration 89
conflicts 93
=============
iteration 90
conflicts 93
=============
iteration 91
conflicts 93
=============
iteration 92
conflicts 92
=============
iteration 93
conflicts 92
=============
iteration 94
conflicts 92
=============
iteration 95
conflicts 92
=============
iteration 96
conflicts 91
=============
iteration 97
conflicts 91
=============
iteration 98
conflicts 90
kicked at conflicts 90
=============
iteration 99
conflicts 103
=============
iteration 100
conflicts 99
=============
iteration 101
conflicts 97
=============
iteration 102
conflicts 93
=============
iteration 103
conflicts 92
=============
iteration 104
conflicts 89
=============
iteration 105
conflicts 86
=============
iteration 106
conflicts 86
=============
iteration 107
conflicts 86
=============
iteration 108
conflicts 86
=============
iteration 109
conflicts 86
=============
iteration 110
conflicts 86
=============
iteration 111
conflicts 83
kicked at conflicts 83
=============
iteration 112
conflicts 111
=============
iteration 113
conflicts 107
=============
iteration 114
conflicts 105
=============
iteration 115
conflicts 104
=============
iteration 116
conflicts 103
=============
iteration 117
conflicts 102
=============
iteration 118
conflicts 101
=============
iteration 119
conflicts 100
=============
iteration 120
conflicts 98
=============
iteration 121
conflicts 97
=============
iteration 122
conflicts 97
=============
iteration 123
conflicts 96
=============
iteration 124
conflicts 92
=============
iteration 125
conflicts 92
=============
iteration 126
conflicts 92
=============
iteration 127
conflicts 92
=============
iteration 128
conflicts 92
=============
iteration 129
conflicts 92
=============
iteration 130
conflicts 92
=============
iteration 131
conflicts 92
=============
iteration 132
conflicts 92
=============
iteration 133
conflicts 92
=============
iteration 134
conflicts 92
=============
iteration 135
conflicts 92
=============
iteration 136
conflicts 92
=============
iteration 137
conflicts 91
=============
iteration 138
conflicts 91
=============
iteration 139
conflicts 91
=============
iteration 140
conflicts 91
=============
iteration 141
conflicts 91
=============
iteration 142
conflicts 91
=============
iteration 143
conflicts 91
=============
iteration 144
conflicts 91
=============
iteration 145
conflicts 91
=============
iteration 146
conflicts 91
=============
iteration 147
conflicts 90
kicked at conflicts 90
=============
iteration 148
conflicts 125
=============
iteration 149
conflicts 119
=============
iteration 150
conflicts 111
=============
iteration 151
conflicts 100
=============
iteration 152
conflicts 97
=============
iteration 153
conflicts 94
=============
iteration 154
conflicts 92
=============
iteration 155
conflicts 90
=============
iteration 156
conflicts 88
=============
iteration 157
conflicts 87
=============
iteration 158
conflicts 86
kicked at conflicts 86
=============
iteration 159
conflicts 109
=============
iteration 160
conflicts 102
=============
iteration 161
conflicts 98
=============
iteration 162
conflicts 94
=============
iteration 163
conflicts 92
=============
iteration 164
conflicts 91
=============
iteration 165
conflicts 91
=============
iteration 166
conflicts 90
=============
iteration 167
conflicts 90
=============
iteration 168
conflicts 90
=============
iteration 169
conflicts 88
kicked at conflicts 88
=============
iteration 170
conflicts 107
=============
iteration 171
conflicts 102
=============
iteration 172
conflicts 97
=============
iteration 173
conflicts 96
=============
iteration 174
conflicts 95
=============
iteration 175
conflicts 91
=============
iteration 176
conflicts 89
=============
iteration 177
conflicts 88
=============
iteration 178
conflicts 86
=============
iteration 179
conflicts 85
=============
iteration 180
conflicts 84
=============
iteration 181
conflicts 84
=============
iteration 182
conflicts 84
=============
iteration 183
conflicts 84
=============
iteration 184
conflicts 83
=============
iteration 185
conflicts 83
=============
iteration 186
conflicts 83
=============
iteration 187
conflicts 83
=============
iteration 188
conflicts 82
=============
iteration 189
conflicts 82
=============
iteration 190
conflicts 82
=============
iteration 191
conflicts 81
=============
iteration 192
conflicts 81
kicked at conflicts 81
=============
iteration 193
conflicts 104
=============
iteration 194
conflicts 97
=============
iteration 195
conflicts 94
=============
iteration 196
conflicts 92
=============
iteration 197
conflicts 90
=============
iteration 198
conflicts 88
=============
iteration 199
conflicts 87
=============
iteration 200
conflicts 87
=============
iteration 201
conflicts 86
=============
iteration 202
conflicts 86
=============
iteration 203
conflicts 86
=============
iteration 204
conflicts 86
=============
iteration 205
conflicts 85
=============
iteration 206
conflicts 85
=============
iteration 207
conflicts 85
=============
iteration 208
conflicts 85
=============
iteration 209
conflicts 85
=============
iteration 210
conflicts 85
=============
iteration 211
conflicts 85
=============
iteration 212
conflicts 85
=============
iteration 213
conflicts 85
=============
iteration 214
conflicts 85
=============
iteration 215
conflicts 84
=============
iteration 216
conflicts 84
=============
iteration 217
conflicts 84
=============
iteration 218
conflicts 83
=============
iteration 219
conflicts 83
=============
iteration 220
conflicts 83
=============
iteration 221
conflicts 83
=============
iteration 222
conflicts 82
=============
iteration 223
conflicts 82
=============
iteration 224
conflicts 82
=============
iteration 225
conflicts 82
=============
iteration 226
conflicts 82
=============
iteration 227
conflicts 82
=============
iteration 228
conflicts 82
=============
iteration 229
conflicts 82
=============
iteration 230
conflicts 81
kicked at conflicts 81
=============
iteration 231
conflicts 123
=============
iteration 232
conflicts 115
=============
iteration 233
conflicts 105
=============
iteration 234
conflicts 100
=============
iteration 235
conflicts 97
=============
iteration 236
conflicts 94
=============
iteration 237
conflicts 84
=============
iteration 238
conflicts 81
=============
iteration 239
conflicts 81
=============
iteration 240
conflicts 81
=============
iteration 241
conflicts 81
=============
iteration 242
conflicts 81
=============
iteration 243
conflicts 81
=============
iteration 244
conflicts 81
=============
iteration 245
conflicts 80
=============
iteration 246
conflicts 79
kicked at conflicts 79
=============
iteration 247
conflicts 105
=============
iteration 248
conflicts 102
=============
iteration 249
conflicts 100
=============
iteration 250
conflicts 98
=============
iteration 251
conflicts 97
=============
iteration 252
conflicts 94
=============
iteration 253
conflicts 93
=============
iteration 254
conflicts 92
=============
iteration 255
conflicts 92
=============
iteration 256
conflicts 92
=============
iteration 257
conflicts 92
=============
iteration 258
conflicts 92
=============
iteration 259
conflicts 87
=============
iteration 260
conflicts 87
=============
iteration 261
conflicts 85
=============
iteration 262
conflicts 84
=============
iteration 263
conflicts 84
=============
iteration 264
conflicts 84
=============
iteration 265
conflicts 84
=============
iteration 266
conflicts 83
=============
iteration 267
conflicts 83
=============
iteration 268
conflicts 83
=============
iteration 269
conflicts 83
=============
iteration 270
conflicts 83
=============
iteration 271
conflicts 82
=============
iteration 272
conflicts 82
=============
iteration 273
conflicts 82
=============
iteration 274
conflicts 82
=============
iteration 275
conflicts 82
=============
iteration 276
conflicts 82
=============
iteration 277
conflicts 82
=============
iteration 278
conflicts 82
=============
iteration 279
conflicts 82
=============
iteration 280
conflicts 81
kicked at conflicts 81
=============
iteration 281
conflicts 119
=============
iteration 282
conflicts 104
=============
iteration 283
conflicts 97
=============
iteration 284
conflicts 92
=============
iteration 285
conflicts 90
=============
iteration 286
conflicts 88
=============
iteration 287
conflicts 87
=============
iteration 288
conflicts 86
=============
iteration 289
conflicts 85
=============
iteration 290
conflicts 84
=============
iteration 291
conflicts 83
=============
iteration 292
conflicts 82
=============
iteration 293
conflicts 82
=============
iteration 294
conflicts 82
=============
iteration 295
conflicts 82
=============
iteration 296
conflicts 82
=============
iteration 297
conflicts 81
=============
iteration 298
conflicts 81
=============
iteration 299
conflicts 81
=============
iteration 300
conflicts 81
=============
iteration 301
conflicts 80
kicked at conflicts 80
=============
iteration 302
conflicts 123
=============
iteration 303
conflicts 113
=============
iteration 304
conflicts 101
=============
iteration 305
conflicts 99
=============
iteration 306
conflicts 95
=============
iteration 307
conflicts 91
=============
iteration 308
conflicts 90
=============
iteration 309
conflicts 89
=============
iteration 310
conflicts 86
=============
iteration 311
conflicts 85
=============
iteration 312
conflicts 84
=============
iteration 313
conflicts 84
=============
iteration 314
conflicts 84
=============
iteration 315
conflicts 82
=============
iteration 316
conflicts 82
=============
iteration 317
conflicts 82
=============
iteration 318
conflicts 82
=============
iteration 319
conflicts 82
=============
iteration 320
conflicts 82
=============
iteration 321
conflicts 81
kicked at conflicts 81
=============
iteration 322
conflicts 105
=============
iteration 323
conflicts 102
=============
iteration 324
conflicts 92
=============
iteration 325
conflicts 83
=============
iteration 326
conflicts 82
=============
iteration 327
conflicts 82
=============
iteration 328
conflicts 82
=============
iteration 329
conflicts 82
=============
iteration 330
conflicts 82
=============
iteration 331
conflicts 82
=============
iteration 332
conflicts 82
=============
iteration 333
conflicts 81
=============
iteration 334
conflicts 81
=============
iteration 335
conflicts 80
kicked at conflicts 80
=============
iteration 336
conflicts 113
=============
iteration 337
conflicts 103
=============
iteration 338
conflicts 97
=============
iteration 339
conflicts 94
=============
iteration 340
conflicts 92
=============
iteration 341
conflicts 92
=============
iteration 342
conflicts 92
=============
iteration 343
conflicts 92
=============
iteration 344
conflicts 91
=============
iteration 345
conflicts 91
=============
iteration 346
conflicts 87
=============
iteration 347
conflicts 87
=============
iteration 348
conflicts 85
=============
iteration 349
conflicts 85
=============
iteration 350
conflicts 85
=============
iteration 351
conflicts 85
=============
iteration 352
conflicts 85
=============
iteration 353
conflicts 84
=============
iteration 354
conflicts 83
kicked at conflicts 83
=============
iteration 355
conflicts 106
=============
iteration 356
conflicts 99
=============
iteration 357
conflicts 92
=============
iteration 358
conflicts 91
=============
iteration 359
conflicts 89
=============
iteration 360
conflicts 88
=============
iteration 361
conflicts 87
=============
iteration 362
conflicts 86
=============
iteration 363
conflicts 86
=============
iteration 364
conflicts 85
=============
iteration 365
conflicts 85
=============
iteration 366
conflicts 85
=============
iteration 367
conflicts 84
=============
iteration 368
conflicts 83
kicked at conflicts 83
=============
iteration 369
conflicts 115
=============
iteration 370
conflicts 108
=============
iteration 371
conflicts 100
=============
iteration 372
conflicts 96
=============
iteration 373
conflicts 94
=============
iteration 374
conflicts 89
=============
iteration 375
conflicts 88
=============
iteration 376
conflicts 88
=============
iteration 377
conflicts 88
=============
iteration 378
conflicts 88
=============
iteration 379
conflicts 86
=============
iteration 380
conflicts 81
=============
iteration 381
conflicts 80
=============
iteration 382
conflicts 80
=============
iteration 383
conflicts 80
=============
iteration 384
conflicts 80
=============
iteration 385
conflicts 80
=============
iteration 386
conflicts 80
=============
iteration 387
conflicts 79
=============
iteration 388
conflicts 79
=============
iteration 389
conflicts 79
=============
iteration 390
conflicts 79
=============
iteration 391
conflicts 79
=============
iteration 392
conflicts 79
=============
iteration 393
conflicts 79
=============
iteration 394
conflicts 79
=============
iteration 395
conflicts 79
=============
iteration 396
conflicts 79
=============
iteration 397
conflicts 79
=============
iteration 398
conflicts 78
=============
iteration 399
conflicts 78
=============
iteration 400
conflicts 78
=============
iteration 401
conflicts 78
=============
iteration 402
conflicts 77
kicked at conflicts 77
=============
iteration 403
conflicts 112
=============
iteration 404
conflicts 98
=============
iteration 405
conflicts 92
=============
iteration 406
conflicts 91
=============
iteration 407
conflicts 89
=============
iteration 408
conflicts 87
=============
iteration 409
conflicts 85
=============
iteration 410
conflicts 84
=============
iteration 411
conflicts 82
=============
iteration 412
conflicts 82
=============
iteration 413
conflicts 82
=============
iteration 414
conflicts 82
=============
iteration 415
conflicts 81
=============
iteration 416
conflicts 80
kicked at conflicts 80
=============
iteration 417
conflicts 116
=============
iteration 418
conflicts 105
=============
iteration 419
conflicts 102
=============
iteration 420
conflicts 100
=============
iteration 421
conflicts 96
=============
iteration 422
conflicts 95
=============
iteration 423
conflicts 93
=============
iteration 424
conflicts 93
=============
iteration 425
conflicts 93
=============
iteration 426
conflicts 93
=============
iteration 427
conflicts 92
=============
iteration 428
conflicts 92
=============
iteration 429
conflicts 92
=============
iteration 430
conflicts 92
=============
iteration 431
conflicts 92
=============
iteration 432
conflicts 92
=============
iteration 433
conflicts 92
=============
iteration 434
conflicts 92
=============
iteration 435
conflicts 92
=============
iteration 436
conflicts 92
=============
iteration 437
conflicts 91
=============
iteration 438
conflicts 91
=============
iteration 439
conflicts 91
=============
iteration 440
conflicts 90
=============
iteration 441
conflicts 89
kicked at conflicts 89
=============
iteration 442
conflicts 118
=============
iteration 443
conflicts 105
=============
iteration 444
conflicts 98
=============
iteration 445
conflicts 95
=============
iteration 446
conflicts 93
=============
iteration 447
conflicts 91
=============
iteration 448
conflicts 90
=============
iteration 449
conflicts 89
=============
iteration 450
conflicts 88
=============
iteration 451
conflicts 87
=============
iteration 452
conflicts 87
=============
iteration 453
conflicts 86
kicked at conflicts 86
=============
iteration 454
conflicts 115
=============
iteration 455
conflicts 107
=============
iteration 456
conflicts 101
=============
iteration 457
conflicts 96
=============
iteration 458
conflicts 95
=============
iteration 459
conflicts 93
=============
iteration 460
conflicts 92
=============
iteration 461
conflicts 91
=============
iteration 462
conflicts 90
=============
iteration 463
conflicts 89
=============
iteration 464
conflicts 88
=============
iteration 465
conflicts 88
=============
iteration 466
conflicts 87
=============
iteration 467
conflicts 86
kicked at conflicts 86
=============
iteration 468
conflicts 115
=============
iteration 469
conflicts 105
=============
iteration 470
conflicts 103
=============
iteration 471
conflicts 95
=============
iteration 472
conflicts 92
=============
iteration 473
conflicts 92
=============
iteration 474
conflicts 91
=============
iteration 475
conflicts 90
=============
iteration 476
conflicts 89
=============
iteration 477
conflicts 88
=============
iteration 478
conflicts 88
=============
iteration 479
conflicts 88
=============
iteration 480
conflicts 86
=============
iteration 481
conflicts 86
=============
iteration 482
conflicts 85
=============
iteration 483
conflicts 85
kicked at conflicts 85
=============
iteration 484
conflicts 117
=============
iteration 485
conflicts 110
=============
iteration 486
conflicts 102
=============
iteration 487
conflicts 98
=============
iteration 488
conflicts 95
=============
iteration 489
conflicts 92
=============
iteration 490
conflicts 92
=============
iteration 491
conflicts 92
=============
iteration 492
conflicts 91
=============
iteration 493
conflicts 90
=============
iteration 494
conflicts 89
=============
iteration 495
conflicts 88
=============
iteration 496
conflicts 88
=============
iteration 497
conflicts 85
=============
iteration 498
conflicts 82
=============
iteration 499
conflicts 82
=============
iteration 500
conflicts 82
=============
iteration 501
conflicts 82
=============
iteration 502
conflicts 81
kicked at conflicts 81
=============
iteration 503
conflicts 121
=============
iteration 504
conflicts 113
=============
iteration 505
conflicts 108
=============
iteration 506
conflicts 104
=============
iteration 507
conflicts 97
=============
iteration 508
conflicts 96
=============
iteration 509
conflicts 95
=============
iteration 510
conflicts 94
=============
iteration 511
conflicts 93
=============
iteration 512
conflicts 92
=============
iteration 513
conflicts 90
=============
iteration 514
conflicts 89
=============
iteration 515
conflicts 89
=============
iteration 516
conflicts 88
=============
iteration 517
conflicts 87
=============
iteration 518
conflicts 87
=============
iteration 519
conflicts 86
=============
iteration 520
conflicts 86
=============
iteration 521
conflicts 85
=============
iteration 522
conflicts 85
=============
iteration 523
conflicts 85
=============
iteration 524
conflicts 85
=============
iteration 525
conflicts 84
=============
iteration 526
conflicts 82
=============
iteration 527
conflicts 81
=============
iteration 528
conflicts 81
=============
iteration 529
conflicts 81
=============
iteration 530
conflicts 81
=============
iteration 531
conflicts 81
=============
iteration 532
conflicts 81
=============
iteration 533
conflicts 81
=============
iteration 534
conflicts 81
=============
iteration 535
conflicts 79
kicked at conflicts 79
=============
iteration 536
conflicts 108
=============
iteration 537
conflicts 103
=============
iteration 538
conflicts 89
=============
iteration 539
conflicts 87
=============
iteration 540
conflicts 84
=============
iteration 541
conflicts 83
=============
iteration 542
conflicts 82
=============
iteration 543
conflicts 80
=============
iteration 544
conflicts 79
=============
iteration 545
conflicts 78
=============
iteration 546
conflicts 77
=============
iteration 547
conflicts 76
kicked at conflicts 76
=============
iteration 548
conflicts 93
=============
iteration 549
conflicts 89
=============
iteration 550
conflicts 86
=============
iteration 551
conflicts 82
=============
iteration 552
conflicts 80
=============
iteration 553
conflicts 78
=============
iteration 554
conflicts 77
=============
iteration 555
conflicts 76
=============
iteration 556
conflicts 75
=============
iteration 557
conflicts 75
=============
iteration 558
conflicts 74
=============
iteration 559
conflicts 71
=============
iteration 560
conflicts 71
=============
iteration 561
conflicts 70
=============
iteration 562
conflicts 70
=============
iteration 563
conflicts 69
=============
iteration 564
conflicts 67
=============
iteration 565
conflicts 67
=============
iteration 566
conflicts 67
kicked at conflicts 67
=============
iteration 567
conflicts 101
=============
iteration 568
conflicts 87
=============
iteration 569
conflicts 82
=============
iteration 570
conflicts 77
=============
iteration 571
conflicts 76
=============
iteration 572
conflicts 70
=============
iteration 573
conflicts 69
=============
iteration 574
conflicts 69
=============
iteration 575
conflicts 68
=============
iteration 576
conflicts 68
=============
iteration 577
conflicts 67
=============
iteration 578
conflicts 65
=============
iteration 579
conflicts 64
=============
iteration 580
conflicts 63
=============
iteration 581
conflicts 62
=============
iteration 582
conflicts 62
=============
iteration 583
conflicts 62
=============
iteration 584
conflicts 61
kicked at conflicts 61
=============
iteration 585
conflicts 96
=============
iteration 586
conflicts 92
=============
iteration 587
conflicts 89
=============
iteration 588
conflicts 85
=============
iteration 589
conflicts 82
=============
iteration 590
conflicts 80
=============
iteration 591
conflicts 78
=============
iteration 592
conflicts 76
=============
iteration 593
conflicts 76
=============
iteration 594
conflicts 70
=============
iteration 595
conflicts 70
=============
iteration 596
conflicts 70
=============
iteration 597
conflicts 70
=============
iteration 598
conflicts 70
=============
iteration 599
conflicts 70
=============
iteration 600
conflicts 69
=============
iteration 601
conflicts 68
=============
iteration 602
conflicts 66
=============
iteration 603
conflicts 66
=============
iteration 604
conflicts 65
=============
iteration 605
conflicts 64
kicked at conflicts 64
=============
iteration 606
conflicts 114
=============
iteration 607
conflicts 97
=============
iteration 608
conflicts 91
=============
iteration 609
conflicts 81
=============
iteration 610
conflicts 76
=============
iteration 611
conflicts 75
=============
iteration 612
conflicts 75
=============
iteration 613
conflicts 74
=============
iteration 614
conflicts 74
=============
iteration 615
conflicts 73
=============
iteration 616
conflicts 72
=============
iteration 617
conflicts 69
=============
iteration 618
conflicts 69
=============
iteration 619
conflicts 68
=============
iteration 620
conflicts 68
=============
iteration 621
conflicts 67
=============
iteration 622
conflicts 67
=============
iteration 623
conflicts 67
=============
iteration 624
conflicts 67
=============
iteration 625
conflicts 66
=============
iteration 626
conflicts 66
=============
iteration 627
conflicts 66
=============
iteration 628
conflicts 66
=============
iteration 629
conflicts 65
=============
iteration 630
conflicts 65
=============
iteration 631
conflicts 65
=============
iteration 632
conflicts 64
=============
iteration 633
conflicts 64
=============
iteration 634
conflicts 62
kicked at conflicts 62
=============
iteration 635
conflicts 108
=============
iteration 636
conflicts 99
=============
iteration 637
conflicts 93
=============
iteration 638
conflicts 88
=============
iteration 639
conflicts 84
=============
iteration 640
conflicts 81
=============
iteration 641
conflicts 79
=============
iteration 642
conflicts 78
=============
iteration 643
conflicts 77
=============
iteration 644
conflicts 70
=============
iteration 645
conflicts 70
=============
iteration 646
conflicts 64
=============
iteration 647
conflicts 63
kicked at conflicts 63
=============
iteration 648
conflicts 104
=============
iteration 649
conflicts 100
=============
iteration 650
conflicts 97
=============
iteration 651
conflicts 94
=============
iteration 652
conflicts 90
=============
iteration 653
conflicts 88
=============
iteration 654
conflicts 86
=============
iteration 655
conflicts 84
=============
iteration 656
conflicts 82
=============
iteration 657
conflicts 80
=============
iteration 658
conflicts 79
=============
iteration 659
conflicts 77
=============
iteration 660
conflicts 76
=============
iteration 661
conflicts 76
=============
iteration 662
conflicts 75
=============
iteration 663
conflicts 74
=============
iteration 664
conflicts 74
=============
iteration 665
conflicts 73
=============
iteration 666
conflicts 72
=============
iteration 667
conflicts 71
=============
iteration 668
conflicts 71
=============
iteration 669
conflicts 71
=============
iteration 670
conflicts 69
kicked at conflicts 69
=============
iteration 671
conflicts 109
=============
iteration 672
conflicts 104
=============
iteration 673
conflicts 98
=============
iteration 674
conflicts 85
=============
iteration 675
conflicts 83
=============
iteration 676
conflicts 81
=============
iteration 677
conflicts 78
=============
iteration 678
conflicts 77
=============
iteration 679
conflicts 77
=============
iteration 680
conflicts 77
=============
iteration 681
conflicts 74
=============
iteration 682
conflicts 73
=============
iteration 683
conflicts 73
=============
iteration 684
conflicts 72
kicked at conflicts 72
=============
iteration 685
conflicts 115
=============
iteration 686
conflicts 109
=============
iteration 687
conflicts 102
=============
iteration 688
conflicts 96
=============
iteration 689
conflicts 90
=============
iteration 690
conflicts 83
=============
iteration 691
conflicts 80
=============
iteration 692
conflicts 79
=============
iteration 693
conflicts 79
=============
iteration 694
conflicts 78
=============
iteration 695
conflicts 78
=============
iteration 696
conflicts 78
=============
iteration 697
conflicts 78
=============
iteration 698
conflicts 74
=============
iteration 699
conflicts 72
kicked at conflicts 72
=============
iteration 700
conflicts 126
=============
iteration 701
conflicts 116
=============
iteration 702
conflicts 108
=============
iteration 703
conflicts 102
=============
iteration 704
conflicts 97
=============
iteration 705
conflicts 91
=============
iteration 706
conflicts 83
=============
iteration 707
conflicts 79
=============
iteration 708
conflicts 77
=============
iteration 709
conflicts 76
=============
iteration 710
conflicts 74
=============
iteration 711
conflicts 73
=============
iteration 712
conflicts 72
=============
iteration 713
conflicts 71
=============
iteration 714
conflicts 70
=============
iteration 715
conflicts 69
=============
iteration 716
conflicts 69
=============
iteration 717
conflicts 67
=============
iteration 718
conflicts 66
=============
iteration 719
conflicts 66
=============
iteration 720
conflicts 66
=============
iteration 721
conflicts 64
=============
iteration 722
conflicts 63
kicked at conflicts 63
=============
iteration 723
conflicts 103
=============
iteration 724
conflicts 95
=============
iteration 725
conflicts 90
=============
iteration 726
conflicts 86
=============
iteration 727
conflicts 80
=============
iteration 728
conflicts 71
=============
iteration 729
conflicts 70
=============
iteration 730
conflicts 67
=============
iteration 731
conflicts 62
=============
iteration 732
conflicts 61
=============
iteration 733
conflicts 60
kicked at conflicts 60
=============
iteration 734
conflicts 85
=============
iteration 735
conflicts 82
=============
iteration 736
conflicts 80
=============
iteration 737
conflicts 79
=============
iteration 738
conflicts 76
=============
iteration 739
conflicts 73
=============
iteration 740
conflicts 71
=============
iteration 741
conflicts 70
=============
iteration 742
conflicts 69
=============
iteration 743
conflicts 68
=============
iteration 744
conflicts 68
=============
iteration 745
conflicts 67
=============
iteration 746
conflicts 65
=============
iteration 747
conflicts 62
=============
iteration 748
conflicts 62
=============
iteration 749
conflicts 62
=============
iteration 750
conflicts 62
=============
iteration 751
conflicts 62
=============
iteration 752
conflicts 61
=============
iteration 753
conflicts 61
=============
iteration 754
conflicts 61
=============
iteration 755
conflicts 61
=============
iteration 756
conflicts 60
=============
iteration 757
conflicts 57
=============
iteration 758
conflicts 57
=============
iteration 759
conflicts 57
kicked at conflicts 57
=============
iteration 760
conflicts 105
=============
iteration 761
conflicts 99
=============
iteration 762
conflicts 92
=============
iteration 763
conflicts 88
=============
iteration 764
conflicts 79
=============
iteration 765
conflicts 77
=============
iteration 766
conflicts 76
=============
iteration 767
conflicts 74
=============
iteration 768
conflicts 73
=============
iteration 769
conflicts 67
=============
iteration 770
conflicts 62
=============
iteration 771
conflicts 59
=============
iteration 772
conflicts 55
=============
iteration 773
conflicts 54
=============
iteration 774
conflicts 53
=============
iteration 775
conflicts 53
=============
iteration 776
conflicts 53
=============
iteration 777
conflicts 53
=============
iteration 778
conflicts 52
=============
iteration 779
conflicts 52
=============
iteration 780
conflicts 52
=============
iteration 781
conflicts 49
=============
iteration 782
conflicts 49
kicked at conflicts 49
=============
iteration 783
conflicts 90
=============
iteration 784
conflicts 78
=============
iteration 785
conflicts 74
=============
iteration 786
conflicts 71
=============
iteration 787
conflicts 66
=============
iteration 788
conflicts 65
=============
iteration 789
conflicts 62
=============
iteration 790
conflicts 61
=============
iteration 791
conflicts 60
=============
iteration 792
conflicts 60
=============
iteration 793
conflicts 59
=============
iteration 794
conflicts 53
=============
iteration 795
conflicts 53
=============
iteration 796
conflicts 53
=============
iteration 797
conflicts 53
=============
iteration 798
conflicts 52
=============
iteration 799
conflicts 50
=============
iteration 800
conflicts 50
=============
iteration 801
conflicts 50
=============
iteration 802
conflicts 50
=============
iteration 803
conflicts 50
=============
iteration 804
conflicts 50
=============
iteration 805
conflicts 50
=============
iteration 806
conflicts 50
=============
iteration 807
conflicts 50
=============
iteration 808
conflicts 50
=============
iteration 809
conflicts 50
=============
iteration 810
conflicts 47
=============
iteration 811
conflicts 47
kicked at conflicts 47
=============
iteration 812
conflicts 102
=============
iteration 813
conflicts 95
=============
iteration 814
conflicts 86
=============
iteration 815
conflicts 82
=============
iteration 816
conflicts 77
=============
iteration 817
conflicts 74
=============
iteration 818
conflicts 72
=============
iteration 819
conflicts 66
=============
iteration 820
conflicts 63
=============
iteration 821
conflicts 61
=============
iteration 822
conflicts 60
=============
iteration 823
conflicts 59
=============
iteration 824
conflicts 58
=============
iteration 825
conflicts 57
=============
iteration 826
conflicts 55
=============
iteration 827
conflicts 54
=============
iteration 828
conflicts 54
=============
iteration 829
conflicts 54
=============
iteration 830
conflicts 51
=============
iteration 831
conflicts 50
=============
iteration 832
conflicts 50
=============
iteration 833
conflicts 49
kicked at conflicts 49
=============
iteration 834
conflicts 103
=============
iteration 835
conflicts 98
=============
iteration 836
conflicts 94
=============
iteration 837
conflicts 91
=============
iteration 838
conflicts 87
=============
iteration 839
conflicts 82
=============
iteration 840
conflicts 71
=============
iteration 841
conflicts 67
=============
iteration 842
conflicts 65
=============
iteration 843
conflicts 63
=============
iteration 844
conflicts 61
=============
iteration 845
conflicts 59
=============
iteration 846
conflicts 58
=============
iteration 847
conflicts 57
=============
iteration 848
conflicts 56
=============
iteration 849
conflicts 54
=============
iteration 850
conflicts 53
=============
iteration 851
conflicts 49
=============
iteration 852
conflicts 48
=============
iteration 853
conflicts 45
=============
iteration 854
conflicts 45
=============
iteration 855
conflicts 44
=============
iteration 856
conflicts 43
=============
iteration 857
conflicts 43
=============
iteration 858
conflicts 38
=============
iteration 859
conflicts 35
=============
iteration 860
conflicts 35
=============
iteration 861
conflicts 34
=============
iteration 862
conflicts 34
=============
iteration 863
conflicts 34
=============
iteration 864
conflicts 34
=============
iteration 865
conflicts 32
kicked at conflicts 32
=============
iteration 866
conflicts 101
=============
iteration 867
conflicts 90
=============
iteration 868
conflicts 67
=============
iteration 869
conflicts 63
=============
iteration 870
conflicts 61
=============
iteration 871
conflicts 59
=============
iteration 872
conflicts 50
=============
iteration 873
conflicts 48
=============
iteration 874
conflicts 44
=============
iteration 875
conflicts 43
=============
iteration 876
conflicts 43
=============
iteration 877
conflicts 43
=============
iteration 878
conflicts 43
=============
iteration 879
conflicts 42
=============
iteration 880
conflicts 42
=============
iteration 881
conflicts 40
=============
iteration 882
conflicts 40
=============
iteration 883
conflicts 39
=============
iteration 884
conflicts 37
=============
iteration 885
conflicts 36
=============
iteration 886
conflicts 35
=============
iteration 887
conflicts 35
=============
iteration 888
conflicts 35
=============
iteration 889
conflicts 35
=============
iteration 890
conflicts 35
=============
iteration 891
conflicts 35
=============
iteration 892
conflicts 34
=============
iteration 893
conflicts 34
=============
iteration 894
conflicts 30
=============
iteration 895
conflicts 30
=============
iteration 896
conflicts 30
=============
iteration 897
conflicts 30
=============
iteration 898
conflicts 30
=============
iteration 899
conflicts 30
=============
iteration 900
conflicts 30
=============
iteration 901
conflicts 30
kicked at conflicts 30
=============
iteration 902
conflicts 96
=============
iteration 903
conflicts 83
=============
iteration 904
conflicts 67
=============
iteration 905
conflicts 51
=============
iteration 906
conflicts 49
=============
iteration 907
conflicts 33
=============
iteration 908
conflicts 33
=============
iteration 909
conflicts 33
=============
iteration 910
conflicts 32
=============
iteration 911
conflicts 31
kicked at conflicts 31
=============
iteration 912
conflicts 81
=============
iteration 913
conflicts 72
=============
iteration 914
conflicts 67
=============
iteration 915
conflicts 62
=============
iteration 916
conflicts 54
=============
iteration 917
conflicts 47
=============
iteration 918
conflicts 46
=============
iteration 919
conflicts 44
=============
iteration 920
conflicts 42
=============
iteration 921
conflicts 42
=============
iteration 922
conflicts 42
=============
iteration 923
conflicts 40
=============
iteration 924
conflicts 40
=============
iteration 925
conflicts 36
=============
iteration 926
conflicts 35
=============
iteration 927
conflicts 35
=============
iteration 928
conflicts 35
=============
iteration 929
conflicts 35
=============
iteration 930
conflicts 35
=============
iteration 931
conflicts 35
=============
iteration 932
conflicts 35
=============
iteration 933
conflicts 32
=============
iteration 934
conflicts 32
kicked at conflicts 32
=============
iteration 935
conflicts 138
=============
iteration 936
conflicts 120
=============
iteration 937
conflicts 97
=============
iteration 938
conflicts 87
=============
iteration 939
conflicts 78
=============
iteration 940
conflicts 50
=============
iteration 941
conflicts 47
=============
iteration 942
conflicts 45
=============
iteration 943
conflicts 40
=============
iteration 944
conflicts 38
=============
iteration 945
conflicts 37
=============
iteration 946
conflicts 36
=============
iteration 947
conflicts 35
=============
iteration 948
conflicts 35
=============
iteration 949
conflicts 34
=============
iteration 950
conflicts 33
=============
iteration 951
conflicts 33
=============
iteration 952
conflicts 32
=============
iteration 953
conflicts 32
=============
iteration 954
conflicts 32
=============
iteration 955
conflicts 32
=============
iteration 956
conflicts 31
=============
iteration 957
conflicts 31
=============
iteration 958
conflicts 31
=============
iteration 959
conflicts 31
=============
iteration 960
conflicts 31
=============
iteration 961
conflicts 31
=============
iteration 962
conflicts 31
=============
iteration 963
conflicts 31
=============
iteration 964
conflicts 31
=============
iteration 965
conflicts 31
=============
iteration 966
conflicts 31
=============
iteration 967
conflicts 31
=============
iteration 968
conflicts 31
=============
iteration 969
conflicts 31
=============
iteration 970
conflicts 31
=============
iteration 971
conflicts 30
=============
iteration 972
conflicts 30
=============
iteration 973
conflicts 30
=============
iteration 974
conflicts 28
=============
iteration 975
conflicts 28
=============
iteration 976
conflicts 28
=============
iteration 977
conflicts 25
kicked at conflicts 25
=============
iteration 978
conflicts 91
=============
iteration 979
conflicts 83
=============
iteration 980
conflicts 63
=============
iteration 981
conflicts 46
=============
iteration 982
conflicts 44
=============
iteration 983
conflicts 41
=============
iteration 984
conflicts 40
=============
iteration 985
conflicts 39
=============
iteration 986
conflicts 38
=============
iteration 987
conflicts 35
=============
iteration 988
conflicts 35
=============
iteration 989
conflicts 33
=============
iteration 990
conflicts 33
=============
iteration 991
conflicts 32
=============
iteration 992
conflicts 32
=============
iteration 993
conflicts 32
=============
iteration 994
conflicts 32
=============
iteration 995
conflicts 31
=============
iteration 996
conflicts 31
=============
iteration 997
conflicts 30
=============
iteration 998
conflicts 30
=============
iteration 999
conflicts 29
kicked at conflicts 29
=============
iteration 1000
conflicts 89
=============
iteration 1001
conflicts 75
=============
iteration 1002
conflicts 58
=============
iteration 1003
conflicts 41
=============
iteration 1004
conflicts 39
=============
iteration 1005
conflicts 37
=============
iteration 1006
conflicts 36
=============
iteration 1007
conflicts 35
=============
iteration 1008
conflicts 34
=============
iteration 1009
conflicts 33
=============
iteration 1010
conflicts 27
=============
iteration 1011
conflicts 27
=============
iteration 1012
conflicts 27
=============
iteration 1013
conflicts 24
=============
iteration 1014
conflicts 21
=============
iteration 1015
conflicts 20
=============
iteration 1016
conflicts 17
=============
iteration 1017
conflicts 17
=============
iteration 1018
conflicts 16
=============
iteration 1019
conflicts 14
=============
iteration 1020
conflicts 14
=============
iteration 1021
conflicts 14
=============
iteration 1022
conflicts 14
=============
iteration 1023
conflicts 14
=============
iteration 1024
conflicts 14
=============
iteration 1025
conflicts 15
=============
iteration 1026
conflicts 15
=============
iteration 1027
conflicts 14
=============
iteration 1028
conflicts 15
=============
iteration 1029
conflicts 15
=============
iteration 1030
conflicts 13
=============
iteration 1031
conflicts 13
=============
iteration 1032
conflicts 13
=============
iteration 1033
conflicts 13
=============
iteration 1034
conflicts 12
kicked at conflicts 12
=============
iteration 1035
conflicts 92
=============
iteration 1036
conflicts 81
=============
iteration 1037
conflicts 48
=============
iteration 1038
conflicts 45
=============
iteration 1039
conflicts 40
=============
iteration 1040
conflicts 40
=============
iteration 1041
conflicts 16
=============
iteration 1042
conflicts 15
=============
iteration 1043
conflicts 15
=============
iteration 1044
conflicts 15
=============
iteration 1045
conflicts 15
=============
iteration 1046
conflicts 15
=============
iteration 1047
conflicts 15
=============
iteration 1048
conflicts 15
=============
iteration 1049
conflicts 15
=============
iteration 1050
conflicts 15
=============
iteration 1051
conflicts 12
kicked at conflicts 12
=============
iteration 1052
conflicts 84
=============
iteration 1053
conflicts 50
=============
iteration 1054
conflicts 46
=============
iteration 1055
conflicts 44
=============
iteration 1056
conflicts 22
=============
iteration 1057
conflicts 21
=============
iteration 1058
conflicts 20
=============
iteration 1059
conflicts 16
=============
iteration 1060
conflicts 16
=============
iteration 1061
conflicts 16
=============
iteration 1062
conflicts 16
=============
iteration 1063
conflicts 16
=============
iteration 1064
conflicts 15
=============
iteration 1065
conflicts 15
=============
iteration 1066
conflicts 15
=============
iteration 1067
conflicts 14
=============
iteration 1068
conflicts 14
=============
iteration 1069
conflicts 14
=============
iteration 1070
conflicts 14
=============
iteration 1071
conflicts 14
=============
iteration 1072
conflicts 14
=============
iteration 1073
conflicts 14
=============
iteration 1074
conflicts 14
=============
iteration 1075
conflicts 14
=============
iteration 1076
conflicts 14
=============
iteration 1077
conflicts 14
=============
iteration 1078
conflicts 14
=============
iteration 1079
conflicts 14
=============
iteration 1080
conflicts 13
kicked at conflicts 13
=============
iteration 1081
conflicts 86
=============
iteration 1082
conflicts 79
=============
iteration 1083
conflicts 72
=============
iteration 1084
conflicts 51
=============
iteration 1085
conflicts 43
=============
iteration 1086
conflicts 40
=============
iteration 1087
conflicts 37
=============
iteration 1088
conflicts 36
=============
iteration 1089
conflicts 35
=============
iteration 1090
conflicts 34
=============
iteration 1091
conflicts 33
=============
iteration 1092
conflicts 23
=============
iteration 1093
conflicts 20
=============
iteration 1094
conflicts 18
=============
iteration 1095
conflicts 17
=============
iteration 1096
conflicts 17
=============
iteration 1097
conflicts 17
=============
iteration 1098
conflicts 17
=============
iteration 1099
conflicts 17
=============
iteration 1100
conflicts 17
=============
iteration 1101
conflicts 16
=============
iteration 1102
conflicts 16
=============
iteration 1103
conflicts 16
=============
iteration 1104
conflicts 13
=============
iteration 1105
conflicts 13
=============
iteration 1106
conflicts 13
=============
iteration 1107
conflicts 13
=============
iteration 1108
conflicts 13
=============
iteration 1109
conflicts 8
kicked at conflicts 8
=============
iteration 1110
conflicts 90
=============
iteration 1111
conflicts 76
=============
iteration 1112
conflicts 59
=============
iteration 1113
conflicts 50
=============
iteration 1114
conflicts 48
=============
iteration 1115
conflicts 46
=============
iteration 1116
conflicts 45
=============
iteration 1117
conflicts 45
=============
iteration 1118
conflicts 45
=============
iteration 1119
conflicts 45
=============
iteration 1120
conflicts 45
=============
iteration 1121
conflicts 24
=============
iteration 1122
conflicts 22
=============
iteration 1123
conflicts 21
=============
iteration 1124
conflicts 20
=============
iteration 1125
conflicts 19
=============
iteration 1126
conflicts 18
=============
iteration 1127
conflicts 18
=============
iteration 1128
conflicts 15
=============
iteration 1129
conflicts 14
=============
iteration 1130
conflicts 12
=============
iteration 1131
conflicts 11
=============
iteration 1132
conflicts 11
=============
iteration 1133
conflicts 11
=============
iteration 1134
conflicts 9
=============
iteration 1135
conflicts 9
=============
iteration 1136
conflicts 9
=============
iteration 1137
conflicts 9
=============
iteration 1138
conflicts 9
=============
iteration 1139
conflicts 9
=============
iteration 1140
conflicts 9
=============
iteration 1141
conflicts 7
=============
iteration 1142
conflicts 7
=============
iteration 1143
conflicts 7
=============
iteration 1144
conflicts 7
=============
iteration 1145
conflicts 7
=============
iteration 1146
conflicts 7
=============
iteration 1147
conflicts 7
=============
iteration 1148
conflicts 7
=============
iteration 1149
conflicts 7
=============
iteration 1150
conflicts 7
=============
iteration 1151
conflicts 7
=============
iteration 1152
conflicts 7
=============
iteration 1153
conflicts 7
=============
iteration 1154
conflicts 4
=============
iteration 1155
conflicts 4
=============
iteration 1156
conflicts 4
=============
iteration 1157
conflicts 3
kicked at conflicts 3
=============
iteration 1158
conflicts 67
=============
iteration 1159
conflicts 59
=============
iteration 1160
conflicts 47
=============
iteration 1161
conflicts 41
=============
iteration 1162
conflicts 21
=============
iteration 1163
conflicts 19
=============
iteration 1164
conflicts 19
=============
iteration 1165
conflicts 10
=============
iteration 1166
conflicts 10
=============
iteration 1167
conflicts 10
=============
iteration 1168
conflicts 10
=============
iteration 1169
conflicts 10
=============
iteration 1170
conflicts 10
=============
iteration 1171
conflicts 10
=============
iteration 1172
conflicts 10
=============
iteration 1173
conflicts 7
=============
iteration 1174
conflicts 7
=============
iteration 1175
conflicts 7
=============
iteration 1176
conflicts 7
=============
iteration 1177
conflicts 7
=============
iteration 1178
conflicts 7
=============
iteration 1179
conflicts 7
=============
iteration 1180
conflicts 7
=============
iteration 1181
conflicts 7
=============
iteration 1182
conflicts 3
kicked at conflicts 3
=============
iteration 1183
conflicts 47
=============
iteration 1184
conflicts 42
=============
iteration 1185
conflicts 33
=============
iteration 1186
conflicts 32
=============
iteration 1187
conflicts 32
=============
iteration 1188
conflicts 31
=============
iteration 1189
conflicts 29
=============
iteration 1190
conflicts 29
=============
iteration 1191
conflicts 29
=============
iteration 1192
conflicts 29
=============
iteration 1193
conflicts 29
=============
iteration 1194
conflicts 28
=============
iteration 1195
conflicts 27
=============
iteration 1196
conflicts 27
=============
iteration 1197
conflicts 26
=============
iteration 1198
conflicts 25
=============
iteration 1199
conflicts 25
=============
iteration 1200
conflicts 25
=============
iteration 1201
conflicts 9
=============
iteration 1202
conflicts 8
=============
iteration 1203
conflicts 8
=============
iteration 1204
conflicts 8
=============
iteration 1205
conflicts 8
=============
iteration 1206
conflicts 8
=============
iteration 1207
conflicts 5
kicked at conflicts 5
=============
iteration 1208
conflicts 118
=============
iteration 1209
conflicts 98
=============
iteration 1210
conflicts 69
=============
iteration 1211
conflicts 59
=============
iteration 1212
conflicts 24
=============
iteration 1213
conflicts 11
=============
iteration 1214
conflicts 10
=============
iteration 1215
conflicts 9
=============
iteration 1216
conflicts 7
=============
iteration 1217
conflicts 6
=============
iteration 1218
conflicts 6
=============
iteration 1219
conflicts 5
kicked at conflicts 5
=============
iteration 1220
conflicts 64
=============
iteration 1221
conflicts 56
=============
iteration 1222
conflicts 47
=============
iteration 1223
conflicts 40
=============
iteration 1224
conflicts 37
=============
iteration 1225
conflicts 36
=============
iteration 1226
conflicts 34
=============
iteration 1227
conflicts 32
=============
iteration 1228
conflicts 32
=============
iteration 1229
conflicts 29
=============
iteration 1230
conflicts 27
=============
iteration 1231
conflicts 15
=============
iteration 1232
conflicts 15
=============
iteration 1233
conflicts 15
=============
iteration 1234
conflicts 14
=============
iteration 1235
conflicts 14
=============
iteration 1236
conflicts 11
=============
iteration 1237
conflicts 11
kicked at conflicts 11
=============
iteration 1238
conflicts 107
=============
iteration 1239
conflicts 74
=============
iteration 1240
conflicts 67
=============
iteration 1241
conflicts 61
=============
iteration 1242
conflicts 59
=============
iteration 1243
conflicts 51
=============
iteration 1244
conflicts 39
=============
iteration 1245
conflicts 30
=============
iteration 1246
conflicts 27
=============
iteration 1247
conflicts 23
=============
iteration 1248
conflicts 16
=============
iteration 1249
conflicts 15
=============
iteration 1250
conflicts 14
=============
iteration 1251
conflicts 14
=============
iteration 1252
conflicts 14
=============
iteration 1253
conflicts 14
=============
iteration 1254
conflicts 14
=============
iteration 1255
conflicts 13
=============
iteration 1256
conflicts 13
=============
iteration 1257
conflicts 13
=============
iteration 1258
conflicts 13
=============
iteration 1259
conflicts 13
=============
iteration 1260
conflicts 12
=============
iteration 1261
conflicts 12
=============
iteration 1262
conflicts 10
=============
iteration 1263
conflicts 10
=============
iteration 1264
conflicts 10
=============
iteration 1265
conflicts 10
=============
iteration 1266
conflicts 10
=============
iteration 1267
conflicts 10
=============
iteration 1268
conflicts 10
=============
iteration 1269
conflicts 10
=============
iteration 1270
conflicts 10
=============
iteration 1271
conflicts 10
=============
iteration 1272
conflicts 10
=============
iteration 1273
conflicts 10
=============
iteration 1274
conflicts 10
=============
iteration 1275
conflicts 8
=============
iteration 1276
conflicts 8
=============
iteration 1277
conflicts 8
=============
iteration 1278
conflicts 8
=============
iteration 1279
conflicts 8
=============
iteration 1280
conflicts 8
=============
iteration 1281
conflicts 8
=============
iteration 1282
conflicts 8
=============
iteration 1283
conflicts 8
=============
iteration 1284
conflicts 8
=============
iteration 1285
conflicts 8
=============
iteration 1286
conflicts 8
=============
iteration 1287
conflicts 8
=============
iteration 1288
conflicts 8
=============
iteration 1289
conflicts 8
=============
iteration 1290
conflicts 8
=============
iteration 1291
conflicts 8
=============
iteration 1292
conflicts 8
=============
iteration 1293
conflicts 8
=============
iteration 1294
conflicts 8
=============
iteration 1295
conflicts 5
=============
iteration 1296
conflicts 5
=============
iteration 1297
conflicts 5
=============
iteration 1298
conflicts 4
kicked at conflicts 4
=============
iteration 1299
conflicts 118
=============
iteration 1300
conflicts 89
=============
iteration 1301
conflicts 78
=============
iteration 1302
conflicts 72
=============
iteration 1303
conflicts 68
=============
iteration 1304
conflicts 46
=============
iteration 1305
conflicts 41
=============
iteration 1306
conflicts 39
=============
iteration 1307
conflicts 32
=============
iteration 1308
conflicts 31
=============
iteration 1309
conflicts 29
=============
iteration 1310
conflicts 25
=============
iteration 1311
conflicts 24
=============
iteration 1312
conflicts 24
=============
iteration 1313
conflicts 24
=============
iteration 1314
conflicts 24
=============
iteration 1315
conflicts 23
=============
iteration 1316
conflicts 23
=============
iteration 1317
conflicts 23
=============
iteration 1318
conflicts 23
=============
iteration 1319
conflicts 22
=============
iteration 1320
conflicts 22
=============
iteration 1321
conflicts 22
=============
iteration 1322
conflicts 22
=============
iteration 1323
conflicts 21
=============
iteration 1324
conflicts 11
=============
iteration 1325
conflicts 10
=============
iteration 1326
conflicts 9
=============
iteration 1327
conflicts 8
=============
iteration 1328
conflicts 4
=============
iteration 1329
conflicts 4
=============
iteration 1330
conflicts 4
=============
iteration 1331
conflicts 4
kicked at conflicts 4
=============
iteration 1332
conflicts 85
=============
iteration 1333
conflicts 77
=============
iteration 1334
conflicts 68
=============
iteration 1335
conflicts 63
=============
iteration 1336
conflicts 49
=============
iteration 1337
conflicts 44
=============
iteration 1338
conflicts 42
=============
iteration 1339
conflicts 39
=============
iteration 1340
conflicts 37
=============
iteration 1341
conflicts 24
=============
iteration 1342
conflicts 21
=============
iteration 1343
conflicts 18
=============
iteration 1344
conflicts 17
=============
iteration 1345
conflicts 16
=============
iteration 1346
conflicts 15
=============
iteration 1347
conflicts 14
=============
iteration 1348
conflicts 12
=============
iteration 1349
conflicts 12
=============
iteration 1350
conflicts 11
=============
iteration 1351
conflicts 11
=============
iteration 1352
conflicts 11
=============
iteration 1353
conflicts 11
=============
iteration 1354
conflicts 10
=============
iteration 1355
conflicts 10
=============
iteration 1356
conflicts 10
=============
iteration 1357
conflicts 10
=============
iteration 1358
conflicts 10
=============
iteration 1359
conflicts 10
=============
iteration 1360
conflicts 9
=============
iteration 1361
conflicts 9
=============
iteration 1362
conflicts 6
=============
iteration 1363
conflicts 6
=============
iteration 1364
conflicts 6
=============
iteration 1365
conflicts 6
=============
iteration 1366
conflicts 6
=============
iteration 1367
conflicts 6
=============
iteration 1368
conflicts 6
=============
iteration 1369
conflicts 6
=============
iteration 1370
conflicts 6
kicked at conflicts 6
=============
iteration 1371
conflicts 113
=============
iteration 1372
conflicts 99
=============
iteration 1373
conflicts 91
=============
iteration 1374
conflicts 85
=============
iteration 1375
conflicts 76
=============
iteration 1376
conflicts 63
=============
iteration 1377
conflicts 56
=============
iteration 1378
conflicts 50
=============
iteration 1379
conflicts 42
=============
iteration 1380
conflicts 32
=============
iteration 1381
conflicts 26
=============
iteration 1382
conflicts 24
=============
iteration 1383
conflicts 21
=============
iteration 1384
conflicts 17
=============
iteration 1385
conflicts 16
=============
iteration 1386
conflicts 14
=============
iteration 1387
conflicts 13
=============
iteration 1388
conflicts 10
=============
iteration 1389
conflicts 9
=============
iteration 1390
conflicts 8
=============
iteration 1391
conflicts 8
=============
iteration 1392
conflicts 8
=============
iteration 1393
conflicts 8
=============
iteration 1394
conflicts 8
=============
iteration 1395
conflicts 8
=============
iteration 1396
conflicts 6
=============
iteration 1397
conflicts 6
=============
iteration 1398
conflicts 6
=============
iteration 1399
conflicts 6
=============
iteration 1400
conflicts 6
=============
iteration 1401
conflicts 6
=============
iteration 1402
conflicts 6
=============
iteration 1403
conflicts 6
=============
iteration 1404
conflicts 6
=============
iteration 1405
conflicts 3
kicked at conflicts 3
=============
iteration 1406
conflicts 75
=============
iteration 1407
conflicts 53
=============
iteration 1408
conflicts 35
=============
iteration 1409
conflicts 26
=============
iteration 1410
conflicts 11
=============
iteration 1411
conflicts 8
=============
iteration 1412
conflicts 7
=============
iteration 1413
conflicts 6
=============
iteration 1414
conflicts 6
=============
iteration 1415
conflicts 6
=============
iteration 1416
conflicts 6
=============
iteration 1417
conflicts 6
=============
iteration 1418
conflicts 5
=============
iteration 1419
conflicts 5
=============
iteration 1420
conflicts 5
=============
iteration 1421
conflicts 3
kicked at conflicts 3
=============
iteration 1422
conflicts 50
=============
iteration 1423
conflicts 42
=============
iteration 1424
conflicts 34
=============
iteration 1425
conflicts 29
=============
iteration 1426
conflicts 22
=============
iteration 1427
conflicts 18
=============
iteration 1428
conflicts 13
=============
iteration 1429
conflicts 12
=============
iteration 1430
conflicts 11
=============
iteration 1431
conflicts 10
=============
iteration 1432
conflicts 8
=============
iteration 1433
conflicts 8
=============
iteration 1434
conflicts 7
=============
iteration 1435
conflicts 7
=============
iteration 1436
conflicts 7
=============
iteration 1437
conflicts 7
=============
iteration 1438
conflicts 7
=============
iteration 1439
conflicts 7
=============
iteration 1440
conflicts 7
=============
iteration 1441
conflicts 7
=============
iteration 1442
conflicts 7
=============
iteration 1443
conflicts 7
=============
iteration 1444
conflicts 4
=============
iteration 1445
conflicts 4
=============
iteration 1446
conflicts 4
=============
iteration 1447
conflicts 4
=============
iteration 1448
conflicts 5
=============
iteration 1449
conflicts 4
=============
iteration 1450
conflicts 3
=============
iteration 1451
conflicts 4
=============
iteration 1452
conflicts 3
kicked at conflicts 3
=============
iteration 1453
conflicts 94
=============
iteration 1454
conflicts 74
=============
iteration 1455
conflicts 63
=============
iteration 1456
conflicts 56
=============
iteration 1457
conflicts 46
=============
iteration 1458
conflicts 44
=============
iteration 1459
conflicts 38
=============
iteration 1460
conflicts 20
=============
iteration 1461
conflicts 20
=============
iteration 1462
conflicts 10
=============
iteration 1463
conflicts 10
=============
iteration 1464
conflicts 7
=============
iteration 1465
conflicts 7
=============
iteration 1466
conflicts 7
=============
iteration 1467
conflicts 7
=============
iteration 1468
conflicts 7
=============
iteration 1469
conflicts 8
=============
iteration 1470
conflicts 7
=============
iteration 1471
conflicts 7
=============
iteration 1472
conflicts 3
kicked at conflicts 3
=============
iteration 1473
conflicts 67
=============
iteration 1474
conflicts 58
=============
iteration 1475
conflicts 44
=============
iteration 1476
conflicts 38
=============
iteration 1477
conflicts 36
=============
iteration 1478
conflicts 33
=============
iteration 1479
conflicts 32
=============
iteration 1480
conflicts 30
=============
iteration 1481
conflicts 28
=============
iteration 1482
conflicts 16
=============
iteration 1483
conflicts 16
=============
iteration 1484
conflicts 11
=============
iteration 1485
conflicts 8
=============
iteration 1486
conflicts 8
=============
iteration 1487
conflicts 8
=============
iteration 1488
conflicts 8
=============
iteration 1489
conflicts 8
=============
iteration 1490
conflicts 8
=============
iteration 1491
conflicts 8
=============
iteration 1492
conflicts 9
=============
iteration 1493
conflicts 8
=============
iteration 1494
conflicts 8
=============
iteration 1495
conflicts 8
=============
iteration 1496
conflicts 8
=============
iteration 1497
conflicts 4
=============
iteration 1498
conflicts 4
=============
iteration 1499
conflicts 4
=============
iteration 1500
conflicts 4
=============
iteration 1501
conflicts 4
=============
iteration 1502
conflicts 4
kicked at conflicts 4
=============
iteration 1503
conflicts 101
=============
iteration 1504
conflicts 87
=============
iteration 1505
conflicts 79
=============
iteration 1506
conflicts 72
=============
iteration 1507
conflicts 48
=============
iteration 1508
conflicts 43
=============
iteration 1509
conflicts 42
=============
iteration 1510
conflicts 39
=============
iteration 1511
conflicts 37
=============
iteration 1512
conflicts 36
=============
iteration 1513
conflicts 35
=============
iteration 1514
conflicts 35
=============
iteration 1515
conflicts 35
=============
iteration 1516
conflicts 34
=============
iteration 1517
conflicts 33
=============
iteration 1518
conflicts 32
=============
iteration 1519
conflicts 30
kicked at conflicts 30
=============
iteration 1520
conflicts 125
=============
iteration 1521
conflicts 101
=============
iteration 1522
conflicts 76
=============
iteration 1523
conflicts 72
=============
iteration 1524
conflicts 70
=============
iteration 1525
conflicts 68
=============
iteration 1526
conflicts 65
=============
iteration 1527
conflicts 64
=============
iteration 1528
conflicts 63
=============
iteration 1529
conflicts 62
=============
iteration 1530
conflicts 62
=============
iteration 1531
conflicts 61
=============
iteration 1532
conflicts 53
=============
iteration 1533
conflicts 48
=============
iteration 1534
conflicts 46
=============
iteration 1535
conflicts 43
=============
iteration 1536
conflicts 39
=============
iteration 1537
conflicts 37
=============
iteration 1538
conflicts 35
=============
iteration 1539
conflicts 30
=============
iteration 1540
conflicts 29
=============
iteration 1541
conflicts 28
=============
iteration 1542
conflicts 27
=============
iteration 1543
conflicts 27
=============
iteration 1544
conflicts 26
=============
iteration 1545
conflicts 24
=============
iteration 1546
conflicts 23
=============
iteration 1547
conflicts 21
=============
iteration 1548
conflicts 20
=============
iteration 1549
conflicts 19
=============
iteration 1550
conflicts 19
=============
iteration 1551
conflicts 19
=============
iteration 1552
conflicts 19
=============
iteration 1553
conflicts 13
=============
iteration 1554
conflicts 13
=============
iteration 1555
conflicts 13
=============
iteration 1556
conflicts 13
=============
iteration 1557
conflicts 7
=============
iteration 1558
conflicts 7
=============
iteration 1559
conflicts 7
=============
iteration 1560
conflicts 7
=============
iteration 1561
conflicts 7
=============
iteration 1562
conflicts 7
=============
iteration 1563
conflicts 7
=============
iteration 1564
conflicts 7
=============
iteration 1565
conflicts 7
=============
iteration 1566
conflicts 7
=============
iteration 1567
conflicts 7
=============
iteration 1568
conflicts 7
=============
iteration 1569
conflicts 7
=============
iteration 1570
conflicts 7
=============
iteration 1571
conflicts 7
=============
iteration 1572
conflicts 7
=============
iteration 1573
conflicts 7
=============
iteration 1574
conflicts 7
=============
iteration 1575
conflicts 4
kicked at conflicts 4
=============
iteration 1576
conflicts 80
=============
iteration 1577
conflicts 57
=============
iteration 1578
conflicts 52
=============
iteration 1579
conflicts 49
=============
iteration 1580
conflicts 44
=============
iteration 1581
conflicts 41
=============
iteration 1582
conflicts 17
=============
iteration 1583
conflicts 13
=============
iteration 1584
conflicts 11
=============
iteration 1585
conflicts 10
=============
iteration 1586
conflicts 9
=============
iteration 1587
conflicts 9
=============
iteration 1588
conflicts 7
=============
iteration 1589
conflicts 7
=============
iteration 1590
conflicts 6
=============
iteration 1591
conflicts 6
=============
iteration 1592
conflicts 5
kicked at conflicts 5
=============
iteration 1593
conflicts 98
=============
iteration 1594
conflicts 87
=============
iteration 1595
conflicts 70
=============
iteration 1596
conflicts 64
=============
iteration 1597
conflicts 56
=============
iteration 1598
conflicts 49
=============
iteration 1599
conflicts 42
=============
iteration 1600
conflicts 39
=============
iteration 1601
conflicts 35
=============
iteration 1602
conflicts 32
=============
iteration 1603
conflicts 31
=============
iteration 1604
conflicts 30
=============
iteration 1605
conflicts 29
=============
iteration 1606
conflicts 28
=============
iteration 1607
conflicts 27
=============
iteration 1608
conflicts 26
=============
iteration 1609
conflicts 12
=============
iteration 1610
conflicts 7
=============
iteration 1611
conflicts 7
=============
iteration 1612
conflicts 7
=============
iteration 1613
conflicts 7
=============
iteration 1614
conflicts 7
=============
iteration 1615
conflicts 4
=============
iteration 1616
conflicts 3
kicked at conflicts 3
=============
iteration 1617
conflicts 109
=============
iteration 1618
conflicts 92
=============
iteration 1619
conflicts 75
=============
iteration 1620
conflicts 66
=============
iteration 1621
conflicts 53
=============
iteration 1622
conflicts 48
=============
iteration 1623
conflicts 44
=============
iteration 1624
conflicts 34
=============
iteration 1625
conflicts 29
=============
iteration 1626
conflicts 26
=============
iteration 1627
conflicts 23
=============
iteration 1628
conflicts 22
=============
iteration 1629
conflicts 21
=============
iteration 1630
conflicts 21
=============
iteration 1631
conflicts 20
=============
iteration 1632
conflicts 19
=============
iteration 1633
conflicts 19
=============
iteration 1634
conflicts 19
=============
iteration 1635
conflicts 19
=============
iteration 1636
conflicts 19
=============
iteration 1637
conflicts 19
=============
iteration 1638
conflicts 19
=============
iteration 1639
conflicts 19
=============
iteration 1640
conflicts 19
=============
iteration 1641
conflicts 19
=============
iteration 1642
conflicts 18
=============
iteration 1643
conflicts 18
=============
iteration 1644
conflicts 16
=============
iteration 1645
conflicts 15
=============
iteration 1646
conflicts 15
=============
iteration 1647
conflicts 15
=============
iteration 1648
conflicts 15
=============
iteration 1649
conflicts 15
=============
iteration 1650
conflicts 15
=============
iteration 1651
conflicts 15
=============
iteration 1652
conflicts 15
=============
iteration 1653
conflicts 15
=============
iteration 1654
conflicts 11
=============
iteration 1655
conflicts 9
=============
iteration 1656
conflicts 9
=============
iteration 1657
conflicts 7
=============
iteration 1658
conflicts 7
=============
iteration 1659
conflicts 4
=============
iteration 1660
conflicts 4
=============
iteration 1661
conflicts 4
=============
iteration 1662
conflicts 4
=============
iteration 1663
conflicts 4
=============
iteration 1664
conflicts 3
kicked at conflicts 3
=============
iteration 1665
conflicts 109
=============
iteration 1666
conflicts 75
=============
iteration 1667
conflicts 56
=============
iteration 1668
conflicts 49
=============
iteration 1669
conflicts 40
=============
iteration 1670
conflicts 39
=============
iteration 1671
conflicts 39
=============
iteration 1672
conflicts 37
=============
iteration 1673
conflicts 37
=============
iteration 1674
conflicts 37
=============
iteration 1675
conflicts 36
=============
iteration 1676
conflicts 36
=============
iteration 1677
conflicts 36
=============
iteration 1678
conflicts 36
=============
iteration 1679
conflicts 36
=============
iteration 1680
conflicts 29
=============
iteration 1681
conflicts 7
=============
iteration 1682
conflicts 6
=============
iteration 1683
conflicts 5
=============
iteration 1684
conflicts 5
=============
iteration 1685
conflicts 5
=============
iteration 1686
conflicts 4
=============
iteration 1687
conflicts 5
=============
iteration 1688
conflicts 5
=============
iteration 1689
conflicts 4
=============
iteration 1690
conflicts 4
=============
iteration 1691
conflicts 4
=============
iteration 1692
conflicts 4
=============
iteration 1693
conflicts 4
=============
iteration 1694
conflicts 4
=============
iteration 1695
conflicts 4
=============
iteration 1696
conflicts 4
=============
iteration 1697
conflicts 3
kicked at conflicts 3
=============
iteration 1698
conflicts 99
=============
iteration 1699
conflicts 75
=============
iteration 1700
conflicts 60
=============
iteration 1701
conflicts 55
=============
iteration 1702
conflicts 47
=============
iteration 1703
conflicts 43
=============
iteration 1704
conflicts 42
=============
iteration 1705
conflicts 40
=============
iteration 1706
conflicts 8
=============
iteration 1707
conflicts 8
=============
iteration 1708
conflicts 8
=============
iteration 1709
conflicts 8
=============
iteration 1710
conflicts 8
=============
iteration 1711
conflicts 8
=============
iteration 1712
conflicts 8
=============
iteration 1713
conflicts 8
=============
iteration 1714
conflicts 7
=============
iteration 1715
conflicts 7
=============
iteration 1716
conflicts 7
=============
iteration 1717
conflicts 4
=============
iteration 1718
conflicts 3
kicked at conflicts 3
=============
iteration 1719
conflicts 81
=============
iteration 1720
conflicts 65
=============
iteration 1721
conflicts 49
=============
iteration 1722
conflicts 40
=============
iteration 1723
conflicts 36
=============
iteration 1724
conflicts 34
=============
iteration 1725
conflicts 29
=============
iteration 1726
conflicts 27
=============
iteration 1727
conflicts 26
=============
iteration 1728
conflicts 26
=============
iteration 1729
conflicts 23
=============
iteration 1730
conflicts 10
=============
iteration 1731
conflicts 10
=============
iteration 1732
conflicts 10
=============
iteration 1733
conflicts 9
=============
iteration 1734
conflicts 9
=============
iteration 1735
conflicts 9
=============
iteration 1736
conflicts 8
=============
iteration 1737
conflicts 8
=============
iteration 1738
conflicts 8
=============
iteration 1739
conflicts 8
=============
iteration 1740
conflicts 8
=============
iteration 1741
conflicts 8
=============
iteration 1742
conflicts 8
=============
iteration 1743
conflicts 8
=============
iteration 1744
conflicts 5
kicked at conflicts 5
=============
iteration 1745
conflicts 105
=============
iteration 1746
conflicts 92
=============
iteration 1747
conflicts 79
=============
iteration 1748
conflicts 66
=============
iteration 1749
conflicts 41
=============
iteration 1750
conflicts 37
=============
iteration 1751
conflicts 36
=============
iteration 1752
conflicts 35
=============
iteration 1753
conflicts 32
=============
iteration 1754
conflicts 16
=============
iteration 1755
conflicts 15
=============
iteration 1756
conflicts 15
=============
iteration 1757
conflicts 12
=============
iteration 1758
conflicts 11
=============
iteration 1759
conflicts 11
=============
iteration 1760
conflicts 11
=============
iteration 1761
conflicts 11
=============
iteration 1762
conflicts 10
=============
iteration 1763
conflicts 9
=============
iteration 1764
conflicts 6
kicked at conflicts 6
=============
iteration 1765
conflicts 75
=============
iteration 1766
conflicts 67
=============
iteration 1767
conflicts 47
=============
iteration 1768
conflicts 40
=============
iteration 1769
conflicts 27
=============
iteration 1770
conflicts 21
=============
iteration 1771
conflicts 20
=============
iteration 1772
conflicts 19
=============
iteration 1773
conflicts 14
=============
iteration 1774
conflicts 11
=============
iteration 1775
conflicts 11
=============
iteration 1776
conflicts 8
=============
iteration 1777
conflicts 8
=============
iteration 1778
conflicts 8
=============
iteration 1779
conflicts 8
=============
iteration 1780
conflicts 7
=============
iteration 1781
conflicts 5
kicked at conflicts 5
=============
iteration 1782
conflicts 110
=============
iteration 1783
conflicts 88
=============
iteration 1784
conflicts 81
=============
iteration 1785
conflicts 65
=============
iteration 1786
conflicts 58
=============
iteration 1787
conflicts 55
=============
iteration 1788
conflicts 24
=============
iteration 1789
conflicts 15
=============
iteration 1790
conflicts 13
=============
iteration 1791
conflicts 8
=============
iteration 1792
conflicts 7
=============
iteration 1793
conflicts 7
=============
iteration 1794
conflicts 6
=============
iteration 1795
conflicts 6
=============
iteration 1796
conflicts 6
=============
iteration 1797
conflicts 6
=============
iteration 1798
conflicts 5
kicked at conflicts 5
=============
iteration 1799
conflicts 97
=============
iteration 1800
conflicts 66
=============
iteration 1801
conflicts 58
=============
iteration 1802
conflicts 47
=============
iteration 1803
conflicts 45
=============
iteration 1804
conflicts 30
=============
iteration 1805
conflicts 28
=============
iteration 1806
conflicts 25
=============
iteration 1807
conflicts 24
=============
iteration 1808
conflicts 24
=============
iteration 1809
conflicts 21
=============
iteration 1810
conflicts 19
=============
iteration 1811
conflicts 16
=============
iteration 1812
conflicts 16
=============
iteration 1813
conflicts 12
=============
iteration 1814
conflicts 12
=============
iteration 1815
conflicts 12
=============
iteration 1816
conflicts 12
=============
iteration 1817
conflicts 12
=============
iteration 1818
conflicts 12
=============
iteration 1819
conflicts 12
=============
iteration 1820
conflicts 12
=============
iteration 1821
conflicts 12
=============
iteration 1822
conflicts 12
=============
iteration 1823
conflicts 9
=============
iteration 1824
conflicts 9
=============
iteration 1825
conflicts 9
=============
iteration 1826
conflicts 9
=============
iteration 1827
conflicts 9
=============
iteration 1828
conflicts 9
=============
iteration 1829
conflicts 9
=============
iteration 1830
conflicts 9
=============
iteration 1831
conflicts 5
kicked at conflicts 5
=============
iteration 1832
conflicts 114
=============
iteration 1833
conflicts 102
=============
iteration 1834
conflicts 90
=============
iteration 1835
conflicts 80
=============
iteration 1836
conflicts 70
=============
iteration 1837
conflicts 67
=============
iteration 1838
conflicts 59
=============
iteration 1839
conflicts 56
=============
iteration 1840
conflicts 54
=============
iteration 1841
conflicts 43
=============
iteration 1842
conflicts 31
=============
iteration 1843
conflicts 26
=============
iteration 1844
conflicts 21
=============
iteration 1845
conflicts 18
=============
iteration 1846
conflicts 17
=============
iteration 1847
conflicts 17
=============
iteration 1848
conflicts 16
=============
iteration 1849
conflicts 15
=============
iteration 1850
conflicts 14
=============
iteration 1851
conflicts 14
=============
iteration 1852
conflicts 13
=============
iteration 1853
conflicts 13
=============
iteration 1854
conflicts 12
=============
iteration 1855
conflicts 12
=============
iteration 1856
conflicts 12
=============
iteration 1857
conflicts 12
=============
iteration 1858
conflicts 11
=============
iteration 1859
conflicts 10
=============
iteration 1860
conflicts 9
=============
iteration 1861
conflicts 9
=============
iteration 1862
conflicts 9
=============
iteration 1863
conflicts 9
=============
iteration 1864
conflicts 9
=============
iteration 1865
conflicts 9
=============
iteration 1866
conflicts 7
=============
iteration 1867
conflicts 5
=============
iteration 1868
conflicts 5
=============
iteration 1869
conflicts 5
=============
iteration 1870
conflicts 4
kicked at conflicts 4
=============
iteration 1871
conflicts 85
=============
iteration 1872
conflicts 72
=============
iteration 1873
conflicts 64
=============
iteration 1874
conflicts 50
=============
iteration 1875
conflicts 45
=============
iteration 1876
conflicts 40
=============
iteration 1877
conflicts 38
=============
iteration 1878
conflicts 36
=============
iteration 1879
conflicts 35
=============
iteration 1880
conflicts 34
=============
iteration 1881
conflicts 34
=============
iteration 1882
conflicts 31
=============
iteration 1883
conflicts 30
=============
iteration 1884
conflicts 29
=============
iteration 1885
conflicts 27
=============
iteration 1886
conflicts 27
=============
iteration 1887
conflicts 27
=============
iteration 1888
conflicts 27
=============
iteration 1889
conflicts 27
=============
iteration 1890
conflicts 27
=============
iteration 1891
conflicts 27
=============
iteration 1892
conflicts 13
=============
iteration 1893
conflicts 13
=============
iteration 1894
conflicts 11
=============
iteration 1895
conflicts 11
=============
iteration 1896
conflicts 11
=============
iteration 1897
conflicts 11
=============
iteration 1898
conflicts 11
=============
iteration 1899
conflicts 11
=============
iteration 1900
conflicts 11
=============
iteration 1901
conflicts 11
=============
iteration 1902
conflicts 9
=============
iteration 1903
conflicts 9
=============
iteration 1904
conflicts 9
=============
iteration 1905
conflicts 9
=============
iteration 1906
conflicts 9
=============
iteration 1907
conflicts 7
=============
iteration 1908
conflicts 5
=============
iteration 1909
conflicts 5
=============
iteration 1910
conflicts 5
=============
iteration 1911
conflicts 5
=============
iteration 1912
conflicts 5
=============
iteration 1913
conflicts 5
=============
iteration 1914
conflicts 5
=============
iteration 1915
conflicts 5
=============
iteration 1916
conflicts 3
=============
iteration 1917
conflicts 3
kicked at conflicts 3
=============
iteration 1918
conflicts 112
=============
iteration 1919
conflicts 75
=============
iteration 1920
conflicts 60
=============
iteration 1921
conflicts 54
=============
iteration 1922
conflicts 51
=============
iteration 1923
conflicts 50
=============
iteration 1924
conflicts 47
=============
iteration 1925
conflicts 46
=============
iteration 1926
conflicts 43
=============
iteration 1927
conflicts 43
=============
iteration 1928
conflicts 41
=============
iteration 1929
conflicts 34
=============
iteration 1930
conflicts 11
=============
iteration 1931
conflicts 7
=============
iteration 1932
conflicts 6
=============
iteration 1933
conflicts 4
kicked at conflicts 4
=============
iteration 1934
conflicts 91
=============
iteration 1935
conflicts 71
=============
iteration 1936
conflicts 65
=============
iteration 1937
conflicts 39
=============
iteration 1938
conflicts 38
=============
iteration 1939
conflicts 38
=============
iteration 1940
conflicts 36
=============
iteration 1941
conflicts 33
=============
iteration 1942
conflicts 33
=============
iteration 1943
conflicts 33
=============
iteration 1944
conflicts 33
=============
iteration 1945
conflicts 33
=============
iteration 1946
conflicts 33
=============
iteration 1947
conflicts 32
=============
iteration 1948
conflicts 32
=============
iteration 1949
conflicts 31
=============
iteration 1950
conflicts 29
=============
iteration 1951
conflicts 29
=============
iteration 1952
conflicts 29
=============
iteration 1953
conflicts 29
=============
iteration 1954
conflicts 12
=============
iteration 1955
conflicts 11
=============
iteration 1956
conflicts 10
=============
iteration 1957
conflicts 8
=============
iteration 1958
conflicts 8
=============
iteration 1959
conflicts 8
=============
iteration 1960
conflicts 7
=============
iteration 1961
conflicts 7
=============
iteration 1962
conflicts 7
=============
iteration 1963
conflicts 6
=============
iteration 1964
conflicts 4
=============
iteration 1965
conflicts 4
=============
iteration 1966
conflicts 4
=============
iteration 1967
conflicts 4
=============
iteration 1968
conflicts 4
=============
iteration 1969
conflicts 3
kicked at conflicts 3
=============
iteration 1970
conflicts 71
=============
iteration 1971
conflicts 59
=============
iteration 1972
conflicts 44
=============
iteration 1973
conflicts 40
=============
iteration 1974
conflicts 24
=============
iteration 1975
conflicts 16
=============
iteration 1976
conflicts 16
=============
iteration 1977
conflicts 11
=============
iteration 1978
conflicts 10
=============
iteration 1979
conflicts 9
=============
iteration 1980
conflicts 8
=============
iteration 1981
conflicts 8
=============
iteration 1982
conflicts 8
=============
iteration 1983
conflicts 7
=============
iteration 1984
conflicts 6
=============
iteration 1985
conflicts 6
=============
iteration 1986
conflicts 6
=============
iteration 1987
conflicts 6
=============
iteration 1988
conflicts 6
=============
iteration 1989
conflicts 6
=============
iteration 1990
conflicts 6
=============
iteration 1991
conflicts 6
=============
iteration 1992
conflicts 6
=============
iteration 1993
conflicts 6
=============
iteration 1994
conflicts 6
=============
iteration 1995
conflicts 6
=============
iteration 1996
conflicts 6
=============
iteration 1997
conflicts 6
=============
iteration 1998
conflicts 6
=============
iteration 1999
conflicts 4
=============
iteration 2000
conflicts 4
=============
iteration 2001
conflicts 4
=============
iteration 2002
conflicts 4
=============
iteration 2003
conflicts 4
=============
iteration 2004
conflicts 4
=============
iteration 2005
conflicts 4
=============
iteration 2006
conflicts 4
=============
iteration 2007
conflicts 4
=============
iteration 2008
conflicts 4
=============
iteration 2009
conflicts 4
=============
iteration 2010
conflicts 4
=============
iteration 2011
conflicts 4
=============
iteration 2012
conflicts 2
=============
iteration 2013
conflicts 2
=============
iteration 2014
conflicts 2
=============
iteration 2015
conflicts 2
=============
iteration 2016
conflicts 1
=============
iteration 2017
conflicts 1
=============
iteration 2018
conflicts 1
best state below.
(1, ['Clay', 'Devin', 'Heather', 'Jacqueline', 'Natasha', 'Luann', 'Rudy', 'Monty', 'Cathy', 'Leila', 'Gregg', 'Zebulon', 'Cory', 'Eoghan', 'Claire', 'Darwin', 'Payton', 'Corbin', 'Vaughn', 'Jamie', 'Kobe', 'Al', 'Skyler', 'Kristen', 'Annette', 'Madeleine', 'Patricia', 'Kale', 'Lorri', 'Johnathon', 'Damien', 'Sherman', 'Braden', 'Denise', 'Marlene'])
solution: ['Clay', 'Devin', 'Heather', 'Jacqueline', 'Natasha', 'Luann', 'Rudy', 'Monty', 'Cathy', 'Leila', 'Gregg', 'Zebulon', 'Cory', 'Eoghan', 'Claire', 'Darwin', 'Payton', 'Corbin', 'Vaughn', 'Jamie', 'Kobe', 'Al', 'Skyler', 'Kristen', 'Annette', 'Madeleine', 'Patricia', 'Lorri', 'Damien', 'Kale', 'Johnathon', 'Sherman', 'Braden', 'Denise', 'Marlene']
