=============
iteration 0
conflicts 163
=============
iteration 1
conflicts 151
=============
iteration 2
conflicts 142
=============
iteration 3
conflicts 135
=============
iteration 4
conflicts 127
=============
iteration 5
conflicts 120
=============
iteration 6
conflicts 115
=============
iteration 7
conflicts 111
=============
iteration 8
conflicts 106
=============
iteration 9
conflicts 101
=============
iteration 10
conflicts 98
=============
iteration 11
conflicts 97
=============
iteration 12
conflicts 96
=============
iteration 13
conflicts 95
=============
iteration 14
conflicts 94
=============
iteration 15
conflicts 94
=============
iteration 16
conflicts 93
=============
iteration 17
conflicts 93
=============
iteration 18
conflicts 93
=============
iteration 19
conflicts 93
=============
iteration 20
conflicts 93
=============
iteration 21
conflicts 92
=============
iteration 22
conflicts 91
=============
iteration 23
conflicts 90
=============
iteration 24
conflicts 89
=============
iteration 25
conflicts 89
=============
iteration 26
conflicts 89
=============
iteration 27
conflicts 88
=============
iteration 28
conflicts 87
kicked at conflicts 87
=============
iteration 29
conflicts 112
=============
iteration 30
conflicts 106
=============
iteration 31
conflicts 101
=============
iteration 32
conflicts 97
=============
iteration 33
conflicts 96
=============
iteration 34
conflicts 94
=============
iteration 35
conflicts 93
=============
iteration 36
conflicts 91
=============
iteration 37
conflicts 89
=============
iteration 38
conflicts 88
=============
iteration 39
conflicts 88
=============
iteration 40
conflicts 88
=============
iteration 41
conflicts 88
=============
iteration 42
conflicts 88
=============
iteration 43
conflicts 88
=============
iteration 44
conflicts 88
=============
iteration 45
conflicts 88
=============
iteration 46
conflicts 88
=============
iteration 47
conflicts 88
=============
iteration 48
conflicts 88
=============
iteration 49
conflicts 88
=============
iteration 50
conflicts 86
kicked at conflicts 86
=============
iteration 51
conflicts 125
=============
iteration 52
conflicts 117
=============
iteration 53
conflicts 110
=============
iteration 54
conflicts 97
=============
iteration 55
conflicts 90
=============
iteration 56
conflicts 89
=============
iteration 57
conflicts 88
=============
iteration 58
conflicts 87
=============
iteration 59
conflicts 85
=============
iteration 60
conflicts 84
=============
iteration 61
conflicts 82
=============
iteration 62
conflicts 82
=============
iteration 63
conflicts 82
=============
iteration 64
conflicts 82
=============
iteration 65
conflicts 81
=============
iteration 66
conflicts 81
=============
iteration 67
conflicts 81
=============
iteration 68
conflicts 80
=============
iteration 69
conflicts 79
=============
iteration 70
conflicts 79
=============
iteration 71
conflicts 79
=============
iteration 72
conflicts 78
=============
iteration 73
conflicts 78
=============
iteration 74
conflicts 78
=============
iteration 75
conflicts 78
=============
iteration 76
conflicts 77
kicked at conflicts 77
=============
iteration 77
conflicts 113
=============
iteration 78
conflicts 93
=============
iteration 79
conflicts 87
=============
iteration 80
conflicts 81
=============
iteration 81
conflicts 79
=============
iteration 82
conflicts 79
=============
iteration 83
conflicts 79
=============
iteration 84
conflicts 79
=============
iteration 85
conflicts 79
=============
iteration 86
conflicts 79
=============
iteration 87
conflicts 79
=============
iteration 88
conflicts 79
=============
iteration 89
conflicts 79
=============
iteration 90
conflicts 79
=============
iteration 91
conflicts 79
=============
iteration 92
conflicts 78
kicked at conflicts 78
=============
iteration 93
conflicts 107
=============
iteration 94
conflicts 97
=============
iteration 95
conflicts 90
=============
iteration 96
conflicts 86
=============
iteration 97
conflicts 85
=============
iteration 98
conflicts 84
=============
iteration 99
conflicts 83
=============
iteration 100
conflicts 82
=============
iteration 101
conflicts 82
=============
iteration 102
conflicts 82
=============
iteration 103
conflicts 81
=============
iteration 104
conflicts 81
=============
iteration 105
conflicts 80
=============
iteration 106
conflicts 80
=============
iteration 107
conflicts 80
=============
iteration 108
conflicts 79
=============
iteration 109
conflicts 79
=============
iteration 110
conflicts 78
=============
iteration 111
conflicts 78
=============
iteration 112
conflicts 78
=============
iteration 113
conflicts 77
=============
iteration 114
conflicts 77
=============
iteration 115
conflicts 77
=============
iteration 116
conflicts 77
=============
iteration 117
conflicts 77
=============
iteration 118
conflicts 77
=============
iteration 119
conflicts 77
=============
iteration 120
conflicts 77
=============
iteration 121
conflicts 74
kicked at conflicts 74
=============
iteration 122
conflicts 97
=============
iteration 123
conflicts 86
=============
iteration 124
conflicts 83
=============
iteration 125
conflicts 81
=============
iteration 126
conflicts 78
=============
iteration 127
conflicts 77
=============
iteration 128
conflicts 75
=============
iteration 129
conflicts 75
=============
iteration 130
conflicts 75
=============
iteration 131
conflicts 74
=============
iteration 132
conflicts 74
=============
iteration 133
conflicts 73
kicked at conflicts 73
=============
iteration 134
conflicts 115
=============
iteration 135
conflicts 104
=============
iteration 136
conflicts 98
=============
iteration 137
conflicts 93
=============
iteration 138
conflicts 87
=============
iteration 139
conflicts 83
=============
iteration 140
conflicts 81
=============
iteration 141
conflicts 80
=============
iteration 142
conflicts 78
=============
iteration 143
conflicts 76
=============
iteration 144
conflicts 74
=============
iteration 145
conflicts 73
=============
iteration 146
conflicts 72
=============
iteration 147
conflicts 71
=============
iteration 148
conflicts 71
=============
iteration 149
conflicts 71
=============
iteration 150
conflicts 70
=============
iteration 151
conflicts 69
=============
iteration 152
conflicts 69
=============
iteration 153
conflicts 69
=============
iteration 154
conflicts 69
kicked at conflicts 69
=============
iteration 155
conflicts 83
=============
iteration 156
conflicts 82
=============
iteration 157
conflicts 79
=============
iteration 158
conflicts 78
=============
iteration 159
conflicts 77
=============
iteration 160
conflicts 76
=============
iteration 161
conflicts 75
=============
iteration 162
conflicts 74
=============
iteration 163
conflicts 73
=============
iteration 164
conflicts 72
=============
iteration 165
conflicts 72
=============
iteration 166
conflicts 71
=============
iteration 167
conflicts 71
=============
iteration 168
conflicts 70
=============
iteration 169
conflicts 70
=============
iteration 170
conflicts 70
=============
iteration 171
conflicts 70
=============
iteration 172
conflicts 70
=============
iteration 173
conflicts 70
=============
iteration 174
conflicts 70
=============
iteration 175
conflicts 70
=============
iteration 176
conflicts 70
=============
iteration 177
conflicts 70
=============
iteration 178
conflicts 70
=============
iteration 179
conflicts 70
=============
iteration 180
conflicts 70
=============
iteration 181
conflicts 70
=============
iteration 182
conflicts 69
=============
iteration 183
conflicts 69
=============
iteration 184
conflicts 69
=============
iteration 185
conflicts 69
=============
iteration 186
conflicts 69
=============
iteration 187
conflicts 69
kicked at conflicts 69
=============
iteration 188
conflicts 118
=============
iteration 189
conflicts 108
=============
iteration 190
conflicts 101
=============
iteration 191
conflicts 97
=============
iteration 192
conflicts 94
=============
iteration 193
conflicts 93
=============
iteration 194
conflicts 91
=============
iteration 195
conflicts 88
=============
iteration 196
conflicts 83
=============
iteration 197
conflicts 81
=============
iteration 198
conflicts 77
=============
iteration 199
conflicts 76
=============
iteration 200
conflicts 74
=============
iteration 201
conflicts 73
=============
iteration 202
conflicts 72
=============
iteration 203
conflicts 72
=============
iteration 204
conflicts 72
=============
iteration 205
conflicts 72
=============
iteration 206
conflicts 72
=============
iteration 207
conflicts 72
=============
iteration 208
conflicts 72
=============
iteration 209
conflicts 72
=============
iteration 210
conflicts 72
=============
iteration 211
conflicts 70
=============
iteration 212
conflicts 69
=============
iteration 213
conflicts 68
kicked at conflicts 68
=============
iteration 214
conflicts 117
=============
iteration 215
conflicts 107
=============
iteration 216
conflicts 99
=============
iteration 217
conflicts 92
=============
iteration 218
conflicts 87
=============
iteration 219
conflicts 82
=============
iteration 220
conflicts 80
=============
iteration 221
conflicts 77
=============
iteration 222
conflicts 75
=============
iteration 223
conflicts 73
=============
iteration 224
conflicts 71
=============
iteration 225
conflicts 70
=============
iteration 226
conflicts 69
=============
iteration 227
conflicts 67
=============
iteration 228
conflicts 66
=============
iteration 229
conflicts 63
=============
iteration 230
conflicts 62
=============
iteration 231
conflicts 60
=============
iteration 232
conflicts 59
=============
iteration 233
conflicts 58
=============
iteration 234
conflicts 58
=============
iteration 235
conflicts 57
=============
iteration 236
conflicts 56
=============
iteration 237
conflicts 56
=============
iteration 238
conflicts 55
=============
iteration 239
conflicts 54
=============
iteration 240
conflicts 54
=============
iteration 241
conflicts 54
=============
iteration 242
conflicts 54
=============
iteration 243
conflicts 53
=============
iteration 244
conflicts 52
=============
iteration 245
conflicts 52
=============
iteration 246
conflicts 52
=============
iteration 247
conflicts 52
=============
iteration 248
conflicts 51
kicked at conflicts 51
=============
iteration 249
conflicts 103
=============
iteration 250
conflicts 93
=============
iteration 251
conflicts 82
=============
iteration 252
conflicts 77
=============
iteration 253
conflicts 70
=============
iteration 254
conflicts 66
=============
iteration 255
conflicts 63
=============
iteration 256
conflicts 56
=============
iteration 257
conflicts 55
=============
iteration 258
conflicts 54
=============
iteration 259
conflicts 53
=============
iteration 260
conflicts 51
=============
iteration 261
conflicts 48
=============
iteration 262
conflicts 47
=============
iteration 263
conflicts 46
=============
iteration 264
conflicts 45
=============
iteration 265
conflicts 42
=============
iteration 266
conflicts 41
=============
iteration 267
conflicts 41
=============
iteration 268
conflicts 40
=============
iteration 269
conflicts 40
=============
iteration 270
conflicts 39
=============
iteration 271
conflicts 39
=============
iteration 272
conflicts 39
=============
iteration 273
conflicts 35
=============
iteration 274
conflicts 35
=============
iteration 275
conflicts 34
=============
iteration 276
conflicts 34
=============
iteration 277
conflicts 34
=============
iteration 278
conflicts 33
kicked at conflicts 33
=============
iteration 279
conflicts 73
=============
iteration 280
conflicts 66
=============
iteration 281
conflicts 61
=============
iteration 282
conflicts 56
=============
iteration 283
conflicts 45
=============
iteration 284
conflicts 38
=============
iteration 285
conflicts 34
=============
iteration 286
conflicts 32
=============
iteration 287
conflicts 31
=============
iteration 288
conflicts 30
=============
iteration 289
conflicts 29
=============
iteration 290
conflicts 29
=============
iteration 291
conflicts 28
=============
iteration 292
conflicts 28
=============
iteration 293
conflicts 28
=============
iteration 294
conflicts 27
=============
iteration 295
conflicts 23
=============
iteration 296
conflicts 23
=============
iteration 297
conflicts 22
=============
iteration 298
conflicts 20
=============
iteration 299
conflicts 20
=============
iteration 300
conflicts 20
=============
iteration 301
conflicts 18
=============
iteration 302
conflicts 18
=============
iteration 303
conflicts 18
=============
iteration 304
conflicts 17
kicked at conflicts 17
=============
iteration 305
conflicts 69
=============
iteration 306
conflicts 60
=============
iteration 307
conflicts 52
=============
iteration 308
conflicts 43
=============
iteration 309
conflicts 38
=============
iteration 310
conflicts 35
=============
iteration 311
conflicts 35
=============
iteration 312
conflicts 35
=============
iteration 313
conflicts 34
=============
iteration 314
conflicts 31
=============
iteration 315
conflicts 31
=============
iteration 316
conflicts 25
kicked at conflicts 25
=============
iteration 317
conflicts 74
=============
iteration 318
conflicts 64
=============
iteration 319
conflicts 57
=============
iteration 320
conflicts 51
=============
iteration 321
conflicts 48
=============
iteration 322
conflicts 47
=============
iteration 323
conflicts 46
=============
iteration 324
conflicts 43
=============
iteration 325
conflicts 39
=============
iteration 326
conflicts 37
=============
iteration 327
conflicts 36
=============
iteration 328
conflicts 35
=============
iteration 329
conflicts 34
=============
iteration 330
conflicts 32
=============
iteration 331
conflicts 31
=============
iteration 332
conflicts 29
=============
iteration 333
conflicts 28
=============
iteration 334
conflicts 27
=============
iteration 335
conflicts 26
=============
iteration 336
conflicts 25
=============
iteration 337
conflicts 24
=============
iteration 338
conflicts 21
=============
iteration 339
conflicts 20
=============
iteration 340
conflicts 20
=============
iteration 341
conflicts 20
=============
iteration 342
conflicts 20
=============
iteration 343
conflicts 18
=============
iteration 344
conflicts 18
=============
iteration 345
conflicts 17
=============
iteration 346
conflicts 16
=============
iteration 347
conflicts 16
kicked at conflicts 16
=============
iteration 348
conflicts 65
=============
iteration 349
conflicts 56
=============
iteration 350
conflicts 50
=============
iteration 351
conflicts 48
=============
iteration 352
conflicts 45
=============
iteration 353
conflicts 40
=============
iteration 354
conflicts 29
=============
iteration 355
conflicts 27
=============
iteration 356
conflicts 25
=============
iteration 357
conflicts 20
=============
iteration 358
conflicts 19
=============
iteration 359
conflicts 17
=============
iteration 360
conflicts 16
=============
iteration 361
conflicts 13
=============
iteration 362
conflicts 13
=============
iteration 363
conflicts 12
kicked at conflicts 12
=============
iteration 364
conflicts 41
=============
iteration 365
conflicts 35
=============
iteration 366
conflicts 30
=============
iteration 367
conflicts 26
=============
iteration 368
conflicts 22
=============
iteration 369
conflicts 20
=============
iteration 370
conflicts 19
=============
iteration 371
conflicts 19
=============
iteration 372
conflicts 18
=============
iteration 373
conflicts 17
=============
iteration 374
conflicts 17
=============
iteration 375
conflicts 17
=============
iteration 376
conflicts 16
=============
iteration 377
conflicts 16
=============
iteration 378
conflicts 15
=============
iteration 379
conflicts 15
=============
iteration 380
conflicts 15
=============
iteration 381
conflicts 15
=============
iteration 382
conflicts 15
=============
iteration 383
conflicts 15
=============
iteration 384
conflicts 15
=============
iteration 385
conflicts 15
=============
iteration 386
conflicts 15
kicked at conflicts 15
=============
iteration 387
conflicts 55
=============
iteration 388
conflicts 48
=============
iteration 389
conflicts 34
=============
iteration 390
conflicts 32
=============
iteration 391
conflicts 28
=============
iteration 392
conflicts 24
=============
iteration 393
conflicts 21
=============
iteration 394
conflicts 19
=============
iteration 395
conflicts 18
=============
iteration 396
conflicts 17
=============
iteration 397
conflicts 16
=============
iteration 398
conflicts 16
=============
iteration 399
conflicts 15
=============
iteration 400
conflicts 15
=============
iteration 401
conflicts 14
=============
iteration 402
conflicts 14
=============
iteration 403
conflicts 13
=============
iteration 404
conflicts 13
=============
iteration 405
conflicts 12
=============
iteration 406
conflicts 12
=============
iteration 407
conflicts 12
=============
iteration 408
conflicts 12
=============
iteration 409
conflicts 13
=============
iteration 410
conflicts 12
=============
iteration 411
conflicts 12
=============
iteration 412
conflicts 11
=============
iteration 413
conflicts 12
=============
iteration 414
conflicts 12
=============
iteration 415
conflicts 12
=============
iteration 416
conflicts 11
=============
iteration 417
conflicts 11
=============
iteration 418
conflicts 10
=============
iteration 419
conflicts 11
=============
iteration 420
conflicts 10
=============
iteration 421
conflicts 10
=============
iteration 422
conflicts 11
=============
iteration 423
conflicts 11
=============
iteration 424
conflicts 10
=============
iteration 425
conflicts 11
=============
iteration 426
conflicts 10
=============
iteration 427
conflicts 10
=============
iteration 428
conflicts 10
=============
iteration 429
conflicts 10
=============
iteration 430
conflicts 11
=============
iteration 431
conflicts 11
=============
iteration 432
conflicts 11
=============
iteration 433
conflicts 11
=============
iteration 434
conflicts 11
=============
iteration 435
conflicts 11
=============
iteration 436
conflicts 12
=============
iteration 437
conflicts 11
=============
iteration 438
conflicts 11
=============
iteration 439
conflicts 11
=============
iteration 440
conflicts 12
=============
iteration 441
conflicts 10
=============
iteration 442
conflicts 11
=============
iteration 443
conflicts 11
=============
iteration 444
conflicts 11
=============
iteration 445
conflicts 11
=============
iteration 446
conflicts 12
=============
iteration 447
conflicts 12
=============
iteration 448
conflicts 11
=============
iteration 449
conflicts 12
=============
iteration 450
conflicts 11
=============
iteration 451
conflicts 12
=============
iteration 452
conflicts 11
=============
iteration 453
conflicts 12
=============
iteration 454
conflicts 12
=============
iteration 455
conflicts 12
=============
iteration 456
conflicts 13
=============
iteration 457
conflicts 13
=============
iteration 458
conflicts 13
=============
iteration 459
conflicts 13
=============
iteration 460
conflicts 12
=============
iteration 461
conflicts 13
=============
iteration 462
conflicts 13
=============
iteration 463
conflicts 13
kicked at conflicts 13
=============
iteration 464
conflicts 66
=============
iteration 465
conflicts 39
=============
iteration 466
conflicts 34
=============
iteration 467
conflicts 34
=============
iteration 468
conflicts 33
=============
iteration 469
conflicts 25
=============
iteration 470
conflicts 24
=============
iteration 471
conflicts 23
=============
iteration 472
conflicts 23
=============
iteration 473
conflicts 22
=============
iteration 474
conflicts 20
=============
iteration 475
conflicts 15
=============
iteration 476
conflicts 15
=============
iteration 477
conflicts 15
=============
iteration 478
conflicts 15
=============
iteration 479
conflicts 15
=============
iteration 480
conflicts 14
=============
iteration 481
conflicts 13
=============
iteration 482
conflicts 13
=============
iteration 483
conflicts 13
=============
iteration 484
conflicts 13
=============
iteration 485
conflicts 13
=============
iteration 486
conflicts 13
=============
iteration 487
conflicts 13
=============
iteration 488
conflicts 13
=============
iteration 489
conflicts 12
=============
iteration 490
conflicts 12
=============
iteration 491
conflicts 12
=============
iteration 492
conflicts 12
=============
iteration 493
conflicts 12
=============
iteration 494
conflicts 11
=============
iteration 495
conflicts 11
=============
iteration 496
conflicts 10
=============
iteration 497
conflicts 10
=============
iteration 498
conflicts 10
=============
iteration 499
conflicts 10
=============
iteration 500
conflicts 10
=============
iteration 501
conflicts 10
=============
iteration 502
conflicts 10
=============
iteration 503
conflicts 10
=============
iteration 504
conflicts 10
=============
iteration 505
conflicts 10
=============
iteration 506
conflicts 10
=============
iteration 507
conflicts 10
=============
iteration 508
conflicts 9
=============
iteration 509
conflicts 9
=============
iteration 510
conflicts 8
=============
iteration 511
conflicts 8
=============
iteration 512
conflicts 6
=============
iteration 513
conflicts 6
=============
iteration 514
conflicts 5
=============
iteration 515
conflicts 5
=============
iteration 516
conflicts 5
=============
iteration 517
conflicts 5
=============
iteration 518
conflicts 5
=============
iteration 519
conflicts 4
=============
iteration 520
conflicts 4
=============
iteration 521
conflicts 3
=============
iteration 522
conflicts 3
=============
iteration 523
conflicts 3
=============
iteration 524
conflicts 3
=============
iteration 525
conflicts 4
=============
iteration 526
conflicts 5
=============
iteration 527
conflicts 5
=============
iteration 528
conflicts 4
=============
iteration 529
conflicts 3
=============
iteration 530
conflicts 3
=============
iteration 531
conflicts 3
=============
iteration 532
conflicts 3
=============
iteration 533
conflicts 3
=============
iteration 534
conflicts 4
=============
iteration 535
conflicts 4
=============
iteration 536
conflicts 4
=============
iteration 537
conflicts 4
=============
iteration 538
conflicts 3
=============
iteration 539
conflicts 3
=============
iteration 540
conflicts 3
=============
iteration 541
conflicts 3
=============
iteration 542
conflicts 2
=============
iteration 543
conflicts 2
=============
iteration 544
conflicts 3
=============
iteration 545
conflicts 3
=============
iteration 546
conflicts 3
=============
iteration 547
conflicts 4
=============
iteration 548
conflicts 4
=============
iteration 549
conflicts 4
=============
iteration 550
conflicts 4
=============
iteration 551
conflicts 3
=============
iteration 552
conflicts 3
=============
iteration 553
conflicts 3
=============
iteration 554
conflicts 3
=============
iteration 555
conflicts 3
=============
iteration 556
conflicts 3
=============
iteration 557
conflicts 3
=============
iteration 558
conflicts 3
=============
iteration 559
conflicts 3
=============
iteration 560
conflicts 3
=============
iteration 561
conflicts 3
=============
iteration 562
conflicts 4
=============
iteration 563
conflicts 4
=============
iteration 564
conflicts 4
=============
iteration 565
conflicts 5
=============
iteration 566
conflicts 5
=============
iteration 567
conflicts 5
=============
iteration 568
conflicts 5
=============
iteration 569
conflicts 5
=============
iteration 570
conflicts 5
=============
iteration 571
conflicts 5
=============
iteration 572
conflicts 3
=============
iteration 573
conflicts 4
=============
iteration 574
conflicts 4
=============
iteration 575
conflicts 4
=============
iteration 576
conflicts 2
=============
iteration 577
conflicts 2
=============
iteration 578
conflicts 2
=============
iteration 579
conflicts 2
=============
iteration 580
conflicts 3
=============
iteration 581
conflicts 3
=============
iteration 582
conflicts 2
=============
iteration 583
conflicts 3
=============
iteration 584
conflicts 3
=============
iteration 585
conflicts 3
=============
iteration 586
conflicts 2
=============
iteration 587
conflicts 2
=============
iteration 588
conflicts 2
=============
iteration 589
conflicts 2
=============
iteration 590
conflicts 3
=============
iteration 591
conflicts 3
=============
iteration 592
conflicts 2
=============
iteration 593
conflicts 2
=============
iteration 594
conflicts 2
=============
iteration 595
conflicts 2
=============
iteration 596
conflicts 3
=============
iteration 597
conflicts 3
=============
iteration 598
conflicts 3
=============
iteration 599
conflicts 4
=============
iteration 600
conflicts 3
=============
iteration 601
conflicts 3
=============
iteration 602
conflicts 3
=============
iteration 603
conflicts 3
=============
iteration 604
conflicts 3
=============
iteration 605
conflicts 3
=============
iteration 606
conflicts 3
=============
iteration 607
conflicts 3
=============
iteration 608
conflicts 2
best state below.
(2, ['Janelle', 'Ingrid', 'Cecilia', 'Derek', 'Gary', 'Yasmine', 'Frances', 'Lucy', 'Jodi', 'Stewart', 'Hazel', 'Toni', 'Robin', 'Denis', 'Alisa', 'Eve', 'Kim', 'Fiona', 'Mat', 'Terrence', 'Sheryl', 'Lauren', 'Bert', 'Fernando', 'Debbie', 'Aiden', 'Donna', 'Dianne', 'Gloria', 'Randal', 'Zara', 'Ramona', 'Derrick', 'Skyler', 'Kiana'])
solution: ['Janelle', 'Ingrid', 'Cecilia', 'Derek', 'Gary', 'Yasmine', 'Frances', 'Jodi', 'Stewart', 'Hazel', 'Toni', 'Lucy', 'Robin', 'Denis', 'Alisa', 'Eve', 'Kim', 'Mat', 'Fiona', 'Terrence', 'Sheryl', 'Lauren', 'Bert', 'Fernando', 'Debbie', 'Aiden', 'Donna', 'Dianne', 'Gloria', 'Randal', 'Zara', 'Ramona', 'Derrick', 'Skyler', 'Kiana']
