=============
iteration 0
conflicts 233
=============
iteration 1
conflicts 210
=============
iteration 2
conflicts 194
=============
iteration 3
conflicts 178
=============
iteration 4
conflicts 164
=============
iteration 5
conflicts 155
=============
iteration 6
conflicts 148
=============
iteration 7
conflicts 141
=============
iteration 8
conflicts 135
=============
iteration 9
conflicts 130
=============
iteration 10
conflicts 125
=============
iteration 11
conflicts 121
=============
iteration 12
conflicts 117
=============
iteration 13
conflicts 114
=============
iteration 14
conflicts 111
=============
iteration 15
conflicts 108
=============
iteration 16
conflicts 105
=============
iteration 17
conflicts 102
instance halted early. best state below.
(102, matrix([[None, True, True, True, False, True, True, True, False, True, True,
         False, False, True, False, True, True, True, True, None],
        [False, None, False, False, False, False, False, True, False, False,
         None, False, False, None, False, False, False, False, False, None],
        [False, True, None, False, False, True, True, True, False, True,
         True, False, False, True, False, False, True, False, True, True],
        [False, True, True, None, True, False, True, False, True, False,
         True, False, True, True, True, False, True, True, False, True],
        [True, True, True, False, None, True, True, True, False, False,
         True, False, False, True, False, True, True, False, False, True],
        [False, True, False, True, False, None, False, False, True, False,
         True, False, False, True, False, False, True, True, True, True],
        [False, True, False, False, False, True, None, True, False, True,
         True, False, False, True, False, True, False, True, True, True],
        [False, False, False, True, False, True, False, None, False, False,
         True, True, False, True, True, True, True, True, True, None],
        [True, True, True, False, True, False, True, True, None, False,
         True, False, True, False, True, False, True, False, False, True],
        [False, True, False, True, True, True, False, True, True, None,
         True, False, False, True, False, True, True, True, True, True],
        [False, None, False, False, False, False, False, False, False,
         False, None, False, False, None, False, False, False, False, False,
         None],
        [True, True, True, True, True, True, True, False, True, True, True,
         None, False, True, True, True, True, False, True, True],
        [True, True, True, False, True, True, True, True, False, True, True,
         True, None, True, True, True, True, True, True, True],
        [False, None, False, False, False, False, False, False, True, False,
         None, False, False, None, False, False, False, False, False, None],
        [True, True, True, False, True, True, True, False, False, True,
         True, False, False, True, None, False, True, False, True, True],
        [False, True, True, True, False, True, False, False, True, False,
         True, False, False, True, True, None, True, True, True, True],
        [False, True, False, False, False, False, True, False, False, False,
         True, False, False, True, False, False, None, False, True, True],
        [False, True, True, False, True, False, False, False, True, False,
         True, True, False, True, True, False, True, None, False, None],
        [False, True, False, True, True, False, False, False, True, False,
         True, False, False, True, False, False, False, True, None, False],
        [None, None, False, False, False, False, False, None, False, False,
         None, False, False, None, False, False, False, None, True, None]], dtype=object))
best state below.
(102, matrix([[None, True, True, True, False, True, True, True, False, True, True,
         False, False, True, False, True, True, True, True, None],
        [False, None, False, False, False, False, False, True, False, False,
         None, False, False, None, False, False, False, False, False, None],
        [False, True, None, False, False, True, True, True, False, True,
         True, False, False, True, False, False, True, False, True, True],
        [False, True, True, None, True, False, True, False, True, False,
         True, False, True, True, True, False, True, True, False, True],
        [True, True, True, False, None, True, True, True, False, False,
         True, False, False, True, False, True, True, False, False, True],
        [False, True, False, True, False, None, False, False, True, False,
         True, False, False, True, False, False, True, True, True, True],
        [False, True, False, False, False, True, None, True, False, True,
         True, False, False, True, False, True, False, True, True, True],
        [False, False, False, True, False, True, False, None, False, False,
         True, True, False, True, True, True, True, True, True, None],
        [True, True, True, False, True, False, True, True, None, False,
         True, False, True, False, True, False, True, False, False, True],
        [False, True, False, True, True, True, False, True, True, None,
         True, False, False, True, False, True, True, True, True, True],
        [False, None, False, False, False, False, False, False, False,
         False, None, False, False, None, False, False, False, False, False,
         None],
        [True, True, True, True, True, True, True, False, True, True, True,
         None, False, True, True, True, True, False, True, True],
        [True, True, True, False, True, True, True, True, False, True, True,
         True, None, True, True, True, True, True, True, True],
        [False, None, False, False, False, False, False, False, True, False,
         None, False, False, None, False, False, False, False, False, None],
        [True, True, True, False, True, True, True, False, False, True,
         True, False, False, True, None, False, True, False, True, True],
        [False, True, True, True, False, True, False, False, True, False,
         True, False, False, True, True, None, True, True, True, True],
        [False, True, False, False, False, False, True, False, False, False,
         True, False, False, True, False, False, None, False, True, True],
        [False, True, True, False, True, False, False, False, True, False,
         True, True, False, True, True, False, True, None, False, None],
        [False, True, False, True, True, False, False, False, True, False,
         True, False, False, True, False, False, False, True, None, False],
        [None, None, False, False, False, False, False, None, False, False,
         None, False, False, None, False, False, False, None, True, None]], dtype=object))
['Wesley', 'Carla', 'Conner', 'Janette', 'Skylar', 'Gene', 'Curt', 'Amari', 'Lianne', 'Joni', 'Ayesha', 'Ruben', 'Chase', 'Pam', 'Oisin', 'Daragh', 'Mckenna', 'Paris', 'Neal', 'Dominick']
